ARM GAS  C:\Users\yurao\AppData\Local\Temp\ccz8L6QQ.s 			page 1


   1              		.syntax unified
   2              		.cpu cortex-m3
   3              		.fpu softvfp
   4              		.eabi_attribute 20, 1
   5              		.eabi_attribute 21, 1
   6              		.eabi_attribute 23, 3
   7              		.eabi_attribute 24, 1
   8              		.eabi_attribute 25, 1
   9              		.eabi_attribute 26, 1
  10              		.eabi_attribute 30, 1
  11              		.eabi_attribute 34, 1
  12              		.eabi_attribute 18, 4
  13              		.thumb
  14              		.syntax unified
  15              		.file	"cymetadata.c"
  16              		.text
  17              	.Ltext0:
  18              		.cfi_sections	.debug_frame
  19              		.global	cy_metadata
  20              		.global	cy_meta_flashprotect
  21              		.global	cy_meta_wonvl
  22              		.global	cy_meta_custnvl
  23              		.global	cy_meta_configecc
  24              		.section	.cyconfigecc,"a",%progbits
  25              		.align	2
  26              		.type	cy_meta_configecc, %object
  27              		.size	cy_meta_configecc, 756
  28              	cy_meta_configecc:
  29 0000 02       		.byte	2
  30 0001 52       		.byte	82
  31 0002 00       		.byte	0
  32 0003 40       		.byte	64
  33 0004 03       		.byte	3
  34 0005 65       		.byte	101
  35 0006 00       		.byte	0
  36 0007 40       		.byte	64
  37 0008 14       		.byte	20
  38 0009 18       		.byte	24
  39 000a 01       		.byte	1
  40 000b 40       		.byte	64
  41 000c 38       		.byte	56
  42 000d 19       		.byte	25
  43 000e 01       		.byte	1
  44 000f 40       		.byte	64
  45 0010 69       		.byte	105
  46 0011 1A       		.byte	26
  47 0012 01       		.byte	1
  48 0013 40       		.byte	64
  49 0014 52       		.byte	82
  50 0015 1B       		.byte	27
  51 0016 01       		.byte	1
  52 0017 40       		.byte	64
  53 0018 01       		.byte	1
  54 0019 4C       		.byte	76
  55 001a 01       		.byte	1
  56 001b 40       		.byte	64
  57 001c 07       		.byte	7
ARM GAS  C:\Users\yurao\AppData\Local\Temp\ccz8L6QQ.s 			page 2


  58 001d 4D       		.byte	77
  59 001e 01       		.byte	1
  60 001f 40       		.byte	64
  61 0020 02       		.byte	2
  62 0021 50       		.byte	80
  63 0022 01       		.byte	1
  64 0023 40       		.byte	64
  65 0024 61       		.byte	97
  66 0025 80       		.byte	-128
  67 0026 64       		.byte	100
  68 0027 40       		.byte	64
  69 0028 88       		.byte	-120
  70 0029 72       		.byte	114
  71 002a 89       		.byte	-119
  72 002b 38       		.byte	56
  73 002c 8B       		.byte	-117
  74 002d 0F       		.byte	15
  75 002e 80       		.byte	-128
  76 002f 08       		.byte	8
  77 0030 86       		.byte	-122
  78 0031 04       		.byte	4
  79 0032 8A       		.byte	-118
  80 0033 02       		.byte	2
  81 0034 96       		.byte	-106
  82 0035 02       		.byte	2
  83 0036 A1       		.byte	-95
  84 0037 01       		.byte	1
  85 0038 A4       		.byte	-92
  86 0039 01       		.byte	1
  87 003a A8       		.byte	-88
  88 003b 01       		.byte	1
  89 003c AC       		.byte	-84
  90 003d 01       		.byte	1
  91 003e B0       		.byte	-80
  92 003f 02       		.byte	2
  93 0040 B2       		.byte	-78
  94 0041 04       		.byte	4
  95 0042 B4       		.byte	-76
  96 0043 01       		.byte	1
  97 0044 B5       		.byte	-75
  98 0045 01       		.byte	1
  99 0046 B6       		.byte	-74
 100 0047 08       		.byte	8
 101 0048 BE       		.byte	-66
 102 0049 41       		.byte	65
 103 004a BF       		.byte	-65
 104 004b 10       		.byte	16
 105 004c D4       		.byte	-44
 106 004d 18       		.byte	24
 107 004e D8       		.byte	-40
 108 004f 04       		.byte	4
 109 0050 D9       		.byte	-39
 110 0051 04       		.byte	4
 111 0052 DB       		.byte	-37
 112 0053 04       		.byte	4
 113 0054 DF       		.byte	-33
 114 0055 01       		.byte	1
ARM GAS  C:\Users\yurao\AppData\Local\Temp\ccz8L6QQ.s 			page 3


 115 0056 00       		.byte	0
 116 0057 10       		.byte	16
 117 0058 01       		.byte	1
 118 0059 0A       		.byte	10
 119 005a 05       		.byte	5
 120 005b 49       		.byte	73
 121 005c 06       		.byte	6
 122 005d 08       		.byte	8
 123 005e 0A       		.byte	10
 124 005f 20       		.byte	32
 125 0060 0C       		.byte	12
 126 0061 41       		.byte	65
 127 0062 0D       		.byte	13
 128 0063 02       		.byte	2
 129 0064 0E       		.byte	14
 130 0065 0A       		.byte	10
 131 0066 0F       		.byte	15
 132 0067 20       		.byte	32
 133 0068 10       		.byte	16
 134 0069 2A       		.byte	42
 135 006a 16       		.byte	22
 136 006b 82       		.byte	-126
 137 006c 17       		.byte	23
 138 006d 20       		.byte	32
 139 006e 19       		.byte	25
 140 006f 10       		.byte	16
 141 0070 1A       		.byte	26
 142 0071 01       		.byte	1
 143 0072 1B       		.byte	27
 144 0073 15       		.byte	21
 145 0074 1D       		.byte	29
 146 0075 21       		.byte	33
 147 0076 1E       		.byte	30
 148 0077 1A       		.byte	26
 149 0078 23       		.byte	35
 150 0079 08       		.byte	8
 151 007a 24       		.byte	36
 152 007b 10       		.byte	16
 153 007c 25       		.byte	37
 154 007d 0A       		.byte	10
 155 007e 27       		.byte	39
 156 007f 01       		.byte	1
 157 0080 2B       		.byte	43
 158 0081 40       		.byte	64
 159 0082 2C       		.byte	44
 160 0083 45       		.byte	69
 161 0084 2E       		.byte	46
 162 0085 08       		.byte	8
 163 0086 35       		.byte	53
 164 0087 59       		.byte	89
 165 0088 3D       		.byte	61
 166 0089 80       		.byte	-128
 167 008a 3E       		.byte	62
 168 008b A2       		.byte	-94
 169 008c 3F       		.byte	63
 170 008d 08       		.byte	8
 171 008e 44       		.byte	68
ARM GAS  C:\Users\yurao\AppData\Local\Temp\ccz8L6QQ.s 			page 4


 172 008f 44       		.byte	68
 173 0090 45       		.byte	69
 174 0091 28       		.byte	40
 175 0092 47       		.byte	71
 176 0093 40       		.byte	64
 177 0094 4E       		.byte	78
 178 0095 10       		.byte	16
 179 0096 4F       		.byte	79
 180 0097 20       		.byte	32
 181 0098 55       		.byte	85
 182 0099 01       		.byte	1
 183 009a 5B       		.byte	91
 184 009b 01       		.byte	1
 185 009c 5E       		.byte	94
 186 009d 10       		.byte	16
 187 009e 60       		.byte	96
 188 009f 04       		.byte	4
 189 00a0 63       		.byte	99
 190 00a1 02       		.byte	2
 191 00a2 6C       		.byte	108
 192 00a3 2A       		.byte	42
 193 00a4 6E       		.byte	110
 194 00a5 04       		.byte	4
 195 00a6 6F       		.byte	111
 196 00a7 08       		.byte	8
 197 00a8 75       		.byte	117
 198 00a9 40       		.byte	64
 199 00aa 76       		.byte	118
 200 00ab 28       		.byte	40
 201 00ac 77       		.byte	119
 202 00ad 20       		.byte	32
 203 00ae 86       		.byte	-122
 204 00af 01       		.byte	1
 205 00b0 C0       		.byte	-64
 206 00b1 FE       		.byte	-2
 207 00b2 C2       		.byte	-62
 208 00b3 F4       		.byte	-12
 209 00b4 C4       		.byte	-60
 210 00b5 D7       		.byte	-41
 211 00b6 CA       		.byte	-54
 212 00b7 F1       		.byte	-15
 213 00b8 CC       		.byte	-52
 214 00b9 F0       		.byte	-16
 215 00ba CE       		.byte	-50
 216 00bb F0       		.byte	-16
 217 00bc D0       		.byte	-48
 218 00bd F0       		.byte	-16
 219 00be D2       		.byte	-46
 220 00bf 20       		.byte	32
 221 00c0 D6       		.byte	-42
 222 00c1 21       		.byte	33
 223 00c2 D8       		.byte	-40
 224 00c3 0C       		.byte	12
 225 00c4 E0       		.byte	-32
 226 00c5 08       		.byte	8
 227 00c6 02       		.byte	2
 228 00c7 03       		.byte	3
ARM GAS  C:\Users\yurao\AppData\Local\Temp\ccz8L6QQ.s 			page 5


 229 00c8 04       		.byte	4
 230 00c9 10       		.byte	16
 231 00ca 06       		.byte	6
 232 00cb 0C       		.byte	12
 233 00cc 07       		.byte	7
 234 00cd 08       		.byte	8
 235 00ce 08       		.byte	8
 236 00cf 10       		.byte	16
 237 00d0 0C       		.byte	12
 238 00d1 09       		.byte	9
 239 00d2 0D       		.byte	13
 240 00d3 80       		.byte	-128
 241 00d4 0E       		.byte	14
 242 00d5 10       		.byte	16
 243 00d6 0F       		.byte	15
 244 00d7 13       		.byte	19
 245 00d8 12       		.byte	18
 246 00d9 20       		.byte	32
 247 00da 15       		.byte	21
 248 00db 2C       		.byte	44
 249 00dc 16       		.byte	22
 250 00dd 20       		.byte	32
 251 00de 17       		.byte	23
 252 00df 43       		.byte	67
 253 00e0 18       		.byte	24
 254 00e1 0C       		.byte	12
 255 00e2 19       		.byte	25
 256 00e3 71       		.byte	113
 257 00e4 1A       		.byte	26
 258 00e5 11       		.byte	17
 259 00e6 1B       		.byte	27
 260 00e7 06       		.byte	6
 261 00e8 23       		.byte	35
 262 00e9 0C       		.byte	12
 263 00ea 24       		.byte	36
 264 00eb 14       		.byte	20
 265 00ec 25       		.byte	37
 266 00ed 71       		.byte	113
 267 00ee 27       		.byte	39
 268 00ef 0E       		.byte	14
 269 00f0 28       		.byte	40
 270 00f1 1C       		.byte	28
 271 00f2 2A       		.byte	42
 272 00f3 02       		.byte	2
 273 00f4 30       		.byte	48
 274 00f5 1F       		.byte	31
 275 00f6 31       		.byte	49
 276 00f7 C0       		.byte	-64
 277 00f8 33       		.byte	51
 278 00f9 0F       		.byte	15
 279 00fa 34       		.byte	52
 280 00fb 20       		.byte	32
 281 00fc 35       		.byte	53
 282 00fd 30       		.byte	48
 283 00fe 39       		.byte	57
 284 00ff 22       		.byte	34
 285 0100 3B       		.byte	59
ARM GAS  C:\Users\yurao\AppData\Local\Temp\ccz8L6QQ.s 			page 6


 286 0101 08       		.byte	8
 287 0102 3E       		.byte	62
 288 0103 10       		.byte	16
 289 0104 3F       		.byte	63
 290 0105 10       		.byte	16
 291 0106 40       		.byte	64
 292 0107 02       		.byte	2
 293 0108 45       		.byte	69
 294 0109 04       		.byte	4
 295 010a 49       		.byte	73
 296 010b FF       		.byte	-1
 297 010c 4A       		.byte	74
 298 010d 07       		.byte	7
 299 010e 4B       		.byte	75
 300 010f FF       		.byte	-1
 301 0110 4C       		.byte	76
 302 0111 40       		.byte	64
 303 0112 4D       		.byte	77
 304 0113 20       		.byte	32
 305 0114 4E       		.byte	78
 306 0115 F0       		.byte	-16
 307 0116 4F       		.byte	79
 308 0117 05       		.byte	5
 309 0118 50       		.byte	80
 310 0119 08       		.byte	8
 311 011a 58       		.byte	88
 312 011b 04       		.byte	4
 313 011c 59       		.byte	89
 314 011d 04       		.byte	4
 315 011e 5A       		.byte	90
 316 011f 04       		.byte	4
 317 0120 5F       		.byte	95
 318 0121 01       		.byte	1
 319 0122 60       		.byte	96
 320 0123 40       		.byte	64
 321 0124 61       		.byte	97
 322 0125 A8       		.byte	-88
 323 0126 62       		.byte	98
 324 0127 40       		.byte	64
 325 0128 63       		.byte	99
 326 0129 20       		.byte	32
 327 012a 81       		.byte	-127
 328 012b 48       		.byte	72
 329 012c 82       		.byte	-126
 330 012d 35       		.byte	53
 331 012e 83       		.byte	-125
 332 012f 34       		.byte	52
 333 0130 84       		.byte	-124
 334 0131 4A       		.byte	74
 335 0132 85       		.byte	-123
 336 0133 F8       		.byte	-8
 337 0134 86       		.byte	-122
 338 0135 34       		.byte	52
 339 0136 88       		.byte	-120
 340 0137 13       		.byte	19
 341 0138 8A       		.byte	-118
 342 0139 2C       		.byte	44
ARM GAS  C:\Users\yurao\AppData\Local\Temp\ccz8L6QQ.s 			page 7


 343 013a 8D       		.byte	-115
 344 013b 20       		.byte	32
 345 013c 8E       		.byte	-114
 346 013d 48       		.byte	72
 347 013e 8F       		.byte	-113
 348 013f C2       		.byte	-62
 349 0140 93       		.byte	-109
 350 0141 01       		.byte	1
 351 0142 95       		.byte	-107
 352 0143 01       		.byte	1
 353 0144 98       		.byte	-104
 354 0145 03       		.byte	3
 355 0146 99       		.byte	-103
 356 0147 90       		.byte	-112
 357 0148 9A       		.byte	-102
 358 0149 14       		.byte	20
 359 014a 9B       		.byte	-101
 360 014b 2C       		.byte	44
 361 014c A1       		.byte	-95
 362 014d 01       		.byte	1
 363 014e A4       		.byte	-92
 364 014f 13       		.byte	19
 365 0150 A6       		.byte	-90
 366 0151 64       		.byte	100
 367 0152 A9       		.byte	-87
 368 0153 F8       		.byte	-8
 369 0154 AA       		.byte	-86
 370 0155 40       		.byte	64
 371 0156 AF       		.byte	-81
 372 0157 01       		.byte	1
 373 0158 B0       		.byte	-80
 374 0159 10       		.byte	16
 375 015a B1       		.byte	-79
 376 015b 06       		.byte	6
 377 015c B2       		.byte	-78
 378 015d 68       		.byte	104
 379 015e B3       		.byte	-77
 380 015f 01       		.byte	1
 381 0160 B4       		.byte	-76
 382 0161 0F       		.byte	15
 383 0162 B5       		.byte	-75
 384 0163 18       		.byte	24
 385 0164 B7       		.byte	-73
 386 0165 E0       		.byte	-32
 387 0166 B9       		.byte	-71
 388 0167 08       		.byte	8
 389 0168 BA       		.byte	-70
 390 0169 28       		.byte	40
 391 016a BE       		.byte	-66
 392 016b 01       		.byte	1
 393 016c BF       		.byte	-65
 394 016d 01       		.byte	1
 395 016e C0       		.byte	-64
 396 016f 24       		.byte	36
 397 0170 C1       		.byte	-63
 398 0171 03       		.byte	3
 399 0172 C5       		.byte	-59
ARM GAS  C:\Users\yurao\AppData\Local\Temp\ccz8L6QQ.s 			page 8


 400 0173 0C       		.byte	12
 401 0174 C6       		.byte	-58
 402 0175 CE       		.byte	-50
 403 0176 C7       		.byte	-57
 404 0177 0B       		.byte	11
 405 0178 C8       		.byte	-56
 406 0179 1D       		.byte	29
 407 017a C9       		.byte	-55
 408 017b FF       		.byte	-1
 409 017c CA       		.byte	-54
 410 017d FF       		.byte	-1
 411 017e CB       		.byte	-53
 412 017f FF       		.byte	-1
 413 0180 CE       		.byte	-50
 414 0181 F0       		.byte	-16
 415 0182 CF       		.byte	-49
 416 0183 44       		.byte	68
 417 0184 D0       		.byte	-48
 418 0185 0C       		.byte	12
 419 0186 D4       		.byte	-44
 420 0187 01       		.byte	1
 421 0188 D8       		.byte	-40
 422 0189 04       		.byte	4
 423 018a D9       		.byte	-39
 424 018b 04       		.byte	4
 425 018c DA       		.byte	-38
 426 018d 04       		.byte	4
 427 018e DB       		.byte	-37
 428 018f 04       		.byte	4
 429 0190 DF       		.byte	-33
 430 0191 01       		.byte	1
 431 0192 E6       		.byte	-26
 432 0193 C0       		.byte	-64
 433 0194 EA       		.byte	-22
 434 0195 40       		.byte	64
 435 0196 EB       		.byte	-21
 436 0197 02       		.byte	2
 437 0198 00       		.byte	0
 438 0199 60       		.byte	96
 439 019a 01       		.byte	1
 440 019b 02       		.byte	2
 441 019c 02       		.byte	2
 442 019d 01       		.byte	1
 443 019e 03       		.byte	3
 444 019f 10       		.byte	16
 445 01a0 04       		.byte	4
 446 01a1 40       		.byte	64
 447 01a2 05       		.byte	5
 448 01a3 10       		.byte	16
 449 01a4 06       		.byte	6
 450 01a5 40       		.byte	64
 451 01a6 07       		.byte	7
 452 01a7 20       		.byte	32
 453 01a8 08       		.byte	8
 454 01a9 10       		.byte	16
 455 01aa 09       		.byte	9
 456 01ab 09       		.byte	9
ARM GAS  C:\Users\yurao\AppData\Local\Temp\ccz8L6QQ.s 			page 9


 457 01ac 0F       		.byte	15
 458 01ad 08       		.byte	8
 459 01ae 11       		.byte	17
 460 01af 08       		.byte	8
 461 01b0 12       		.byte	18
 462 01b1 08       		.byte	8
 463 01b2 14       		.byte	20
 464 01b3 10       		.byte	16
 465 01b4 16       		.byte	22
 466 01b5 04       		.byte	4
 467 01b6 18       		.byte	24
 468 01b7 04       		.byte	4
 469 01b8 19       		.byte	25
 470 01b9 02       		.byte	2
 471 01ba 1D       		.byte	29
 472 01bb 14       		.byte	20
 473 01bc 1E       		.byte	30
 474 01bd 40       		.byte	64
 475 01be 20       		.byte	32
 476 01bf 40       		.byte	64
 477 01c0 21       		.byte	33
 478 01c1 10       		.byte	16
 479 01c2 22       		.byte	34
 480 01c3 08       		.byte	8
 481 01c4 23       		.byte	35
 482 01c5 20       		.byte	32
 483 01c6 25       		.byte	37
 484 01c7 48       		.byte	72
 485 01c8 26       		.byte	38
 486 01c9 10       		.byte	16
 487 01ca 27       		.byte	39
 488 01cb 40       		.byte	64
 489 01cc 28       		.byte	40
 490 01cd 10       		.byte	16
 491 01ce 29       		.byte	41
 492 01cf 04       		.byte	4
 493 01d0 2A       		.byte	42
 494 01d1 01       		.byte	1
 495 01d2 2C       		.byte	44
 496 01d3 41       		.byte	65
 497 01d4 2F       		.byte	47
 498 01d5 08       		.byte	8
 499 01d6 31       		.byte	49
 500 01d7 10       		.byte	16
 501 01d8 32       		.byte	50
 502 01d9 08       		.byte	8
 503 01da 33       		.byte	51
 504 01db 10       		.byte	16
 505 01dc 35       		.byte	53
 506 01dd 01       		.byte	1
 507 01de 36       		.byte	54
 508 01df 14       		.byte	20
 509 01e0 38       		.byte	56
 510 01e1 80       		.byte	-128
 511 01e2 3A       		.byte	58
 512 01e3 04       		.byte	4
 513 01e4 3B       		.byte	59
ARM GAS  C:\Users\yurao\AppData\Local\Temp\ccz8L6QQ.s 			page 10


 514 01e5 04       		.byte	4
 515 01e6 3D       		.byte	61
 516 01e7 80       		.byte	-128
 517 01e8 3E       		.byte	62
 518 01e9 06       		.byte	6
 519 01ea 41       		.byte	65
 520 01eb 10       		.byte	16
 521 01ec 44       		.byte	68
 522 01ed 10       		.byte	16
 523 01ee 46       		.byte	70
 524 01ef 40       		.byte	64
 525 01f0 47       		.byte	71
 526 01f1 10       		.byte	16
 527 01f2 48       		.byte	72
 528 01f3 10       		.byte	16
 529 01f4 4B       		.byte	75
 530 01f5 04       		.byte	4
 531 01f6 4F       		.byte	79
 532 01f7 08       		.byte	8
 533 01f8 50       		.byte	80
 534 01f9 40       		.byte	64
 535 01fa 52       		.byte	82
 536 01fb 40       		.byte	64
 537 01fc 55       		.byte	85
 538 01fd 04       		.byte	4
 539 01fe 57       		.byte	87
 540 01ff 50       		.byte	80
 541 0200 5D       		.byte	93
 542 0201 01       		.byte	1
 543 0202 5E       		.byte	94
 544 0203 40       		.byte	64
 545 0204 5F       		.byte	95
 546 0205 18       		.byte	24
 547 0206 63       		.byte	99
 548 0207 30       		.byte	48
 549 0208 79       		.byte	121
 550 0209 01       		.byte	1
 551 020a 7B       		.byte	123
 552 020b 40       		.byte	64
 553 020c 89       		.byte	-119
 554 020d 08       		.byte	8
 555 020e 8A       		.byte	-118
 556 020f 02       		.byte	2
 557 0210 92       		.byte	-110
 558 0211 04       		.byte	4
 559 0212 94       		.byte	-108
 560 0213 04       		.byte	4
 561 0214 98       		.byte	-104
 562 0215 41       		.byte	65
 563 0216 99       		.byte	-103
 564 0217 01       		.byte	1
 565 0218 9B       		.byte	-101
 566 0219 08       		.byte	8
 567 021a 9D       		.byte	-99
 568 021b 0A       		.byte	10
 569 021c 9F       		.byte	-97
 570 021d 40       		.byte	64
ARM GAS  C:\Users\yurao\AppData\Local\Temp\ccz8L6QQ.s 			page 11


 571 021e A1       		.byte	-95
 572 021f 01       		.byte	1
 573 0220 A2       		.byte	-94
 574 0221 04       		.byte	4
 575 0222 A3       		.byte	-93
 576 0223 08       		.byte	8
 577 0224 A5       		.byte	-91
 578 0225 40       		.byte	64
 579 0226 A6       		.byte	-90
 580 0227 10       		.byte	16
 581 0228 A7       		.byte	-89
 582 0229 40       		.byte	64
 583 022a B2       		.byte	-78
 584 022b 12       		.byte	18
 585 022c C0       		.byte	-64
 586 022d FF       		.byte	-1
 587 022e C2       		.byte	-62
 588 022f 4E       		.byte	78
 589 0230 C4       		.byte	-60
 590 0231 66       		.byte	102
 591 0232 CA       		.byte	-54
 592 0233 B3       		.byte	-77
 593 0234 CC       		.byte	-52
 594 0235 E6       		.byte	-26
 595 0236 CE       		.byte	-50
 596 0237 DA       		.byte	-38
 597 0238 D0       		.byte	-48
 598 0239 E4       		.byte	-28
 599 023a D6       		.byte	-42
 600 023b F0       		.byte	-16
 601 023c 87       		.byte	-121
 602 023d 10       		.byte	16
 603 023e 10       		.byte	16
 604 023f 40       		.byte	64
 605 0240 73       		.byte	115
 606 0241 10       		.byte	16
 607 0242 88       		.byte	-120
 608 0243 40       		.byte	64
 609 0244 93       		.byte	-109
 610 0245 10       		.byte	16
 611 0246 C4       		.byte	-60
 612 0247 08       		.byte	8
 613 0248 DC       		.byte	-36
 614 0249 01       		.byte	1
 615 024a E2       		.byte	-30
 616 024b 01       		.byte	1
 617 024c 10       		.byte	16
 618 024d 01       		.byte	1
 619 024e 1C       		.byte	28
 620 024f 01       		.byte	1
 621 0250 1F       		.byte	31
 622 0251 80       		.byte	-128
 623 0252 20       		.byte	32
 624 0253 00       		.byte	0
 625 0254 01       		.byte	1
 626 0255 00       		.byte	0
 627 0256 00       		.byte	0
ARM GAS  C:\Users\yurao\AppData\Local\Temp\ccz8L6QQ.s 			page 12


 628 0257 04       		.byte	4
 629 0258 04       		.byte	4
 630 0259 18       		.byte	24
 631 025a 00       		.byte	0
 632 025b 00       		.byte	0
 633 025c 08       		.byte	8
 634 025d C0       		.byte	-64
 635 025e 00       		.byte	0
 636 025f 00       		.byte	0
 637 0260 1C       		.byte	28
 638 0261 1C       		.byte	28
 639 0262 23       		.byte	35
 640 0263 E1       		.byte	-31
 641 0264 00       		.byte	0
 642 0265 44       		.byte	68
 643 0266 23       		.byte	35
 644 0267 00       		.byte	0
 645 0268 33       		.byte	51
 646 0269 00       		.byte	0
 647 026a 0C       		.byte	12
 648 026b E3       		.byte	-29
 649 026c 3F       		.byte	63
 650 026d 10       		.byte	16
 651 026e 00       		.byte	0
 652 026f 00       		.byte	0
 653 0270 03       		.byte	3
 654 0271 FF       		.byte	-1
 655 0272 00       		.byte	0
 656 0273 00       		.byte	0
 657 0274 00       		.byte	0
 658 0275 08       		.byte	8
 659 0276 00       		.byte	0
 660 0277 00       		.byte	0
 661 0278 0C       		.byte	12
 662 0279 E7       		.byte	-25
 663 027a 00       		.byte	0
 664 027b 18       		.byte	24
 665 027c 02       		.byte	2
 666 027d 3C       		.byte	60
 667 027e 00       		.byte	0
 668 027f C2       		.byte	-62
 669 0280 2C       		.byte	44
 670 0281 1F       		.byte	31
 671 0282 10       		.byte	16
 672 0283 38       		.byte	56
 673 0284 0F       		.byte	15
 674 0285 00       		.byte	0
 675 0286 00       		.byte	0
 676 0287 C0       		.byte	-64
 677 0288 00       		.byte	0
 678 0289 00       		.byte	0
 679 028a A2       		.byte	-94
 680 028b 02       		.byte	2
 681 028c 00       		.byte	0
 682 028d 00       		.byte	0
 683 028e 04       		.byte	4
 684 028f 00       		.byte	0
ARM GAS  C:\Users\yurao\AppData\Local\Temp\ccz8L6QQ.s 			page 13


 685 0290 26       		.byte	38
 686 0291 04       		.byte	4
 687 0292 03       		.byte	3
 688 0293 00       		.byte	0
 689 0294 01       		.byte	1
 690 0295 0C       		.byte	12
 691 0296 00       		.byte	0
 692 0297 E0       		.byte	-32
 693 0298 21       		.byte	33
 694 0299 FF       		.byte	-1
 695 029a FF       		.byte	-1
 696 029b FF       		.byte	-1
 697 029c 62       		.byte	98
 698 029d A0       		.byte	-96
 699 029e F0       		.byte	-16
 700 029f 41       		.byte	65
 701 02a0 0C       		.byte	12
 702 02a1 00       		.byte	0
 703 02a2 00       		.byte	0
 704 02a3 00       		.byte	0
 705 02a4 00       		.byte	0
 706 02a5 00       		.byte	0
 707 02a6 02       		.byte	2
 708 02a7 11       		.byte	17
 709 02a8 04       		.byte	4
 710 02a9 04       		.byte	4
 711 02aa 04       		.byte	4
 712 02ab 04       		.byte	4
 713 02ac 00       		.byte	0
 714 02ad 00       		.byte	0
 715 02ae 00       		.byte	0
 716 02af 01       		.byte	1
 717 02b0 00       		.byte	0
 718 02b1 00       		.byte	0
 719 02b2 00       		.byte	0
 720 02b3 00       		.byte	0
 721 02b4 00       		.byte	0
 722 02b5 00       		.byte	0
 723 02b6 40       		.byte	64
 724 02b7 02       		.byte	2
 725 02b8 00       		.byte	0
 726 02b9 10       		.byte	16
 727 02ba 30       		.byte	48
 728 02bb 10       		.byte	16
 729 02bc 00       		.byte	0
 730 02bd 10       		.byte	16
 731 02be 10       		.byte	16
 732 02bf 12       		.byte	18
 733 02c0 00       		.byte	0
 734 02c1 00       		.byte	0
 735 02c2 00       		.byte	0
 736 02c3 00       		.byte	0
 737 02c4 00       		.byte	0
 738 02c5 00       		.byte	0
 739 02c6 00       		.byte	0
 740 02c7 00       		.byte	0
 741 02c8 00       		.byte	0
ARM GAS  C:\Users\yurao\AppData\Local\Temp\ccz8L6QQ.s 			page 14


 742 02c9 00       		.byte	0
 743 02ca 00       		.byte	0
 744 02cb 00       		.byte	0
 745 02cc 00       		.byte	0
 746 02cd 00       		.byte	0
 747 02ce 00       		.byte	0
 748 02cf 00       		.byte	0
 749 02d0 06       		.byte	6
 750 02d1 00       		.byte	0
 751 02d2 00       		.byte	0
 752 02d3 00       		.byte	0
 753 02d4 00       		.byte	0
 754 02d5 00       		.byte	0
 755 02d6 00       		.byte	0
 756 02d7 00       		.byte	0
 757 02d8 80       		.byte	-128
 758 02d9 00       		.byte	0
 759 02da 40       		.byte	64
 760 02db 80       		.byte	-128
 761 02dc 80       		.byte	-128
 762 02dd 00       		.byte	0
 763 02de 80       		.byte	-128
 764 02df 00       		.byte	0
 765 02e0 00       		.byte	0
 766 02e1 00       		.byte	0
 767 02e2 00       		.byte	0
 768 02e3 00       		.byte	0
 769 02e4 00       		.byte	0
 770 02e5 0B       		.byte	11
 771 02e6 0B       		.byte	11
 772 02e7 00       		.byte	0
 773 02e8 00       		.byte	0
 774 02e9 00       		.byte	0
 775 02ea 00       		.byte	0
 776 02eb 00       		.byte	0
 777 02ec 00       		.byte	0
 778 02ed 03       		.byte	3
 779 02ee 03       		.byte	3
 780 02ef 00       		.byte	0
 781 02f0 00       		.byte	0
 782 02f1 00       		.byte	0
 783 02f2 00       		.byte	0
 784 02f3 00       		.byte	0
 785              		.section	.cywolatch,"a",%progbits
 786              		.align	2
 787              		.type	cy_meta_wonvl, %object
 788              		.size	cy_meta_wonvl, 4
 789              	cy_meta_wonvl:
 790 0000 BC       		.byte	-68
 791 0001 90       		.byte	-112
 792 0002 AC       		.byte	-84
 793 0003 AF       		.byte	-81
 794              		.section	.cycustnvl,"a",%progbits
 795              		.align	2
 796              		.type	cy_meta_custnvl, %object
 797              		.size	cy_meta_custnvl, 4
 798              	cy_meta_custnvl:
ARM GAS  C:\Users\yurao\AppData\Local\Temp\ccz8L6QQ.s 			page 15


 799 0000 00       		.byte	0
 800 0001 00       		.byte	0
 801 0002 40       		.byte	64
 802 0003 05       		.byte	5
 803              		.section	.cymeta,"a",%progbits
 804              		.align	2
 805              		.type	cy_metadata, %object
 806              		.size	cy_metadata, 12
 807              	cy_metadata:
 808 0000 00       		.byte	0
 809 0001 01       		.byte	1
 810 0002 2E       		.byte	46
 811 0003 16       		.byte	22
 812 0004 10       		.byte	16
 813 0005 69       		.byte	105
 814 0006 00       		.byte	0
 815 0007 01       		.byte	1
 816 0008 00       		.byte	0
 817 0009 00       		.byte	0
 818 000a 00       		.byte	0
 819 000b 00       		.byte	0
 820              		.section	.cyflashprotect,"a",%progbits
 821              		.align	2
 822              		.type	cy_meta_flashprotect, %object
 823              		.size	cy_meta_flashprotect, 256
 824              	cy_meta_flashprotect:
 825 0000 00000000 		.space	256
 825      00000000 
 825      00000000 
 825      00000000 
 825      00000000 
 826              		.text
 827              	.Letext0:
 828              		.file 1 "f:\\psoccreatorsetup\\psoc creator\\4.4\\psoc creator\\import\\gnu\\arm\\5.4.1\\arm-none-
 829              		.file 2 "f:\\psoccreatorsetup\\psoc creator\\4.4\\psoc creator\\import\\gnu\\arm\\5.4.1\\arm-none-
 830              		.file 3 "Generated_Source\\PSoC5\\cymetadata.c"
 831              		.section	.debug_info,"",%progbits
 832              	.Ldebug_info0:
 833 0000 31010000 		.4byte	0x131
 834 0004 0400     		.2byte	0x4
 835 0006 00000000 		.4byte	.Ldebug_abbrev0
 836 000a 04       		.byte	0x4
 837 000b 01       		.uleb128 0x1
 838 000c 24000000 		.4byte	.LASF17
 839 0010 0C       		.byte	0xc
 840 0011 B5010000 		.4byte	.LASF18
 841 0015 06010000 		.4byte	.LASF19
 842 0019 00000000 		.4byte	.Ldebug_line0
 843 001d 02       		.uleb128 0x2
 844 001e 01       		.byte	0x1
 845 001f 06       		.byte	0x6
 846 0020 A9010000 		.4byte	.LASF0
 847 0024 03       		.uleb128 0x3
 848 0025 00000000 		.4byte	.LASF9
 849 0029 01       		.byte	0x1
 850 002a 1D       		.byte	0x1d
 851 002b 2F000000 		.4byte	0x2f
ARM GAS  C:\Users\yurao\AppData\Local\Temp\ccz8L6QQ.s 			page 16


 852 002f 02       		.uleb128 0x2
 853 0030 01       		.byte	0x1
 854 0031 08       		.byte	0x8
 855 0032 16000000 		.4byte	.LASF1
 856 0036 02       		.uleb128 0x2
 857 0037 02       		.byte	0x2
 858 0038 05       		.byte	0x5
 859 0039 96010000 		.4byte	.LASF2
 860 003d 02       		.uleb128 0x2
 861 003e 02       		.byte	0x2
 862 003f 07       		.byte	0x7
 863 0040 C4000000 		.4byte	.LASF3
 864 0044 02       		.uleb128 0x2
 865 0045 04       		.byte	0x4
 866 0046 05       		.byte	0x5
 867 0047 A0010000 		.4byte	.LASF4
 868 004b 02       		.uleb128 0x2
 869 004c 04       		.byte	0x4
 870 004d 07       		.byte	0x7
 871 004e B2000000 		.4byte	.LASF5
 872 0052 02       		.uleb128 0x2
 873 0053 08       		.byte	0x8
 874 0054 05       		.byte	0x5
 875 0055 88010000 		.4byte	.LASF6
 876 0059 02       		.uleb128 0x2
 877 005a 08       		.byte	0x8
 878 005b 07       		.byte	0x7
 879 005c 3D010000 		.4byte	.LASF7
 880 0060 04       		.uleb128 0x4
 881 0061 04       		.byte	0x4
 882 0062 05       		.byte	0x5
 883 0063 696E7400 		.ascii	"int\000"
 884 0067 02       		.uleb128 0x2
 885 0068 04       		.byte	0x4
 886 0069 07       		.byte	0x7
 887 006a F9000000 		.4byte	.LASF8
 888 006e 03       		.uleb128 0x3
 889 006f 54010000 		.4byte	.LASF10
 890 0073 02       		.byte	0x2
 891 0074 18       		.byte	0x18
 892 0075 24000000 		.4byte	0x24
 893 0079 05       		.uleb128 0x5
 894 007a 91000000 		.4byte	0x91
 895 007e 8A000000 		.4byte	0x8a
 896 0082 06       		.uleb128 0x6
 897 0083 8A000000 		.4byte	0x8a
 898 0087 F302     		.2byte	0x2f3
 899 0089 00       		.byte	0
 900 008a 02       		.uleb128 0x2
 901 008b 04       		.byte	0x4
 902 008c 07       		.byte	0x7
 903 008d 7F010000 		.4byte	.LASF11
 904 0091 07       		.uleb128 0x7
 905 0092 6E000000 		.4byte	0x6e
 906 0096 08       		.uleb128 0x8
 907 0097 E7000000 		.4byte	.LASF12
 908 009b 03       		.byte	0x3
ARM GAS  C:\Users\yurao\AppData\Local\Temp\ccz8L6QQ.s 			page 17


 909 009c 1F       		.byte	0x1f
 910 009d A7000000 		.4byte	0xa7
 911 00a1 05       		.uleb128 0x5
 912 00a2 03       		.byte	0x3
 913 00a3 00000000 		.4byte	cy_meta_configecc
 914 00a7 07       		.uleb128 0x7
 915 00a8 79000000 		.4byte	0x79
 916 00ac 05       		.uleb128 0x5
 917 00ad 91000000 		.4byte	0x91
 918 00b1 BC000000 		.4byte	0xbc
 919 00b5 09       		.uleb128 0x9
 920 00b6 8A000000 		.4byte	0x8a
 921 00ba 03       		.byte	0x3
 922 00bb 00       		.byte	0
 923 00bc 08       		.uleb128 0x8
 924 00bd D7000000 		.4byte	.LASF13
 925 00c1 03       		.byte	0x3
 926 00c2 8B       		.byte	0x8b
 927 00c3 CD000000 		.4byte	0xcd
 928 00c7 05       		.uleb128 0x5
 929 00c8 03       		.byte	0x3
 930 00c9 00000000 		.4byte	cy_meta_custnvl
 931 00cd 07       		.uleb128 0x7
 932 00ce AC000000 		.4byte	0xac
 933 00d2 08       		.uleb128 0x8
 934 00d3 71010000 		.4byte	.LASF14
 935 00d7 03       		.byte	0x3
 936 00d8 99       		.byte	0x99
 937 00d9 E3000000 		.4byte	0xe3
 938 00dd 05       		.uleb128 0x5
 939 00de 03       		.byte	0x3
 940 00df 00000000 		.4byte	cy_meta_wonvl
 941 00e3 07       		.uleb128 0x7
 942 00e4 AC000000 		.4byte	0xac
 943 00e8 05       		.uleb128 0x5
 944 00e9 91000000 		.4byte	0x91
 945 00ed F8000000 		.4byte	0xf8
 946 00f1 09       		.uleb128 0x9
 947 00f2 8A000000 		.4byte	0x8a
 948 00f6 FF       		.byte	0xff
 949 00f7 00       		.byte	0
 950 00f8 08       		.uleb128 0x8
 951 00f9 5C010000 		.4byte	.LASF15
 952 00fd 03       		.byte	0x3
 953 00fe A7       		.byte	0xa7
 954 00ff 09010000 		.4byte	0x109
 955 0103 05       		.uleb128 0x5
 956 0104 03       		.byte	0x3
 957 0105 00000000 		.4byte	cy_meta_flashprotect
 958 0109 07       		.uleb128 0x7
 959 010a E8000000 		.4byte	0xe8
 960 010e 05       		.uleb128 0x5
 961 010f 91000000 		.4byte	0x91
 962 0113 1E010000 		.4byte	0x11e
 963 0117 09       		.uleb128 0x9
 964 0118 8A000000 		.4byte	0x8a
 965 011c 0B       		.byte	0xb
ARM GAS  C:\Users\yurao\AppData\Local\Temp\ccz8L6QQ.s 			page 18


 966 011d 00       		.byte	0
 967 011e 08       		.uleb128 0x8
 968 011f 0A000000 		.4byte	.LASF16
 969 0123 03       		.byte	0x3
 970 0124 D4       		.byte	0xd4
 971 0125 2F010000 		.4byte	0x12f
 972 0129 05       		.uleb128 0x5
 973 012a 03       		.byte	0x3
 974 012b 00000000 		.4byte	cy_metadata
 975 012f 07       		.uleb128 0x7
 976 0130 0E010000 		.4byte	0x10e
 977 0134 00       		.byte	0
 978              		.section	.debug_abbrev,"",%progbits
 979              	.Ldebug_abbrev0:
 980 0000 01       		.uleb128 0x1
 981 0001 11       		.uleb128 0x11
 982 0002 01       		.byte	0x1
 983 0003 25       		.uleb128 0x25
 984 0004 0E       		.uleb128 0xe
 985 0005 13       		.uleb128 0x13
 986 0006 0B       		.uleb128 0xb
 987 0007 03       		.uleb128 0x3
 988 0008 0E       		.uleb128 0xe
 989 0009 1B       		.uleb128 0x1b
 990 000a 0E       		.uleb128 0xe
 991 000b 10       		.uleb128 0x10
 992 000c 17       		.uleb128 0x17
 993 000d 00       		.byte	0
 994 000e 00       		.byte	0
 995 000f 02       		.uleb128 0x2
 996 0010 24       		.uleb128 0x24
 997 0011 00       		.byte	0
 998 0012 0B       		.uleb128 0xb
 999 0013 0B       		.uleb128 0xb
 1000 0014 3E       		.uleb128 0x3e
 1001 0015 0B       		.uleb128 0xb
 1002 0016 03       		.uleb128 0x3
 1003 0017 0E       		.uleb128 0xe
 1004 0018 00       		.byte	0
 1005 0019 00       		.byte	0
 1006 001a 03       		.uleb128 0x3
 1007 001b 16       		.uleb128 0x16
 1008 001c 00       		.byte	0
 1009 001d 03       		.uleb128 0x3
 1010 001e 0E       		.uleb128 0xe
 1011 001f 3A       		.uleb128 0x3a
 1012 0020 0B       		.uleb128 0xb
 1013 0021 3B       		.uleb128 0x3b
 1014 0022 0B       		.uleb128 0xb
 1015 0023 49       		.uleb128 0x49
 1016 0024 13       		.uleb128 0x13
 1017 0025 00       		.byte	0
 1018 0026 00       		.byte	0
 1019 0027 04       		.uleb128 0x4
 1020 0028 24       		.uleb128 0x24
 1021 0029 00       		.byte	0
 1022 002a 0B       		.uleb128 0xb
ARM GAS  C:\Users\yurao\AppData\Local\Temp\ccz8L6QQ.s 			page 19


 1023 002b 0B       		.uleb128 0xb
 1024 002c 3E       		.uleb128 0x3e
 1025 002d 0B       		.uleb128 0xb
 1026 002e 03       		.uleb128 0x3
 1027 002f 08       		.uleb128 0x8
 1028 0030 00       		.byte	0
 1029 0031 00       		.byte	0
 1030 0032 05       		.uleb128 0x5
 1031 0033 01       		.uleb128 0x1
 1032 0034 01       		.byte	0x1
 1033 0035 49       		.uleb128 0x49
 1034 0036 13       		.uleb128 0x13
 1035 0037 01       		.uleb128 0x1
 1036 0038 13       		.uleb128 0x13
 1037 0039 00       		.byte	0
 1038 003a 00       		.byte	0
 1039 003b 06       		.uleb128 0x6
 1040 003c 21       		.uleb128 0x21
 1041 003d 00       		.byte	0
 1042 003e 49       		.uleb128 0x49
 1043 003f 13       		.uleb128 0x13
 1044 0040 2F       		.uleb128 0x2f
 1045 0041 05       		.uleb128 0x5
 1046 0042 00       		.byte	0
 1047 0043 00       		.byte	0
 1048 0044 07       		.uleb128 0x7
 1049 0045 26       		.uleb128 0x26
 1050 0046 00       		.byte	0
 1051 0047 49       		.uleb128 0x49
 1052 0048 13       		.uleb128 0x13
 1053 0049 00       		.byte	0
 1054 004a 00       		.byte	0
 1055 004b 08       		.uleb128 0x8
 1056 004c 34       		.uleb128 0x34
 1057 004d 00       		.byte	0
 1058 004e 03       		.uleb128 0x3
 1059 004f 0E       		.uleb128 0xe
 1060 0050 3A       		.uleb128 0x3a
 1061 0051 0B       		.uleb128 0xb
 1062 0052 3B       		.uleb128 0x3b
 1063 0053 0B       		.uleb128 0xb
 1064 0054 49       		.uleb128 0x49
 1065 0055 13       		.uleb128 0x13
 1066 0056 3F       		.uleb128 0x3f
 1067 0057 19       		.uleb128 0x19
 1068 0058 02       		.uleb128 0x2
 1069 0059 18       		.uleb128 0x18
 1070 005a 00       		.byte	0
 1071 005b 00       		.byte	0
 1072 005c 09       		.uleb128 0x9
 1073 005d 21       		.uleb128 0x21
 1074 005e 00       		.byte	0
 1075 005f 49       		.uleb128 0x49
 1076 0060 13       		.uleb128 0x13
 1077 0061 2F       		.uleb128 0x2f
 1078 0062 0B       		.uleb128 0xb
 1079 0063 00       		.byte	0
ARM GAS  C:\Users\yurao\AppData\Local\Temp\ccz8L6QQ.s 			page 20


 1080 0064 00       		.byte	0
 1081 0065 00       		.byte	0
 1082              		.section	.debug_aranges,"",%progbits
 1083 0000 14000000 		.4byte	0x14
 1084 0004 0200     		.2byte	0x2
 1085 0006 00000000 		.4byte	.Ldebug_info0
 1086 000a 04       		.byte	0x4
 1087 000b 00       		.byte	0
 1088 000c 0000     		.2byte	0
 1089 000e 0000     		.2byte	0
 1090 0010 00000000 		.4byte	0
 1091 0014 00000000 		.4byte	0
 1092              		.section	.debug_line,"",%progbits
 1093              	.Ldebug_line0:
 1094 0000 27010000 		.section	.debug_str,"MS",%progbits,1
 1094      02002101 
 1094      00000201 
 1094      FB0E0D00 
 1094      01010101 
 1095              	.LASF9:
 1096 0000 5F5F7569 		.ascii	"__uint8_t\000"
 1096      6E74385F 
 1096      7400
 1097              	.LASF16:
 1098 000a 63795F6D 		.ascii	"cy_metadata\000"
 1098      65746164 
 1098      61746100 
 1099              	.LASF1:
 1100 0016 756E7369 		.ascii	"unsigned char\000"
 1100      676E6564 
 1100      20636861 
 1100      7200
 1101              	.LASF17:
 1102 0024 474E5520 		.ascii	"GNU C11 5.4.1 20160609 (release) [ARM/embedded-5-br"
 1102      43313120 
 1102      352E342E 
 1102      31203230 
 1102      31363036 
 1103 0057 616E6368 		.ascii	"anch revision 237715] -mcpu=cortex-m3 -mthumb -g -O"
 1103      20726576 
 1103      6973696F 
 1103      6E203233 
 1103      37373135 
 1104 008a 67202D66 		.ascii	"g -ffunction-sections -ffat-lto-objects\000"
 1104      66756E63 
 1104      74696F6E 
 1104      2D736563 
 1104      74696F6E 
 1105              	.LASF5:
 1106 00b2 6C6F6E67 		.ascii	"long unsigned int\000"
 1106      20756E73 
 1106      69676E65 
 1106      6420696E 
 1106      7400
 1107              	.LASF3:
 1108 00c4 73686F72 		.ascii	"short unsigned int\000"
 1108      7420756E 
ARM GAS  C:\Users\yurao\AppData\Local\Temp\ccz8L6QQ.s 			page 21


 1108      7369676E 
 1108      65642069 
 1108      6E7400
 1109              	.LASF13:
 1110 00d7 63795F6D 		.ascii	"cy_meta_custnvl\000"
 1110      6574615F 
 1110      63757374 
 1110      6E766C00 
 1111              	.LASF12:
 1112 00e7 63795F6D 		.ascii	"cy_meta_configecc\000"
 1112      6574615F 
 1112      636F6E66 
 1112      69676563 
 1112      6300
 1113              	.LASF8:
 1114 00f9 756E7369 		.ascii	"unsigned int\000"
 1114      676E6564 
 1114      20696E74 
 1114      00
 1115              	.LASF19:
 1116 0106 453A5C42 		.ascii	"E:\\Bench\\kursova\\Yura_Kursova.cydsn\\Yura_Kursov"
 1116      656E6368 
 1116      5C6B7572 
 1116      736F7661 
 1116      5C597572 
 1117 0135 612E6379 		.ascii	"a.cydsn\000"
 1117      64736E00 
 1118              	.LASF7:
 1119 013d 6C6F6E67 		.ascii	"long long unsigned int\000"
 1119      206C6F6E 
 1119      6720756E 
 1119      7369676E 
 1119      65642069 
 1120              	.LASF10:
 1121 0154 75696E74 		.ascii	"uint8_t\000"
 1121      385F7400 
 1122              	.LASF15:
 1123 015c 63795F6D 		.ascii	"cy_meta_flashprotect\000"
 1123      6574615F 
 1123      666C6173 
 1123      6870726F 
 1123      74656374 
 1124              	.LASF14:
 1125 0171 63795F6D 		.ascii	"cy_meta_wonvl\000"
 1125      6574615F 
 1125      776F6E76 
 1125      6C00
 1126              	.LASF11:
 1127 017f 73697A65 		.ascii	"sizetype\000"
 1127      74797065 
 1127      00
 1128              	.LASF6:
 1129 0188 6C6F6E67 		.ascii	"long long int\000"
 1129      206C6F6E 
 1129      6720696E 
 1129      7400
 1130              	.LASF2:
ARM GAS  C:\Users\yurao\AppData\Local\Temp\ccz8L6QQ.s 			page 22


 1131 0196 73686F72 		.ascii	"short int\000"
 1131      7420696E 
 1131      7400
 1132              	.LASF4:
 1133 01a0 6C6F6E67 		.ascii	"long int\000"
 1133      20696E74 
 1133      00
 1134              	.LASF0:
 1135 01a9 7369676E 		.ascii	"signed char\000"
 1135      65642063 
 1135      68617200 
 1136              	.LASF18:
 1137 01b5 47656E65 		.ascii	"Generated_Source\\PSoC5\\cymetadata.c\000"
 1137      72617465 
 1137      645F536F 
 1137      75726365 
 1137      5C50536F 
 1138              		.ident	"GCC: (GNU Tools for ARM Embedded Processors) 5.4.1 20160609 (release) [ARM/embedded-5-bran
