ARM GAS  C:\Users\yurao\AppData\Local\Temp\ccHh2U50.s 			page 1


   1              		.syntax unified
   2              		.cpu cortex-m3
   3              		.fpu softvfp
   4              		.eabi_attribute 20, 1
   5              		.eabi_attribute 21, 1
   6              		.eabi_attribute 23, 3
   7              		.eabi_attribute 24, 1
   8              		.eabi_attribute 25, 1
   9              		.eabi_attribute 26, 1
  10              		.eabi_attribute 30, 1
  11              		.eabi_attribute 34, 1
  12              		.eabi_attribute 18, 4
  13              		.thumb
  14              		.syntax unified
  15              		.file	"main.c"
  16              		.text
  17              	.Ltext0:
  18              		.cfi_sections	.debug_frame
  19              		.section	.text.main,"ax",%progbits
  20              		.align	2
  21              		.global	main
  22              		.thumb
  23              		.thumb_func
  24              		.type	main, %function
  25              	main:
  26              	.LFB63:
  27              		.file 1 "main.c"
   1:main.c        **** /* ========================================
   2:main.c        ****  *
   3:main.c        ****  * Copyright YOUR COMPANY, THE YEAR
   4:main.c        ****  * All Rights Reserved
   5:main.c        ****  * UNPUBLISHED, LICENSED SOFTWARE.
   6:main.c        ****  *
   7:main.c        ****  * CONFIDENTIAL AND PROPRIETARY INFORMATION
   8:main.c        ****  * WHICH IS THE PROPERTY OF your company.
   9:main.c        ****  *
  10:main.c        ****  * ========================================
  11:main.c        **** */
  12:main.c        **** #include "project.h"
  13:main.c        **** 
  14:main.c        **** int main(void)
  15:main.c        **** {
  28              		.loc 1 15 0
  29              		.cfi_startproc
  30              		@ Volatile: function does not return.
  31              		@ args = 0, pretend = 0, frame = 0
  32              		@ frame_needed = 0, uses_anonymous_args = 0
  33 0000 08B5     		push	{r3, lr}
  34              		.cfi_def_cfa_offset 8
  35              		.cfi_offset 3, -8
  36              		.cfi_offset 14, -4
  16:main.c        ****     CyGlobalIntEnable; /* Enable global interrupts. */
  37              		.loc 1 16 0
  38              		.syntax unified
  39              	@ 16 "main.c" 1
  40 0002 62B6     		CPSIE   i
  41              	@ 0 "" 2
ARM GAS  C:\Users\yurao\AppData\Local\Temp\ccHh2U50.s 			page 2


  17:main.c        **** 
  18:main.c        ****     UART_Start();
  42              		.loc 1 18 0
  43              		.thumb
  44              		.syntax unified
  45 0004 FFF7FEFF 		bl	UART_Start
  46              	.LVL0:
  47              	.L6:
  19:main.c        **** 
  20:main.c        ****     for(;;)
  21:main.c        ****     {
  22:main.c        ****         if(FhotoRes_Read() == 1)
  48              		.loc 1 22 0
  49 0008 FFF7FEFF 		bl	FhotoRes_Read
  50              	.LVL1:
  51 000c 0128     		cmp	r0, #1
  52 000e 05D1     		bne	.L2
  23:main.c        ****         {
  24:main.c        ****             UART_PutString("Lamp ON");
  53              		.loc 1 24 0
  54 0010 1248     		ldr	r0, .L8
  55 0012 FFF7FEFF 		bl	UART_PutString
  56              	.LVL2:
  25:main.c        ****             LED_On_Write(1);
  57              		.loc 1 25 0
  58 0016 0120     		movs	r0, #1
  59 0018 FFF7FEFF 		bl	LED_On_Write
  60              	.LVL3:
  61              	.L2:
  26:main.c        ****         }
  27:main.c        ****         if(FhotoRes_Read() == 0)
  62              		.loc 1 27 0
  63 001c FFF7FEFF 		bl	FhotoRes_Read
  64              	.LVL4:
  65 0020 28B9     		cbnz	r0, .L3
  28:main.c        ****         {
  29:main.c        ****             UART_PutString("Lamp OFF");
  66              		.loc 1 29 0
  67 0022 0F48     		ldr	r0, .L8+4
  68 0024 FFF7FEFF 		bl	UART_PutString
  69              	.LVL5:
  30:main.c        ****             LED_On_Write(0);
  70              		.loc 1 30 0
  71 0028 0020     		movs	r0, #0
  72 002a FFF7FEFF 		bl	LED_On_Write
  73              	.LVL6:
  74              	.L3:
  31:main.c        ****         }
  32:main.c        ****         if(HidroSns_Read() == 1)
  75              		.loc 1 32 0
  76 002e FFF7FEFF 		bl	HidroSns_Read
  77              	.LVL7:
  78 0032 0128     		cmp	r0, #1
  79 0034 05D1     		bne	.L4
  33:main.c        ****         {
  34:main.c        ****             UART_PutString("Pump ON");
  80              		.loc 1 34 0
ARM GAS  C:\Users\yurao\AppData\Local\Temp\ccHh2U50.s 			page 3


  81 0036 0B48     		ldr	r0, .L8+8
  82 0038 FFF7FEFF 		bl	UART_PutString
  83              	.LVL8:
  35:main.c        ****             /*подаэмо сигнал на реле для включення насоса*/
  36:main.c        ****             Pump_On_Write(1);
  84              		.loc 1 36 0
  85 003c 0120     		movs	r0, #1
  86 003e FFF7FEFF 		bl	Pump_On_Write
  87              	.LVL9:
  88              	.L4:
  37:main.c        ****         }
  38:main.c        ****         if(HidroSns_Read() == 0)
  89              		.loc 1 38 0
  90 0042 FFF7FEFF 		bl	HidroSns_Read
  91              	.LVL10:
  92 0046 28B9     		cbnz	r0, .L5
  39:main.c        ****         {
  40:main.c        ****             UART_PutString("Pump OFF");
  93              		.loc 1 40 0
  94 0048 0748     		ldr	r0, .L8+12
  95 004a FFF7FEFF 		bl	UART_PutString
  96              	.LVL11:
  41:main.c        ****             /*подаэмо сигнал на реле для включення насоса*/
  42:main.c        ****             Pump_On_Write(0);
  97              		.loc 1 42 0
  98 004e 0020     		movs	r0, #0
  99 0050 FFF7FEFF 		bl	Pump_On_Write
 100              	.LVL12:
 101              	.L5:
  43:main.c        ****         }
  44:main.c        ****         
  45:main.c        ****         CyDelay(200);
 102              		.loc 1 45 0
 103 0054 C820     		movs	r0, #200
 104 0056 FFF7FEFF 		bl	CyDelay
 105              	.LVL13:
  46:main.c        ****     }
 106              		.loc 1 46 0
 107 005a D5E7     		b	.L6
 108              	.L9:
 109              		.align	2
 110              	.L8:
 111 005c 00000000 		.word	.LC0
 112 0060 08000000 		.word	.LC1
 113 0064 14000000 		.word	.LC2
 114 0068 1C000000 		.word	.LC3
 115              		.cfi_endproc
 116              	.LFE63:
 117              		.size	main, .-main
 118              		.section	.rodata.str1.4,"aMS",%progbits,1
 119              		.align	2
 120              	.LC0:
 121 0000 4C616D70 		.ascii	"Lamp ON\000"
 121      204F4E00 
 122              	.LC1:
 123 0008 4C616D70 		.ascii	"Lamp OFF\000"
 123      204F4646 
ARM GAS  C:\Users\yurao\AppData\Local\Temp\ccHh2U50.s 			page 4


 123      00
 124 0011 000000   		.space	3
 125              	.LC2:
 126 0014 50756D70 		.ascii	"Pump ON\000"
 126      204F4E00 
 127              	.LC3:
 128 001c 50756D70 		.ascii	"Pump OFF\000"
 128      204F4646 
 128      00
 129              		.text
 130              	.Letext0:
 131              		.file 2 "f:\\psoccreatorsetup\\psoc creator\\4.4\\psoc creator\\import\\gnu\\arm\\5.4.1\\arm-none-
 132              		.file 3 "f:\\psoccreatorsetup\\psoc creator\\4.4\\psoc creator\\import\\gnu\\arm\\5.4.1\\arm-none-
 133              		.file 4 "Generated_Source\\PSoC5/UART.h"
 134              		.file 5 "Generated_Source\\PSoC5/FhotoRes.h"
 135              		.file 6 "Generated_Source\\PSoC5/LED_On.h"
 136              		.file 7 "Generated_Source\\PSoC5/HidroSns.h"
 137              		.file 8 "Generated_Source\\PSoC5/Pump_On.h"
 138              		.file 9 "Generated_Source\\PSoC5/CyLib.h"
 139              		.file 10 "Generated_Source\\PSoC5/core_cm3.h"
 140              		.section	.debug_info,"",%progbits
 141              	.Ldebug_info0:
 142 0000 FE010000 		.4byte	0x1fe
 143 0004 0400     		.2byte	0x4
 144 0006 00000000 		.4byte	.Ldebug_abbrev0
 145 000a 04       		.byte	0x4
 146 000b 01       		.uleb128 0x1
 147 000c 3E000000 		.4byte	.LASF23
 148 0010 0C       		.byte	0xc
 149 0011 29000000 		.4byte	.LASF24
 150 0015 57010000 		.4byte	.LASF25
 151 0019 00000000 		.4byte	.Ldebug_ranges0+0
 152 001d 00000000 		.4byte	0
 153 0021 00000000 		.4byte	.Ldebug_line0
 154 0025 02       		.uleb128 0x2
 155 0026 01       		.byte	0x1
 156 0027 06       		.byte	0x6
 157 0028 9B010000 		.4byte	.LASF0
 158 002c 02       		.uleb128 0x2
 159 002d 01       		.byte	0x1
 160 002e 08       		.byte	0x8
 161 002f 1B010000 		.4byte	.LASF1
 162 0033 02       		.uleb128 0x2
 163 0034 02       		.byte	0x2
 164 0035 05       		.byte	0x5
 165 0036 37010000 		.4byte	.LASF2
 166 003a 02       		.uleb128 0x2
 167 003b 02       		.byte	0x2
 168 003c 07       		.byte	0x7
 169 003d FD000000 		.4byte	.LASF3
 170 0041 03       		.uleb128 0x3
 171 0042 B3010000 		.4byte	.LASF9
 172 0046 02       		.byte	0x2
 173 0047 3F       		.byte	0x3f
 174 0048 4C000000 		.4byte	0x4c
 175 004c 02       		.uleb128 0x2
 176 004d 04       		.byte	0x4
ARM GAS  C:\Users\yurao\AppData\Local\Temp\ccHh2U50.s 			page 5


 177 004e 05       		.byte	0x5
 178 004f 2E010000 		.4byte	.LASF4
 179 0053 02       		.uleb128 0x2
 180 0054 04       		.byte	0x4
 181 0055 07       		.byte	0x7
 182 0056 D4000000 		.4byte	.LASF5
 183 005a 02       		.uleb128 0x2
 184 005b 08       		.byte	0x8
 185 005c 05       		.byte	0x5
 186 005d 00000000 		.4byte	.LASF6
 187 0061 02       		.uleb128 0x2
 188 0062 08       		.byte	0x8
 189 0063 07       		.byte	0x7
 190 0064 E6000000 		.4byte	.LASF7
 191 0068 04       		.uleb128 0x4
 192 0069 04       		.byte	0x4
 193 006a 05       		.byte	0x5
 194 006b 696E7400 		.ascii	"int\000"
 195 006f 02       		.uleb128 0x2
 196 0070 04       		.byte	0x4
 197 0071 07       		.byte	0x7
 198 0072 1C000000 		.4byte	.LASF8
 199 0076 03       		.uleb128 0x3
 200 0077 E3010000 		.4byte	.LASF10
 201 007b 03       		.byte	0x3
 202 007c 2C       		.byte	0x2c
 203 007d 41000000 		.4byte	0x41
 204 0081 02       		.uleb128 0x2
 205 0082 04       		.byte	0x4
 206 0083 04       		.byte	0x4
 207 0084 C2010000 		.4byte	.LASF11
 208 0088 02       		.uleb128 0x2
 209 0089 08       		.byte	0x8
 210 008a 04       		.byte	0x4
 211 008b 41010000 		.4byte	.LASF12
 212 008f 02       		.uleb128 0x2
 213 0090 01       		.byte	0x1
 214 0091 08       		.byte	0x8
 215 0092 29010000 		.4byte	.LASF13
 216 0096 02       		.uleb128 0x2
 217 0097 08       		.byte	0x8
 218 0098 04       		.byte	0x4
 219 0099 A7010000 		.4byte	.LASF14
 220 009d 02       		.uleb128 0x2
 221 009e 04       		.byte	0x4
 222 009f 07       		.byte	0x7
 223 00a0 EB010000 		.4byte	.LASF15
 224 00a4 05       		.uleb128 0x5
 225 00a5 BD010000 		.4byte	.LASF26
 226 00a9 01       		.byte	0x1
 227 00aa 0E       		.byte	0xe
 228 00ab 68000000 		.4byte	0x68
 229 00af 00000000 		.4byte	.LFB63
 230 00b3 6C000000 		.4byte	.LFE63-.LFB63
 231 00b7 01       		.uleb128 0x1
 232 00b8 9C       		.byte	0x9c
 233 00b9 A3010000 		.4byte	0x1a3
ARM GAS  C:\Users\yurao\AppData\Local\Temp\ccHh2U50.s 			page 6


 234 00bd 06       		.uleb128 0x6
 235 00be 08000000 		.4byte	.LVL0
 236 00c2 B4010000 		.4byte	0x1b4
 237 00c6 06       		.uleb128 0x6
 238 00c7 0C000000 		.4byte	.LVL1
 239 00cb BF010000 		.4byte	0x1bf
 240 00cf 07       		.uleb128 0x7
 241 00d0 16000000 		.4byte	.LVL2
 242 00d4 CA010000 		.4byte	0x1ca
 243 00d8 E6000000 		.4byte	0xe6
 244 00dc 08       		.uleb128 0x8
 245 00dd 01       		.uleb128 0x1
 246 00de 50       		.byte	0x50
 247 00df 05       		.uleb128 0x5
 248 00e0 03       		.byte	0x3
 249 00e1 00000000 		.4byte	.LC0
 250 00e5 00       		.byte	0
 251 00e6 07       		.uleb128 0x7
 252 00e7 1C000000 		.4byte	.LVL3
 253 00eb D5010000 		.4byte	0x1d5
 254 00ef F9000000 		.4byte	0xf9
 255 00f3 08       		.uleb128 0x8
 256 00f4 01       		.uleb128 0x1
 257 00f5 50       		.byte	0x50
 258 00f6 01       		.uleb128 0x1
 259 00f7 31       		.byte	0x31
 260 00f8 00       		.byte	0
 261 00f9 06       		.uleb128 0x6
 262 00fa 20000000 		.4byte	.LVL4
 263 00fe BF010000 		.4byte	0x1bf
 264 0102 07       		.uleb128 0x7
 265 0103 28000000 		.4byte	.LVL5
 266 0107 CA010000 		.4byte	0x1ca
 267 010b 19010000 		.4byte	0x119
 268 010f 08       		.uleb128 0x8
 269 0110 01       		.uleb128 0x1
 270 0111 50       		.byte	0x50
 271 0112 05       		.uleb128 0x5
 272 0113 03       		.byte	0x3
 273 0114 08000000 		.4byte	.LC1
 274 0118 00       		.byte	0
 275 0119 07       		.uleb128 0x7
 276 011a 2E000000 		.4byte	.LVL6
 277 011e D5010000 		.4byte	0x1d5
 278 0122 2C010000 		.4byte	0x12c
 279 0126 08       		.uleb128 0x8
 280 0127 01       		.uleb128 0x1
 281 0128 50       		.byte	0x50
 282 0129 01       		.uleb128 0x1
 283 012a 30       		.byte	0x30
 284 012b 00       		.byte	0
 285 012c 06       		.uleb128 0x6
 286 012d 32000000 		.4byte	.LVL7
 287 0131 E0010000 		.4byte	0x1e0
 288 0135 07       		.uleb128 0x7
 289 0136 3C000000 		.4byte	.LVL8
 290 013a CA010000 		.4byte	0x1ca
ARM GAS  C:\Users\yurao\AppData\Local\Temp\ccHh2U50.s 			page 7


 291 013e 4C010000 		.4byte	0x14c
 292 0142 08       		.uleb128 0x8
 293 0143 01       		.uleb128 0x1
 294 0144 50       		.byte	0x50
 295 0145 05       		.uleb128 0x5
 296 0146 03       		.byte	0x3
 297 0147 14000000 		.4byte	.LC2
 298 014b 00       		.byte	0
 299 014c 07       		.uleb128 0x7
 300 014d 42000000 		.4byte	.LVL9
 301 0151 EB010000 		.4byte	0x1eb
 302 0155 5F010000 		.4byte	0x15f
 303 0159 08       		.uleb128 0x8
 304 015a 01       		.uleb128 0x1
 305 015b 50       		.byte	0x50
 306 015c 01       		.uleb128 0x1
 307 015d 31       		.byte	0x31
 308 015e 00       		.byte	0
 309 015f 06       		.uleb128 0x6
 310 0160 46000000 		.4byte	.LVL10
 311 0164 E0010000 		.4byte	0x1e0
 312 0168 07       		.uleb128 0x7
 313 0169 4E000000 		.4byte	.LVL11
 314 016d CA010000 		.4byte	0x1ca
 315 0171 7F010000 		.4byte	0x17f
 316 0175 08       		.uleb128 0x8
 317 0176 01       		.uleb128 0x1
 318 0177 50       		.byte	0x50
 319 0178 05       		.uleb128 0x5
 320 0179 03       		.byte	0x3
 321 017a 1C000000 		.4byte	.LC3
 322 017e 00       		.byte	0
 323 017f 07       		.uleb128 0x7
 324 0180 54000000 		.4byte	.LVL12
 325 0184 EB010000 		.4byte	0x1eb
 326 0188 92010000 		.4byte	0x192
 327 018c 08       		.uleb128 0x8
 328 018d 01       		.uleb128 0x1
 329 018e 50       		.byte	0x50
 330 018f 01       		.uleb128 0x1
 331 0190 30       		.byte	0x30
 332 0191 00       		.byte	0
 333 0192 09       		.uleb128 0x9
 334 0193 5A000000 		.4byte	.LVL13
 335 0197 F6010000 		.4byte	0x1f6
 336 019b 08       		.uleb128 0x8
 337 019c 01       		.uleb128 0x1
 338 019d 50       		.byte	0x50
 339 019e 02       		.uleb128 0x2
 340 019f 08       		.byte	0x8
 341 01a0 C8       		.byte	0xc8
 342 01a1 00       		.byte	0
 343 01a2 00       		.byte	0
 344 01a3 0A       		.uleb128 0xa
 345 01a4 8E010000 		.4byte	.LASF27
 346 01a8 0A       		.byte	0xa
 347 01a9 1207     		.2byte	0x712
ARM GAS  C:\Users\yurao\AppData\Local\Temp\ccHh2U50.s 			page 8


 348 01ab AF010000 		.4byte	0x1af
 349 01af 0B       		.uleb128 0xb
 350 01b0 76000000 		.4byte	0x76
 351 01b4 0C       		.uleb128 0xc
 352 01b5 10010000 		.4byte	.LASF16
 353 01b9 10010000 		.4byte	.LASF16
 354 01bd 04       		.byte	0x4
 355 01be 54       		.byte	0x54
 356 01bf 0C       		.uleb128 0xc
 357 01c0 0E000000 		.4byte	.LASF17
 358 01c4 0E000000 		.4byte	.LASF17
 359 01c8 05       		.byte	0x5
 360 01c9 29       		.byte	0x29
 361 01ca 0C       		.uleb128 0xc
 362 01cb 48010000 		.4byte	.LASF18
 363 01cf 48010000 		.4byte	.LASF18
 364 01d3 04       		.byte	0x4
 365 01d4 8B       		.byte	0x8b
 366 01d5 0C       		.uleb128 0xc
 367 01d6 D6010000 		.4byte	.LASF19
 368 01da D6010000 		.4byte	.LASF19
 369 01de 06       		.byte	0x6
 370 01df 26       		.byte	0x26
 371 01e0 0C       		.uleb128 0xc
 372 01e1 C8010000 		.4byte	.LASF20
 373 01e5 C8010000 		.4byte	.LASF20
 374 01e9 07       		.byte	0x7
 375 01ea 29       		.byte	0x29
 376 01eb 0C       		.uleb128 0xc
 377 01ec 30000000 		.4byte	.LASF21
 378 01f0 30000000 		.4byte	.LASF21
 379 01f4 08       		.byte	0x8
 380 01f5 26       		.byte	0x26
 381 01f6 0C       		.uleb128 0xc
 382 01f7 CC000000 		.4byte	.LASF22
 383 01fb CC000000 		.4byte	.LASF22
 384 01ff 09       		.byte	0x9
 385 0200 76       		.byte	0x76
 386 0201 00       		.byte	0
 387              		.section	.debug_abbrev,"",%progbits
 388              	.Ldebug_abbrev0:
 389 0000 01       		.uleb128 0x1
 390 0001 11       		.uleb128 0x11
 391 0002 01       		.byte	0x1
 392 0003 25       		.uleb128 0x25
 393 0004 0E       		.uleb128 0xe
 394 0005 13       		.uleb128 0x13
 395 0006 0B       		.uleb128 0xb
 396 0007 03       		.uleb128 0x3
 397 0008 0E       		.uleb128 0xe
 398 0009 1B       		.uleb128 0x1b
 399 000a 0E       		.uleb128 0xe
 400 000b 55       		.uleb128 0x55
 401 000c 17       		.uleb128 0x17
 402 000d 11       		.uleb128 0x11
 403 000e 01       		.uleb128 0x1
 404 000f 10       		.uleb128 0x10
ARM GAS  C:\Users\yurao\AppData\Local\Temp\ccHh2U50.s 			page 9


 405 0010 17       		.uleb128 0x17
 406 0011 00       		.byte	0
 407 0012 00       		.byte	0
 408 0013 02       		.uleb128 0x2
 409 0014 24       		.uleb128 0x24
 410 0015 00       		.byte	0
 411 0016 0B       		.uleb128 0xb
 412 0017 0B       		.uleb128 0xb
 413 0018 3E       		.uleb128 0x3e
 414 0019 0B       		.uleb128 0xb
 415 001a 03       		.uleb128 0x3
 416 001b 0E       		.uleb128 0xe
 417 001c 00       		.byte	0
 418 001d 00       		.byte	0
 419 001e 03       		.uleb128 0x3
 420 001f 16       		.uleb128 0x16
 421 0020 00       		.byte	0
 422 0021 03       		.uleb128 0x3
 423 0022 0E       		.uleb128 0xe
 424 0023 3A       		.uleb128 0x3a
 425 0024 0B       		.uleb128 0xb
 426 0025 3B       		.uleb128 0x3b
 427 0026 0B       		.uleb128 0xb
 428 0027 49       		.uleb128 0x49
 429 0028 13       		.uleb128 0x13
 430 0029 00       		.byte	0
 431 002a 00       		.byte	0
 432 002b 04       		.uleb128 0x4
 433 002c 24       		.uleb128 0x24
 434 002d 00       		.byte	0
 435 002e 0B       		.uleb128 0xb
 436 002f 0B       		.uleb128 0xb
 437 0030 3E       		.uleb128 0x3e
 438 0031 0B       		.uleb128 0xb
 439 0032 03       		.uleb128 0x3
 440 0033 08       		.uleb128 0x8
 441 0034 00       		.byte	0
 442 0035 00       		.byte	0
 443 0036 05       		.uleb128 0x5
 444 0037 2E       		.uleb128 0x2e
 445 0038 01       		.byte	0x1
 446 0039 3F       		.uleb128 0x3f
 447 003a 19       		.uleb128 0x19
 448 003b 03       		.uleb128 0x3
 449 003c 0E       		.uleb128 0xe
 450 003d 3A       		.uleb128 0x3a
 451 003e 0B       		.uleb128 0xb
 452 003f 3B       		.uleb128 0x3b
 453 0040 0B       		.uleb128 0xb
 454 0041 27       		.uleb128 0x27
 455 0042 19       		.uleb128 0x19
 456 0043 49       		.uleb128 0x49
 457 0044 13       		.uleb128 0x13
 458 0045 8701     		.uleb128 0x87
 459 0047 19       		.uleb128 0x19
 460 0048 11       		.uleb128 0x11
 461 0049 01       		.uleb128 0x1
ARM GAS  C:\Users\yurao\AppData\Local\Temp\ccHh2U50.s 			page 10


 462 004a 12       		.uleb128 0x12
 463 004b 06       		.uleb128 0x6
 464 004c 40       		.uleb128 0x40
 465 004d 18       		.uleb128 0x18
 466 004e 9742     		.uleb128 0x2117
 467 0050 19       		.uleb128 0x19
 468 0051 01       		.uleb128 0x1
 469 0052 13       		.uleb128 0x13
 470 0053 00       		.byte	0
 471 0054 00       		.byte	0
 472 0055 06       		.uleb128 0x6
 473 0056 898201   		.uleb128 0x4109
 474 0059 00       		.byte	0
 475 005a 11       		.uleb128 0x11
 476 005b 01       		.uleb128 0x1
 477 005c 31       		.uleb128 0x31
 478 005d 13       		.uleb128 0x13
 479 005e 00       		.byte	0
 480 005f 00       		.byte	0
 481 0060 07       		.uleb128 0x7
 482 0061 898201   		.uleb128 0x4109
 483 0064 01       		.byte	0x1
 484 0065 11       		.uleb128 0x11
 485 0066 01       		.uleb128 0x1
 486 0067 31       		.uleb128 0x31
 487 0068 13       		.uleb128 0x13
 488 0069 01       		.uleb128 0x1
 489 006a 13       		.uleb128 0x13
 490 006b 00       		.byte	0
 491 006c 00       		.byte	0
 492 006d 08       		.uleb128 0x8
 493 006e 8A8201   		.uleb128 0x410a
 494 0071 00       		.byte	0
 495 0072 02       		.uleb128 0x2
 496 0073 18       		.uleb128 0x18
 497 0074 9142     		.uleb128 0x2111
 498 0076 18       		.uleb128 0x18
 499 0077 00       		.byte	0
 500 0078 00       		.byte	0
 501 0079 09       		.uleb128 0x9
 502 007a 898201   		.uleb128 0x4109
 503 007d 01       		.byte	0x1
 504 007e 11       		.uleb128 0x11
 505 007f 01       		.uleb128 0x1
 506 0080 31       		.uleb128 0x31
 507 0081 13       		.uleb128 0x13
 508 0082 00       		.byte	0
 509 0083 00       		.byte	0
 510 0084 0A       		.uleb128 0xa
 511 0085 34       		.uleb128 0x34
 512 0086 00       		.byte	0
 513 0087 03       		.uleb128 0x3
 514 0088 0E       		.uleb128 0xe
 515 0089 3A       		.uleb128 0x3a
 516 008a 0B       		.uleb128 0xb
 517 008b 3B       		.uleb128 0x3b
 518 008c 05       		.uleb128 0x5
ARM GAS  C:\Users\yurao\AppData\Local\Temp\ccHh2U50.s 			page 11


 519 008d 49       		.uleb128 0x49
 520 008e 13       		.uleb128 0x13
 521 008f 3F       		.uleb128 0x3f
 522 0090 19       		.uleb128 0x19
 523 0091 3C       		.uleb128 0x3c
 524 0092 19       		.uleb128 0x19
 525 0093 00       		.byte	0
 526 0094 00       		.byte	0
 527 0095 0B       		.uleb128 0xb
 528 0096 35       		.uleb128 0x35
 529 0097 00       		.byte	0
 530 0098 49       		.uleb128 0x49
 531 0099 13       		.uleb128 0x13
 532 009a 00       		.byte	0
 533 009b 00       		.byte	0
 534 009c 0C       		.uleb128 0xc
 535 009d 2E       		.uleb128 0x2e
 536 009e 00       		.byte	0
 537 009f 3F       		.uleb128 0x3f
 538 00a0 19       		.uleb128 0x19
 539 00a1 3C       		.uleb128 0x3c
 540 00a2 19       		.uleb128 0x19
 541 00a3 6E       		.uleb128 0x6e
 542 00a4 0E       		.uleb128 0xe
 543 00a5 03       		.uleb128 0x3
 544 00a6 0E       		.uleb128 0xe
 545 00a7 3A       		.uleb128 0x3a
 546 00a8 0B       		.uleb128 0xb
 547 00a9 3B       		.uleb128 0x3b
 548 00aa 0B       		.uleb128 0xb
 549 00ab 00       		.byte	0
 550 00ac 00       		.byte	0
 551 00ad 00       		.byte	0
 552              		.section	.debug_aranges,"",%progbits
 553 0000 1C000000 		.4byte	0x1c
 554 0004 0200     		.2byte	0x2
 555 0006 00000000 		.4byte	.Ldebug_info0
 556 000a 04       		.byte	0x4
 557 000b 00       		.byte	0
 558 000c 0000     		.2byte	0
 559 000e 0000     		.2byte	0
 560 0010 00000000 		.4byte	.LFB63
 561 0014 6C000000 		.4byte	.LFE63-.LFB63
 562 0018 00000000 		.4byte	0
 563 001c 00000000 		.4byte	0
 564              		.section	.debug_ranges,"",%progbits
 565              	.Ldebug_ranges0:
 566 0000 00000000 		.4byte	.LFB63
 567 0004 6C000000 		.4byte	.LFE63
 568 0008 00000000 		.4byte	0
 569 000c 00000000 		.4byte	0
 570              		.section	.debug_line,"",%progbits
 571              	.Ldebug_line0:
 572 0000 98010000 		.section	.debug_str,"MS",%progbits,1
 572      02007301 
 572      00000201 
 572      FB0E0D00 
ARM GAS  C:\Users\yurao\AppData\Local\Temp\ccHh2U50.s 			page 12


 572      01010101 
 573              	.LASF6:
 574 0000 6C6F6E67 		.ascii	"long long int\000"
 574      206C6F6E 
 574      6720696E 
 574      7400
 575              	.LASF17:
 576 000e 46686F74 		.ascii	"FhotoRes_Read\000"
 576      6F526573 
 576      5F526561 
 576      6400
 577              	.LASF8:
 578 001c 756E7369 		.ascii	"unsigned int\000"
 578      676E6564 
 578      20696E74 
 578      00
 579              	.LASF24:
 580 0029 6D61696E 		.ascii	"main.c\000"
 580      2E6300
 581              	.LASF21:
 582 0030 50756D70 		.ascii	"Pump_On_Write\000"
 582      5F4F6E5F 
 582      57726974 
 582      6500
 583              	.LASF23:
 584 003e 474E5520 		.ascii	"GNU C11 5.4.1 20160609 (release) [ARM/embedded-5-br"
 584      43313120 
 584      352E342E 
 584      31203230 
 584      31363036 
 585 0071 616E6368 		.ascii	"anch revision 237715] -mcpu=cortex-m3 -mthumb -g -O"
 585      20726576 
 585      6973696F 
 585      6E203233 
 585      37373135 
 586 00a4 67202D66 		.ascii	"g -ffunction-sections -ffat-lto-objects\000"
 586      66756E63 
 586      74696F6E 
 586      2D736563 
 586      74696F6E 
 587              	.LASF22:
 588 00cc 43794465 		.ascii	"CyDelay\000"
 588      6C617900 
 589              	.LASF5:
 590 00d4 6C6F6E67 		.ascii	"long unsigned int\000"
 590      20756E73 
 590      69676E65 
 590      6420696E 
 590      7400
 591              	.LASF7:
 592 00e6 6C6F6E67 		.ascii	"long long unsigned int\000"
 592      206C6F6E 
 592      6720756E 
 592      7369676E 
 592      65642069 
 593              	.LASF3:
 594 00fd 73686F72 		.ascii	"short unsigned int\000"
ARM GAS  C:\Users\yurao\AppData\Local\Temp\ccHh2U50.s 			page 13


 594      7420756E 
 594      7369676E 
 594      65642069 
 594      6E7400
 595              	.LASF16:
 596 0110 55415254 		.ascii	"UART_Start\000"
 596      5F537461 
 596      727400
 597              	.LASF1:
 598 011b 756E7369 		.ascii	"unsigned char\000"
 598      676E6564 
 598      20636861 
 598      7200
 599              	.LASF13:
 600 0129 63686172 		.ascii	"char\000"
 600      00
 601              	.LASF4:
 602 012e 6C6F6E67 		.ascii	"long int\000"
 602      20696E74 
 602      00
 603              	.LASF2:
 604 0137 73686F72 		.ascii	"short int\000"
 604      7420696E 
 604      7400
 605              	.LASF12:
 606 0141 646F7562 		.ascii	"double\000"
 606      6C6500
 607              	.LASF18:
 608 0148 55415254 		.ascii	"UART_PutString\000"
 608      5F507574 
 608      53747269 
 608      6E6700
 609              	.LASF25:
 610 0157 453A5C42 		.ascii	"E:\\Bench\\kursova\\Yura_Kursova.cydsn\\Yura_Kursov"
 610      656E6368 
 610      5C6B7572 
 610      736F7661 
 610      5C597572 
 611 0186 612E6379 		.ascii	"a.cydsn\000"
 611      64736E00 
 612              	.LASF27:
 613 018e 49544D5F 		.ascii	"ITM_RxBuffer\000"
 613      52784275 
 613      66666572 
 613      00
 614              	.LASF0:
 615 019b 7369676E 		.ascii	"signed char\000"
 615      65642063 
 615      68617200 
 616              	.LASF14:
 617 01a7 6C6F6E67 		.ascii	"long double\000"
 617      20646F75 
 617      626C6500 
 618              	.LASF9:
 619 01b3 5F5F696E 		.ascii	"__int32_t\000"
 619      7433325F 
 619      7400
ARM GAS  C:\Users\yurao\AppData\Local\Temp\ccHh2U50.s 			page 14


 620              	.LASF26:
 621 01bd 6D61696E 		.ascii	"main\000"
 621      00
 622              	.LASF11:
 623 01c2 666C6F61 		.ascii	"float\000"
 623      7400
 624              	.LASF20:
 625 01c8 48696472 		.ascii	"HidroSns_Read\000"
 625      6F536E73 
 625      5F526561 
 625      6400
 626              	.LASF19:
 627 01d6 4C45445F 		.ascii	"LED_On_Write\000"
 627      4F6E5F57 
 627      72697465 
 627      00
 628              	.LASF10:
 629 01e3 696E7433 		.ascii	"int32_t\000"
 629      325F7400 
 630              	.LASF15:
 631 01eb 73697A65 		.ascii	"sizetype\000"
 631      74797065 
 631      00
 632              		.ident	"GCC: (GNU Tools for ARM Embedded Processors) 5.4.1 20160609 (release) [ARM/embedded-5-bran
