ARM GAS  C:\Users\OLEKSA~1\AppData\Local\Temp\ccMpakNx.s 			page 1


   1              		.syntax unified
   2              		.cpu cortex-m3
   3              		.fpu softvfp
   4              		.eabi_attribute 20, 1
   5              		.eabi_attribute 21, 1
   6              		.eabi_attribute 23, 3
   7              		.eabi_attribute 24, 1
   8              		.eabi_attribute 25, 1
   9              		.eabi_attribute 26, 1
  10              		.eabi_attribute 30, 1
  11              		.eabi_attribute 34, 1
  12              		.eabi_attribute 18, 4
  13              		.thumb
  14              		.syntax unified
  15              		.file	"main.c"
  16              		.text
  17              	.Ltext0:
  18              		.cfi_sections	.debug_frame
  19              		.global	__aeabi_ui2f
  20              		.global	__aeabi_fdiv
  21              		.global	__aeabi_fmul
  22              		.global	__aeabi_fadd
  23              		.global	__aeabi_fsub
  24              		.global	__aeabi_f2iz
  25              		.section	.text.main,"ax",%progbits
  26              		.align	2
  27              		.global	main
  28              		.thumb
  29              		.thumb_func
  30              		.type	main, %function
  31              	main:
  32              	.LFB64:
  33              		.file 1 "main.c"
   1:main.c        **** /* ========================================
   2:main.c        ****  *
   3:main.c        ****  * Copyright YOUR COMPANY, THE YEAR
   4:main.c        ****  * All Rights Reserved
   5:main.c        ****  * UNPUBLISHED, LICENSED SOFTWARE.
   6:main.c        ****  *
   7:main.c        ****  * CONFIDENTIAL AND PROPRIETARY INFORMATION
   8:main.c        ****  * WHICH IS THE PROPERTY OF your company.
   9:main.c        ****  *
  10:main.c        ****  * ========================================
  11:main.c        **** */
  12:main.c        **** #include "project.h"
  13:main.c        **** #include "timing.h"
  14:main.c        **** #include "myDAC.h"
  15:main.c        **** #include "sin_tab.h"
  16:main.c        **** #include "tty_utils.h"
  17:main.c        **** 
  18:main.c        **** #include <stdio.h>
  19:main.c        **** #include <stdlib.h>
  20:main.c        **** #include <string.h>
  21:main.c        **** 
  22:main.c        **** const float PI = 3.1415926;
  23:main.c        **** uint16 F0 = 1000;               // частота вхідного сигналу
  24:main.c        **** const uint16 Fo = 500;          // частота зрізу фільтра, Гц
ARM GAS  C:\Users\OLEKSA~1\AppData\Local\Temp\ccMpakNx.s 			page 2


  25:main.c        **** uint32 Fs = 2500;        // частота дискретизації, Гц
  26:main.c        **** const uint32 Fcl = 24000000;     // частота тактування таймера
  27:main.c        **** const float M = 0.25;       // коефіцієнт пропорційності
  28:main.c        **** const float Q = 0.5;        // добротність
  29:main.c        **** 
  30:main.c        **** /* масиви відліків вхідного та вихідного сигналів */
  31:main.c        **** float x[4] = {0,0,0,0};
  32:main.c        **** float y[4] = {0,0,0,0};
  33:main.c        **** float a0,a1,a2,b1,b2;  // коефіцієнти фільтра
  34:main.c        **** 
  35:main.c        **** /* sample_flag встановлюється в 1 кожний інтервал дискретиза
  36:main.c        **** і обнуляється 0 вкінці обробки кожного відліку*/
  37:main.c        **** uint8 sample_flag = 0;
  38:main.c        **** 
  39:main.c        **** void CalculateFilterCoefficients(uint8 f_type);
  40:main.c        **** 
  41:main.c        **** int main(void)
  42:main.c        **** {
  34              		.loc 1 42 0
  35              		.cfi_startproc
  36              		@ args = 0, pretend = 0, frame = 16
  37              		@ frame_needed = 0, uses_anonymous_args = 0
  38 0000 2DE9F043 		push	{r4, r5, r6, r7, r8, r9, lr}
  39              		.cfi_def_cfa_offset 28
  40              		.cfi_offset 4, -28
  41              		.cfi_offset 5, -24
  42              		.cfi_offset 6, -20
  43              		.cfi_offset 7, -16
  44              		.cfi_offset 8, -12
  45              		.cfi_offset 9, -8
  46              		.cfi_offset 14, -4
  47 0004 85B0     		sub	sp, sp, #20
  48              		.cfi_def_cfa_offset 48
  43:main.c        ****     Fs = F0 * 16;
  49              		.loc 1 43 0
  50 0006 6D4B     		ldr	r3, .L6
  51 0008 1C88     		ldrh	r4, [r3]
  52 000a 2401     		lsls	r4, r4, #4
  53 000c 5C60     		str	r4, [r3, #4]
  54              	.LVL0:
  44:main.c        ****     int j = 0;                // лічильник   
  45:main.c        ****    
  46:main.c        ****     
  47:main.c        ****     /* розрахувати коефіцієнти фільтра */
  48:main.c        ****     float dT = 1/((float)Fs);       // інтервал дискретизації, с
  55              		.loc 1 48 0
  56 000e 2046     		mov	r0, r4
  57 0010 FFF7FEFF 		bl	__aeabi_ui2f
  58              	.LVL1:
  59 0014 0146     		mov	r1, r0
  60 0016 4FF07E50 		mov	r0, #1065353216
  61 001a FFF7FEFF 		bl	__aeabi_fdiv
  62              	.LVL2:
  63 001e 0546     		mov	r5, r0
  64              	.LVL3:
  49:main.c        ****     float D = 1/Q;                  // коефіцієнт затухання
  50:main.c        ****     
ARM GAS  C:\Users\OLEKSA~1\AppData\Local\Temp\ccMpakNx.s 			page 3


  51:main.c        ****     a0 = (PI*PI*Fo*Fo*dT*dT) / (1 + PI*Fo*D*dT + PI*PI*Fo*Fo*dT*dT);
  65              		.loc 1 51 0
  66 0020 6749     		ldr	r1, .L6+4
  67 0022 FFF7FEFF 		bl	__aeabi_fmul
  68              	.LVL4:
  69 0026 0746     		mov	r7, r0
  70 0028 6649     		ldr	r1, .L6+8
  71 002a 2846     		mov	r0, r5
  72 002c FFF7FEFF 		bl	__aeabi_fmul
  73              	.LVL5:
  74 0030 8046     		mov	r8, r0
  75 0032 4FF07E51 		mov	r1, #1065353216
  76 0036 FFF7FEFF 		bl	__aeabi_fadd
  77              	.LVL6:
  78 003a 0646     		mov	r6, r0
  79 003c 3946     		mov	r1, r7
  80 003e 2846     		mov	r0, r5
  81 0040 FFF7FEFF 		bl	__aeabi_fmul
  82              	.LVL7:
  83 0044 0546     		mov	r5, r0
  84              	.LVL8:
  85 0046 0146     		mov	r1, r0
  86 0048 3046     		mov	r0, r6
  87 004a FFF7FEFF 		bl	__aeabi_fadd
  88              	.LVL9:
  89 004e 0646     		mov	r6, r0
  90 0050 0146     		mov	r1, r0
  91 0052 2846     		mov	r0, r5
  92 0054 FFF7FEFF 		bl	__aeabi_fdiv
  93              	.LVL10:
  94 0058 0746     		mov	r7, r0
  95 005a 5B4B     		ldr	r3, .L6+12
  96 005c 1860     		str	r0, [r3]	@ float
  52:main.c        ****     a1 = 2*a0;
  97              		.loc 1 52 0
  98 005e 0146     		mov	r1, r0
  99 0060 FFF7FEFF 		bl	__aeabi_fadd
 100              	.LVL11:
 101 0064 594B     		ldr	r3, .L6+16
 102 0066 1860     		str	r0, [r3]	@ float
  53:main.c        ****     a2 = a0;
 103              		.loc 1 53 0
 104 0068 594B     		ldr	r3, .L6+20
 105 006a 1F60     		str	r7, [r3]	@ float
  54:main.c        ****     b1 = 2 * (1 - PI*PI*Fo*Fo*dT*dT) / (1 + PI*Fo*D*dT + PI*PI*Fo*Fo*dT*dT);
 106              		.loc 1 54 0
 107 006c 2946     		mov	r1, r5
 108 006e 4FF07E50 		mov	r0, #1065353216
 109 0072 FFF7FEFF 		bl	__aeabi_fsub
 110              	.LVL12:
 111 0076 0146     		mov	r1, r0
 112 0078 FFF7FEFF 		bl	__aeabi_fadd
 113              	.LVL13:
 114 007c 3146     		mov	r1, r6
 115 007e FFF7FEFF 		bl	__aeabi_fdiv
 116              	.LVL14:
 117 0082 544B     		ldr	r3, .L6+24
ARM GAS  C:\Users\OLEKSA~1\AppData\Local\Temp\ccMpakNx.s 			page 4


 118 0084 1860     		str	r0, [r3]	@ float
  55:main.c        ****     b2 = -(1 - PI*Fo*D*dT + PI*PI*Fo*Fo*dT*dT) / (1 + PI*Fo*D*dT + PI*PI*Fo*Fo*dT*dT);
 119              		.loc 1 55 0
 120 0086 4146     		mov	r1, r8
 121 0088 4FF07E50 		mov	r0, #1065353216
 122 008c FFF7FEFF 		bl	__aeabi_fsub
 123              	.LVL15:
 124 0090 0146     		mov	r1, r0
 125 0092 2846     		mov	r0, r5
 126 0094 FFF7FEFF 		bl	__aeabi_fadd
 127              	.LVL16:
 128 0098 00F10040 		add	r0, r0, #-2147483648
 129 009c 3146     		mov	r1, r6
 130 009e FFF7FEFF 		bl	__aeabi_fdiv
 131              	.LVL17:
 132 00a2 4D4B     		ldr	r3, .L6+28
 133 00a4 1860     		str	r0, [r3]	@ float
  56:main.c        **** 
  57:main.c        ****     char number[10];            // число як "стрічка"
  58:main.c        ****     uint16 dac_out;
  59:main.c        ****     uint16 sample_period_in_clocks = Fcl/Fs;  
 134              		.loc 1 59 0
 135 00a6 4D48     		ldr	r0, .L6+32
 136 00a8 B0FBF4F0 		udiv	r0, r0, r4
 137              	.LVL18:
  60:main.c        ****     InitTiming(sample_period_in_clocks); 
 138              		.loc 1 60 0
 139 00ac 80B2     		uxth	r0, r0
 140 00ae FFF7FEFF 		bl	InitTiming
 141              	.LVL19:
  61:main.c        ****     InitDac();
 142              		.loc 1 61 0
 143 00b2 FFF7FEFF 		bl	InitDac
 144              	.LVL20:
  62:main.c        ****     UART_Start();
 145              		.loc 1 62 0
 146 00b6 FFF7FEFF 		bl	UART_Start
 147              	.LVL21:
  63:main.c        ****     
  64:main.c        ****     CyGlobalIntEnable; /* Enable global interrupts. */
 148              		.loc 1 64 0
 149              		.syntax unified
 150              	@ 64 "main.c" 1
 151 00ba 62B6     		CPSIE   i
 152              	@ 0 "" 2
  44:main.c        ****    
 153              		.loc 1 44 0
 154              		.thumb
 155              		.syntax unified
 156 00bc 0025     		movs	r5, #0
 157              	.LVL22:
 158              	.L2:
  65:main.c        ****     
  66:main.c        ****     for(;;)
  67:main.c        ****     {
  68:main.c        ****         if (sample_flag == 1)           // Момент виводу нового відліку н
 159              		.loc 1 68 0
ARM GAS  C:\Users\OLEKSA~1\AppData\Local\Temp\ccMpakNx.s 			page 5


 160 00be 484B     		ldr	r3, .L6+36
 161 00c0 1B78     		ldrb	r3, [r3]	@ zero_extendqisi2
 162 00c2 012B     		cmp	r3, #1
 163 00c4 FBD1     		bne	.L2
  69:main.c        ****         {
  70:main.c        ****             /* Читати значення відліку вхідного сигналу */
  71:main.c        ****             x[j & 0x03] = (float)input_signal[j & (INPUT_SIGNAL_SIZE-1)] - 2040;     
 164              		.loc 1 71 0
 165 00c6 05F00307 		and	r7, r5, #3
 166 00ca 05F00F03 		and	r3, r5, #15
 167 00ce 3B4A     		ldr	r2, .L6
 168 00d0 02EB4303 		add	r3, r2, r3, lsl #1
 169 00d4 1889     		ldrh	r0, [r3, #8]
 170 00d6 FFF7FEFF 		bl	__aeabi_ui2f
 171              	.LVL23:
 172 00da 4249     		ldr	r1, .L6+40
 173 00dc FFF7FEFF 		bl	__aeabi_fsub
 174              	.LVL24:
 175 00e0 3F4C     		ldr	r4, .L6+36
 176 00e2 04EB8708 		add	r8, r4, r7, lsl #2
 177 00e6 C8F80400 		str	r0, [r8, #4]	@ float
  72:main.c        **** 
  73:main.c        ****             /* Aлгоритм обробки для фільтра 2-го порядку */
  74:main.c        ****             y[j&0x03] = a0*x[j&0x03]+a1*x[(j-1)&0x03]+a2*x[(j-2)&0x03]+b1*y[(j-1)&0x03]+b2*y[(j-2)&
 178              		.loc 1 74 0
 179 00ea 374B     		ldr	r3, .L6+12
 180 00ec 1968     		ldr	r1, [r3]	@ float
 181 00ee FFF7FEFF 		bl	__aeabi_fmul
 182              	.LVL25:
 183 00f2 8146     		mov	r9, r0
 184 00f4 6E1E     		subs	r6, r5, #1
 185 00f6 06F00306 		and	r6, r6, #3
 186 00fa 04EB8606 		add	r6, r4, r6, lsl #2
 187 00fe 334B     		ldr	r3, .L6+16
 188 0100 1968     		ldr	r1, [r3]	@ float
 189 0102 7068     		ldr	r0, [r6, #4]	@ float
 190 0104 FFF7FEFF 		bl	__aeabi_fmul
 191              	.LVL26:
 192 0108 0146     		mov	r1, r0
 193 010a 4846     		mov	r0, r9
 194 010c FFF7FEFF 		bl	__aeabi_fadd
 195              	.LVL27:
 196 0110 8146     		mov	r9, r0
 197 0112 AB1E     		subs	r3, r5, #2
 198 0114 03F00303 		and	r3, r3, #3
 199 0118 04EB8304 		add	r4, r4, r3, lsl #2
 200 011c 2C4B     		ldr	r3, .L6+20
 201 011e 1968     		ldr	r1, [r3]	@ float
 202 0120 6068     		ldr	r0, [r4, #4]	@ float
 203 0122 FFF7FEFF 		bl	__aeabi_fmul
 204              	.LVL28:
 205 0126 0146     		mov	r1, r0
 206 0128 4846     		mov	r0, r9
 207 012a FFF7FEFF 		bl	__aeabi_fadd
 208              	.LVL29:
 209 012e 8146     		mov	r9, r0
 210 0130 284B     		ldr	r3, .L6+24
ARM GAS  C:\Users\OLEKSA~1\AppData\Local\Temp\ccMpakNx.s 			page 6


 211 0132 1968     		ldr	r1, [r3]	@ float
 212 0134 7069     		ldr	r0, [r6, #20]	@ float
 213 0136 FFF7FEFF 		bl	__aeabi_fmul
 214              	.LVL30:
 215 013a 0146     		mov	r1, r0
 216 013c 4846     		mov	r0, r9
 217 013e FFF7FEFF 		bl	__aeabi_fadd
 218              	.LVL31:
 219 0142 0646     		mov	r6, r0
 220 0144 244B     		ldr	r3, .L6+28
 221 0146 1968     		ldr	r1, [r3]	@ float
 222 0148 6069     		ldr	r0, [r4, #20]	@ float
 223 014a FFF7FEFF 		bl	__aeabi_fmul
 224              	.LVL32:
 225 014e 0146     		mov	r1, r0
 226 0150 3046     		mov	r0, r6
 227 0152 FFF7FEFF 		bl	__aeabi_fadd
 228              	.LVL33:
 229 0156 C8F81400 		str	r0, [r8, #20]	@ float
  75:main.c        ****             
  76:main.c        ****             /*Вивести значення вихідного відліку ЦФ на ЦАП */
  77:main.c        ****             dac_out = (int16)y[j & 0x03] + 2040;
 230              		.loc 1 77 0
 231 015a FFF7FEFF 		bl	__aeabi_f2iz
 232              	.LVL34:
 233 015e 00B2     		sxth	r0, r0
 234 0160 00F5FF60 		add	r0, r0, #2040
 235              	.LVL35:
  78:main.c        ****             UpdateDac(dac_out);
 236              		.loc 1 78 0
 237 0164 80B2     		uxth	r0, r0
 238 0166 FFF7FEFF 		bl	UpdateDac
 239              	.LVL36:
  79:main.c        ****             
  80:main.c        ****             /*Передати значення вхідного та вихідного відлі
  81:main.c        ****             if(j < 300){
 240              		.loc 1 81 0
 241 016a B5F5967F 		cmp	r5, #300
 242 016e 20DA     		bge	.L3
  82:main.c        ****                 sprintf(number, "%d", (int16)x[j & 0x03]); 
 243              		.loc 1 82 0
 244 0170 D8F80400 		ldr	r0, [r8, #4]	@ float
 245 0174 FFF7FEFF 		bl	__aeabi_f2iz
 246              	.LVL37:
 247 0178 1B4E     		ldr	r6, .L6+44
 248 017a 02B2     		sxth	r2, r0
 249 017c 3146     		mov	r1, r6
 250 017e 01A8     		add	r0, sp, #4
 251 0180 FFF7FEFF 		bl	sprintf
 252              	.LVL38:
  83:main.c        ****                 UART_PutString(number);                       
 253              		.loc 1 83 0
 254 0184 01A8     		add	r0, sp, #4
 255 0186 FFF7FEFF 		bl	UART_PutString
 256              	.LVL39:
  84:main.c        ****                 UART_PutString("\r\n");
 257              		.loc 1 84 0
ARM GAS  C:\Users\OLEKSA~1\AppData\Local\Temp\ccMpakNx.s 			page 7


 258 018a 184C     		ldr	r4, .L6+48
 259 018c 2046     		mov	r0, r4
 260 018e FFF7FEFF 		bl	UART_PutString
 261              	.LVL40:
  85:main.c        ****                 sprintf(number, "%d", (int16)y[j & 0x03]); 
 262              		.loc 1 85 0
 263 0192 D8F81400 		ldr	r0, [r8, #20]	@ float
 264 0196 FFF7FEFF 		bl	__aeabi_f2iz
 265              	.LVL41:
 266 019a 02B2     		sxth	r2, r0
 267 019c 3146     		mov	r1, r6
 268 019e 01A8     		add	r0, sp, #4
 269 01a0 FFF7FEFF 		bl	sprintf
 270              	.LVL42:
  86:main.c        ****                 UART_PutString(number);                       
 271              		.loc 1 86 0
 272 01a4 01A8     		add	r0, sp, #4
 273 01a6 FFF7FEFF 		bl	UART_PutString
 274              	.LVL43:
  87:main.c        ****                 UART_PutString("\r\n");
 275              		.loc 1 87 0
 276 01aa 2046     		mov	r0, r4
 277 01ac FFF7FEFF 		bl	UART_PutString
 278              	.LVL44:
  88:main.c        ****                 j++;
 279              		.loc 1 88 0
 280 01b0 0135     		adds	r5, r5, #1
 281              	.LVL45:
 282              	.L3:
  89:main.c        ****             }
  90:main.c        ****             
  91:main.c        ****             /* Oчистити прапорець */
  92:main.c        ****             sample_flag = 0;                                
 283              		.loc 1 92 0
 284 01b2 0022     		movs	r2, #0
 285 01b4 0A4B     		ldr	r3, .L6+36
 286 01b6 1A70     		strb	r2, [r3]
 287 01b8 81E7     		b	.L2
 288              	.L7:
 289 01ba 00BF     		.align	2
 290              	.L6:
 291 01bc 00000000 		.word	.LANCHOR0
 292 01c0 2499164A 		.word	1242994980
 293 01c4 7B594445 		.word	1162107259
 294 01c8 00000000 		.word	a0
 295 01cc 00000000 		.word	a1
 296 01d0 00000000 		.word	a2
 297 01d4 00000000 		.word	b1
 298 01d8 00000000 		.word	b2
 299 01dc 00366E01 		.word	24000000
 300 01e0 00000000 		.word	.LANCHOR1
 301 01e4 0000FF44 		.word	1157562368
 302 01e8 00000000 		.word	.LC0
 303 01ec 04000000 		.word	.LC1
 304              		.cfi_endproc
 305              	.LFE64:
 306              		.size	main, .-main
ARM GAS  C:\Users\OLEKSA~1\AppData\Local\Temp\ccMpakNx.s 			page 8


 307              		.global	sample_flag
 308              		.comm	b2,4,4
 309              		.comm	b1,4,4
 310              		.comm	a2,4,4
 311              		.comm	a1,4,4
 312              		.comm	a0,4,4
 313              		.global	y
 314              		.global	x
 315              		.global	Q
 316              		.global	M
 317              		.global	Fcl
 318              		.global	Fs
 319              		.global	Fo
 320              		.global	F0
 321              		.global	PI
 322              		.global	input_signal
 323              		.global	INPUT_SIGNAL_SIZE
 324              		.section	.rodata
 325              		.align	2
 326              		.type	Q, %object
 327              		.size	Q, 4
 328              	Q:
 329 0000 0000003F 		.word	1056964608
 330              		.type	M, %object
 331              		.size	M, 4
 332              	M:
 333 0004 0000803E 		.word	1048576000
 334              		.type	Fcl, %object
 335              		.size	Fcl, 4
 336              	Fcl:
 337 0008 00366E01 		.word	24000000
 338              		.type	Fo, %object
 339              		.size	Fo, 2
 340              	Fo:
 341 000c F401     		.short	500
 342 000e 0000     		.space	2
 343              		.type	PI, %object
 344              		.size	PI, 4
 345              	PI:
 346 0010 DA0F4940 		.word	1078530010
 347              		.type	INPUT_SIGNAL_SIZE, %object
 348              		.size	INPUT_SIGNAL_SIZE, 2
 349              	INPUT_SIGNAL_SIZE:
 350 0014 1000     		.short	16
 351              		.data
 352              		.align	2
 353              		.set	.LANCHOR0,. + 0
 354              		.type	F0, %object
 355              		.size	F0, 2
 356              	F0:
 357 0000 E803     		.short	1000
 358 0002 0000     		.space	2
 359              		.type	Fs, %object
 360              		.size	Fs, 4
 361              	Fs:
 362 0004 C4090000 		.word	2500
 363              		.type	input_signal, %object
ARM GAS  C:\Users\OLEKSA~1\AppData\Local\Temp\ccMpakNx.s 			page 9


 364              		.size	input_signal, 32
 365              	input_signal:
 366 0008 F807     		.short	2040
 367 000a 040B     		.short	2820
 368 000c 9A0D     		.short	3482
 369 000e 540F     		.short	3924
 370 0010 F00F     		.short	4080
 371 0012 540F     		.short	3924
 372 0014 9A0D     		.short	3482
 373 0016 040B     		.short	2820
 374 0018 F807     		.short	2040
 375 001a EB04     		.short	1259
 376 001c 5502     		.short	597
 377 001e 9B00     		.short	155
 378 0020 0000     		.short	0
 379 0022 9B00     		.short	155
 380 0024 5502     		.short	597
 381 0026 EB04     		.short	1259
 382              		.section	.rodata.str1.4,"aMS",%progbits,1
 383              		.align	2
 384              	.LC0:
 385 0000 256400   		.ascii	"%d\000"
 386 0003 00       		.space	1
 387              	.LC1:
 388 0004 0D0A00   		.ascii	"\015\012\000"
 389              		.bss
 390              		.align	2
 391              		.set	.LANCHOR1,. + 0
 392              		.type	sample_flag, %object
 393              		.size	sample_flag, 1
 394              	sample_flag:
 395 0000 00       		.space	1
 396 0001 000000   		.space	3
 397              		.type	x, %object
 398              		.size	x, 16
 399              	x:
 400 0004 00000000 		.space	16
 400      00000000 
 400      00000000 
 400      00000000 
 401              		.type	y, %object
 402              		.size	y, 16
 403              	y:
 404 0014 00000000 		.space	16
 404      00000000 
 404      00000000 
 404      00000000 
 405              		.text
 406              	.Letext0:
 407              		.file 2 "c:\\program files (x86)\\cypress\\psoc creator\\4.4\\psoc creator\\import\\gnu\\arm\\5.4.
 408              		.file 3 "c:\\program files (x86)\\cypress\\psoc creator\\4.4\\psoc creator\\import\\gnu\\arm\\5.4.
 409              		.file 4 "Generated_Source\\PSoC5/cytypes.h"
 410              		.file 5 "Generated_Source\\PSoC5/core_cm3.h"
 411              		.file 6 "sin_tab.h"
 412              		.file 7 "timing.h"
 413              		.file 8 "myDAC.h"
 414              		.file 9 "Generated_Source\\PSoC5/UART.h"
ARM GAS  C:\Users\OLEKSA~1\AppData\Local\Temp\ccMpakNx.s 			page 10


 415              		.file 10 "c:\\program files (x86)\\cypress\\psoc creator\\4.4\\psoc creator\\import\\gnu\\arm\\5.4
 416              		.section	.debug_info,"",%progbits
 417              	.Ldebug_info0:
 418 0000 9D030000 		.4byte	0x39d
 419 0004 0400     		.2byte	0x4
 420 0006 00000000 		.4byte	.Ldebug_abbrev0
 421 000a 04       		.byte	0x4
 422 000b 01       		.uleb128 0x1
 423 000c A4000000 		.4byte	.LASF33
 424 0010 0C       		.byte	0xc
 425 0011 EF010000 		.4byte	.LASF34
 426 0015 0E000000 		.4byte	.LASF35
 427 0019 00000000 		.4byte	.Ldebug_ranges0+0
 428 001d 00000000 		.4byte	0
 429 0021 00000000 		.4byte	.Ldebug_line0
 430 0025 02       		.uleb128 0x2
 431 0026 04       		.byte	0x4
 432 0027 07       		.byte	0x7
 433 0028 99010000 		.4byte	.LASF0
 434 002c 02       		.uleb128 0x2
 435 002d 01       		.byte	0x1
 436 002e 06       		.byte	0x6
 437 002f 30020000 		.4byte	.LASF1
 438 0033 02       		.uleb128 0x2
 439 0034 01       		.byte	0x1
 440 0035 08       		.byte	0x8
 441 0036 96000000 		.4byte	.LASF2
 442 003a 02       		.uleb128 0x2
 443 003b 02       		.byte	0x2
 444 003c 05       		.byte	0x5
 445 003d 7C010000 		.4byte	.LASF3
 446 0041 02       		.uleb128 0x2
 447 0042 02       		.byte	0x2
 448 0043 07       		.byte	0x7
 449 0044 54010000 		.4byte	.LASF4
 450 0048 03       		.uleb128 0x3
 451 0049 57000000 		.4byte	.LASF9
 452 004d 02       		.byte	0x2
 453 004e 3F       		.byte	0x3f
 454 004f 53000000 		.4byte	0x53
 455 0053 02       		.uleb128 0x2
 456 0054 04       		.byte	0x4
 457 0055 05       		.byte	0x5
 458 0056 61000000 		.4byte	.LASF5
 459 005a 02       		.uleb128 0x2
 460 005b 04       		.byte	0x4
 461 005c 07       		.byte	0x7
 462 005d 38010000 		.4byte	.LASF6
 463 0061 02       		.uleb128 0x2
 464 0062 08       		.byte	0x8
 465 0063 05       		.byte	0x5
 466 0064 00000000 		.4byte	.LASF7
 467 0068 02       		.uleb128 0x2
 468 0069 08       		.byte	0x8
 469 006a 07       		.byte	0x7
 470 006b A6010000 		.4byte	.LASF8
 471 006f 04       		.uleb128 0x4
ARM GAS  C:\Users\OLEKSA~1\AppData\Local\Temp\ccMpakNx.s 			page 11


 472 0070 04       		.byte	0x4
 473 0071 05       		.byte	0x5
 474 0072 696E7400 		.ascii	"int\000"
 475 0076 03       		.uleb128 0x3
 476 0077 CC010000 		.4byte	.LASF10
 477 007b 03       		.byte	0x3
 478 007c 2C       		.byte	0x2c
 479 007d 48000000 		.4byte	0x48
 480 0081 05       		.uleb128 0x5
 481 0082 FB010000 		.4byte	.LASF11
 482 0086 04       		.byte	0x4
 483 0087 E901     		.2byte	0x1e9
 484 0089 33000000 		.4byte	0x33
 485 008d 05       		.uleb128 0x5
 486 008e 86010000 		.4byte	.LASF12
 487 0092 04       		.byte	0x4
 488 0093 EA01     		.2byte	0x1ea
 489 0095 41000000 		.4byte	0x41
 490 0099 05       		.uleb128 0x5
 491 009a 8D010000 		.4byte	.LASF13
 492 009e 04       		.byte	0x4
 493 009f EB01     		.2byte	0x1eb
 494 00a1 5A000000 		.4byte	0x5a
 495 00a5 05       		.uleb128 0x5
 496 00a6 32010000 		.4byte	.LASF14
 497 00aa 04       		.byte	0x4
 498 00ab ED01     		.2byte	0x1ed
 499 00ad 3A000000 		.4byte	0x3a
 500 00b1 02       		.uleb128 0x2
 501 00b2 04       		.byte	0x4
 502 00b3 04       		.byte	0x4
 503 00b4 90000000 		.4byte	.LASF15
 504 00b8 02       		.uleb128 0x2
 505 00b9 08       		.byte	0x8
 506 00ba 04       		.byte	0x4
 507 00bb 81000000 		.4byte	.LASF16
 508 00bf 02       		.uleb128 0x2
 509 00c0 01       		.byte	0x1
 510 00c1 08       		.byte	0x8
 511 00c2 F6010000 		.4byte	.LASF17
 512 00c6 02       		.uleb128 0x2
 513 00c7 08       		.byte	0x8
 514 00c8 04       		.byte	0x4
 515 00c9 24020000 		.4byte	.LASF18
 516 00cd 02       		.uleb128 0x2
 517 00ce 04       		.byte	0x4
 518 00cf 07       		.byte	0x7
 519 00d0 D4010000 		.4byte	.LASF19
 520 00d4 06       		.uleb128 0x6
 521 00d5 94010000 		.4byte	.LASF36
 522 00d9 01       		.byte	0x1
 523 00da 29       		.byte	0x29
 524 00db 6F000000 		.4byte	0x6f
 525 00df 00000000 		.4byte	.LFB64
 526 00e3 F0010000 		.4byte	.LFE64-.LFB64
 527 00e7 01       		.uleb128 0x1
 528 00e8 9C       		.byte	0x9c
ARM GAS  C:\Users\OLEKSA~1\AppData\Local\Temp\ccMpakNx.s 			page 12


 529 00e9 FE010000 		.4byte	0x1fe
 530 00ed 07       		.uleb128 0x7
 531 00ee 6A00     		.ascii	"j\000"
 532 00f0 01       		.byte	0x1
 533 00f1 2C       		.byte	0x2c
 534 00f2 6F000000 		.4byte	0x6f
 535 00f6 00000000 		.4byte	.LLST0
 536 00fa 07       		.uleb128 0x7
 537 00fb 645400   		.ascii	"dT\000"
 538 00fe 01       		.byte	0x1
 539 00ff 30       		.byte	0x30
 540 0100 B1000000 		.4byte	0xb1
 541 0104 1F000000 		.4byte	.LLST1
 542 0108 08       		.uleb128 0x8
 543 0109 4400     		.ascii	"D\000"
 544 010b 01       		.byte	0x1
 545 010c 31       		.byte	0x31
 546 010d B1000000 		.4byte	0xb1
 547 0111 04       		.byte	0x4
 548 0112 00000040 		.4byte	0x40000000
 549 0116 09       		.uleb128 0x9
 550 0117 C5010000 		.4byte	.LASF20
 551 011b 01       		.byte	0x1
 552 011c 39       		.byte	0x39
 553 011d FE010000 		.4byte	0x1fe
 554 0121 02       		.uleb128 0x2
 555 0122 91       		.byte	0x91
 556 0123 54       		.sleb128 -44
 557 0124 0A       		.uleb128 0xa
 558 0125 67010000 		.4byte	.LASF21
 559 0129 01       		.byte	0x1
 560 012a 3A       		.byte	0x3a
 561 012b 8D000000 		.4byte	0x8d
 562 012f 3D000000 		.4byte	.LLST2
 563 0133 0A       		.uleb128 0xa
 564 0134 0C020000 		.4byte	.LASF22
 565 0138 01       		.byte	0x1
 566 0139 3B       		.byte	0x3b
 567 013a 8D000000 		.4byte	0x8d
 568 013e 50000000 		.4byte	.LLST3
 569 0142 0B       		.uleb128 0xb
 570 0143 B2000000 		.4byte	.LVL19
 571 0147 5E030000 		.4byte	0x35e
 572 014b 62010000 		.4byte	0x162
 573 014f 0C       		.uleb128 0xc
 574 0150 01       		.uleb128 0x1
 575 0151 50       		.byte	0x50
 576 0152 0E       		.uleb128 0xe
 577 0153 0C       		.byte	0xc
 578 0154 00366E01 		.4byte	0x16e3600
 579 0158 F7       		.byte	0xf7
 580 0159 25       		.uleb128 0x25
 581 015a 74       		.byte	0x74
 582 015b 00       		.sleb128 0
 583 015c F7       		.byte	0xf7
 584 015d 25       		.uleb128 0x25
 585 015e 1B       		.byte	0x1b
ARM GAS  C:\Users\OLEKSA~1\AppData\Local\Temp\ccMpakNx.s 			page 13


 586 015f F7       		.byte	0xf7
 587 0160 00       		.uleb128 0
 588 0161 00       		.byte	0
 589 0162 0D       		.uleb128 0xd
 590 0163 B6000000 		.4byte	.LVL20
 591 0167 69030000 		.4byte	0x369
 592 016b 0D       		.uleb128 0xd
 593 016c BA000000 		.4byte	.LVL21
 594 0170 74030000 		.4byte	0x374
 595 0174 0D       		.uleb128 0xd
 596 0175 6A010000 		.4byte	.LVL36
 597 0179 7F030000 		.4byte	0x37f
 598 017d 0B       		.uleb128 0xb
 599 017e 84010000 		.4byte	.LVL38
 600 0182 8A030000 		.4byte	0x38a
 601 0186 97010000 		.4byte	0x197
 602 018a 0C       		.uleb128 0xc
 603 018b 01       		.uleb128 0x1
 604 018c 50       		.byte	0x50
 605 018d 02       		.uleb128 0x2
 606 018e 91       		.byte	0x91
 607 018f 54       		.sleb128 -44
 608 0190 0C       		.uleb128 0xc
 609 0191 01       		.uleb128 0x1
 610 0192 51       		.byte	0x51
 611 0193 02       		.uleb128 0x2
 612 0194 76       		.byte	0x76
 613 0195 00       		.sleb128 0
 614 0196 00       		.byte	0
 615 0197 0B       		.uleb128 0xb
 616 0198 8A010000 		.4byte	.LVL39
 617 019c 95030000 		.4byte	0x395
 618 01a0 AB010000 		.4byte	0x1ab
 619 01a4 0C       		.uleb128 0xc
 620 01a5 01       		.uleb128 0x1
 621 01a6 50       		.byte	0x50
 622 01a7 02       		.uleb128 0x2
 623 01a8 91       		.byte	0x91
 624 01a9 54       		.sleb128 -44
 625 01aa 00       		.byte	0
 626 01ab 0B       		.uleb128 0xb
 627 01ac 92010000 		.4byte	.LVL40
 628 01b0 95030000 		.4byte	0x395
 629 01b4 BF010000 		.4byte	0x1bf
 630 01b8 0C       		.uleb128 0xc
 631 01b9 01       		.uleb128 0x1
 632 01ba 50       		.byte	0x50
 633 01bb 02       		.uleb128 0x2
 634 01bc 74       		.byte	0x74
 635 01bd 00       		.sleb128 0
 636 01be 00       		.byte	0
 637 01bf 0B       		.uleb128 0xb
 638 01c0 A4010000 		.4byte	.LVL42
 639 01c4 8A030000 		.4byte	0x38a
 640 01c8 D9010000 		.4byte	0x1d9
 641 01cc 0C       		.uleb128 0xc
 642 01cd 01       		.uleb128 0x1
ARM GAS  C:\Users\OLEKSA~1\AppData\Local\Temp\ccMpakNx.s 			page 14


 643 01ce 50       		.byte	0x50
 644 01cf 02       		.uleb128 0x2
 645 01d0 91       		.byte	0x91
 646 01d1 54       		.sleb128 -44
 647 01d2 0C       		.uleb128 0xc
 648 01d3 01       		.uleb128 0x1
 649 01d4 51       		.byte	0x51
 650 01d5 02       		.uleb128 0x2
 651 01d6 76       		.byte	0x76
 652 01d7 00       		.sleb128 0
 653 01d8 00       		.byte	0
 654 01d9 0B       		.uleb128 0xb
 655 01da AA010000 		.4byte	.LVL43
 656 01de 95030000 		.4byte	0x395
 657 01e2 ED010000 		.4byte	0x1ed
 658 01e6 0C       		.uleb128 0xc
 659 01e7 01       		.uleb128 0x1
 660 01e8 50       		.byte	0x50
 661 01e9 02       		.uleb128 0x2
 662 01ea 91       		.byte	0x91
 663 01eb 54       		.sleb128 -44
 664 01ec 00       		.byte	0
 665 01ed 0E       		.uleb128 0xe
 666 01ee B0010000 		.4byte	.LVL44
 667 01f2 95030000 		.4byte	0x395
 668 01f6 0C       		.uleb128 0xc
 669 01f7 01       		.uleb128 0x1
 670 01f8 50       		.byte	0x50
 671 01f9 02       		.uleb128 0x2
 672 01fa 74       		.byte	0x74
 673 01fb 00       		.sleb128 0
 674 01fc 00       		.byte	0
 675 01fd 00       		.byte	0
 676 01fe 0F       		.uleb128 0xf
 677 01ff BF000000 		.4byte	0xbf
 678 0203 0E020000 		.4byte	0x20e
 679 0207 10       		.uleb128 0x10
 680 0208 CD000000 		.4byte	0xcd
 681 020c 09       		.byte	0x9
 682 020d 00       		.byte	0
 683 020e 11       		.uleb128 0x11
 684 020f 6F010000 		.4byte	.LASF23
 685 0213 05       		.byte	0x5
 686 0214 1207     		.2byte	0x712
 687 0216 1A020000 		.4byte	0x21a
 688 021a 12       		.uleb128 0x12
 689 021b 76000000 		.4byte	0x76
 690 021f 13       		.uleb128 0x13
 691 0220 DD010000 		.4byte	.LASF24
 692 0224 06       		.byte	0x6
 693 0225 03       		.byte	0x3
 694 0226 30020000 		.4byte	0x230
 695 022a 05       		.uleb128 0x5
 696 022b 03       		.byte	0x3
 697 022c 00000000 		.4byte	INPUT_SIGNAL_SIZE
 698 0230 14       		.uleb128 0x14
 699 0231 8D000000 		.4byte	0x8d
ARM GAS  C:\Users\OLEKSA~1\AppData\Local\Temp\ccMpakNx.s 			page 15


 700 0235 0F       		.uleb128 0xf
 701 0236 8D000000 		.4byte	0x8d
 702 023a 45020000 		.4byte	0x245
 703 023e 10       		.uleb128 0x10
 704 023f CD000000 		.4byte	0xcd
 705 0243 0F       		.byte	0xf
 706 0244 00       		.byte	0
 707 0245 13       		.uleb128 0x13
 708 0246 4A000000 		.4byte	.LASF25
 709 024a 06       		.byte	0x6
 710 024b 05       		.byte	0x5
 711 024c 35020000 		.4byte	0x235
 712 0250 05       		.uleb128 0x5
 713 0251 03       		.byte	0x3
 714 0252 00000000 		.4byte	input_signal
 715 0256 15       		.uleb128 0x15
 716 0257 504900   		.ascii	"PI\000"
 717 025a 01       		.byte	0x1
 718 025b 16       		.byte	0x16
 719 025c 66020000 		.4byte	0x266
 720 0260 05       		.uleb128 0x5
 721 0261 03       		.byte	0x3
 722 0262 00000000 		.4byte	PI
 723 0266 14       		.uleb128 0x14
 724 0267 B1000000 		.4byte	0xb1
 725 026b 15       		.uleb128 0x15
 726 026c 463000   		.ascii	"F0\000"
 727 026f 01       		.byte	0x1
 728 0270 17       		.byte	0x17
 729 0271 8D000000 		.4byte	0x8d
 730 0275 05       		.uleb128 0x5
 731 0276 03       		.byte	0x3
 732 0277 00000000 		.4byte	F0
 733 027b 15       		.uleb128 0x15
 734 027c 466F00   		.ascii	"Fo\000"
 735 027f 01       		.byte	0x1
 736 0280 18       		.byte	0x18
 737 0281 30020000 		.4byte	0x230
 738 0285 05       		.uleb128 0x5
 739 0286 03       		.byte	0x3
 740 0287 00000000 		.4byte	Fo
 741 028b 15       		.uleb128 0x15
 742 028c 467300   		.ascii	"Fs\000"
 743 028f 01       		.byte	0x1
 744 0290 19       		.byte	0x19
 745 0291 99000000 		.4byte	0x99
 746 0295 05       		.uleb128 0x5
 747 0296 03       		.byte	0x3
 748 0297 00000000 		.4byte	Fs
 749 029b 15       		.uleb128 0x15
 750 029c 46636C00 		.ascii	"Fcl\000"
 751 02a0 01       		.byte	0x1
 752 02a1 1A       		.byte	0x1a
 753 02a2 AC020000 		.4byte	0x2ac
 754 02a6 05       		.uleb128 0x5
 755 02a7 03       		.byte	0x3
 756 02a8 00000000 		.4byte	Fcl
ARM GAS  C:\Users\OLEKSA~1\AppData\Local\Temp\ccMpakNx.s 			page 16


 757 02ac 14       		.uleb128 0x14
 758 02ad 99000000 		.4byte	0x99
 759 02b1 15       		.uleb128 0x15
 760 02b2 4D00     		.ascii	"M\000"
 761 02b4 01       		.byte	0x1
 762 02b5 1B       		.byte	0x1b
 763 02b6 66020000 		.4byte	0x266
 764 02ba 05       		.uleb128 0x5
 765 02bb 03       		.byte	0x3
 766 02bc 00000000 		.4byte	M
 767 02c0 15       		.uleb128 0x15
 768 02c1 5100     		.ascii	"Q\000"
 769 02c3 01       		.byte	0x1
 770 02c4 1C       		.byte	0x1c
 771 02c5 66020000 		.4byte	0x266
 772 02c9 05       		.uleb128 0x5
 773 02ca 03       		.byte	0x3
 774 02cb 00000000 		.4byte	Q
 775 02cf 0F       		.uleb128 0xf
 776 02d0 B1000000 		.4byte	0xb1
 777 02d4 DF020000 		.4byte	0x2df
 778 02d8 10       		.uleb128 0x10
 779 02d9 CD000000 		.4byte	0xcd
 780 02dd 03       		.byte	0x3
 781 02de 00       		.byte	0
 782 02df 15       		.uleb128 0x15
 783 02e0 7800     		.ascii	"x\000"
 784 02e2 01       		.byte	0x1
 785 02e3 1F       		.byte	0x1f
 786 02e4 CF020000 		.4byte	0x2cf
 787 02e8 05       		.uleb128 0x5
 788 02e9 03       		.byte	0x3
 789 02ea 00000000 		.4byte	x
 790 02ee 15       		.uleb128 0x15
 791 02ef 7900     		.ascii	"y\000"
 792 02f1 01       		.byte	0x1
 793 02f2 20       		.byte	0x20
 794 02f3 CF020000 		.4byte	0x2cf
 795 02f7 05       		.uleb128 0x5
 796 02f8 03       		.byte	0x3
 797 02f9 00000000 		.4byte	y
 798 02fd 15       		.uleb128 0x15
 799 02fe 613000   		.ascii	"a0\000"
 800 0301 01       		.byte	0x1
 801 0302 21       		.byte	0x21
 802 0303 B1000000 		.4byte	0xb1
 803 0307 05       		.uleb128 0x5
 804 0308 03       		.byte	0x3
 805 0309 00000000 		.4byte	a0
 806 030d 15       		.uleb128 0x15
 807 030e 613100   		.ascii	"a1\000"
 808 0311 01       		.byte	0x1
 809 0312 21       		.byte	0x21
 810 0313 B1000000 		.4byte	0xb1
 811 0317 05       		.uleb128 0x5
 812 0318 03       		.byte	0x3
 813 0319 00000000 		.4byte	a1
ARM GAS  C:\Users\OLEKSA~1\AppData\Local\Temp\ccMpakNx.s 			page 17


 814 031d 15       		.uleb128 0x15
 815 031e 613200   		.ascii	"a2\000"
 816 0321 01       		.byte	0x1
 817 0322 21       		.byte	0x21
 818 0323 B1000000 		.4byte	0xb1
 819 0327 05       		.uleb128 0x5
 820 0328 03       		.byte	0x3
 821 0329 00000000 		.4byte	a2
 822 032d 15       		.uleb128 0x15
 823 032e 623100   		.ascii	"b1\000"
 824 0331 01       		.byte	0x1
 825 0332 21       		.byte	0x21
 826 0333 B1000000 		.4byte	0xb1
 827 0337 05       		.uleb128 0x5
 828 0338 03       		.byte	0x3
 829 0339 00000000 		.4byte	b1
 830 033d 15       		.uleb128 0x15
 831 033e 623200   		.ascii	"b2\000"
 832 0341 01       		.byte	0x1
 833 0342 21       		.byte	0x21
 834 0343 B1000000 		.4byte	0xb1
 835 0347 05       		.uleb128 0x5
 836 0348 03       		.byte	0x3
 837 0349 00000000 		.4byte	b2
 838 034d 13       		.uleb128 0x13
 839 034e 6A000000 		.4byte	.LASF26
 840 0352 01       		.byte	0x1
 841 0353 25       		.byte	0x25
 842 0354 81000000 		.4byte	0x81
 843 0358 05       		.uleb128 0x5
 844 0359 03       		.byte	0x3
 845 035a 00000000 		.4byte	sample_flag
 846 035e 16       		.uleb128 0x16
 847 035f 01020000 		.4byte	.LASF27
 848 0363 01020000 		.4byte	.LASF27
 849 0367 07       		.byte	0x7
 850 0368 0E       		.byte	0xe
 851 0369 16       		.uleb128 0x16
 852 036a 88000000 		.4byte	.LASF28
 853 036e 88000000 		.4byte	.LASF28
 854 0372 08       		.byte	0x8
 855 0373 0E       		.byte	0xe
 856 0374 16       		.uleb128 0x16
 857 0375 76000000 		.4byte	.LASF29
 858 0379 76000000 		.4byte	.LASF29
 859 037d 09       		.byte	0x9
 860 037e 54       		.byte	0x54
 861 037f 16       		.uleb128 0x16
 862 0380 4A010000 		.4byte	.LASF30
 863 0384 4A010000 		.4byte	.LASF30
 864 0388 08       		.byte	0x8
 865 0389 0F       		.byte	0xf
 866 038a 16       		.uleb128 0x16
 867 038b BD010000 		.4byte	.LASF31
 868 038f BD010000 		.4byte	.LASF31
 869 0393 0A       		.byte	0xa
 870 0394 E7       		.byte	0xe7
ARM GAS  C:\Users\OLEKSA~1\AppData\Local\Temp\ccMpakNx.s 			page 18


 871 0395 16       		.uleb128 0x16
 872 0396 3C020000 		.4byte	.LASF32
 873 039a 3C020000 		.4byte	.LASF32
 874 039e 09       		.byte	0x9
 875 039f 8B       		.byte	0x8b
 876 03a0 00       		.byte	0
 877              		.section	.debug_abbrev,"",%progbits
 878              	.Ldebug_abbrev0:
 879 0000 01       		.uleb128 0x1
 880 0001 11       		.uleb128 0x11
 881 0002 01       		.byte	0x1
 882 0003 25       		.uleb128 0x25
 883 0004 0E       		.uleb128 0xe
 884 0005 13       		.uleb128 0x13
 885 0006 0B       		.uleb128 0xb
 886 0007 03       		.uleb128 0x3
 887 0008 0E       		.uleb128 0xe
 888 0009 1B       		.uleb128 0x1b
 889 000a 0E       		.uleb128 0xe
 890 000b 55       		.uleb128 0x55
 891 000c 17       		.uleb128 0x17
 892 000d 11       		.uleb128 0x11
 893 000e 01       		.uleb128 0x1
 894 000f 10       		.uleb128 0x10
 895 0010 17       		.uleb128 0x17
 896 0011 00       		.byte	0
 897 0012 00       		.byte	0
 898 0013 02       		.uleb128 0x2
 899 0014 24       		.uleb128 0x24
 900 0015 00       		.byte	0
 901 0016 0B       		.uleb128 0xb
 902 0017 0B       		.uleb128 0xb
 903 0018 3E       		.uleb128 0x3e
 904 0019 0B       		.uleb128 0xb
 905 001a 03       		.uleb128 0x3
 906 001b 0E       		.uleb128 0xe
 907 001c 00       		.byte	0
 908 001d 00       		.byte	0
 909 001e 03       		.uleb128 0x3
 910 001f 16       		.uleb128 0x16
 911 0020 00       		.byte	0
 912 0021 03       		.uleb128 0x3
 913 0022 0E       		.uleb128 0xe
 914 0023 3A       		.uleb128 0x3a
 915 0024 0B       		.uleb128 0xb
 916 0025 3B       		.uleb128 0x3b
 917 0026 0B       		.uleb128 0xb
 918 0027 49       		.uleb128 0x49
 919 0028 13       		.uleb128 0x13
 920 0029 00       		.byte	0
 921 002a 00       		.byte	0
 922 002b 04       		.uleb128 0x4
 923 002c 24       		.uleb128 0x24
 924 002d 00       		.byte	0
 925 002e 0B       		.uleb128 0xb
 926 002f 0B       		.uleb128 0xb
 927 0030 3E       		.uleb128 0x3e
ARM GAS  C:\Users\OLEKSA~1\AppData\Local\Temp\ccMpakNx.s 			page 19


 928 0031 0B       		.uleb128 0xb
 929 0032 03       		.uleb128 0x3
 930 0033 08       		.uleb128 0x8
 931 0034 00       		.byte	0
 932 0035 00       		.byte	0
 933 0036 05       		.uleb128 0x5
 934 0037 16       		.uleb128 0x16
 935 0038 00       		.byte	0
 936 0039 03       		.uleb128 0x3
 937 003a 0E       		.uleb128 0xe
 938 003b 3A       		.uleb128 0x3a
 939 003c 0B       		.uleb128 0xb
 940 003d 3B       		.uleb128 0x3b
 941 003e 05       		.uleb128 0x5
 942 003f 49       		.uleb128 0x49
 943 0040 13       		.uleb128 0x13
 944 0041 00       		.byte	0
 945 0042 00       		.byte	0
 946 0043 06       		.uleb128 0x6
 947 0044 2E       		.uleb128 0x2e
 948 0045 01       		.byte	0x1
 949 0046 3F       		.uleb128 0x3f
 950 0047 19       		.uleb128 0x19
 951 0048 03       		.uleb128 0x3
 952 0049 0E       		.uleb128 0xe
 953 004a 3A       		.uleb128 0x3a
 954 004b 0B       		.uleb128 0xb
 955 004c 3B       		.uleb128 0x3b
 956 004d 0B       		.uleb128 0xb
 957 004e 27       		.uleb128 0x27
 958 004f 19       		.uleb128 0x19
 959 0050 49       		.uleb128 0x49
 960 0051 13       		.uleb128 0x13
 961 0052 8701     		.uleb128 0x87
 962 0054 19       		.uleb128 0x19
 963 0055 11       		.uleb128 0x11
 964 0056 01       		.uleb128 0x1
 965 0057 12       		.uleb128 0x12
 966 0058 06       		.uleb128 0x6
 967 0059 40       		.uleb128 0x40
 968 005a 18       		.uleb128 0x18
 969 005b 9642     		.uleb128 0x2116
 970 005d 19       		.uleb128 0x19
 971 005e 01       		.uleb128 0x1
 972 005f 13       		.uleb128 0x13
 973 0060 00       		.byte	0
 974 0061 00       		.byte	0
 975 0062 07       		.uleb128 0x7
 976 0063 34       		.uleb128 0x34
 977 0064 00       		.byte	0
 978 0065 03       		.uleb128 0x3
 979 0066 08       		.uleb128 0x8
 980 0067 3A       		.uleb128 0x3a
 981 0068 0B       		.uleb128 0xb
 982 0069 3B       		.uleb128 0x3b
 983 006a 0B       		.uleb128 0xb
 984 006b 49       		.uleb128 0x49
ARM GAS  C:\Users\OLEKSA~1\AppData\Local\Temp\ccMpakNx.s 			page 20


 985 006c 13       		.uleb128 0x13
 986 006d 02       		.uleb128 0x2
 987 006e 17       		.uleb128 0x17
 988 006f 00       		.byte	0
 989 0070 00       		.byte	0
 990 0071 08       		.uleb128 0x8
 991 0072 34       		.uleb128 0x34
 992 0073 00       		.byte	0
 993 0074 03       		.uleb128 0x3
 994 0075 08       		.uleb128 0x8
 995 0076 3A       		.uleb128 0x3a
 996 0077 0B       		.uleb128 0xb
 997 0078 3B       		.uleb128 0x3b
 998 0079 0B       		.uleb128 0xb
 999 007a 49       		.uleb128 0x49
 1000 007b 13       		.uleb128 0x13
 1001 007c 1C       		.uleb128 0x1c
 1002 007d 0A       		.uleb128 0xa
 1003 007e 00       		.byte	0
 1004 007f 00       		.byte	0
 1005 0080 09       		.uleb128 0x9
 1006 0081 34       		.uleb128 0x34
 1007 0082 00       		.byte	0
 1008 0083 03       		.uleb128 0x3
 1009 0084 0E       		.uleb128 0xe
 1010 0085 3A       		.uleb128 0x3a
 1011 0086 0B       		.uleb128 0xb
 1012 0087 3B       		.uleb128 0x3b
 1013 0088 0B       		.uleb128 0xb
 1014 0089 49       		.uleb128 0x49
 1015 008a 13       		.uleb128 0x13
 1016 008b 02       		.uleb128 0x2
 1017 008c 18       		.uleb128 0x18
 1018 008d 00       		.byte	0
 1019 008e 00       		.byte	0
 1020 008f 0A       		.uleb128 0xa
 1021 0090 34       		.uleb128 0x34
 1022 0091 00       		.byte	0
 1023 0092 03       		.uleb128 0x3
 1024 0093 0E       		.uleb128 0xe
 1025 0094 3A       		.uleb128 0x3a
 1026 0095 0B       		.uleb128 0xb
 1027 0096 3B       		.uleb128 0x3b
 1028 0097 0B       		.uleb128 0xb
 1029 0098 49       		.uleb128 0x49
 1030 0099 13       		.uleb128 0x13
 1031 009a 02       		.uleb128 0x2
 1032 009b 17       		.uleb128 0x17
 1033 009c 00       		.byte	0
 1034 009d 00       		.byte	0
 1035 009e 0B       		.uleb128 0xb
 1036 009f 898201   		.uleb128 0x4109
 1037 00a2 01       		.byte	0x1
 1038 00a3 11       		.uleb128 0x11
 1039 00a4 01       		.uleb128 0x1
 1040 00a5 31       		.uleb128 0x31
 1041 00a6 13       		.uleb128 0x13
ARM GAS  C:\Users\OLEKSA~1\AppData\Local\Temp\ccMpakNx.s 			page 21


 1042 00a7 01       		.uleb128 0x1
 1043 00a8 13       		.uleb128 0x13
 1044 00a9 00       		.byte	0
 1045 00aa 00       		.byte	0
 1046 00ab 0C       		.uleb128 0xc
 1047 00ac 8A8201   		.uleb128 0x410a
 1048 00af 00       		.byte	0
 1049 00b0 02       		.uleb128 0x2
 1050 00b1 18       		.uleb128 0x18
 1051 00b2 9142     		.uleb128 0x2111
 1052 00b4 18       		.uleb128 0x18
 1053 00b5 00       		.byte	0
 1054 00b6 00       		.byte	0
 1055 00b7 0D       		.uleb128 0xd
 1056 00b8 898201   		.uleb128 0x4109
 1057 00bb 00       		.byte	0
 1058 00bc 11       		.uleb128 0x11
 1059 00bd 01       		.uleb128 0x1
 1060 00be 31       		.uleb128 0x31
 1061 00bf 13       		.uleb128 0x13
 1062 00c0 00       		.byte	0
 1063 00c1 00       		.byte	0
 1064 00c2 0E       		.uleb128 0xe
 1065 00c3 898201   		.uleb128 0x4109
 1066 00c6 01       		.byte	0x1
 1067 00c7 11       		.uleb128 0x11
 1068 00c8 01       		.uleb128 0x1
 1069 00c9 31       		.uleb128 0x31
 1070 00ca 13       		.uleb128 0x13
 1071 00cb 00       		.byte	0
 1072 00cc 00       		.byte	0
 1073 00cd 0F       		.uleb128 0xf
 1074 00ce 01       		.uleb128 0x1
 1075 00cf 01       		.byte	0x1
 1076 00d0 49       		.uleb128 0x49
 1077 00d1 13       		.uleb128 0x13
 1078 00d2 01       		.uleb128 0x1
 1079 00d3 13       		.uleb128 0x13
 1080 00d4 00       		.byte	0
 1081 00d5 00       		.byte	0
 1082 00d6 10       		.uleb128 0x10
 1083 00d7 21       		.uleb128 0x21
 1084 00d8 00       		.byte	0
 1085 00d9 49       		.uleb128 0x49
 1086 00da 13       		.uleb128 0x13
 1087 00db 2F       		.uleb128 0x2f
 1088 00dc 0B       		.uleb128 0xb
 1089 00dd 00       		.byte	0
 1090 00de 00       		.byte	0
 1091 00df 11       		.uleb128 0x11
 1092 00e0 34       		.uleb128 0x34
 1093 00e1 00       		.byte	0
 1094 00e2 03       		.uleb128 0x3
 1095 00e3 0E       		.uleb128 0xe
 1096 00e4 3A       		.uleb128 0x3a
 1097 00e5 0B       		.uleb128 0xb
 1098 00e6 3B       		.uleb128 0x3b
ARM GAS  C:\Users\OLEKSA~1\AppData\Local\Temp\ccMpakNx.s 			page 22


 1099 00e7 05       		.uleb128 0x5
 1100 00e8 49       		.uleb128 0x49
 1101 00e9 13       		.uleb128 0x13
 1102 00ea 3F       		.uleb128 0x3f
 1103 00eb 19       		.uleb128 0x19
 1104 00ec 3C       		.uleb128 0x3c
 1105 00ed 19       		.uleb128 0x19
 1106 00ee 00       		.byte	0
 1107 00ef 00       		.byte	0
 1108 00f0 12       		.uleb128 0x12
 1109 00f1 35       		.uleb128 0x35
 1110 00f2 00       		.byte	0
 1111 00f3 49       		.uleb128 0x49
 1112 00f4 13       		.uleb128 0x13
 1113 00f5 00       		.byte	0
 1114 00f6 00       		.byte	0
 1115 00f7 13       		.uleb128 0x13
 1116 00f8 34       		.uleb128 0x34
 1117 00f9 00       		.byte	0
 1118 00fa 03       		.uleb128 0x3
 1119 00fb 0E       		.uleb128 0xe
 1120 00fc 3A       		.uleb128 0x3a
 1121 00fd 0B       		.uleb128 0xb
 1122 00fe 3B       		.uleb128 0x3b
 1123 00ff 0B       		.uleb128 0xb
 1124 0100 49       		.uleb128 0x49
 1125 0101 13       		.uleb128 0x13
 1126 0102 3F       		.uleb128 0x3f
 1127 0103 19       		.uleb128 0x19
 1128 0104 02       		.uleb128 0x2
 1129 0105 18       		.uleb128 0x18
 1130 0106 00       		.byte	0
 1131 0107 00       		.byte	0
 1132 0108 14       		.uleb128 0x14
 1133 0109 26       		.uleb128 0x26
 1134 010a 00       		.byte	0
 1135 010b 49       		.uleb128 0x49
 1136 010c 13       		.uleb128 0x13
 1137 010d 00       		.byte	0
 1138 010e 00       		.byte	0
 1139 010f 15       		.uleb128 0x15
 1140 0110 34       		.uleb128 0x34
 1141 0111 00       		.byte	0
 1142 0112 03       		.uleb128 0x3
 1143 0113 08       		.uleb128 0x8
 1144 0114 3A       		.uleb128 0x3a
 1145 0115 0B       		.uleb128 0xb
 1146 0116 3B       		.uleb128 0x3b
 1147 0117 0B       		.uleb128 0xb
 1148 0118 49       		.uleb128 0x49
 1149 0119 13       		.uleb128 0x13
 1150 011a 3F       		.uleb128 0x3f
 1151 011b 19       		.uleb128 0x19
 1152 011c 02       		.uleb128 0x2
 1153 011d 18       		.uleb128 0x18
 1154 011e 00       		.byte	0
 1155 011f 00       		.byte	0
ARM GAS  C:\Users\OLEKSA~1\AppData\Local\Temp\ccMpakNx.s 			page 23


 1156 0120 16       		.uleb128 0x16
 1157 0121 2E       		.uleb128 0x2e
 1158 0122 00       		.byte	0
 1159 0123 3F       		.uleb128 0x3f
 1160 0124 19       		.uleb128 0x19
 1161 0125 3C       		.uleb128 0x3c
 1162 0126 19       		.uleb128 0x19
 1163 0127 6E       		.uleb128 0x6e
 1164 0128 0E       		.uleb128 0xe
 1165 0129 03       		.uleb128 0x3
 1166 012a 0E       		.uleb128 0xe
 1167 012b 3A       		.uleb128 0x3a
 1168 012c 0B       		.uleb128 0xb
 1169 012d 3B       		.uleb128 0x3b
 1170 012e 0B       		.uleb128 0xb
 1171 012f 00       		.byte	0
 1172 0130 00       		.byte	0
 1173 0131 00       		.byte	0
 1174              		.section	.debug_loc,"",%progbits
 1175              	.Ldebug_loc0:
 1176              	.LLST0:
 1177 0000 0E000000 		.4byte	.LVL0
 1178 0004 BE000000 		.4byte	.LVL22
 1179 0008 0200     		.2byte	0x2
 1180 000a 30       		.byte	0x30
 1181 000b 9F       		.byte	0x9f
 1182 000c BE000000 		.4byte	.LVL22
 1183 0010 F0010000 		.4byte	.LFE64
 1184 0014 0100     		.2byte	0x1
 1185 0016 55       		.byte	0x55
 1186 0017 00000000 		.4byte	0
 1187 001b 00000000 		.4byte	0
 1188              	.LLST1:
 1189 001f 20000000 		.4byte	.LVL3
 1190 0023 25000000 		.4byte	.LVL4-1
 1191 0027 0100     		.2byte	0x1
 1192 0029 50       		.byte	0x50
 1193 002a 25000000 		.4byte	.LVL4-1
 1194 002e 46000000 		.4byte	.LVL8
 1195 0032 0100     		.2byte	0x1
 1196 0034 55       		.byte	0x55
 1197 0035 00000000 		.4byte	0
 1198 0039 00000000 		.4byte	0
 1199              	.LLST2:
 1200 003d 64010000 		.4byte	.LVL35
 1201 0041 69010000 		.4byte	.LVL36-1
 1202 0045 0100     		.2byte	0x1
 1203 0047 50       		.byte	0x50
 1204 0048 00000000 		.4byte	0
 1205 004c 00000000 		.4byte	0
 1206              	.LLST3:
 1207 0050 AC000000 		.4byte	.LVL18
 1208 0054 B1000000 		.4byte	.LVL19-1
 1209 0058 0100     		.2byte	0x1
 1210 005a 50       		.byte	0x50
 1211 005b B1000000 		.4byte	.LVL19-1
 1212 005f BE000000 		.4byte	.LVL22
ARM GAS  C:\Users\OLEKSA~1\AppData\Local\Temp\ccMpakNx.s 			page 24


 1213 0063 0F00     		.2byte	0xf
 1214 0065 0C       		.byte	0xc
 1215 0066 00366E01 		.4byte	0x16e3600
 1216 006a F7       		.byte	0xf7
 1217 006b 25       		.uleb128 0x25
 1218 006c 74       		.byte	0x74
 1219 006d 00       		.sleb128 0
 1220 006e F7       		.byte	0xf7
 1221 006f 25       		.uleb128 0x25
 1222 0070 1B       		.byte	0x1b
 1223 0071 F7       		.byte	0xf7
 1224 0072 00       		.uleb128 0
 1225 0073 9F       		.byte	0x9f
 1226 0074 00000000 		.4byte	0
 1227 0078 00000000 		.4byte	0
 1228              		.section	.debug_aranges,"",%progbits
 1229 0000 1C000000 		.4byte	0x1c
 1230 0004 0200     		.2byte	0x2
 1231 0006 00000000 		.4byte	.Ldebug_info0
 1232 000a 04       		.byte	0x4
 1233 000b 00       		.byte	0
 1234 000c 0000     		.2byte	0
 1235 000e 0000     		.2byte	0
 1236 0010 00000000 		.4byte	.LFB64
 1237 0014 F0010000 		.4byte	.LFE64-.LFB64
 1238 0018 00000000 		.4byte	0
 1239 001c 00000000 		.4byte	0
 1240              		.section	.debug_ranges,"",%progbits
 1241              	.Ldebug_ranges0:
 1242 0000 00000000 		.4byte	.LFB64
 1243 0004 F0010000 		.4byte	.LFE64
 1244 0008 00000000 		.4byte	0
 1245 000c 00000000 		.4byte	0
 1246              		.section	.debug_line,"",%progbits
 1247              	.Ldebug_line0:
 1248 0000 25020000 		.section	.debug_str,"MS",%progbits,1
 1248      0200ED01 
 1248      00000201 
 1248      FB0E0D00 
 1248      01010101 
 1249              	.LASF7:
 1250 0000 6C6F6E67 		.ascii	"long long int\000"
 1250      206C6F6E 
 1250      6720696E 
 1250      7400
 1251              	.LASF35:
 1252 000e 433A5C55 		.ascii	"C:\\Users\\oleksandr\\Desktop\\CourseWork\\CourseWo"
 1252      73657273 
 1252      5C6F6C65 
 1252      6B73616E 
 1252      64725C44 
 1253 003c 726B5F44 		.ascii	"rk_Demo.cydsn\000"
 1253      656D6F2E 
 1253      63796473 
 1253      6E00
 1254              	.LASF25:
 1255 004a 696E7075 		.ascii	"input_signal\000"
ARM GAS  C:\Users\OLEKSA~1\AppData\Local\Temp\ccMpakNx.s 			page 25


 1255      745F7369 
 1255      676E616C 
 1255      00
 1256              	.LASF9:
 1257 0057 5F5F696E 		.ascii	"__int32_t\000"
 1257      7433325F 
 1257      7400
 1258              	.LASF5:
 1259 0061 6C6F6E67 		.ascii	"long int\000"
 1259      20696E74 
 1259      00
 1260              	.LASF26:
 1261 006a 73616D70 		.ascii	"sample_flag\000"
 1261      6C655F66 
 1261      6C616700 
 1262              	.LASF29:
 1263 0076 55415254 		.ascii	"UART_Start\000"
 1263      5F537461 
 1263      727400
 1264              	.LASF16:
 1265 0081 646F7562 		.ascii	"double\000"
 1265      6C6500
 1266              	.LASF28:
 1267 0088 496E6974 		.ascii	"InitDac\000"
 1267      44616300 
 1268              	.LASF15:
 1269 0090 666C6F61 		.ascii	"float\000"
 1269      7400
 1270              	.LASF2:
 1271 0096 756E7369 		.ascii	"unsigned char\000"
 1271      676E6564 
 1271      20636861 
 1271      7200
 1272              	.LASF33:
 1273 00a4 474E5520 		.ascii	"GNU C11 5.4.1 20160609 (release) [ARM/embedded-5-br"
 1273      43313120 
 1273      352E342E 
 1273      31203230 
 1273      31363036 
 1274 00d7 616E6368 		.ascii	"anch revision 237715] -mcpu=cortex-m3 -mthumb -g -O"
 1274      20726576 
 1274      6973696F 
 1274      6E203233 
 1274      37373135 
 1275 010a 67202D66 		.ascii	"g -ffunction-sections -ffat-lto-objects\000"
 1275      66756E63 
 1275      74696F6E 
 1275      2D736563 
 1275      74696F6E 
 1276              	.LASF14:
 1277 0132 696E7431 		.ascii	"int16\000"
 1277      3600
 1278              	.LASF6:
 1279 0138 6C6F6E67 		.ascii	"long unsigned int\000"
 1279      20756E73 
 1279      69676E65 
 1279      6420696E 
ARM GAS  C:\Users\OLEKSA~1\AppData\Local\Temp\ccMpakNx.s 			page 26


 1279      7400
 1280              	.LASF30:
 1281 014a 55706461 		.ascii	"UpdateDac\000"
 1281      74654461 
 1281      6300
 1282              	.LASF4:
 1283 0154 73686F72 		.ascii	"short unsigned int\000"
 1283      7420756E 
 1283      7369676E 
 1283      65642069 
 1283      6E7400
 1284              	.LASF21:
 1285 0167 6461635F 		.ascii	"dac_out\000"
 1285      6F757400 
 1286              	.LASF23:
 1287 016f 49544D5F 		.ascii	"ITM_RxBuffer\000"
 1287      52784275 
 1287      66666572 
 1287      00
 1288              	.LASF3:
 1289 017c 73686F72 		.ascii	"short int\000"
 1289      7420696E 
 1289      7400
 1290              	.LASF12:
 1291 0186 75696E74 		.ascii	"uint16\000"
 1291      313600
 1292              	.LASF13:
 1293 018d 75696E74 		.ascii	"uint32\000"
 1293      333200
 1294              	.LASF36:
 1295 0194 6D61696E 		.ascii	"main\000"
 1295      00
 1296              	.LASF0:
 1297 0199 756E7369 		.ascii	"unsigned int\000"
 1297      676E6564 
 1297      20696E74 
 1297      00
 1298              	.LASF8:
 1299 01a6 6C6F6E67 		.ascii	"long long unsigned int\000"
 1299      206C6F6E 
 1299      6720756E 
 1299      7369676E 
 1299      65642069 
 1300              	.LASF31:
 1301 01bd 73707269 		.ascii	"sprintf\000"
 1301      6E746600 
 1302              	.LASF20:
 1303 01c5 6E756D62 		.ascii	"number\000"
 1303      657200
 1304              	.LASF10:
 1305 01cc 696E7433 		.ascii	"int32_t\000"
 1305      325F7400 
 1306              	.LASF19:
 1307 01d4 73697A65 		.ascii	"sizetype\000"
 1307      74797065 
 1307      00
 1308              	.LASF24:
ARM GAS  C:\Users\OLEKSA~1\AppData\Local\Temp\ccMpakNx.s 			page 27


 1309 01dd 494E5055 		.ascii	"INPUT_SIGNAL_SIZE\000"
 1309      545F5349 
 1309      474E414C 
 1309      5F53495A 
 1309      4500
 1310              	.LASF34:
 1311 01ef 6D61696E 		.ascii	"main.c\000"
 1311      2E6300
 1312              	.LASF17:
 1313 01f6 63686172 		.ascii	"char\000"
 1313      00
 1314              	.LASF11:
 1315 01fb 75696E74 		.ascii	"uint8\000"
 1315      3800
 1316              	.LASF27:
 1317 0201 496E6974 		.ascii	"InitTiming\000"
 1317      54696D69 
 1317      6E6700
 1318              	.LASF22:
 1319 020c 73616D70 		.ascii	"sample_period_in_clocks\000"
 1319      6C655F70 
 1319      6572696F 
 1319      645F696E 
 1319      5F636C6F 
 1320              	.LASF18:
 1321 0224 6C6F6E67 		.ascii	"long double\000"
 1321      20646F75 
 1321      626C6500 
 1322              	.LASF1:
 1323 0230 7369676E 		.ascii	"signed char\000"
 1323      65642063 
 1323      68617200 
 1324              	.LASF32:
 1325 023c 55415254 		.ascii	"UART_PutString\000"
 1325      5F507574 
 1325      53747269 
 1325      6E6700
 1326              		.ident	"GCC: (GNU Tools for ARM Embedded Processors) 5.4.1 20160609 (release) [ARM/embedded-5-bran
