ARM GAS  C:\Users\OLEKSA~1\AppData\Local\Temp\ccl0r0f4.s 			page 1


   1              		.syntax unified
   2              		.cpu cortex-m3
   3              		.fpu softvfp
   4              		.eabi_attribute 20, 1
   5              		.eabi_attribute 21, 1
   6              		.eabi_attribute 23, 3
   7              		.eabi_attribute 24, 1
   8              		.eabi_attribute 25, 1
   9              		.eabi_attribute 26, 1
  10              		.eabi_attribute 30, 1
  11              		.eabi_attribute 34, 1
  12              		.eabi_attribute 18, 4
  13              		.thumb
  14              		.syntax unified
  15              		.file	"myDAC.c"
  16              		.text
  17              	.Ltext0:
  18              		.cfi_sections	.debug_frame
  19              		.section	.text.InitDac,"ax",%progbits
  20              		.align	2
  21              		.global	InitDac
  22              		.thumb
  23              		.thumb_func
  24              		.type	InitDac, %function
  25              	InitDac:
  26              	.LFB63:
  27              		.file 1 "myDAC.c"
   1:myDAC.c       **** /* ========================================
   2:myDAC.c       ****  *
   3:myDAC.c       ****  * Copyright YOUR COMPANY, THE YEAR
   4:myDAC.c       ****  * All Rights Reserved
   5:myDAC.c       ****  * UNPUBLISHED, LICENSED SOFTWARE.
   6:myDAC.c       ****  *
   7:myDAC.c       ****  * CONFIDENTIAL AND PROPRIETARY INFORMATION
   8:myDAC.c       ****  * WHICH IS THE PROPERTY OF your company.
   9:myDAC.c       ****  *
  10:myDAC.c       ****  * ========================================
  11:myDAC.c       **** */
  12:myDAC.c       **** #include "myDAC.h"
  13:myDAC.c       **** 
  14:myDAC.c       **** void InitDac(void)
  15:myDAC.c       **** {
  28              		.loc 1 15 0
  29              		.cfi_startproc
  30              		@ args = 0, pretend = 0, frame = 0
  31              		@ frame_needed = 0, uses_anonymous_args = 0
  32 0000 08B5     		push	{r3, lr}
  33              		.cfi_def_cfa_offset 8
  34              		.cfi_offset 3, -8
  35              		.cfi_offset 14, -4
  16:myDAC.c       ****     DVDAC_Start();
  36              		.loc 1 16 0
  37 0002 FFF7FEFF 		bl	DVDAC_Start
  38              	.LVL0:
  39 0006 08BD     		pop	{r3, pc}
  40              		.cfi_endproc
  41              	.LFE63:
ARM GAS  C:\Users\OLEKSA~1\AppData\Local\Temp\ccl0r0f4.s 			page 2


  42              		.size	InitDac, .-InitDac
  43              		.section	.text.UpdateDac,"ax",%progbits
  44              		.align	2
  45              		.global	UpdateDac
  46              		.thumb
  47              		.thumb_func
  48              		.type	UpdateDac, %function
  49              	UpdateDac:
  50              	.LFB64:
  17:myDAC.c       **** }
  18:myDAC.c       **** 
  19:myDAC.c       **** void UpdateDac(uint16 dac_out)
  20:myDAC.c       **** {
  51              		.loc 1 20 0
  52              		.cfi_startproc
  53              		@ args = 0, pretend = 0, frame = 0
  54              		@ frame_needed = 0, uses_anonymous_args = 0
  55              	.LVL1:
  56 0000 08B5     		push	{r3, lr}
  57              		.cfi_def_cfa_offset 8
  58              		.cfi_offset 3, -8
  59              		.cfi_offset 14, -4
  21:myDAC.c       ****     if (dac_out > 4080)
  60              		.loc 1 21 0
  61 0002 B0F57F6F 		cmp	r0, #4080
  62 0006 01D9     		bls	.L4
  22:myDAC.c       ****     {
  23:myDAC.c       ****         dac_out = 4080;
  63              		.loc 1 23 0
  64 0008 4FF47F60 		mov	r0, #4080
  65              	.LVL2:
  66              	.L4:
  24:myDAC.c       ****     }
  25:myDAC.c       ****     else if (dac_out < 0)
  26:myDAC.c       ****     {
  27:myDAC.c       ****         dac_out = 0;
  28:myDAC.c       ****     }
  29:myDAC.c       ****     DVDAC_SetValue(dac_out);
  67              		.loc 1 29 0
  68 000c FFF7FEFF 		bl	DVDAC_SetValue
  69              	.LVL3:
  70 0010 08BD     		pop	{r3, pc}
  71              		.cfi_endproc
  72              	.LFE64:
  73              		.size	UpdateDac, .-UpdateDac
  74 0012 00BF     		.text
  75              	.Letext0:
  76              		.file 2 "c:\\program files (x86)\\cypress\\psoc creator\\4.4\\psoc creator\\import\\gnu\\arm\\5.4.
  77              		.file 3 "c:\\program files (x86)\\cypress\\psoc creator\\4.4\\psoc creator\\import\\gnu\\arm\\5.4.
  78              		.file 4 "Generated_Source\\PSoC5/cytypes.h"
  79              		.file 5 "Generated_Source\\PSoC5/DVDAC.h"
  80              		.file 6 "Generated_Source\\PSoC5/core_cm3.h"
  81              		.section	.debug_info,"",%progbits
  82              	.Ldebug_info0:
  83 0000 21010000 		.4byte	0x121
  84 0004 0400     		.2byte	0x4
  85 0006 00000000 		.4byte	.Ldebug_abbrev0
ARM GAS  C:\Users\OLEKSA~1\AppData\Local\Temp\ccl0r0f4.s 			page 3


  86 000a 04       		.byte	0x4
  87 000b 01       		.uleb128 0x1
  88 000c 40000000 		.4byte	.LASF21
  89 0010 0C       		.byte	0xc
  90 0011 06010000 		.4byte	.LASF22
  91 0015 0E010000 		.4byte	.LASF23
  92 0019 00000000 		.4byte	.Ldebug_ranges0+0
  93 001d 00000000 		.4byte	0
  94 0021 00000000 		.4byte	.Ldebug_line0
  95 0025 02       		.uleb128 0x2
  96 0026 01       		.byte	0x1
  97 0027 06       		.byte	0x6
  98 0028 9C010000 		.4byte	.LASF0
  99 002c 02       		.uleb128 0x2
 100 002d 01       		.byte	0x1
 101 002e 08       		.byte	0x8
 102 002f 64010000 		.4byte	.LASF1
 103 0033 02       		.uleb128 0x2
 104 0034 02       		.byte	0x2
 105 0035 05       		.byte	0x5
 106 0036 C4010000 		.4byte	.LASF2
 107 003a 02       		.uleb128 0x2
 108 003b 02       		.byte	0x2
 109 003c 07       		.byte	0x7
 110 003d 0E000000 		.4byte	.LASF3
 111 0041 03       		.uleb128 0x3
 112 0042 B4010000 		.4byte	.LASF9
 113 0046 02       		.byte	0x2
 114 0047 3F       		.byte	0x3f
 115 0048 4C000000 		.4byte	0x4c
 116 004c 02       		.uleb128 0x2
 117 004d 04       		.byte	0x4
 118 004e 05       		.byte	0x5
 119 004f 7F010000 		.4byte	.LASF4
 120 0053 02       		.uleb128 0x2
 121 0054 04       		.byte	0x4
 122 0055 07       		.byte	0x7
 123 0056 CE000000 		.4byte	.LASF5
 124 005a 02       		.uleb128 0x2
 125 005b 08       		.byte	0x8
 126 005c 05       		.byte	0x5
 127 005d 00000000 		.4byte	.LASF6
 128 0061 02       		.uleb128 0x2
 129 0062 08       		.byte	0x8
 130 0063 07       		.byte	0x7
 131 0064 EF000000 		.4byte	.LASF7
 132 0068 04       		.uleb128 0x4
 133 0069 04       		.byte	0x4
 134 006a 05       		.byte	0x5
 135 006b 696E7400 		.ascii	"int\000"
 136 006f 02       		.uleb128 0x2
 137 0070 04       		.byte	0x4
 138 0071 07       		.byte	0x7
 139 0072 21000000 		.4byte	.LASF8
 140 0076 03       		.uleb128 0x3
 141 0077 D5010000 		.4byte	.LASF10
 142 007b 03       		.byte	0x3
ARM GAS  C:\Users\OLEKSA~1\AppData\Local\Temp\ccl0r0f4.s 			page 4


 143 007c 2C       		.byte	0x2c
 144 007d 41000000 		.4byte	0x41
 145 0081 05       		.uleb128 0x5
 146 0082 CE010000 		.4byte	.LASF11
 147 0086 04       		.byte	0x4
 148 0087 EA01     		.2byte	0x1ea
 149 0089 3A000000 		.4byte	0x3a
 150 008d 02       		.uleb128 0x2
 151 008e 04       		.byte	0x4
 152 008f 04       		.byte	0x4
 153 0090 BE010000 		.4byte	.LASF12
 154 0094 02       		.uleb128 0x2
 155 0095 08       		.byte	0x8
 156 0096 04       		.byte	0x4
 157 0097 88010000 		.4byte	.LASF13
 158 009b 02       		.uleb128 0x2
 159 009c 01       		.byte	0x1
 160 009d 08       		.byte	0x8
 161 009e 72010000 		.4byte	.LASF14
 162 00a2 02       		.uleb128 0x2
 163 00a3 08       		.byte	0x8
 164 00a4 04       		.byte	0x4
 165 00a5 A8010000 		.4byte	.LASF15
 166 00a9 02       		.uleb128 0x2
 167 00aa 04       		.byte	0x4
 168 00ab 07       		.byte	0x7
 169 00ac DD010000 		.4byte	.LASF16
 170 00b0 06       		.uleb128 0x6
 171 00b1 77010000 		.4byte	.LASF17
 172 00b5 01       		.byte	0x1
 173 00b6 0E       		.byte	0xe
 174 00b7 00000000 		.4byte	.LFB63
 175 00bb 08000000 		.4byte	.LFE63-.LFB63
 176 00bf 01       		.uleb128 0x1
 177 00c0 9C       		.byte	0x9c
 178 00c1 CF000000 		.4byte	0xcf
 179 00c5 07       		.uleb128 0x7
 180 00c6 06000000 		.4byte	.LVL0
 181 00ca 0E010000 		.4byte	0x10e
 182 00ce 00       		.byte	0
 183 00cf 06       		.uleb128 0x6
 184 00d0 36000000 		.4byte	.LASF18
 185 00d4 01       		.byte	0x1
 186 00d5 13       		.byte	0x13
 187 00d6 00000000 		.4byte	.LFB64
 188 00da 12000000 		.4byte	.LFE64-.LFB64
 189 00de 01       		.uleb128 0x1
 190 00df 9C       		.byte	0x9c
 191 00e0 FD000000 		.4byte	0xfd
 192 00e4 08       		.uleb128 0x8
 193 00e5 2E000000 		.4byte	.LASF24
 194 00e9 01       		.byte	0x1
 195 00ea 13       		.byte	0x13
 196 00eb 81000000 		.4byte	0x81
 197 00ef 00000000 		.4byte	.LLST0
 198 00f3 07       		.uleb128 0x7
 199 00f4 10000000 		.4byte	.LVL3
ARM GAS  C:\Users\OLEKSA~1\AppData\Local\Temp\ccl0r0f4.s 			page 5


 200 00f8 19010000 		.4byte	0x119
 201 00fc 00       		.byte	0
 202 00fd 09       		.uleb128 0x9
 203 00fe 8F010000 		.4byte	.LASF25
 204 0102 06       		.byte	0x6
 205 0103 1207     		.2byte	0x712
 206 0105 09010000 		.4byte	0x109
 207 0109 0A       		.uleb128 0xa
 208 010a 76000000 		.4byte	0x76
 209 010e 0B       		.uleb128 0xb
 210 010f 58010000 		.4byte	.LASF19
 211 0113 58010000 		.4byte	.LASF19
 212 0117 05       		.byte	0x5
 213 0118 48       		.byte	0x48
 214 0119 0B       		.uleb128 0xb
 215 011a E0000000 		.4byte	.LASF20
 216 011e E0000000 		.4byte	.LASF20
 217 0122 05       		.byte	0x5
 218 0123 4A       		.byte	0x4a
 219 0124 00       		.byte	0
 220              		.section	.debug_abbrev,"",%progbits
 221              	.Ldebug_abbrev0:
 222 0000 01       		.uleb128 0x1
 223 0001 11       		.uleb128 0x11
 224 0002 01       		.byte	0x1
 225 0003 25       		.uleb128 0x25
 226 0004 0E       		.uleb128 0xe
 227 0005 13       		.uleb128 0x13
 228 0006 0B       		.uleb128 0xb
 229 0007 03       		.uleb128 0x3
 230 0008 0E       		.uleb128 0xe
 231 0009 1B       		.uleb128 0x1b
 232 000a 0E       		.uleb128 0xe
 233 000b 55       		.uleb128 0x55
 234 000c 17       		.uleb128 0x17
 235 000d 11       		.uleb128 0x11
 236 000e 01       		.uleb128 0x1
 237 000f 10       		.uleb128 0x10
 238 0010 17       		.uleb128 0x17
 239 0011 00       		.byte	0
 240 0012 00       		.byte	0
 241 0013 02       		.uleb128 0x2
 242 0014 24       		.uleb128 0x24
 243 0015 00       		.byte	0
 244 0016 0B       		.uleb128 0xb
 245 0017 0B       		.uleb128 0xb
 246 0018 3E       		.uleb128 0x3e
 247 0019 0B       		.uleb128 0xb
 248 001a 03       		.uleb128 0x3
 249 001b 0E       		.uleb128 0xe
 250 001c 00       		.byte	0
 251 001d 00       		.byte	0
 252 001e 03       		.uleb128 0x3
 253 001f 16       		.uleb128 0x16
 254 0020 00       		.byte	0
 255 0021 03       		.uleb128 0x3
 256 0022 0E       		.uleb128 0xe
ARM GAS  C:\Users\OLEKSA~1\AppData\Local\Temp\ccl0r0f4.s 			page 6


 257 0023 3A       		.uleb128 0x3a
 258 0024 0B       		.uleb128 0xb
 259 0025 3B       		.uleb128 0x3b
 260 0026 0B       		.uleb128 0xb
 261 0027 49       		.uleb128 0x49
 262 0028 13       		.uleb128 0x13
 263 0029 00       		.byte	0
 264 002a 00       		.byte	0
 265 002b 04       		.uleb128 0x4
 266 002c 24       		.uleb128 0x24
 267 002d 00       		.byte	0
 268 002e 0B       		.uleb128 0xb
 269 002f 0B       		.uleb128 0xb
 270 0030 3E       		.uleb128 0x3e
 271 0031 0B       		.uleb128 0xb
 272 0032 03       		.uleb128 0x3
 273 0033 08       		.uleb128 0x8
 274 0034 00       		.byte	0
 275 0035 00       		.byte	0
 276 0036 05       		.uleb128 0x5
 277 0037 16       		.uleb128 0x16
 278 0038 00       		.byte	0
 279 0039 03       		.uleb128 0x3
 280 003a 0E       		.uleb128 0xe
 281 003b 3A       		.uleb128 0x3a
 282 003c 0B       		.uleb128 0xb
 283 003d 3B       		.uleb128 0x3b
 284 003e 05       		.uleb128 0x5
 285 003f 49       		.uleb128 0x49
 286 0040 13       		.uleb128 0x13
 287 0041 00       		.byte	0
 288 0042 00       		.byte	0
 289 0043 06       		.uleb128 0x6
 290 0044 2E       		.uleb128 0x2e
 291 0045 01       		.byte	0x1
 292 0046 3F       		.uleb128 0x3f
 293 0047 19       		.uleb128 0x19
 294 0048 03       		.uleb128 0x3
 295 0049 0E       		.uleb128 0xe
 296 004a 3A       		.uleb128 0x3a
 297 004b 0B       		.uleb128 0xb
 298 004c 3B       		.uleb128 0x3b
 299 004d 0B       		.uleb128 0xb
 300 004e 27       		.uleb128 0x27
 301 004f 19       		.uleb128 0x19
 302 0050 11       		.uleb128 0x11
 303 0051 01       		.uleb128 0x1
 304 0052 12       		.uleb128 0x12
 305 0053 06       		.uleb128 0x6
 306 0054 40       		.uleb128 0x40
 307 0055 18       		.uleb128 0x18
 308 0056 9742     		.uleb128 0x2117
 309 0058 19       		.uleb128 0x19
 310 0059 01       		.uleb128 0x1
 311 005a 13       		.uleb128 0x13
 312 005b 00       		.byte	0
 313 005c 00       		.byte	0
ARM GAS  C:\Users\OLEKSA~1\AppData\Local\Temp\ccl0r0f4.s 			page 7


 314 005d 07       		.uleb128 0x7
 315 005e 898201   		.uleb128 0x4109
 316 0061 00       		.byte	0
 317 0062 11       		.uleb128 0x11
 318 0063 01       		.uleb128 0x1
 319 0064 31       		.uleb128 0x31
 320 0065 13       		.uleb128 0x13
 321 0066 00       		.byte	0
 322 0067 00       		.byte	0
 323 0068 08       		.uleb128 0x8
 324 0069 05       		.uleb128 0x5
 325 006a 00       		.byte	0
 326 006b 03       		.uleb128 0x3
 327 006c 0E       		.uleb128 0xe
 328 006d 3A       		.uleb128 0x3a
 329 006e 0B       		.uleb128 0xb
 330 006f 3B       		.uleb128 0x3b
 331 0070 0B       		.uleb128 0xb
 332 0071 49       		.uleb128 0x49
 333 0072 13       		.uleb128 0x13
 334 0073 02       		.uleb128 0x2
 335 0074 17       		.uleb128 0x17
 336 0075 00       		.byte	0
 337 0076 00       		.byte	0
 338 0077 09       		.uleb128 0x9
 339 0078 34       		.uleb128 0x34
 340 0079 00       		.byte	0
 341 007a 03       		.uleb128 0x3
 342 007b 0E       		.uleb128 0xe
 343 007c 3A       		.uleb128 0x3a
 344 007d 0B       		.uleb128 0xb
 345 007e 3B       		.uleb128 0x3b
 346 007f 05       		.uleb128 0x5
 347 0080 49       		.uleb128 0x49
 348 0081 13       		.uleb128 0x13
 349 0082 3F       		.uleb128 0x3f
 350 0083 19       		.uleb128 0x19
 351 0084 3C       		.uleb128 0x3c
 352 0085 19       		.uleb128 0x19
 353 0086 00       		.byte	0
 354 0087 00       		.byte	0
 355 0088 0A       		.uleb128 0xa
 356 0089 35       		.uleb128 0x35
 357 008a 00       		.byte	0
 358 008b 49       		.uleb128 0x49
 359 008c 13       		.uleb128 0x13
 360 008d 00       		.byte	0
 361 008e 00       		.byte	0
 362 008f 0B       		.uleb128 0xb
 363 0090 2E       		.uleb128 0x2e
 364 0091 00       		.byte	0
 365 0092 3F       		.uleb128 0x3f
 366 0093 19       		.uleb128 0x19
 367 0094 3C       		.uleb128 0x3c
 368 0095 19       		.uleb128 0x19
 369 0096 6E       		.uleb128 0x6e
 370 0097 0E       		.uleb128 0xe
ARM GAS  C:\Users\OLEKSA~1\AppData\Local\Temp\ccl0r0f4.s 			page 8


 371 0098 03       		.uleb128 0x3
 372 0099 0E       		.uleb128 0xe
 373 009a 3A       		.uleb128 0x3a
 374 009b 0B       		.uleb128 0xb
 375 009c 3B       		.uleb128 0x3b
 376 009d 0B       		.uleb128 0xb
 377 009e 00       		.byte	0
 378 009f 00       		.byte	0
 379 00a0 00       		.byte	0
 380              		.section	.debug_loc,"",%progbits
 381              	.Ldebug_loc0:
 382              	.LLST0:
 383 0000 00000000 		.4byte	.LVL1
 384 0004 0C000000 		.4byte	.LVL2
 385 0008 0100     		.2byte	0x1
 386 000a 50       		.byte	0x50
 387 000b 0C000000 		.4byte	.LVL2
 388 000f 0F000000 		.4byte	.LVL3-1
 389 0013 0100     		.2byte	0x1
 390 0015 50       		.byte	0x50
 391 0016 00000000 		.4byte	0
 392 001a 00000000 		.4byte	0
 393              		.section	.debug_aranges,"",%progbits
 394 0000 24000000 		.4byte	0x24
 395 0004 0200     		.2byte	0x2
 396 0006 00000000 		.4byte	.Ldebug_info0
 397 000a 04       		.byte	0x4
 398 000b 00       		.byte	0
 399 000c 0000     		.2byte	0
 400 000e 0000     		.2byte	0
 401 0010 00000000 		.4byte	.LFB63
 402 0014 08000000 		.4byte	.LFE63-.LFB63
 403 0018 00000000 		.4byte	.LFB64
 404 001c 12000000 		.4byte	.LFE64-.LFB64
 405 0020 00000000 		.4byte	0
 406 0024 00000000 		.4byte	0
 407              		.section	.debug_ranges,"",%progbits
 408              	.Ldebug_ranges0:
 409 0000 00000000 		.4byte	.LFB63
 410 0004 08000000 		.4byte	.LFE63
 411 0008 00000000 		.4byte	.LFB64
 412 000c 12000000 		.4byte	.LFE64
 413 0010 00000000 		.4byte	0
 414 0014 00000000 		.4byte	0
 415              		.section	.debug_line,"",%progbits
 416              	.Ldebug_line0:
 417 0000 80010000 		.section	.debug_str,"MS",%progbits,1
 417      02005801 
 417      00000201 
 417      FB0E0D00 
 417      01010101 
 418              	.LASF6:
 419 0000 6C6F6E67 		.ascii	"long long int\000"
 419      206C6F6E 
 419      6720696E 
 419      7400
 420              	.LASF3:
ARM GAS  C:\Users\OLEKSA~1\AppData\Local\Temp\ccl0r0f4.s 			page 9


 421 000e 73686F72 		.ascii	"short unsigned int\000"
 421      7420756E 
 421      7369676E 
 421      65642069 
 421      6E7400
 422              	.LASF8:
 423 0021 756E7369 		.ascii	"unsigned int\000"
 423      676E6564 
 423      20696E74 
 423      00
 424              	.LASF24:
 425 002e 6461635F 		.ascii	"dac_out\000"
 425      6F757400 
 426              	.LASF18:
 427 0036 55706461 		.ascii	"UpdateDac\000"
 427      74654461 
 427      6300
 428              	.LASF21:
 429 0040 474E5520 		.ascii	"GNU C11 5.4.1 20160609 (release) [ARM/embedded-5-br"
 429      43313120 
 429      352E342E 
 429      31203230 
 429      31363036 
 430 0073 616E6368 		.ascii	"anch revision 237715] -mcpu=cortex-m3 -mthumb -g -O"
 430      20726576 
 430      6973696F 
 430      6E203233 
 430      37373135 
 431 00a6 67202D66 		.ascii	"g -ffunction-sections -ffat-lto-objects\000"
 431      66756E63 
 431      74696F6E 
 431      2D736563 
 431      74696F6E 
 432              	.LASF5:
 433 00ce 6C6F6E67 		.ascii	"long unsigned int\000"
 433      20756E73 
 433      69676E65 
 433      6420696E 
 433      7400
 434              	.LASF20:
 435 00e0 44564441 		.ascii	"DVDAC_SetValue\000"
 435      435F5365 
 435      7456616C 
 435      756500
 436              	.LASF7:
 437 00ef 6C6F6E67 		.ascii	"long long unsigned int\000"
 437      206C6F6E 
 437      6720756E 
 437      7369676E 
 437      65642069 
 438              	.LASF22:
 439 0106 6D794441 		.ascii	"myDAC.c\000"
 439      432E6300 
 440              	.LASF23:
 441 010e 433A5C55 		.ascii	"C:\\Users\\oleksandr\\Desktop\\CourseworkPAZ\\Cours"
 441      73657273 
 441      5C6F6C65 
ARM GAS  C:\Users\OLEKSA~1\AppData\Local\Temp\ccl0r0f4.s 			page 10


 441      6B73616E 
 441      64725C44 
 442 013c 65576F72 		.ascii	"eWork\\CourseWork_Demo.cydsn\000"
 442      6B5C436F 
 442      75727365 
 442      576F726B 
 442      5F44656D 
 443              	.LASF19:
 444 0158 44564441 		.ascii	"DVDAC_Start\000"
 444      435F5374 
 444      61727400 
 445              	.LASF1:
 446 0164 756E7369 		.ascii	"unsigned char\000"
 446      676E6564 
 446      20636861 
 446      7200
 447              	.LASF14:
 448 0172 63686172 		.ascii	"char\000"
 448      00
 449              	.LASF17:
 450 0177 496E6974 		.ascii	"InitDac\000"
 450      44616300 
 451              	.LASF4:
 452 017f 6C6F6E67 		.ascii	"long int\000"
 452      20696E74 
 452      00
 453              	.LASF13:
 454 0188 646F7562 		.ascii	"double\000"
 454      6C6500
 455              	.LASF25:
 456 018f 49544D5F 		.ascii	"ITM_RxBuffer\000"
 456      52784275 
 456      66666572 
 456      00
 457              	.LASF0:
 458 019c 7369676E 		.ascii	"signed char\000"
 458      65642063 
 458      68617200 
 459              	.LASF15:
 460 01a8 6C6F6E67 		.ascii	"long double\000"
 460      20646F75 
 460      626C6500 
 461              	.LASF9:
 462 01b4 5F5F696E 		.ascii	"__int32_t\000"
 462      7433325F 
 462      7400
 463              	.LASF12:
 464 01be 666C6F61 		.ascii	"float\000"
 464      7400
 465              	.LASF2:
 466 01c4 73686F72 		.ascii	"short int\000"
 466      7420696E 
 466      7400
 467              	.LASF11:
 468 01ce 75696E74 		.ascii	"uint16\000"
 468      313600
 469              	.LASF10:
ARM GAS  C:\Users\OLEKSA~1\AppData\Local\Temp\ccl0r0f4.s 			page 11


 470 01d5 696E7433 		.ascii	"int32_t\000"
 470      325F7400 
 471              	.LASF16:
 472 01dd 73697A65 		.ascii	"sizetype\000"
 472      74797065 
 472      00
 473              		.ident	"GCC: (GNU Tools for ARM Embedded Processors) 5.4.1 20160609 (release) [ARM/embedded-5-bran
