ARM GAS  C:\Users\OLEKSA~1\AppData\Local\Temp\cc2TdLDd.s 			page 1


   1              		.syntax unified
   2              		.cpu cortex-m3
   3              		.fpu softvfp
   4              		.eabi_attribute 20, 1
   5              		.eabi_attribute 21, 1
   6              		.eabi_attribute 23, 3
   7              		.eabi_attribute 24, 1
   8              		.eabi_attribute 25, 1
   9              		.eabi_attribute 26, 1
  10              		.eabi_attribute 30, 1
  11              		.eabi_attribute 34, 1
  12              		.eabi_attribute 18, 4
  13              		.thumb
  14              		.syntax unified
  15              		.file	"timing.c"
  16              		.text
  17              	.Ltext0:
  18              		.cfi_sections	.debug_frame
  19              		.section	.text.SampleTimerIsr,"ax",%progbits
  20              		.align	2
  21              		.thumb
  22              		.thumb_func
  23              		.type	SampleTimerIsr, %function
  24              	SampleTimerIsr:
  25              	.LFB63:
  26              		.file 1 "timing.c"
   1:timing.c      **** /* ========================================
   2:timing.c      ****  *
   3:timing.c      ****  * Copyright YOUR COMPANY, THE YEAR
   4:timing.c      ****  * All Rights Reserved
   5:timing.c      ****  * UNPUBLISHED, LICENSED SOFTWARE.
   6:timing.c      ****  *
   7:timing.c      ****  * CONFIDENTIAL AND PROPRIETARY INFORMATION
   8:timing.c      ****  * WHICH IS THE PROPERTY OF your company.
   9:timing.c      ****  *
  10:timing.c      ****  * ========================================
  11:timing.c      **** */
  12:timing.c      **** #include "timing.h"
  13:timing.c      **** 
  14:timing.c      **** extern uint8 sample_flag;
  15:timing.c      **** extern uint16 Fs;
  16:timing.c      **** 
  17:timing.c      **** static CY_ISR(SampleTimerIsr)
  18:timing.c      **** {
  27              		.loc 1 18 0
  28              		.cfi_startproc
  29              		@ args = 0, pretend = 0, frame = 0
  30              		@ frame_needed = 0, uses_anonymous_args = 0
  31 0000 08B5     		push	{r3, lr}
  32              		.cfi_def_cfa_offset 8
  33              		.cfi_offset 3, -8
  34              		.cfi_offset 14, -4
  19:timing.c      ****     //(void)SamplingTimer_STATUS;       // the same as SamplingTimer_ReadStatusRegister();
  20:timing.c      ****     SamplingTimer_ReadStatusRegister();
  35              		.loc 1 20 0
  36 0002 FFF7FEFF 		bl	SamplingTimer_ReadStatusRegister
  37              	.LVL0:
ARM GAS  C:\Users\OLEKSA~1\AppData\Local\Temp\cc2TdLDd.s 			page 2


  21:timing.c      ****     sample_flag = 1;
  38              		.loc 1 21 0
  39 0006 0122     		movs	r2, #1
  40 0008 014B     		ldr	r3, .L3
  41 000a 1A70     		strb	r2, [r3]
  42 000c 08BD     		pop	{r3, pc}
  43              	.L4:
  44 000e 00BF     		.align	2
  45              	.L3:
  46 0010 00000000 		.word	sample_flag
  47              		.cfi_endproc
  48              	.LFE63:
  49              		.size	SampleTimerIsr, .-SampleTimerIsr
  50              		.section	.text.InitTiming,"ax",%progbits
  51              		.align	2
  52              		.global	InitTiming
  53              		.thumb
  54              		.thumb_func
  55              		.type	InitTiming, %function
  56              	InitTiming:
  57              	.LFB64:
  22:timing.c      **** }
  23:timing.c      **** 
  24:timing.c      **** void InitTiming(uint16 sample_period)
  25:timing.c      **** {
  58              		.loc 1 25 0
  59              		.cfi_startproc
  60              		@ args = 0, pretend = 0, frame = 0
  61              		@ frame_needed = 0, uses_anonymous_args = 0
  62              	.LVL1:
  63 0000 10B5     		push	{r4, lr}
  64              		.cfi_def_cfa_offset 8
  65              		.cfi_offset 4, -8
  66              		.cfi_offset 14, -4
  67 0002 0446     		mov	r4, r0
  26:timing.c      ****     SamplingTimer_Start();
  68              		.loc 1 26 0
  69 0004 FFF7FEFF 		bl	SamplingTimer_Start
  70              	.LVL2:
  27:timing.c      ****     SamplingTimer_WritePeriod(sample_period);
  71              		.loc 1 27 0
  72 0008 2046     		mov	r0, r4
  73 000a FFF7FEFF 		bl	SamplingTimer_WritePeriod
  74              	.LVL3:
  28:timing.c      ****     
  29:timing.c      ****     isrSampleTimer_Start();
  75              		.loc 1 29 0
  76 000e FFF7FEFF 		bl	isrSampleTimer_Start
  77              	.LVL4:
  30:timing.c      **** 	isrSampleTimer_SetVector(SampleTimerIsr);
  78              		.loc 1 30 0
  79 0012 0248     		ldr	r0, .L7
  80 0014 FFF7FEFF 		bl	isrSampleTimer_SetVector
  81              	.LVL5:
  82 0018 10BD     		pop	{r4, pc}
  83              	.L8:
  84 001a 00BF     		.align	2
ARM GAS  C:\Users\OLEKSA~1\AppData\Local\Temp\cc2TdLDd.s 			page 3


  85              	.L7:
  86 001c 00000000 		.word	SampleTimerIsr
  87              		.cfi_endproc
  88              	.LFE64:
  89              		.size	InitTiming, .-InitTiming
  90              		.text
  91              	.Letext0:
  92              		.file 2 "c:\\program files (x86)\\cypress\\psoc creator\\4.4\\psoc creator\\import\\gnu\\arm\\5.4.
  93              		.file 3 "c:\\program files (x86)\\cypress\\psoc creator\\4.4\\psoc creator\\import\\gnu\\arm\\5.4.
  94              		.file 4 "Generated_Source\\PSoC5/cytypes.h"
  95              		.file 5 "Generated_Source\\PSoC5/core_cm3.h"
  96              		.file 6 "Generated_Source\\PSoC5/SamplingTimer.h"
  97              		.file 7 "Generated_Source\\PSoC5/isrSampleTimer.h"
  98              		.section	.debug_info,"",%progbits
  99              	.Ldebug_info0:
 100 0000 89010000 		.4byte	0x189
 101 0004 0400     		.2byte	0x4
 102 0006 00000000 		.4byte	.Ldebug_abbrev0
 103 000a 04       		.byte	0x4
 104 000b 01       		.uleb128 0x1
 105 000c B3000000 		.4byte	.LASF25
 106 0010 0C       		.byte	0xc
 107 0011 3C000000 		.4byte	.LASF26
 108 0015 00000000 		.4byte	.LASF27
 109 0019 00000000 		.4byte	.Ldebug_ranges0+0
 110 001d 00000000 		.4byte	0
 111 0021 00000000 		.4byte	.Ldebug_line0
 112 0025 02       		.uleb128 0x2
 113 0026 01       		.byte	0x1
 114 0027 06       		.byte	0x6
 115 0028 4F020000 		.4byte	.LASF0
 116 002c 02       		.uleb128 0x2
 117 002d 01       		.byte	0x1
 118 002e 08       		.byte	0x8
 119 002f A5000000 		.4byte	.LASF1
 120 0033 02       		.uleb128 0x2
 121 0034 02       		.byte	0x2
 122 0035 05       		.byte	0x5
 123 0036 1F020000 		.4byte	.LASF2
 124 003a 02       		.uleb128 0x2
 125 003b 02       		.byte	0x2
 126 003c 07       		.byte	0x7
 127 003d 6D010000 		.4byte	.LASF3
 128 0041 03       		.uleb128 0x3
 129 0042 5A000000 		.4byte	.LASF9
 130 0046 02       		.byte	0x2
 131 0047 3F       		.byte	0x3f
 132 0048 4C000000 		.4byte	0x4c
 133 004c 02       		.uleb128 0x2
 134 004d 04       		.byte	0x4
 135 004e 05       		.byte	0x5
 136 004f 3A020000 		.4byte	.LASF4
 137 0053 02       		.uleb128 0x2
 138 0054 04       		.byte	0x4
 139 0055 07       		.byte	0x7
 140 0056 5B010000 		.4byte	.LASF5
 141 005a 02       		.uleb128 0x2
ARM GAS  C:\Users\OLEKSA~1\AppData\Local\Temp\cc2TdLDd.s 			page 4


 142 005b 08       		.byte	0x8
 143 005c 05       		.byte	0x5
 144 005d 0C020000 		.4byte	.LASF6
 145 0061 02       		.uleb128 0x2
 146 0062 08       		.byte	0x8
 147 0063 07       		.byte	0x7
 148 0064 D5010000 		.4byte	.LASF7
 149 0068 04       		.uleb128 0x4
 150 0069 04       		.byte	0x4
 151 006a 05       		.byte	0x5
 152 006b 696E7400 		.ascii	"int\000"
 153 006f 02       		.uleb128 0x2
 154 0070 04       		.byte	0x4
 155 0071 07       		.byte	0x7
 156 0072 C8010000 		.4byte	.LASF8
 157 0076 03       		.uleb128 0x3
 158 0077 FB010000 		.4byte	.LASF10
 159 007b 03       		.byte	0x3
 160 007c 2C       		.byte	0x2c
 161 007d 41000000 		.4byte	0x41
 162 0081 05       		.uleb128 0x5
 163 0082 29020000 		.4byte	.LASF11
 164 0086 04       		.byte	0x4
 165 0087 E901     		.2byte	0x1e9
 166 0089 2C000000 		.4byte	0x2c
 167 008d 05       		.uleb128 0x5
 168 008e C1010000 		.4byte	.LASF12
 169 0092 04       		.byte	0x4
 170 0093 EA01     		.2byte	0x1ea
 171 0095 3A000000 		.4byte	0x3a
 172 0099 02       		.uleb128 0x2
 173 009a 04       		.byte	0x4
 174 009b 04       		.byte	0x4
 175 009c 9F000000 		.4byte	.LASF13
 176 00a0 02       		.uleb128 0x2
 177 00a1 08       		.byte	0x8
 178 00a2 04       		.byte	0x4
 179 00a3 BA010000 		.4byte	.LASF14
 180 00a7 02       		.uleb128 0x2
 181 00a8 01       		.byte	0x1
 182 00a9 08       		.byte	0x8
 183 00aa 1A020000 		.4byte	.LASF15
 184 00ae 02       		.uleb128 0x2
 185 00af 08       		.byte	0x8
 186 00b0 04       		.byte	0x4
 187 00b1 43020000 		.4byte	.LASF16
 188 00b5 02       		.uleb128 0x2
 189 00b6 04       		.byte	0x4
 190 00b7 07       		.byte	0x7
 191 00b8 03020000 		.4byte	.LASF17
 192 00bc 06       		.uleb128 0x6
 193 00bd EC010000 		.4byte	.LASF28
 194 00c1 01       		.byte	0x1
 195 00c2 11       		.byte	0x11
 196 00c3 00000000 		.4byte	.LFB63
 197 00c7 14000000 		.4byte	.LFE63-.LFB63
 198 00cb 01       		.uleb128 0x1
ARM GAS  C:\Users\OLEKSA~1\AppData\Local\Temp\cc2TdLDd.s 			page 5


 199 00cc 9C       		.byte	0x9c
 200 00cd DB000000 		.4byte	0xdb
 201 00d1 07       		.uleb128 0x7
 202 00d2 06000000 		.4byte	.LVL0
 203 00d6 55010000 		.4byte	0x155
 204 00da 00       		.byte	0
 205 00db 08       		.uleb128 0x8
 206 00dc 2F020000 		.4byte	.LASF29
 207 00e0 01       		.byte	0x1
 208 00e1 18       		.byte	0x18
 209 00e2 00000000 		.4byte	.LFB64
 210 00e6 20000000 		.4byte	.LFE64-.LFB64
 211 00ea 01       		.uleb128 0x1
 212 00eb 9C       		.byte	0x9c
 213 00ec 39010000 		.4byte	0x139
 214 00f0 09       		.uleb128 0x9
 215 00f1 91000000 		.4byte	.LASF30
 216 00f5 01       		.byte	0x1
 217 00f6 18       		.byte	0x18
 218 00f7 8D000000 		.4byte	0x8d
 219 00fb 00000000 		.4byte	.LLST0
 220 00ff 07       		.uleb128 0x7
 221 0100 08000000 		.4byte	.LVL2
 222 0104 60010000 		.4byte	0x160
 223 0108 0A       		.uleb128 0xa
 224 0109 0E000000 		.4byte	.LVL3
 225 010d 6B010000 		.4byte	0x16b
 226 0111 1C010000 		.4byte	0x11c
 227 0115 0B       		.uleb128 0xb
 228 0116 01       		.uleb128 0x1
 229 0117 50       		.byte	0x50
 230 0118 02       		.uleb128 0x2
 231 0119 74       		.byte	0x74
 232 011a 00       		.sleb128 0
 233 011b 00       		.byte	0
 234 011c 07       		.uleb128 0x7
 235 011d 12000000 		.4byte	.LVL4
 236 0121 76010000 		.4byte	0x176
 237 0125 0C       		.uleb128 0xc
 238 0126 18000000 		.4byte	.LVL5
 239 012a 81010000 		.4byte	0x181
 240 012e 0B       		.uleb128 0xb
 241 012f 01       		.uleb128 0x1
 242 0130 50       		.byte	0x50
 243 0131 05       		.uleb128 0x5
 244 0132 03       		.byte	0x3
 245 0133 00000000 		.4byte	SampleTimerIsr
 246 0137 00       		.byte	0
 247 0138 00       		.byte	0
 248 0139 0D       		.uleb128 0xd
 249 013a 99010000 		.4byte	.LASF18
 250 013e 05       		.byte	0x5
 251 013f 1207     		.2byte	0x712
 252 0141 45010000 		.4byte	0x145
 253 0145 0E       		.uleb128 0xe
 254 0146 76000000 		.4byte	0x76
 255 014a 0F       		.uleb128 0xf
ARM GAS  C:\Users\OLEKSA~1\AppData\Local\Temp\cc2TdLDd.s 			page 6


 256 014b 64000000 		.4byte	.LASF19
 257 014f 01       		.byte	0x1
 258 0150 0E       		.byte	0xe
 259 0151 81000000 		.4byte	0x81
 260 0155 10       		.uleb128 0x10
 261 0156 70000000 		.4byte	.LASF20
 262 015a 70000000 		.4byte	.LASF20
 263 015e 06       		.byte	0x6
 264 015f 5E       		.byte	0x5e
 265 0160 10       		.uleb128 0x10
 266 0161 A6010000 		.4byte	.LASF21
 267 0165 A6010000 		.4byte	.LASF21
 268 0169 06       		.byte	0x6
 269 016a 5A       		.byte	0x5a
 270 016b 10       		.uleb128 0x10
 271 016c 41010000 		.4byte	.LASF22
 272 0170 41010000 		.4byte	.LASF22
 273 0174 06       		.byte	0x6
 274 0175 68       		.byte	0x68
 275 0176 10       		.uleb128 0x10
 276 0177 45000000 		.4byte	.LASF23
 277 017b 45000000 		.4byte	.LASF23
 278 017f 07       		.byte	0x7
 279 0180 17       		.byte	0x17
 280 0181 10       		.uleb128 0x10
 281 0182 80010000 		.4byte	.LASF24
 282 0186 80010000 		.4byte	.LASF24
 283 018a 07       		.byte	0x7
 284 018b 1D       		.byte	0x1d
 285 018c 00       		.byte	0
 286              		.section	.debug_abbrev,"",%progbits
 287              	.Ldebug_abbrev0:
 288 0000 01       		.uleb128 0x1
 289 0001 11       		.uleb128 0x11
 290 0002 01       		.byte	0x1
 291 0003 25       		.uleb128 0x25
 292 0004 0E       		.uleb128 0xe
 293 0005 13       		.uleb128 0x13
 294 0006 0B       		.uleb128 0xb
 295 0007 03       		.uleb128 0x3
 296 0008 0E       		.uleb128 0xe
 297 0009 1B       		.uleb128 0x1b
 298 000a 0E       		.uleb128 0xe
 299 000b 55       		.uleb128 0x55
 300 000c 17       		.uleb128 0x17
 301 000d 11       		.uleb128 0x11
 302 000e 01       		.uleb128 0x1
 303 000f 10       		.uleb128 0x10
 304 0010 17       		.uleb128 0x17
 305 0011 00       		.byte	0
 306 0012 00       		.byte	0
 307 0013 02       		.uleb128 0x2
 308 0014 24       		.uleb128 0x24
 309 0015 00       		.byte	0
 310 0016 0B       		.uleb128 0xb
 311 0017 0B       		.uleb128 0xb
 312 0018 3E       		.uleb128 0x3e
ARM GAS  C:\Users\OLEKSA~1\AppData\Local\Temp\cc2TdLDd.s 			page 7


 313 0019 0B       		.uleb128 0xb
 314 001a 03       		.uleb128 0x3
 315 001b 0E       		.uleb128 0xe
 316 001c 00       		.byte	0
 317 001d 00       		.byte	0
 318 001e 03       		.uleb128 0x3
 319 001f 16       		.uleb128 0x16
 320 0020 00       		.byte	0
 321 0021 03       		.uleb128 0x3
 322 0022 0E       		.uleb128 0xe
 323 0023 3A       		.uleb128 0x3a
 324 0024 0B       		.uleb128 0xb
 325 0025 3B       		.uleb128 0x3b
 326 0026 0B       		.uleb128 0xb
 327 0027 49       		.uleb128 0x49
 328 0028 13       		.uleb128 0x13
 329 0029 00       		.byte	0
 330 002a 00       		.byte	0
 331 002b 04       		.uleb128 0x4
 332 002c 24       		.uleb128 0x24
 333 002d 00       		.byte	0
 334 002e 0B       		.uleb128 0xb
 335 002f 0B       		.uleb128 0xb
 336 0030 3E       		.uleb128 0x3e
 337 0031 0B       		.uleb128 0xb
 338 0032 03       		.uleb128 0x3
 339 0033 08       		.uleb128 0x8
 340 0034 00       		.byte	0
 341 0035 00       		.byte	0
 342 0036 05       		.uleb128 0x5
 343 0037 16       		.uleb128 0x16
 344 0038 00       		.byte	0
 345 0039 03       		.uleb128 0x3
 346 003a 0E       		.uleb128 0xe
 347 003b 3A       		.uleb128 0x3a
 348 003c 0B       		.uleb128 0xb
 349 003d 3B       		.uleb128 0x3b
 350 003e 05       		.uleb128 0x5
 351 003f 49       		.uleb128 0x49
 352 0040 13       		.uleb128 0x13
 353 0041 00       		.byte	0
 354 0042 00       		.byte	0
 355 0043 06       		.uleb128 0x6
 356 0044 2E       		.uleb128 0x2e
 357 0045 01       		.byte	0x1
 358 0046 03       		.uleb128 0x3
 359 0047 0E       		.uleb128 0xe
 360 0048 3A       		.uleb128 0x3a
 361 0049 0B       		.uleb128 0xb
 362 004a 3B       		.uleb128 0x3b
 363 004b 0B       		.uleb128 0xb
 364 004c 27       		.uleb128 0x27
 365 004d 19       		.uleb128 0x19
 366 004e 11       		.uleb128 0x11
 367 004f 01       		.uleb128 0x1
 368 0050 12       		.uleb128 0x12
 369 0051 06       		.uleb128 0x6
ARM GAS  C:\Users\OLEKSA~1\AppData\Local\Temp\cc2TdLDd.s 			page 8


 370 0052 40       		.uleb128 0x40
 371 0053 18       		.uleb128 0x18
 372 0054 9742     		.uleb128 0x2117
 373 0056 19       		.uleb128 0x19
 374 0057 01       		.uleb128 0x1
 375 0058 13       		.uleb128 0x13
 376 0059 00       		.byte	0
 377 005a 00       		.byte	0
 378 005b 07       		.uleb128 0x7
 379 005c 898201   		.uleb128 0x4109
 380 005f 00       		.byte	0
 381 0060 11       		.uleb128 0x11
 382 0061 01       		.uleb128 0x1
 383 0062 31       		.uleb128 0x31
 384 0063 13       		.uleb128 0x13
 385 0064 00       		.byte	0
 386 0065 00       		.byte	0
 387 0066 08       		.uleb128 0x8
 388 0067 2E       		.uleb128 0x2e
 389 0068 01       		.byte	0x1
 390 0069 3F       		.uleb128 0x3f
 391 006a 19       		.uleb128 0x19
 392 006b 03       		.uleb128 0x3
 393 006c 0E       		.uleb128 0xe
 394 006d 3A       		.uleb128 0x3a
 395 006e 0B       		.uleb128 0xb
 396 006f 3B       		.uleb128 0x3b
 397 0070 0B       		.uleb128 0xb
 398 0071 27       		.uleb128 0x27
 399 0072 19       		.uleb128 0x19
 400 0073 11       		.uleb128 0x11
 401 0074 01       		.uleb128 0x1
 402 0075 12       		.uleb128 0x12
 403 0076 06       		.uleb128 0x6
 404 0077 40       		.uleb128 0x40
 405 0078 18       		.uleb128 0x18
 406 0079 9742     		.uleb128 0x2117
 407 007b 19       		.uleb128 0x19
 408 007c 01       		.uleb128 0x1
 409 007d 13       		.uleb128 0x13
 410 007e 00       		.byte	0
 411 007f 00       		.byte	0
 412 0080 09       		.uleb128 0x9
 413 0081 05       		.uleb128 0x5
 414 0082 00       		.byte	0
 415 0083 03       		.uleb128 0x3
 416 0084 0E       		.uleb128 0xe
 417 0085 3A       		.uleb128 0x3a
 418 0086 0B       		.uleb128 0xb
 419 0087 3B       		.uleb128 0x3b
 420 0088 0B       		.uleb128 0xb
 421 0089 49       		.uleb128 0x49
 422 008a 13       		.uleb128 0x13
 423 008b 02       		.uleb128 0x2
 424 008c 17       		.uleb128 0x17
 425 008d 00       		.byte	0
 426 008e 00       		.byte	0
ARM GAS  C:\Users\OLEKSA~1\AppData\Local\Temp\cc2TdLDd.s 			page 9


 427 008f 0A       		.uleb128 0xa
 428 0090 898201   		.uleb128 0x4109
 429 0093 01       		.byte	0x1
 430 0094 11       		.uleb128 0x11
 431 0095 01       		.uleb128 0x1
 432 0096 31       		.uleb128 0x31
 433 0097 13       		.uleb128 0x13
 434 0098 01       		.uleb128 0x1
 435 0099 13       		.uleb128 0x13
 436 009a 00       		.byte	0
 437 009b 00       		.byte	0
 438 009c 0B       		.uleb128 0xb
 439 009d 8A8201   		.uleb128 0x410a
 440 00a0 00       		.byte	0
 441 00a1 02       		.uleb128 0x2
 442 00a2 18       		.uleb128 0x18
 443 00a3 9142     		.uleb128 0x2111
 444 00a5 18       		.uleb128 0x18
 445 00a6 00       		.byte	0
 446 00a7 00       		.byte	0
 447 00a8 0C       		.uleb128 0xc
 448 00a9 898201   		.uleb128 0x4109
 449 00ac 01       		.byte	0x1
 450 00ad 11       		.uleb128 0x11
 451 00ae 01       		.uleb128 0x1
 452 00af 31       		.uleb128 0x31
 453 00b0 13       		.uleb128 0x13
 454 00b1 00       		.byte	0
 455 00b2 00       		.byte	0
 456 00b3 0D       		.uleb128 0xd
 457 00b4 34       		.uleb128 0x34
 458 00b5 00       		.byte	0
 459 00b6 03       		.uleb128 0x3
 460 00b7 0E       		.uleb128 0xe
 461 00b8 3A       		.uleb128 0x3a
 462 00b9 0B       		.uleb128 0xb
 463 00ba 3B       		.uleb128 0x3b
 464 00bb 05       		.uleb128 0x5
 465 00bc 49       		.uleb128 0x49
 466 00bd 13       		.uleb128 0x13
 467 00be 3F       		.uleb128 0x3f
 468 00bf 19       		.uleb128 0x19
 469 00c0 3C       		.uleb128 0x3c
 470 00c1 19       		.uleb128 0x19
 471 00c2 00       		.byte	0
 472 00c3 00       		.byte	0
 473 00c4 0E       		.uleb128 0xe
 474 00c5 35       		.uleb128 0x35
 475 00c6 00       		.byte	0
 476 00c7 49       		.uleb128 0x49
 477 00c8 13       		.uleb128 0x13
 478 00c9 00       		.byte	0
 479 00ca 00       		.byte	0
 480 00cb 0F       		.uleb128 0xf
 481 00cc 34       		.uleb128 0x34
 482 00cd 00       		.byte	0
 483 00ce 03       		.uleb128 0x3
ARM GAS  C:\Users\OLEKSA~1\AppData\Local\Temp\cc2TdLDd.s 			page 10


 484 00cf 0E       		.uleb128 0xe
 485 00d0 3A       		.uleb128 0x3a
 486 00d1 0B       		.uleb128 0xb
 487 00d2 3B       		.uleb128 0x3b
 488 00d3 0B       		.uleb128 0xb
 489 00d4 49       		.uleb128 0x49
 490 00d5 13       		.uleb128 0x13
 491 00d6 3F       		.uleb128 0x3f
 492 00d7 19       		.uleb128 0x19
 493 00d8 3C       		.uleb128 0x3c
 494 00d9 19       		.uleb128 0x19
 495 00da 00       		.byte	0
 496 00db 00       		.byte	0
 497 00dc 10       		.uleb128 0x10
 498 00dd 2E       		.uleb128 0x2e
 499 00de 00       		.byte	0
 500 00df 3F       		.uleb128 0x3f
 501 00e0 19       		.uleb128 0x19
 502 00e1 3C       		.uleb128 0x3c
 503 00e2 19       		.uleb128 0x19
 504 00e3 6E       		.uleb128 0x6e
 505 00e4 0E       		.uleb128 0xe
 506 00e5 03       		.uleb128 0x3
 507 00e6 0E       		.uleb128 0xe
 508 00e7 3A       		.uleb128 0x3a
 509 00e8 0B       		.uleb128 0xb
 510 00e9 3B       		.uleb128 0x3b
 511 00ea 0B       		.uleb128 0xb
 512 00eb 00       		.byte	0
 513 00ec 00       		.byte	0
 514 00ed 00       		.byte	0
 515              		.section	.debug_loc,"",%progbits
 516              	.Ldebug_loc0:
 517              	.LLST0:
 518 0000 00000000 		.4byte	.LVL1
 519 0004 07000000 		.4byte	.LVL2-1
 520 0008 0100     		.2byte	0x1
 521 000a 50       		.byte	0x50
 522 000b 07000000 		.4byte	.LVL2-1
 523 000f 20000000 		.4byte	.LFE64
 524 0013 0400     		.2byte	0x4
 525 0015 F3       		.byte	0xf3
 526 0016 01       		.uleb128 0x1
 527 0017 50       		.byte	0x50
 528 0018 9F       		.byte	0x9f
 529 0019 00000000 		.4byte	0
 530 001d 00000000 		.4byte	0
 531              		.section	.debug_aranges,"",%progbits
 532 0000 24000000 		.4byte	0x24
 533 0004 0200     		.2byte	0x2
 534 0006 00000000 		.4byte	.Ldebug_info0
 535 000a 04       		.byte	0x4
 536 000b 00       		.byte	0
 537 000c 0000     		.2byte	0
 538 000e 0000     		.2byte	0
 539 0010 00000000 		.4byte	.LFB63
 540 0014 14000000 		.4byte	.LFE63-.LFB63
ARM GAS  C:\Users\OLEKSA~1\AppData\Local\Temp\cc2TdLDd.s 			page 11


 541 0018 00000000 		.4byte	.LFB64
 542 001c 20000000 		.4byte	.LFE64-.LFB64
 543 0020 00000000 		.4byte	0
 544 0024 00000000 		.4byte	0
 545              		.section	.debug_ranges,"",%progbits
 546              	.Ldebug_ranges0:
 547 0000 00000000 		.4byte	.LFB63
 548 0004 14000000 		.4byte	.LFE63
 549 0008 00000000 		.4byte	.LFB64
 550 000c 20000000 		.4byte	.LFE64
 551 0010 00000000 		.4byte	0
 552 0014 00000000 		.4byte	0
 553              		.section	.debug_line,"",%progbits
 554              	.Ldebug_line0:
 555 0000 9F010000 		.section	.debug_str,"MS",%progbits,1
 555      02007501 
 555      00000201 
 555      FB0E0D00 
 555      01010101 
 556              	.LASF27:
 557 0000 433A5C55 		.ascii	"C:\\Users\\oleksandr\\Desktop\\CourseWork\\CourseWo"
 557      73657273 
 557      5C6F6C65 
 557      6B73616E 
 557      64725C44 
 558 002e 726B5F44 		.ascii	"rk_Demo.cydsn\000"
 558      656D6F2E 
 558      63796473 
 558      6E00
 559              	.LASF26:
 560 003c 74696D69 		.ascii	"timing.c\000"
 560      6E672E63 
 560      00
 561              	.LASF23:
 562 0045 69737253 		.ascii	"isrSampleTimer_Start\000"
 562      616D706C 
 562      6554696D 
 562      65725F53 
 562      74617274 
 563              	.LASF9:
 564 005a 5F5F696E 		.ascii	"__int32_t\000"
 564      7433325F 
 564      7400
 565              	.LASF19:
 566 0064 73616D70 		.ascii	"sample_flag\000"
 566      6C655F66 
 566      6C616700 
 567              	.LASF20:
 568 0070 53616D70 		.ascii	"SamplingTimer_ReadStatusRegister\000"
 568      6C696E67 
 568      54696D65 
 568      725F5265 
 568      61645374 
 569              	.LASF30:
 570 0091 73616D70 		.ascii	"sample_period\000"
 570      6C655F70 
 570      6572696F 
ARM GAS  C:\Users\OLEKSA~1\AppData\Local\Temp\cc2TdLDd.s 			page 12


 570      6400
 571              	.LASF13:
 572 009f 666C6F61 		.ascii	"float\000"
 572      7400
 573              	.LASF1:
 574 00a5 756E7369 		.ascii	"unsigned char\000"
 574      676E6564 
 574      20636861 
 574      7200
 575              	.LASF25:
 576 00b3 474E5520 		.ascii	"GNU C11 5.4.1 20160609 (release) [ARM/embedded-5-br"
 576      43313120 
 576      352E342E 
 576      31203230 
 576      31363036 
 577 00e6 616E6368 		.ascii	"anch revision 237715] -mcpu=cortex-m3 -mthumb -g -O"
 577      20726576 
 577      6973696F 
 577      6E203233 
 577      37373135 
 578 0119 67202D66 		.ascii	"g -ffunction-sections -ffat-lto-objects\000"
 578      66756E63 
 578      74696F6E 
 578      2D736563 
 578      74696F6E 
 579              	.LASF22:
 580 0141 53616D70 		.ascii	"SamplingTimer_WritePeriod\000"
 580      6C696E67 
 580      54696D65 
 580      725F5772 
 580      69746550 
 581              	.LASF5:
 582 015b 6C6F6E67 		.ascii	"long unsigned int\000"
 582      20756E73 
 582      69676E65 
 582      6420696E 
 582      7400
 583              	.LASF3:
 584 016d 73686F72 		.ascii	"short unsigned int\000"
 584      7420756E 
 584      7369676E 
 584      65642069 
 584      6E7400
 585              	.LASF24:
 586 0180 69737253 		.ascii	"isrSampleTimer_SetVector\000"
 586      616D706C 
 586      6554696D 
 586      65725F53 
 586      65745665 
 587              	.LASF18:
 588 0199 49544D5F 		.ascii	"ITM_RxBuffer\000"
 588      52784275 
 588      66666572 
 588      00
 589              	.LASF21:
 590 01a6 53616D70 		.ascii	"SamplingTimer_Start\000"
 590      6C696E67 
ARM GAS  C:\Users\OLEKSA~1\AppData\Local\Temp\cc2TdLDd.s 			page 13


 590      54696D65 
 590      725F5374 
 590      61727400 
 591              	.LASF14:
 592 01ba 646F7562 		.ascii	"double\000"
 592      6C6500
 593              	.LASF12:
 594 01c1 75696E74 		.ascii	"uint16\000"
 594      313600
 595              	.LASF8:
 596 01c8 756E7369 		.ascii	"unsigned int\000"
 596      676E6564 
 596      20696E74 
 596      00
 597              	.LASF7:
 598 01d5 6C6F6E67 		.ascii	"long long unsigned int\000"
 598      206C6F6E 
 598      6720756E 
 598      7369676E 
 598      65642069 
 599              	.LASF28:
 600 01ec 53616D70 		.ascii	"SampleTimerIsr\000"
 600      6C655469 
 600      6D657249 
 600      737200
 601              	.LASF10:
 602 01fb 696E7433 		.ascii	"int32_t\000"
 602      325F7400 
 603              	.LASF17:
 604 0203 73697A65 		.ascii	"sizetype\000"
 604      74797065 
 604      00
 605              	.LASF6:
 606 020c 6C6F6E67 		.ascii	"long long int\000"
 606      206C6F6E 
 606      6720696E 
 606      7400
 607              	.LASF15:
 608 021a 63686172 		.ascii	"char\000"
 608      00
 609              	.LASF2:
 610 021f 73686F72 		.ascii	"short int\000"
 610      7420696E 
 610      7400
 611              	.LASF11:
 612 0229 75696E74 		.ascii	"uint8\000"
 612      3800
 613              	.LASF29:
 614 022f 496E6974 		.ascii	"InitTiming\000"
 614      54696D69 
 614      6E6700
 615              	.LASF4:
 616 023a 6C6F6E67 		.ascii	"long int\000"
 616      20696E74 
 616      00
 617              	.LASF16:
 618 0243 6C6F6E67 		.ascii	"long double\000"
ARM GAS  C:\Users\OLEKSA~1\AppData\Local\Temp\cc2TdLDd.s 			page 14


 618      20646F75 
 618      626C6500 
 619              	.LASF0:
 620 024f 7369676E 		.ascii	"signed char\000"
 620      65642063 
 620      68617200 
 621              		.ident	"GCC: (GNU Tools for ARM Embedded Processors) 5.4.1 20160609 (release) [ARM/embedded-5-bran
