ARM GAS  C:\Users\OLEKSA~1\AppData\Local\Temp\cc3pHple.s 			page 1


   1              		.syntax unified
   2              		.cpu cortex-m3
   3              		.fpu softvfp
   4              		.eabi_attribute 20, 1
   5              		.eabi_attribute 21, 1
   6              		.eabi_attribute 23, 3
   7              		.eabi_attribute 24, 1
   8              		.eabi_attribute 25, 1
   9              		.eabi_attribute 26, 1
  10              		.eabi_attribute 30, 1
  11              		.eabi_attribute 34, 1
  12              		.eabi_attribute 18, 4
  13              		.thumb
  14              		.syntax unified
  15              		.file	"tty_utils.c"
  16              		.text
  17              	.Ltext0:
  18              		.cfi_sections	.debug_frame
  19              		.section	.text.tty_rx_isr,"ax",%progbits
  20              		.align	2
  21              		.global	tty_rx_isr
  22              		.thumb
  23              		.thumb_func
  24              		.type	tty_rx_isr, %function
  25              	tty_rx_isr:
  26              	.LFB67:
  27              		.file 1 "tty_utils.c"
   1:tty_utils.c   **** #include "project.h"
   2:tty_utils.c   **** #include "stdio.h"
   3:tty_utils.c   **** #include "tty_utils.h"
   4:tty_utils.c   **** 
   5:tty_utils.c   **** #define TAB   '\t'
   6:tty_utils.c   **** #define SPACE ' ' 
   7:tty_utils.c   **** #define CR    '\r'
   8:tty_utils.c   **** #define LF    '\n'
   9:tty_utils.c   **** 
  10:tty_utils.c   **** #define RX_BUF_LEN  128
  11:tty_utils.c   **** #define STR_BUF_LEN  64
  12:tty_utils.c   **** 
  13:tty_utils.c   **** volatile char rx_buf[RX_BUF_LEN] ;
  14:tty_utils.c   **** volatile int  rx_write_index = 0 ;
  15:tty_utils.c   **** int           rx_read_index  = 0 ;
  16:tty_utils.c   **** int           str_buf_index  = 0 ;
  17:tty_utils.c   **** char          str[STR_BUF_LEN + 1] ;
  18:tty_utils.c   **** 
  19:tty_utils.c   **** static inline int is_delimiter(char c)
  20:tty_utils.c   **** {
  21:tty_utils.c   ****     return((c == TAB)||(c == SPACE)||(c == CR)||(c == LF)) ;
  22:tty_utils.c   **** }
  23:tty_utils.c   **** 
  24:tty_utils.c   **** static inline int is_eol(char c)
  25:tty_utils.c   **** {
  26:tty_utils.c   ****     return((c == CR) || (c == LF)) ;
  27:tty_utils.c   **** }
  28:tty_utils.c   **** 
  29:tty_utils.c   **** void print(char *str)
  30:tty_utils.c   **** {
ARM GAS  C:\Users\OLEKSA~1\AppData\Local\Temp\cc3pHple.s 			page 2


  31:tty_utils.c   ****     UART_PutString(str) ; /* for PSoC 4 */
  32:tty_utils.c   **** }
  33:tty_utils.c   **** 
  34:tty_utils.c   **** CY_ISR(tty_rx_isr)
  35:tty_utils.c   **** {
  28              		.loc 1 35 0
  29              		.cfi_startproc
  30              		@ args = 0, pretend = 0, frame = 0
  31              		@ frame_needed = 0, uses_anonymous_args = 0
  32 0000 38B5     		push	{r3, r4, r5, lr}
  33              		.cfi_def_cfa_offset 16
  34              		.cfi_offset 3, -16
  35              		.cfi_offset 4, -12
  36              		.cfi_offset 5, -8
  37              		.cfi_offset 14, -4
  36:tty_utils.c   ****     if (UART_GetRxBufferSize()) {
  38              		.loc 1 36 0
  39 0002 FFF7FEFF 		bl	UART_GetRxBufferSize
  40              	.LVL0:
  41 0006 90B1     		cbz	r0, .L2
  37:tty_utils.c   ****         rx_buf[rx_write_index] = UART_GetByte() ;
  42              		.loc 1 37 0
  43 0008 0A4C     		ldr	r4, .L5
  44 000a 2568     		ldr	r5, [r4]
  45 000c FFF7FEFF 		bl	UART_GetByte
  46              	.LVL1:
  47 0010 C0B2     		uxtb	r0, r0
  48 0012 094B     		ldr	r3, .L5+4
  49 0014 5855     		strb	r0, [r3, r5]
  38:tty_utils.c   ****         rx_write_index = (rx_write_index + 1) % RX_BUF_LEN ;
  50              		.loc 1 38 0
  51 0016 2268     		ldr	r2, [r4]
  52 0018 0132     		adds	r2, r2, #1
  53 001a 084B     		ldr	r3, .L5+8
  54 001c 1340     		ands	r3, r3, r2
  55 001e 002B     		cmp	r3, #0
  56 0020 03DA     		bge	.L3
  57 0022 013B     		subs	r3, r3, #1
  58 0024 63F07F03 		orn	r3, r3, #127
  59 0028 0133     		adds	r3, r3, #1
  60              	.L3:
  61 002a 024A     		ldr	r2, .L5
  62 002c 1360     		str	r3, [r2]
  63              	.L2:
  39:tty_utils.c   ****     }
  40:tty_utils.c   ****     tty_rx_int_ClearPending() ;
  64              		.loc 1 40 0
  65 002e FFF7FEFF 		bl	tty_rx_int_ClearPending
  66              	.LVL2:
  67 0032 38BD     		pop	{r3, r4, r5, pc}
  68              	.L6:
  69              		.align	2
  70              	.L5:
  71 0034 00000000 		.word	.LANCHOR0
  72 0038 00000000 		.word	rx_buf
  73 003c 7F000080 		.word	-2147483521
  74              		.cfi_endproc
ARM GAS  C:\Users\OLEKSA~1\AppData\Local\Temp\cc3pHple.s 			page 3


  75              	.LFE67:
  76              		.size	tty_rx_isr, .-tty_rx_isr
  77              		.section	.text.print,"ax",%progbits
  78              		.align	2
  79              		.global	print
  80              		.thumb
  81              		.thumb_func
  82              		.type	print, %function
  83              	print:
  84              	.LFB66:
  30:tty_utils.c   ****     UART_PutString(str) ; /* for PSoC 4 */
  85              		.loc 1 30 0
  86              		.cfi_startproc
  87              		@ args = 0, pretend = 0, frame = 0
  88              		@ frame_needed = 0, uses_anonymous_args = 0
  89              	.LVL3:
  90 0000 08B5     		push	{r3, lr}
  91              		.cfi_def_cfa_offset 8
  92              		.cfi_offset 3, -8
  93              		.cfi_offset 14, -4
  31:tty_utils.c   **** }
  94              		.loc 1 31 0
  95 0002 FFF7FEFF 		bl	UART_PutString
  96              	.LVL4:
  97 0006 08BD     		pop	{r3, pc}
  98              		.cfi_endproc
  99              	.LFE66:
 100              		.size	print, .-print
 101              		.section	.text.splash,"ax",%progbits
 102              		.align	2
 103              		.global	splash
 104              		.thumb
 105              		.thumb_func
 106              		.type	splash, %function
 107              	splash:
 108              	.LFB68:
  41:tty_utils.c   **** }
  42:tty_utils.c   **** 
  43:tty_utils.c   **** void splash(char *prog_name) 
  44:tty_utils.c   **** {
 109              		.loc 1 44 0
 110              		.cfi_startproc
 111              		@ args = 0, pretend = 0, frame = 0
 112              		@ frame_needed = 0, uses_anonymous_args = 0
 113              	.LVL5:
 114 0000 08B5     		push	{r3, lr}
 115              		.cfi_def_cfa_offset 8
 116              		.cfi_offset 3, -8
 117              		.cfi_offset 14, -4
  45:tty_utils.c   ****     if (prog_name && *prog_name) {
 118              		.loc 1 45 0
 119 0002 18B1     		cbz	r0, .L10
 120              		.loc 1 45 0 is_stmt 0 discriminator 1
 121 0004 0278     		ldrb	r2, [r0]	@ zero_extendqisi2
 122 0006 0AB1     		cbz	r2, .L10
  46:tty_utils.c   ****         print(prog_name) ;
 123              		.loc 1 46 0 is_stmt 1
ARM GAS  C:\Users\OLEKSA~1\AppData\Local\Temp\cc3pHple.s 			page 4


 124 0008 FFF7FEFF 		bl	print
 125              	.LVL6:
 126              	.L10:
  47:tty_utils.c   ****     } 
  48:tty_utils.c   ****     print(" (") ;
 127              		.loc 1 48 0
 128 000c 0748     		ldr	r0, .L12
 129 000e FFF7FEFF 		bl	print
 130              	.LVL7:
  49:tty_utils.c   ****     print(__DATE__) ;
 131              		.loc 1 49 0
 132 0012 0748     		ldr	r0, .L12+4
 133 0014 FFF7FEFF 		bl	print
 134              	.LVL8:
  50:tty_utils.c   ****     print(" ") ;
 135              		.loc 1 50 0
 136 0018 0648     		ldr	r0, .L12+8
 137 001a FFF7FEFF 		bl	print
 138              	.LVL9:
  51:tty_utils.c   ****     print(__TIME__) ;
 139              		.loc 1 51 0
 140 001e 0648     		ldr	r0, .L12+12
 141 0020 FFF7FEFF 		bl	print
 142              	.LVL10:
  52:tty_utils.c   ****     print(")\n") ;
 143              		.loc 1 52 0
 144 0024 0548     		ldr	r0, .L12+16
 145 0026 FFF7FEFF 		bl	print
 146              	.LVL11:
 147 002a 08BD     		pop	{r3, pc}
 148              	.L13:
 149              		.align	2
 150              	.L12:
 151 002c 00000000 		.word	.LC0
 152 0030 04000000 		.word	.LC1
 153 0034 10000000 		.word	.LC2
 154 0038 14000000 		.word	.LC3
 155 003c 20000000 		.word	.LC4
 156              		.cfi_endproc
 157              	.LFE68:
 158              		.size	splash, .-splash
 159              		.section	.text.prompt,"ax",%progbits
 160              		.align	2
 161              		.global	prompt
 162              		.thumb
 163              		.thumb_func
 164              		.type	prompt, %function
 165              	prompt:
 166              	.LFB69:
  53:tty_utils.c   **** }
  54:tty_utils.c   **** 
  55:tty_utils.c   **** void prompt(void)
  56:tty_utils.c   **** {
 167              		.loc 1 56 0
 168              		.cfi_startproc
 169              		@ args = 0, pretend = 0, frame = 0
 170              		@ frame_needed = 0, uses_anonymous_args = 0
ARM GAS  C:\Users\OLEKSA~1\AppData\Local\Temp\cc3pHple.s 			page 5


 171 0000 08B5     		push	{r3, lr}
 172              		.cfi_def_cfa_offset 8
 173              		.cfi_offset 3, -8
 174              		.cfi_offset 14, -4
  57:tty_utils.c   ****     print("> ") ;
 175              		.loc 1 57 0
 176 0002 0248     		ldr	r0, .L16
 177 0004 FFF7FEFF 		bl	print
 178              	.LVL12:
 179 0008 08BD     		pop	{r3, pc}
 180              	.L17:
 181 000a 00BF     		.align	2
 182              	.L16:
 183 000c 24000000 		.word	.LC5
 184              		.cfi_endproc
 185              	.LFE69:
 186              		.size	prompt, .-prompt
 187              		.section	.text.tty_init,"ax",%progbits
 188              		.align	2
 189              		.global	tty_init
 190              		.thumb
 191              		.thumb_func
 192              		.type	tty_init, %function
 193              	tty_init:
 194              	.LFB70:
  58:tty_utils.c   **** }
  59:tty_utils.c   **** 
  60:tty_utils.c   **** void tty_init(void)
  61:tty_utils.c   **** {
 195              		.loc 1 61 0
 196              		.cfi_startproc
 197              		@ args = 0, pretend = 0, frame = 0
 198              		@ frame_needed = 0, uses_anonymous_args = 0
 199 0000 08B5     		push	{r3, lr}
 200              		.cfi_def_cfa_offset 8
 201              		.cfi_offset 3, -8
 202              		.cfi_offset 14, -4
  62:tty_utils.c   ****     tty_rx_int_ClearPending() ;
 203              		.loc 1 62 0
 204 0002 FFF7FEFF 		bl	tty_rx_int_ClearPending
 205              	.LVL13:
  63:tty_utils.c   ****     tty_rx_int_StartEx(tty_rx_isr) ;
 206              		.loc 1 63 0
 207 0006 0348     		ldr	r0, .L20
 208 0008 FFF7FEFF 		bl	tty_rx_int_StartEx
 209              	.LVL14:
  64:tty_utils.c   ****     UART_Start() ;
 210              		.loc 1 64 0
 211 000c FFF7FEFF 		bl	UART_Start
 212              	.LVL15:
 213 0010 08BD     		pop	{r3, pc}
 214              	.L21:
 215 0012 00BF     		.align	2
 216              	.L20:
 217 0014 00000000 		.word	tty_rx_isr
 218              		.cfi_endproc
 219              	.LFE70:
ARM GAS  C:\Users\OLEKSA~1\AppData\Local\Temp\cc3pHple.s 			page 6


 220              		.size	tty_init, .-tty_init
 221              		.section	.text.get_string,"ax",%progbits
 222              		.align	2
 223              		.global	get_string
 224              		.thumb
 225              		.thumb_func
 226              		.type	get_string, %function
 227              	get_string:
 228              	.LFB71:
  65:tty_utils.c   **** }
  66:tty_utils.c   **** 
  67:tty_utils.c   **** int get_string(void)
  68:tty_utils.c   **** {
 229              		.loc 1 68 0
 230              		.cfi_startproc
 231              		@ args = 0, pretend = 0, frame = 0
 232              		@ frame_needed = 0, uses_anonymous_args = 0
 233              		@ link register save eliminated.
 234              	.LVL16:
  69:tty_utils.c   ****     int result = 0 ;
  70:tty_utils.c   ****     
  71:tty_utils.c   ****     if (rx_read_index != rx_write_index) {
 235              		.loc 1 71 0
 236 0000 214B     		ldr	r3, .L34
 237 0002 5A68     		ldr	r2, [r3, #4]
 238 0004 1B68     		ldr	r3, [r3]
 239 0006 9A42     		cmp	r2, r3
 240 0008 3CD0     		beq	.L28
  72:tty_utils.c   ****         if (is_delimiter(rx_buf[rx_read_index])) {
 241              		.loc 1 72 0
 242 000a 204B     		ldr	r3, .L34+4
 243 000c 9B5C     		ldrb	r3, [r3, r2]	@ zero_extendqisi2
 244 000e DBB2     		uxtb	r3, r3
 245              	.LVL17:
 246              	.LBB6:
 247              	.LBB7:
  21:tty_utils.c   **** }
 248              		.loc 1 21 0
 249 0010 092B     		cmp	r3, #9
 250 0012 07D0     		beq	.L29
 251 0014 202B     		cmp	r3, #32
 252 0016 07D0     		beq	.L30
 253 0018 0D2B     		cmp	r3, #13
 254 001a 07D0     		beq	.L31
 255 001c 0A2B     		cmp	r3, #10
 256 001e 07D1     		bne	.L32
 257 0020 0123     		movs	r3, #1
 258              	.LVL18:
 259 0022 06E0     		b	.L24
 260              	.LVL19:
 261              	.L29:
 262 0024 0123     		movs	r3, #1
 263              	.LVL20:
 264 0026 04E0     		b	.L24
 265              	.LVL21:
 266              	.L30:
 267 0028 0123     		movs	r3, #1
ARM GAS  C:\Users\OLEKSA~1\AppData\Local\Temp\cc3pHple.s 			page 7


 268              	.LVL22:
 269 002a 02E0     		b	.L24
 270              	.LVL23:
 271              	.L31:
 272 002c 0123     		movs	r3, #1
 273              	.LVL24:
 274 002e 00E0     		b	.L24
 275              	.LVL25:
 276              	.L32:
 277 0030 0023     		movs	r3, #0
 278              	.LVL26:
 279              	.L24:
 280              	.LBE7:
 281              	.LBE6:
 282              		.loc 1 72 0
 283 0032 33B1     		cbz	r3, .L25
  73:tty_utils.c   ****             str[str_buf_index] = (char)NULL ;
 284              		.loc 1 73 0
 285 0034 144B     		ldr	r3, .L34
 286 0036 9868     		ldr	r0, [r3, #8]
 287 0038 0022     		movs	r2, #0
 288 003a 1549     		ldr	r1, .L34+8
 289 003c 0A54     		strb	r2, [r1, r0]
 290              	.LVL27:
  74:tty_utils.c   ****             result = str_buf_index ;
  75:tty_utils.c   ****             str_buf_index = 0 ;
 291              		.loc 1 75 0
 292 003e 9A60     		str	r2, [r3, #8]
 293 0040 12E0     		b	.L26
 294              	.LVL28:
 295              	.L25:
  76:tty_utils.c   ****         } else {
  77:tty_utils.c   ****             str[str_buf_index++] = rx_buf[rx_read_index] ;
 296              		.loc 1 77 0
 297 0042 1148     		ldr	r0, .L34
 298 0044 8168     		ldr	r1, [r0, #8]
 299 0046 4B1C     		adds	r3, r1, #1
 300 0048 8360     		str	r3, [r0, #8]
 301 004a 1048     		ldr	r0, .L34+4
 302 004c 805C     		ldrb	r0, [r0, r2]	@ zero_extendqisi2
 303 004e 104A     		ldr	r2, .L34+8
 304 0050 5054     		strb	r0, [r2, r1]
  78:tty_utils.c   ****             if (str_buf_index >= STR_BUF_LEN) {
 305              		.loc 1 78 0
 306 0052 3F2B     		cmp	r3, #63
 307 0054 07DD     		ble	.L33
  79:tty_utils.c   ****                 str[STR_BUF_LEN] = (char)NULL ;
 308              		.loc 1 79 0
 309 0056 0023     		movs	r3, #0
 310 0058 82F84030 		strb	r3, [r2, #64]
  80:tty_utils.c   ****                 str_buf_index = 0 ;
 311              		.loc 1 80 0
 312 005c 0A4A     		ldr	r2, .L34
 313 005e 9360     		str	r3, [r2, #8]
 314              	.LVL29:
  81:tty_utils.c   ****                 result = -1 ; /* str buf overflow */
 315              		.loc 1 81 0
ARM GAS  C:\Users\OLEKSA~1\AppData\Local\Temp\cc3pHple.s 			page 8


 316 0060 4FF0FF30 		mov	r0, #-1
 317 0064 00E0     		b	.L26
 318              	.LVL30:
 319              	.L33:
  69:tty_utils.c   ****     
 320              		.loc 1 69 0
 321 0066 0020     		movs	r0, #0
 322              	.LVL31:
 323              	.L26:
  82:tty_utils.c   ****             }
  83:tty_utils.c   ****         }
  84:tty_utils.c   ****         rx_read_index = (rx_read_index + 1) % RX_BUF_LEN ;
 324              		.loc 1 84 0
 325 0068 074B     		ldr	r3, .L34
 326 006a 5A68     		ldr	r2, [r3, #4]
 327 006c 0132     		adds	r2, r2, #1
 328 006e 094B     		ldr	r3, .L34+12
 329 0070 1340     		ands	r3, r3, r2
 330 0072 002B     		cmp	r3, #0
 331 0074 03DA     		bge	.L27
 332 0076 013B     		subs	r3, r3, #1
 333 0078 63F07F03 		orn	r3, r3, #127
 334 007c 0133     		adds	r3, r3, #1
 335              	.L27:
 336 007e 024A     		ldr	r2, .L34
 337 0080 5360     		str	r3, [r2, #4]
 338 0082 7047     		bx	lr
 339              	.LVL32:
 340              	.L28:
  69:tty_utils.c   ****     
 341              		.loc 1 69 0
 342 0084 0020     		movs	r0, #0
 343              	.LVL33:
  85:tty_utils.c   ****     }
  86:tty_utils.c   ****     return( result ) ;
  87:tty_utils.c   **** }
 344              		.loc 1 87 0
 345 0086 7047     		bx	lr
 346              	.L35:
 347              		.align	2
 348              	.L34:
 349 0088 00000000 		.word	.LANCHOR0
 350 008c 00000000 		.word	rx_buf
 351 0090 00000000 		.word	str
 352 0094 7F000080 		.word	-2147483521
 353              		.cfi_endproc
 354              	.LFE71:
 355              		.size	get_string, .-get_string
 356              		.section	.text.get_line,"ax",%progbits
 357              		.align	2
 358              		.global	get_line
 359              		.thumb
 360              		.thumb_func
 361              		.type	get_line, %function
 362              	get_line:
 363              	.LFB72:
  88:tty_utils.c   **** 
ARM GAS  C:\Users\OLEKSA~1\AppData\Local\Temp\cc3pHple.s 			page 9


  89:tty_utils.c   **** int get_line(void)
  90:tty_utils.c   **** {
 364              		.loc 1 90 0
 365              		.cfi_startproc
 366              		@ args = 0, pretend = 0, frame = 0
 367              		@ frame_needed = 0, uses_anonymous_args = 0
 368              		@ link register save eliminated.
 369              	.LVL34:
  91:tty_utils.c   ****     int result = 0 ;
  92:tty_utils.c   ****     
  93:tty_utils.c   ****     if (rx_read_index != rx_write_index) {
 370              		.loc 1 93 0
 371 0000 1D4B     		ldr	r3, .L46
 372 0002 5A68     		ldr	r2, [r3, #4]
 373 0004 1B68     		ldr	r3, [r3]
 374 0006 9A42     		cmp	r2, r3
 375 0008 34D0     		beq	.L42
  94:tty_utils.c   ****         if (is_eol(rx_buf[rx_read_index])) {
 376              		.loc 1 94 0
 377 000a 1C4B     		ldr	r3, .L46+4
 378 000c 9B5C     		ldrb	r3, [r3, r2]	@ zero_extendqisi2
 379 000e DBB2     		uxtb	r3, r3
 380              	.LVL35:
 381              	.LBB8:
 382              	.LBB9:
  26:tty_utils.c   **** }
 383              		.loc 1 26 0
 384 0010 0D2B     		cmp	r3, #13
 385 0012 03D0     		beq	.L43
 386 0014 0A2B     		cmp	r3, #10
 387 0016 03D1     		bne	.L44
 388 0018 0123     		movs	r3, #1
 389              	.LVL36:
 390 001a 02E0     		b	.L38
 391              	.LVL37:
 392              	.L43:
 393 001c 0123     		movs	r3, #1
 394              	.LVL38:
 395 001e 00E0     		b	.L38
 396              	.LVL39:
 397              	.L44:
 398 0020 0023     		movs	r3, #0
 399              	.LVL40:
 400              	.L38:
 401              	.LBE9:
 402              	.LBE8:
 403              		.loc 1 94 0
 404 0022 33B1     		cbz	r3, .L39
  95:tty_utils.c   ****             str[str_buf_index] = (char)NULL ;
 405              		.loc 1 95 0
 406 0024 144B     		ldr	r3, .L46
 407 0026 9868     		ldr	r0, [r3, #8]
 408 0028 0022     		movs	r2, #0
 409 002a 1549     		ldr	r1, .L46+8
 410 002c 0A54     		strb	r2, [r1, r0]
 411              	.LVL41:
  96:tty_utils.c   ****             result = str_buf_index ;
ARM GAS  C:\Users\OLEKSA~1\AppData\Local\Temp\cc3pHple.s 			page 10


  97:tty_utils.c   ****             str_buf_index = 0 ;
 412              		.loc 1 97 0
 413 002e 9A60     		str	r2, [r3, #8]
 414 0030 12E0     		b	.L40
 415              	.LVL42:
 416              	.L39:
  98:tty_utils.c   ****         } else {
  99:tty_utils.c   ****             str[str_buf_index++] = rx_buf[rx_read_index] ;
 417              		.loc 1 99 0
 418 0032 1148     		ldr	r0, .L46
 419 0034 8168     		ldr	r1, [r0, #8]
 420 0036 4B1C     		adds	r3, r1, #1
 421 0038 8360     		str	r3, [r0, #8]
 422 003a 1048     		ldr	r0, .L46+4
 423 003c 805C     		ldrb	r0, [r0, r2]	@ zero_extendqisi2
 424 003e 104A     		ldr	r2, .L46+8
 425 0040 5054     		strb	r0, [r2, r1]
 100:tty_utils.c   ****             if (str_buf_index >= STR_BUF_LEN) {
 426              		.loc 1 100 0
 427 0042 3F2B     		cmp	r3, #63
 428 0044 07DD     		ble	.L45
 101:tty_utils.c   ****                 str[STR_BUF_LEN] = (char)NULL ;
 429              		.loc 1 101 0
 430 0046 0023     		movs	r3, #0
 431 0048 82F84030 		strb	r3, [r2, #64]
 102:tty_utils.c   ****                 str_buf_index = 0 ;
 432              		.loc 1 102 0
 433 004c 0A4A     		ldr	r2, .L46
 434 004e 9360     		str	r3, [r2, #8]
 435              	.LVL43:
 103:tty_utils.c   ****                 result = -1 ; /* str buf overflow */
 436              		.loc 1 103 0
 437 0050 4FF0FF30 		mov	r0, #-1
 438 0054 00E0     		b	.L40
 439              	.LVL44:
 440              	.L45:
  91:tty_utils.c   ****     
 441              		.loc 1 91 0
 442 0056 0020     		movs	r0, #0
 443              	.LVL45:
 444              	.L40:
 104:tty_utils.c   ****             }
 105:tty_utils.c   ****         }
 106:tty_utils.c   ****         rx_read_index = (rx_read_index + 1) % RX_BUF_LEN ;
 445              		.loc 1 106 0
 446 0058 074B     		ldr	r3, .L46
 447 005a 5A68     		ldr	r2, [r3, #4]
 448 005c 0132     		adds	r2, r2, #1
 449 005e 094B     		ldr	r3, .L46+12
 450 0060 1340     		ands	r3, r3, r2
 451 0062 002B     		cmp	r3, #0
 452 0064 03DA     		bge	.L41
 453 0066 013B     		subs	r3, r3, #1
 454 0068 63F07F03 		orn	r3, r3, #127
 455 006c 0133     		adds	r3, r3, #1
 456              	.L41:
 457 006e 024A     		ldr	r2, .L46
ARM GAS  C:\Users\OLEKSA~1\AppData\Local\Temp\cc3pHple.s 			page 11


 458 0070 5360     		str	r3, [r2, #4]
 459 0072 7047     		bx	lr
 460              	.LVL46:
 461              	.L42:
  91:tty_utils.c   ****     
 462              		.loc 1 91 0
 463 0074 0020     		movs	r0, #0
 464              	.LVL47:
 107:tty_utils.c   ****     }
 108:tty_utils.c   ****     return( result ) ;
 109:tty_utils.c   **** }
 465              		.loc 1 109 0
 466 0076 7047     		bx	lr
 467              	.L47:
 468              		.align	2
 469              	.L46:
 470 0078 00000000 		.word	.LANCHOR0
 471 007c 00000000 		.word	rx_buf
 472 0080 00000000 		.word	str
 473 0084 7F000080 		.word	-2147483521
 474              		.cfi_endproc
 475              	.LFE72:
 476              		.size	get_line, .-get_line
 477              		.comm	str,65,4
 478              		.global	str_buf_index
 479              		.global	rx_read_index
 480              		.global	rx_write_index
 481              		.comm	rx_buf,128,4
 482              		.section	.rodata.str1.4,"aMS",%progbits,1
 483              		.align	2
 484              	.LC0:
 485 0000 202800   		.ascii	" (\000"
 486 0003 00       		.space	1
 487              	.LC1:
 488 0004 44656320 		.ascii	"Dec 28 2021\000"
 488      32382032 
 488      30323100 
 489              	.LC2:
 490 0010 2000     		.ascii	" \000"
 491 0012 0000     		.space	2
 492              	.LC3:
 493 0014 31323A33 		.ascii	"12:37:10\000"
 493      373A3130 
 493      00
 494 001d 000000   		.space	3
 495              	.LC4:
 496 0020 290A00   		.ascii	")\012\000"
 497 0023 00       		.space	1
 498              	.LC5:
 499 0024 3E2000   		.ascii	"> \000"
 500              		.bss
 501              		.align	2
 502              		.set	.LANCHOR0,. + 0
 503              		.type	rx_write_index, %object
 504              		.size	rx_write_index, 4
 505              	rx_write_index:
 506 0000 00000000 		.space	4
ARM GAS  C:\Users\OLEKSA~1\AppData\Local\Temp\cc3pHple.s 			page 12


 507              		.type	rx_read_index, %object
 508              		.size	rx_read_index, 4
 509              	rx_read_index:
 510 0004 00000000 		.space	4
 511              		.type	str_buf_index, %object
 512              		.size	str_buf_index, 4
 513              	str_buf_index:
 514 0008 00000000 		.space	4
 515              		.text
 516              	.Letext0:
 517              		.file 2 "c:\\program files (x86)\\cypress\\psoc creator\\4.4\\psoc creator\\import\\gnu\\arm\\5.4.
 518              		.file 3 "c:\\program files (x86)\\cypress\\psoc creator\\4.4\\psoc creator\\import\\gnu\\arm\\5.4.
 519              		.file 4 "Generated_Source\\PSoC5/core_cm3.h"
 520              		.file 5 "Generated_Source\\PSoC5/UART.h"
 521              		.file 6 "Generated_Source\\PSoC5/tty_rx_int.h"
 522              		.section	.debug_info,"",%progbits
 523              	.Ldebug_info0:
 524 0000 AE030000 		.4byte	0x3ae
 525 0004 0400     		.2byte	0x4
 526 0006 00000000 		.4byte	.Ldebug_abbrev0
 527 000a 04       		.byte	0x4
 528 000b 01       		.uleb128 0x1
 529 000c 63000000 		.4byte	.LASF38
 530 0010 0C       		.byte	0xc
 531 0011 38000000 		.4byte	.LASF39
 532 0015 0D020000 		.4byte	.LASF40
 533 0019 00000000 		.4byte	.Ldebug_ranges0+0
 534 001d 00000000 		.4byte	0
 535 0021 00000000 		.4byte	.Ldebug_line0
 536 0025 02       		.uleb128 0x2
 537 0026 01       		.byte	0x1
 538 0027 06       		.byte	0x6
 539 0028 86020000 		.4byte	.LASF0
 540 002c 02       		.uleb128 0x2
 541 002d 01       		.byte	0x1
 542 002e 08       		.byte	0x8
 543 002f 55000000 		.4byte	.LASF1
 544 0033 02       		.uleb128 0x2
 545 0034 02       		.byte	0x2
 546 0035 05       		.byte	0x5
 547 0036 FC010000 		.4byte	.LASF2
 548 003a 02       		.uleb128 0x2
 549 003b 02       		.byte	0x2
 550 003c 07       		.byte	0x7
 551 003d 20010000 		.4byte	.LASF3
 552 0041 03       		.uleb128 0x3
 553 0042 10000000 		.4byte	.LASF9
 554 0046 02       		.byte	0x2
 555 0047 3F       		.byte	0x3f
 556 0048 4C000000 		.4byte	0x4c
 557 004c 02       		.uleb128 0x2
 558 004d 04       		.byte	0x4
 559 004e 05       		.byte	0x5
 560 004f 6C020000 		.4byte	.LASF4
 561 0053 02       		.uleb128 0x2
 562 0054 04       		.byte	0x4
 563 0055 07       		.byte	0x7
ARM GAS  C:\Users\OLEKSA~1\AppData\Local\Temp\cc3pHple.s 			page 13


 564 0056 00010000 		.4byte	.LASF5
 565 005a 02       		.uleb128 0x2
 566 005b 08       		.byte	0x8
 567 005c 05       		.byte	0x5
 568 005d D2010000 		.4byte	.LASF6
 569 0061 02       		.uleb128 0x2
 570 0062 08       		.byte	0x8
 571 0063 07       		.byte	0x7
 572 0064 9C010000 		.4byte	.LASF7
 573 0068 04       		.uleb128 0x4
 574 0069 04       		.byte	0x4
 575 006a 05       		.byte	0x5
 576 006b 696E7400 		.ascii	"int\000"
 577 006f 02       		.uleb128 0x2
 578 0070 04       		.byte	0x4
 579 0071 07       		.byte	0x7
 580 0072 8F010000 		.4byte	.LASF8
 581 0076 03       		.uleb128 0x3
 582 0077 BA010000 		.4byte	.LASF10
 583 007b 03       		.byte	0x3
 584 007c 2C       		.byte	0x2c
 585 007d 41000000 		.4byte	0x41
 586 0081 02       		.uleb128 0x2
 587 0082 04       		.byte	0x4
 588 0083 04       		.byte	0x4
 589 0084 44000000 		.4byte	.LASF11
 590 0088 02       		.uleb128 0x2
 591 0089 08       		.byte	0x8
 592 008a 04       		.byte	0x4
 593 008b 55010000 		.4byte	.LASF12
 594 008f 02       		.uleb128 0x2
 595 0090 01       		.byte	0x1
 596 0091 08       		.byte	0x8
 597 0092 75020000 		.4byte	.LASF13
 598 0096 02       		.uleb128 0x2
 599 0097 08       		.byte	0x8
 600 0098 04       		.byte	0x4
 601 0099 7A020000 		.4byte	.LASF14
 602 009d 02       		.uleb128 0x2
 603 009e 04       		.byte	0x4
 604 009f 07       		.byte	0x7
 605 00a0 C2010000 		.4byte	.LASF15
 606 00a4 05       		.uleb128 0x5
 607 00a5 04       		.byte	0x4
 608 00a6 8F000000 		.4byte	0x8f
 609 00aa 06       		.uleb128 0x6
 610 00ab E0010000 		.4byte	.LASF16
 611 00af 01       		.byte	0x1
 612 00b0 13       		.byte	0x13
 613 00b1 68000000 		.4byte	0x68
 614 00b5 03       		.byte	0x3
 615 00b6 C4000000 		.4byte	0xc4
 616 00ba 07       		.uleb128 0x7
 617 00bb 6300     		.ascii	"c\000"
 618 00bd 01       		.byte	0x1
 619 00be 13       		.byte	0x13
 620 00bf 8F000000 		.4byte	0x8f
ARM GAS  C:\Users\OLEKSA~1\AppData\Local\Temp\cc3pHple.s 			page 14


 621 00c3 00       		.byte	0
 622 00c4 06       		.uleb128 0x6
 623 00c5 A1020000 		.4byte	.LASF17
 624 00c9 01       		.byte	0x1
 625 00ca 18       		.byte	0x18
 626 00cb 68000000 		.4byte	0x68
 627 00cf 03       		.byte	0x3
 628 00d0 DE000000 		.4byte	0xde
 629 00d4 07       		.uleb128 0x7
 630 00d5 6300     		.ascii	"c\000"
 631 00d7 01       		.byte	0x1
 632 00d8 18       		.byte	0x18
 633 00d9 8F000000 		.4byte	0x8f
 634 00dd 00       		.byte	0
 635 00de 08       		.uleb128 0x8
 636 00df 4A000000 		.4byte	.LASF18
 637 00e3 01       		.byte	0x1
 638 00e4 22       		.byte	0x22
 639 00e5 00000000 		.4byte	.LFB67
 640 00e9 40000000 		.4byte	.LFE67-.LFB67
 641 00ed 01       		.uleb128 0x1
 642 00ee 9C       		.byte	0x9c
 643 00ef 0F010000 		.4byte	0x10f
 644 00f3 09       		.uleb128 0x9
 645 00f4 06000000 		.4byte	.LVL0
 646 00f8 6F030000 		.4byte	0x36f
 647 00fc 09       		.uleb128 0x9
 648 00fd 10000000 		.4byte	.LVL1
 649 0101 7A030000 		.4byte	0x37a
 650 0105 09       		.uleb128 0x9
 651 0106 32000000 		.4byte	.LVL2
 652 010a 85030000 		.4byte	0x385
 653 010e 00       		.byte	0
 654 010f 08       		.uleb128 0x8
 655 0110 F6010000 		.4byte	.LASF19
 656 0114 01       		.byte	0x1
 657 0115 1D       		.byte	0x1d
 658 0116 00000000 		.4byte	.LFB66
 659 011a 08000000 		.4byte	.LFE66-.LFB66
 660 011e 01       		.uleb128 0x1
 661 011f 9C       		.byte	0x9c
 662 0120 45010000 		.4byte	0x145
 663 0124 0A       		.uleb128 0xa
 664 0125 73747200 		.ascii	"str\000"
 665 0129 01       		.byte	0x1
 666 012a 1D       		.byte	0x1d
 667 012b A4000000 		.4byte	0xa4
 668 012f 00000000 		.4byte	.LLST0
 669 0133 0B       		.uleb128 0xb
 670 0134 06000000 		.4byte	.LVL4
 671 0138 90030000 		.4byte	0x390
 672 013c 0C       		.uleb128 0xc
 673 013d 01       		.uleb128 0x1
 674 013e 50       		.byte	0x50
 675 013f 03       		.uleb128 0x3
 676 0140 F3       		.byte	0xf3
 677 0141 01       		.uleb128 0x1
ARM GAS  C:\Users\OLEKSA~1\AppData\Local\Temp\cc3pHple.s 			page 15


 678 0142 50       		.byte	0x50
 679 0143 00       		.byte	0
 680 0144 00       		.byte	0
 681 0145 08       		.uleb128 0x8
 682 0146 06020000 		.4byte	.LASF20
 683 014a 01       		.byte	0x1
 684 014b 2B       		.byte	0x2b
 685 014c 00000000 		.4byte	.LFB68
 686 0150 40000000 		.4byte	.LFE68-.LFB68
 687 0154 01       		.uleb128 0x1
 688 0155 9C       		.byte	0x9c
 689 0156 EE010000 		.4byte	0x1ee
 690 015a 0D       		.uleb128 0xd
 691 015b 4B010000 		.4byte	.LASF21
 692 015f 01       		.byte	0x1
 693 0160 2B       		.byte	0x2b
 694 0161 A4000000 		.4byte	0xa4
 695 0165 21000000 		.4byte	.LLST1
 696 0169 0E       		.uleb128 0xe
 697 016a 0C000000 		.4byte	.LVL6
 698 016e 0F010000 		.4byte	0x10f
 699 0172 7E010000 		.4byte	0x17e
 700 0176 0C       		.uleb128 0xc
 701 0177 01       		.uleb128 0x1
 702 0178 50       		.byte	0x50
 703 0179 03       		.uleb128 0x3
 704 017a F3       		.byte	0xf3
 705 017b 01       		.uleb128 0x1
 706 017c 50       		.byte	0x50
 707 017d 00       		.byte	0
 708 017e 0E       		.uleb128 0xe
 709 017f 12000000 		.4byte	.LVL7
 710 0183 0F010000 		.4byte	0x10f
 711 0187 95010000 		.4byte	0x195
 712 018b 0C       		.uleb128 0xc
 713 018c 01       		.uleb128 0x1
 714 018d 50       		.byte	0x50
 715 018e 05       		.uleb128 0x5
 716 018f 03       		.byte	0x3
 717 0190 00000000 		.4byte	.LC0
 718 0194 00       		.byte	0
 719 0195 0E       		.uleb128 0xe
 720 0196 18000000 		.4byte	.LVL8
 721 019a 0F010000 		.4byte	0x10f
 722 019e AC010000 		.4byte	0x1ac
 723 01a2 0C       		.uleb128 0xc
 724 01a3 01       		.uleb128 0x1
 725 01a4 50       		.byte	0x50
 726 01a5 05       		.uleb128 0x5
 727 01a6 03       		.byte	0x3
 728 01a7 04000000 		.4byte	.LC1
 729 01ab 00       		.byte	0
 730 01ac 0E       		.uleb128 0xe
 731 01ad 1E000000 		.4byte	.LVL9
 732 01b1 0F010000 		.4byte	0x10f
 733 01b5 C3010000 		.4byte	0x1c3
 734 01b9 0C       		.uleb128 0xc
ARM GAS  C:\Users\OLEKSA~1\AppData\Local\Temp\cc3pHple.s 			page 16


 735 01ba 01       		.uleb128 0x1
 736 01bb 50       		.byte	0x50
 737 01bc 05       		.uleb128 0x5
 738 01bd 03       		.byte	0x3
 739 01be 10000000 		.4byte	.LC2
 740 01c2 00       		.byte	0
 741 01c3 0E       		.uleb128 0xe
 742 01c4 24000000 		.4byte	.LVL10
 743 01c8 0F010000 		.4byte	0x10f
 744 01cc DA010000 		.4byte	0x1da
 745 01d0 0C       		.uleb128 0xc
 746 01d1 01       		.uleb128 0x1
 747 01d2 50       		.byte	0x50
 748 01d3 05       		.uleb128 0x5
 749 01d4 03       		.byte	0x3
 750 01d5 14000000 		.4byte	.LC3
 751 01d9 00       		.byte	0
 752 01da 0B       		.uleb128 0xb
 753 01db 2A000000 		.4byte	.LVL11
 754 01df 0F010000 		.4byte	0x10f
 755 01e3 0C       		.uleb128 0xc
 756 01e4 01       		.uleb128 0x1
 757 01e5 50       		.byte	0x50
 758 01e6 05       		.uleb128 0x5
 759 01e7 03       		.byte	0x3
 760 01e8 20000000 		.4byte	.LC4
 761 01ec 00       		.byte	0
 762 01ed 00       		.byte	0
 763 01ee 08       		.uleb128 0x8
 764 01ef CB010000 		.4byte	.LASF22
 765 01f3 01       		.byte	0x1
 766 01f4 37       		.byte	0x37
 767 01f5 00000000 		.4byte	.LFB69
 768 01f9 10000000 		.4byte	.LFE69-.LFB69
 769 01fd 01       		.uleb128 0x1
 770 01fe 9C       		.byte	0x9c
 771 01ff 17020000 		.4byte	0x217
 772 0203 0B       		.uleb128 0xb
 773 0204 08000000 		.4byte	.LVL12
 774 0208 0F010000 		.4byte	0x10f
 775 020c 0C       		.uleb128 0xc
 776 020d 01       		.uleb128 0x1
 777 020e 50       		.byte	0x50
 778 020f 05       		.uleb128 0x5
 779 0210 03       		.byte	0x3
 780 0211 24000000 		.4byte	.LC5
 781 0215 00       		.byte	0
 782 0216 00       		.byte	0
 783 0217 08       		.uleb128 0x8
 784 0218 ED010000 		.4byte	.LASF23
 785 021c 01       		.byte	0x1
 786 021d 3C       		.byte	0x3c
 787 021e 00000000 		.4byte	.LFB70
 788 0222 18000000 		.4byte	.LFE70-.LFB70
 789 0226 01       		.uleb128 0x1
 790 0227 9C       		.byte	0x9c
 791 0228 56020000 		.4byte	0x256
ARM GAS  C:\Users\OLEKSA~1\AppData\Local\Temp\cc3pHple.s 			page 17


 792 022c 09       		.uleb128 0x9
 793 022d 06000000 		.4byte	.LVL13
 794 0231 85030000 		.4byte	0x385
 795 0235 0E       		.uleb128 0xe
 796 0236 0C000000 		.4byte	.LVL14
 797 023a 9B030000 		.4byte	0x39b
 798 023e 4C020000 		.4byte	0x24c
 799 0242 0C       		.uleb128 0xc
 800 0243 01       		.uleb128 0x1
 801 0244 50       		.byte	0x50
 802 0245 05       		.uleb128 0x5
 803 0246 03       		.byte	0x3
 804 0247 00000000 		.4byte	tty_rx_isr
 805 024b 00       		.byte	0
 806 024c 09       		.uleb128 0x9
 807 024d 10000000 		.4byte	.LVL15
 808 0251 A6030000 		.4byte	0x3a6
 809 0255 00       		.byte	0
 810 0256 0F       		.uleb128 0xf
 811 0257 1A000000 		.4byte	.LASF24
 812 025b 01       		.byte	0x1
 813 025c 43       		.byte	0x43
 814 025d 68000000 		.4byte	0x68
 815 0261 00000000 		.4byte	.LFB71
 816 0265 98000000 		.4byte	.LFE71-.LFB71
 817 0269 01       		.uleb128 0x1
 818 026a 9C       		.byte	0x9c
 819 026b 98020000 		.4byte	0x298
 820 026f 10       		.uleb128 0x10
 821 0270 B3010000 		.4byte	.LASF26
 822 0274 01       		.byte	0x1
 823 0275 45       		.byte	0x45
 824 0276 68000000 		.4byte	0x68
 825 027a 42000000 		.4byte	.LLST2
 826 027e 11       		.uleb128 0x11
 827 027f AA000000 		.4byte	0xaa
 828 0283 10000000 		.4byte	.LBB6
 829 0287 22000000 		.4byte	.LBE6-.LBB6
 830 028b 01       		.byte	0x1
 831 028c 48       		.byte	0x48
 832 028d 12       		.uleb128 0x12
 833 028e BA000000 		.4byte	0xba
 834 0292 A8000000 		.4byte	.LLST3
 835 0296 00       		.byte	0
 836 0297 00       		.byte	0
 837 0298 0F       		.uleb128 0xf
 838 0299 00000000 		.4byte	.LASF25
 839 029d 01       		.byte	0x1
 840 029e 59       		.byte	0x59
 841 029f 68000000 		.4byte	0x68
 842 02a3 00000000 		.4byte	.LFB72
 843 02a7 88000000 		.4byte	.LFE72-.LFB72
 844 02ab 01       		.uleb128 0x1
 845 02ac 9C       		.byte	0x9c
 846 02ad DA020000 		.4byte	0x2da
 847 02b1 10       		.uleb128 0x10
 848 02b2 B3010000 		.4byte	.LASF26
ARM GAS  C:\Users\OLEKSA~1\AppData\Local\Temp\cc3pHple.s 			page 18


 849 02b6 01       		.byte	0x1
 850 02b7 5B       		.byte	0x5b
 851 02b8 68000000 		.4byte	0x68
 852 02bc E7000000 		.4byte	.LLST4
 853 02c0 11       		.uleb128 0x11
 854 02c1 C4000000 		.4byte	0xc4
 855 02c5 10000000 		.4byte	.LBB8
 856 02c9 12000000 		.4byte	.LBE8-.LBB8
 857 02cd 01       		.byte	0x1
 858 02ce 5E       		.byte	0x5e
 859 02cf 12       		.uleb128 0x12
 860 02d0 D4000000 		.4byte	0xd4
 861 02d4 4D010000 		.4byte	.LLST5
 862 02d8 00       		.byte	0
 863 02d9 00       		.byte	0
 864 02da 13       		.uleb128 0x13
 865 02db 3E010000 		.4byte	.LASF27
 866 02df 04       		.byte	0x4
 867 02e0 1207     		.2byte	0x712
 868 02e2 E6020000 		.4byte	0x2e6
 869 02e6 14       		.uleb128 0x14
 870 02e7 76000000 		.4byte	0x76
 871 02eb 15       		.uleb128 0x15
 872 02ec 8F000000 		.4byte	0x8f
 873 02f0 FB020000 		.4byte	0x2fb
 874 02f4 16       		.uleb128 0x16
 875 02f5 9D000000 		.4byte	0x9d
 876 02f9 40       		.byte	0x40
 877 02fa 00       		.byte	0
 878 02fb 17       		.uleb128 0x17
 879 02fc 73747200 		.ascii	"str\000"
 880 0300 01       		.byte	0x1
 881 0301 11       		.byte	0x11
 882 0302 EB020000 		.4byte	0x2eb
 883 0306 05       		.uleb128 0x5
 884 0307 03       		.byte	0x3
 885 0308 00000000 		.4byte	str
 886 030c 15       		.uleb128 0x15
 887 030d 1C030000 		.4byte	0x31c
 888 0311 1C030000 		.4byte	0x31c
 889 0315 16       		.uleb128 0x16
 890 0316 9D000000 		.4byte	0x9d
 891 031a 7F       		.byte	0x7f
 892 031b 00       		.byte	0
 893 031c 14       		.uleb128 0x14
 894 031d 8F000000 		.4byte	0x8f
 895 0321 18       		.uleb128 0x18
 896 0322 09000000 		.4byte	.LASF28
 897 0326 01       		.byte	0x1
 898 0327 0D       		.byte	0xd
 899 0328 32030000 		.4byte	0x332
 900 032c 05       		.uleb128 0x5
 901 032d 03       		.byte	0x3
 902 032e 00000000 		.4byte	rx_buf
 903 0332 14       		.uleb128 0x14
 904 0333 0C030000 		.4byte	0x30c
 905 0337 18       		.uleb128 0x18
ARM GAS  C:\Users\OLEKSA~1\AppData\Local\Temp\cc3pHple.s 			page 19


 906 0338 F1000000 		.4byte	.LASF29
 907 033c 01       		.byte	0x1
 908 033d 0E       		.byte	0xe
 909 033e 48030000 		.4byte	0x348
 910 0342 05       		.uleb128 0x5
 911 0343 03       		.byte	0x3
 912 0344 00000000 		.4byte	rx_write_index
 913 0348 14       		.uleb128 0x14
 914 0349 68000000 		.4byte	0x68
 915 034d 18       		.uleb128 0x18
 916 034e 5C010000 		.4byte	.LASF30
 917 0352 01       		.byte	0x1
 918 0353 0F       		.byte	0xf
 919 0354 68000000 		.4byte	0x68
 920 0358 05       		.uleb128 0x5
 921 0359 03       		.byte	0x3
 922 035a 00000000 		.4byte	rx_read_index
 923 035e 18       		.uleb128 0x18
 924 035f 12010000 		.4byte	.LASF31
 925 0363 01       		.byte	0x1
 926 0364 10       		.byte	0x10
 927 0365 68000000 		.4byte	0x68
 928 0369 05       		.uleb128 0x5
 929 036a 03       		.byte	0x3
 930 036b 00000000 		.4byte	str_buf_index
 931 036f 19       		.uleb128 0x19
 932 0370 57020000 		.4byte	.LASF32
 933 0374 57020000 		.4byte	.LASF32
 934 0378 05       		.byte	0x5
 935 0379 73       		.byte	0x73
 936 037a 19       		.uleb128 0x19
 937 037b 6A010000 		.4byte	.LASF33
 938 037f 6A010000 		.4byte	.LASF33
 939 0383 05       		.byte	0x5
 940 0384 72       		.byte	0x72
 941 0385 19       		.uleb128 0x19
 942 0386 77010000 		.4byte	.LASF34
 943 038a 77010000 		.4byte	.LASF34
 944 038e 06       		.byte	0x6
 945 038f 28       		.byte	0x28
 946 0390 19       		.uleb128 0x19
 947 0391 92020000 		.4byte	.LASF35
 948 0395 92020000 		.4byte	.LASF35
 949 0399 05       		.byte	0x5
 950 039a 8B       		.byte	0x8b
 951 039b 19       		.uleb128 0x19
 952 039c 25000000 		.4byte	.LASF36
 953 03a0 25000000 		.4byte	.LASF36
 954 03a4 06       		.byte	0x6
 955 03a5 18       		.byte	0x18
 956 03a6 19       		.uleb128 0x19
 957 03a7 33010000 		.4byte	.LASF37
 958 03ab 33010000 		.4byte	.LASF37
 959 03af 05       		.byte	0x5
 960 03b0 54       		.byte	0x54
 961 03b1 00       		.byte	0
 962              		.section	.debug_abbrev,"",%progbits
ARM GAS  C:\Users\OLEKSA~1\AppData\Local\Temp\cc3pHple.s 			page 20


 963              	.Ldebug_abbrev0:
 964 0000 01       		.uleb128 0x1
 965 0001 11       		.uleb128 0x11
 966 0002 01       		.byte	0x1
 967 0003 25       		.uleb128 0x25
 968 0004 0E       		.uleb128 0xe
 969 0005 13       		.uleb128 0x13
 970 0006 0B       		.uleb128 0xb
 971 0007 03       		.uleb128 0x3
 972 0008 0E       		.uleb128 0xe
 973 0009 1B       		.uleb128 0x1b
 974 000a 0E       		.uleb128 0xe
 975 000b 55       		.uleb128 0x55
 976 000c 17       		.uleb128 0x17
 977 000d 11       		.uleb128 0x11
 978 000e 01       		.uleb128 0x1
 979 000f 10       		.uleb128 0x10
 980 0010 17       		.uleb128 0x17
 981 0011 00       		.byte	0
 982 0012 00       		.byte	0
 983 0013 02       		.uleb128 0x2
 984 0014 24       		.uleb128 0x24
 985 0015 00       		.byte	0
 986 0016 0B       		.uleb128 0xb
 987 0017 0B       		.uleb128 0xb
 988 0018 3E       		.uleb128 0x3e
 989 0019 0B       		.uleb128 0xb
 990 001a 03       		.uleb128 0x3
 991 001b 0E       		.uleb128 0xe
 992 001c 00       		.byte	0
 993 001d 00       		.byte	0
 994 001e 03       		.uleb128 0x3
 995 001f 16       		.uleb128 0x16
 996 0020 00       		.byte	0
 997 0021 03       		.uleb128 0x3
 998 0022 0E       		.uleb128 0xe
 999 0023 3A       		.uleb128 0x3a
 1000 0024 0B       		.uleb128 0xb
 1001 0025 3B       		.uleb128 0x3b
 1002 0026 0B       		.uleb128 0xb
 1003 0027 49       		.uleb128 0x49
 1004 0028 13       		.uleb128 0x13
 1005 0029 00       		.byte	0
 1006 002a 00       		.byte	0
 1007 002b 04       		.uleb128 0x4
 1008 002c 24       		.uleb128 0x24
 1009 002d 00       		.byte	0
 1010 002e 0B       		.uleb128 0xb
 1011 002f 0B       		.uleb128 0xb
 1012 0030 3E       		.uleb128 0x3e
 1013 0031 0B       		.uleb128 0xb
 1014 0032 03       		.uleb128 0x3
 1015 0033 08       		.uleb128 0x8
 1016 0034 00       		.byte	0
 1017 0035 00       		.byte	0
 1018 0036 05       		.uleb128 0x5
 1019 0037 0F       		.uleb128 0xf
ARM GAS  C:\Users\OLEKSA~1\AppData\Local\Temp\cc3pHple.s 			page 21


 1020 0038 00       		.byte	0
 1021 0039 0B       		.uleb128 0xb
 1022 003a 0B       		.uleb128 0xb
 1023 003b 49       		.uleb128 0x49
 1024 003c 13       		.uleb128 0x13
 1025 003d 00       		.byte	0
 1026 003e 00       		.byte	0
 1027 003f 06       		.uleb128 0x6
 1028 0040 2E       		.uleb128 0x2e
 1029 0041 01       		.byte	0x1
 1030 0042 03       		.uleb128 0x3
 1031 0043 0E       		.uleb128 0xe
 1032 0044 3A       		.uleb128 0x3a
 1033 0045 0B       		.uleb128 0xb
 1034 0046 3B       		.uleb128 0x3b
 1035 0047 0B       		.uleb128 0xb
 1036 0048 27       		.uleb128 0x27
 1037 0049 19       		.uleb128 0x19
 1038 004a 49       		.uleb128 0x49
 1039 004b 13       		.uleb128 0x13
 1040 004c 20       		.uleb128 0x20
 1041 004d 0B       		.uleb128 0xb
 1042 004e 01       		.uleb128 0x1
 1043 004f 13       		.uleb128 0x13
 1044 0050 00       		.byte	0
 1045 0051 00       		.byte	0
 1046 0052 07       		.uleb128 0x7
 1047 0053 05       		.uleb128 0x5
 1048 0054 00       		.byte	0
 1049 0055 03       		.uleb128 0x3
 1050 0056 08       		.uleb128 0x8
 1051 0057 3A       		.uleb128 0x3a
 1052 0058 0B       		.uleb128 0xb
 1053 0059 3B       		.uleb128 0x3b
 1054 005a 0B       		.uleb128 0xb
 1055 005b 49       		.uleb128 0x49
 1056 005c 13       		.uleb128 0x13
 1057 005d 00       		.byte	0
 1058 005e 00       		.byte	0
 1059 005f 08       		.uleb128 0x8
 1060 0060 2E       		.uleb128 0x2e
 1061 0061 01       		.byte	0x1
 1062 0062 3F       		.uleb128 0x3f
 1063 0063 19       		.uleb128 0x19
 1064 0064 03       		.uleb128 0x3
 1065 0065 0E       		.uleb128 0xe
 1066 0066 3A       		.uleb128 0x3a
 1067 0067 0B       		.uleb128 0xb
 1068 0068 3B       		.uleb128 0x3b
 1069 0069 0B       		.uleb128 0xb
 1070 006a 27       		.uleb128 0x27
 1071 006b 19       		.uleb128 0x19
 1072 006c 11       		.uleb128 0x11
 1073 006d 01       		.uleb128 0x1
 1074 006e 12       		.uleb128 0x12
 1075 006f 06       		.uleb128 0x6
 1076 0070 40       		.uleb128 0x40
ARM GAS  C:\Users\OLEKSA~1\AppData\Local\Temp\cc3pHple.s 			page 22


 1077 0071 18       		.uleb128 0x18
 1078 0072 9742     		.uleb128 0x2117
 1079 0074 19       		.uleb128 0x19
 1080 0075 01       		.uleb128 0x1
 1081 0076 13       		.uleb128 0x13
 1082 0077 00       		.byte	0
 1083 0078 00       		.byte	0
 1084 0079 09       		.uleb128 0x9
 1085 007a 898201   		.uleb128 0x4109
 1086 007d 00       		.byte	0
 1087 007e 11       		.uleb128 0x11
 1088 007f 01       		.uleb128 0x1
 1089 0080 31       		.uleb128 0x31
 1090 0081 13       		.uleb128 0x13
 1091 0082 00       		.byte	0
 1092 0083 00       		.byte	0
 1093 0084 0A       		.uleb128 0xa
 1094 0085 05       		.uleb128 0x5
 1095 0086 00       		.byte	0
 1096 0087 03       		.uleb128 0x3
 1097 0088 08       		.uleb128 0x8
 1098 0089 3A       		.uleb128 0x3a
 1099 008a 0B       		.uleb128 0xb
 1100 008b 3B       		.uleb128 0x3b
 1101 008c 0B       		.uleb128 0xb
 1102 008d 49       		.uleb128 0x49
 1103 008e 13       		.uleb128 0x13
 1104 008f 02       		.uleb128 0x2
 1105 0090 17       		.uleb128 0x17
 1106 0091 00       		.byte	0
 1107 0092 00       		.byte	0
 1108 0093 0B       		.uleb128 0xb
 1109 0094 898201   		.uleb128 0x4109
 1110 0097 01       		.byte	0x1
 1111 0098 11       		.uleb128 0x11
 1112 0099 01       		.uleb128 0x1
 1113 009a 31       		.uleb128 0x31
 1114 009b 13       		.uleb128 0x13
 1115 009c 00       		.byte	0
 1116 009d 00       		.byte	0
 1117 009e 0C       		.uleb128 0xc
 1118 009f 8A8201   		.uleb128 0x410a
 1119 00a2 00       		.byte	0
 1120 00a3 02       		.uleb128 0x2
 1121 00a4 18       		.uleb128 0x18
 1122 00a5 9142     		.uleb128 0x2111
 1123 00a7 18       		.uleb128 0x18
 1124 00a8 00       		.byte	0
 1125 00a9 00       		.byte	0
 1126 00aa 0D       		.uleb128 0xd
 1127 00ab 05       		.uleb128 0x5
 1128 00ac 00       		.byte	0
 1129 00ad 03       		.uleb128 0x3
 1130 00ae 0E       		.uleb128 0xe
 1131 00af 3A       		.uleb128 0x3a
 1132 00b0 0B       		.uleb128 0xb
 1133 00b1 3B       		.uleb128 0x3b
ARM GAS  C:\Users\OLEKSA~1\AppData\Local\Temp\cc3pHple.s 			page 23


 1134 00b2 0B       		.uleb128 0xb
 1135 00b3 49       		.uleb128 0x49
 1136 00b4 13       		.uleb128 0x13
 1137 00b5 02       		.uleb128 0x2
 1138 00b6 17       		.uleb128 0x17
 1139 00b7 00       		.byte	0
 1140 00b8 00       		.byte	0
 1141 00b9 0E       		.uleb128 0xe
 1142 00ba 898201   		.uleb128 0x4109
 1143 00bd 01       		.byte	0x1
 1144 00be 11       		.uleb128 0x11
 1145 00bf 01       		.uleb128 0x1
 1146 00c0 31       		.uleb128 0x31
 1147 00c1 13       		.uleb128 0x13
 1148 00c2 01       		.uleb128 0x1
 1149 00c3 13       		.uleb128 0x13
 1150 00c4 00       		.byte	0
 1151 00c5 00       		.byte	0
 1152 00c6 0F       		.uleb128 0xf
 1153 00c7 2E       		.uleb128 0x2e
 1154 00c8 01       		.byte	0x1
 1155 00c9 3F       		.uleb128 0x3f
 1156 00ca 19       		.uleb128 0x19
 1157 00cb 03       		.uleb128 0x3
 1158 00cc 0E       		.uleb128 0xe
 1159 00cd 3A       		.uleb128 0x3a
 1160 00ce 0B       		.uleb128 0xb
 1161 00cf 3B       		.uleb128 0x3b
 1162 00d0 0B       		.uleb128 0xb
 1163 00d1 27       		.uleb128 0x27
 1164 00d2 19       		.uleb128 0x19
 1165 00d3 49       		.uleb128 0x49
 1166 00d4 13       		.uleb128 0x13
 1167 00d5 11       		.uleb128 0x11
 1168 00d6 01       		.uleb128 0x1
 1169 00d7 12       		.uleb128 0x12
 1170 00d8 06       		.uleb128 0x6
 1171 00d9 40       		.uleb128 0x40
 1172 00da 18       		.uleb128 0x18
 1173 00db 9742     		.uleb128 0x2117
 1174 00dd 19       		.uleb128 0x19
 1175 00de 01       		.uleb128 0x1
 1176 00df 13       		.uleb128 0x13
 1177 00e0 00       		.byte	0
 1178 00e1 00       		.byte	0
 1179 00e2 10       		.uleb128 0x10
 1180 00e3 34       		.uleb128 0x34
 1181 00e4 00       		.byte	0
 1182 00e5 03       		.uleb128 0x3
 1183 00e6 0E       		.uleb128 0xe
 1184 00e7 3A       		.uleb128 0x3a
 1185 00e8 0B       		.uleb128 0xb
 1186 00e9 3B       		.uleb128 0x3b
 1187 00ea 0B       		.uleb128 0xb
 1188 00eb 49       		.uleb128 0x49
 1189 00ec 13       		.uleb128 0x13
 1190 00ed 02       		.uleb128 0x2
ARM GAS  C:\Users\OLEKSA~1\AppData\Local\Temp\cc3pHple.s 			page 24


 1191 00ee 17       		.uleb128 0x17
 1192 00ef 00       		.byte	0
 1193 00f0 00       		.byte	0
 1194 00f1 11       		.uleb128 0x11
 1195 00f2 1D       		.uleb128 0x1d
 1196 00f3 01       		.byte	0x1
 1197 00f4 31       		.uleb128 0x31
 1198 00f5 13       		.uleb128 0x13
 1199 00f6 11       		.uleb128 0x11
 1200 00f7 01       		.uleb128 0x1
 1201 00f8 12       		.uleb128 0x12
 1202 00f9 06       		.uleb128 0x6
 1203 00fa 58       		.uleb128 0x58
 1204 00fb 0B       		.uleb128 0xb
 1205 00fc 59       		.uleb128 0x59
 1206 00fd 0B       		.uleb128 0xb
 1207 00fe 00       		.byte	0
 1208 00ff 00       		.byte	0
 1209 0100 12       		.uleb128 0x12
 1210 0101 05       		.uleb128 0x5
 1211 0102 00       		.byte	0
 1212 0103 31       		.uleb128 0x31
 1213 0104 13       		.uleb128 0x13
 1214 0105 02       		.uleb128 0x2
 1215 0106 17       		.uleb128 0x17
 1216 0107 00       		.byte	0
 1217 0108 00       		.byte	0
 1218 0109 13       		.uleb128 0x13
 1219 010a 34       		.uleb128 0x34
 1220 010b 00       		.byte	0
 1221 010c 03       		.uleb128 0x3
 1222 010d 0E       		.uleb128 0xe
 1223 010e 3A       		.uleb128 0x3a
 1224 010f 0B       		.uleb128 0xb
 1225 0110 3B       		.uleb128 0x3b
 1226 0111 05       		.uleb128 0x5
 1227 0112 49       		.uleb128 0x49
 1228 0113 13       		.uleb128 0x13
 1229 0114 3F       		.uleb128 0x3f
 1230 0115 19       		.uleb128 0x19
 1231 0116 3C       		.uleb128 0x3c
 1232 0117 19       		.uleb128 0x19
 1233 0118 00       		.byte	0
 1234 0119 00       		.byte	0
 1235 011a 14       		.uleb128 0x14
 1236 011b 35       		.uleb128 0x35
 1237 011c 00       		.byte	0
 1238 011d 49       		.uleb128 0x49
 1239 011e 13       		.uleb128 0x13
 1240 011f 00       		.byte	0
 1241 0120 00       		.byte	0
 1242 0121 15       		.uleb128 0x15
 1243 0122 01       		.uleb128 0x1
 1244 0123 01       		.byte	0x1
 1245 0124 49       		.uleb128 0x49
 1246 0125 13       		.uleb128 0x13
 1247 0126 01       		.uleb128 0x1
ARM GAS  C:\Users\OLEKSA~1\AppData\Local\Temp\cc3pHple.s 			page 25


 1248 0127 13       		.uleb128 0x13
 1249 0128 00       		.byte	0
 1250 0129 00       		.byte	0
 1251 012a 16       		.uleb128 0x16
 1252 012b 21       		.uleb128 0x21
 1253 012c 00       		.byte	0
 1254 012d 49       		.uleb128 0x49
 1255 012e 13       		.uleb128 0x13
 1256 012f 2F       		.uleb128 0x2f
 1257 0130 0B       		.uleb128 0xb
 1258 0131 00       		.byte	0
 1259 0132 00       		.byte	0
 1260 0133 17       		.uleb128 0x17
 1261 0134 34       		.uleb128 0x34
 1262 0135 00       		.byte	0
 1263 0136 03       		.uleb128 0x3
 1264 0137 08       		.uleb128 0x8
 1265 0138 3A       		.uleb128 0x3a
 1266 0139 0B       		.uleb128 0xb
 1267 013a 3B       		.uleb128 0x3b
 1268 013b 0B       		.uleb128 0xb
 1269 013c 49       		.uleb128 0x49
 1270 013d 13       		.uleb128 0x13
 1271 013e 3F       		.uleb128 0x3f
 1272 013f 19       		.uleb128 0x19
 1273 0140 02       		.uleb128 0x2
 1274 0141 18       		.uleb128 0x18
 1275 0142 00       		.byte	0
 1276 0143 00       		.byte	0
 1277 0144 18       		.uleb128 0x18
 1278 0145 34       		.uleb128 0x34
 1279 0146 00       		.byte	0
 1280 0147 03       		.uleb128 0x3
 1281 0148 0E       		.uleb128 0xe
 1282 0149 3A       		.uleb128 0x3a
 1283 014a 0B       		.uleb128 0xb
 1284 014b 3B       		.uleb128 0x3b
 1285 014c 0B       		.uleb128 0xb
 1286 014d 49       		.uleb128 0x49
 1287 014e 13       		.uleb128 0x13
 1288 014f 3F       		.uleb128 0x3f
 1289 0150 19       		.uleb128 0x19
 1290 0151 02       		.uleb128 0x2
 1291 0152 18       		.uleb128 0x18
 1292 0153 00       		.byte	0
 1293 0154 00       		.byte	0
 1294 0155 19       		.uleb128 0x19
 1295 0156 2E       		.uleb128 0x2e
 1296 0157 00       		.byte	0
 1297 0158 3F       		.uleb128 0x3f
 1298 0159 19       		.uleb128 0x19
 1299 015a 3C       		.uleb128 0x3c
 1300 015b 19       		.uleb128 0x19
 1301 015c 6E       		.uleb128 0x6e
 1302 015d 0E       		.uleb128 0xe
 1303 015e 03       		.uleb128 0x3
 1304 015f 0E       		.uleb128 0xe
ARM GAS  C:\Users\OLEKSA~1\AppData\Local\Temp\cc3pHple.s 			page 26


 1305 0160 3A       		.uleb128 0x3a
 1306 0161 0B       		.uleb128 0xb
 1307 0162 3B       		.uleb128 0x3b
 1308 0163 0B       		.uleb128 0xb
 1309 0164 00       		.byte	0
 1310 0165 00       		.byte	0
 1311 0166 00       		.byte	0
 1312              		.section	.debug_loc,"",%progbits
 1313              	.Ldebug_loc0:
 1314              	.LLST0:
 1315 0000 00000000 		.4byte	.LVL3
 1316 0004 05000000 		.4byte	.LVL4-1
 1317 0008 0100     		.2byte	0x1
 1318 000a 50       		.byte	0x50
 1319 000b 05000000 		.4byte	.LVL4-1
 1320 000f 08000000 		.4byte	.LFE66
 1321 0013 0400     		.2byte	0x4
 1322 0015 F3       		.byte	0xf3
 1323 0016 01       		.uleb128 0x1
 1324 0017 50       		.byte	0x50
 1325 0018 9F       		.byte	0x9f
 1326 0019 00000000 		.4byte	0
 1327 001d 00000000 		.4byte	0
 1328              	.LLST1:
 1329 0021 00000000 		.4byte	.LVL5
 1330 0025 0B000000 		.4byte	.LVL6-1
 1331 0029 0100     		.2byte	0x1
 1332 002b 50       		.byte	0x50
 1333 002c 0B000000 		.4byte	.LVL6-1
 1334 0030 40000000 		.4byte	.LFE68
 1335 0034 0400     		.2byte	0x4
 1336 0036 F3       		.byte	0xf3
 1337 0037 01       		.uleb128 0x1
 1338 0038 50       		.byte	0x50
 1339 0039 9F       		.byte	0x9f
 1340 003a 00000000 		.4byte	0
 1341 003e 00000000 		.4byte	0
 1342              	.LLST2:
 1343 0042 00000000 		.4byte	.LVL16
 1344 0046 3E000000 		.4byte	.LVL27
 1345 004a 0200     		.2byte	0x2
 1346 004c 30       		.byte	0x30
 1347 004d 9F       		.byte	0x9f
 1348 004e 3E000000 		.4byte	.LVL27
 1349 0052 42000000 		.4byte	.LVL28
 1350 0056 0100     		.2byte	0x1
 1351 0058 50       		.byte	0x50
 1352 0059 42000000 		.4byte	.LVL28
 1353 005d 60000000 		.4byte	.LVL29
 1354 0061 0200     		.2byte	0x2
 1355 0063 30       		.byte	0x30
 1356 0064 9F       		.byte	0x9f
 1357 0065 60000000 		.4byte	.LVL29
 1358 0069 66000000 		.4byte	.LVL30
 1359 006d 0300     		.2byte	0x3
 1360 006f 09       		.byte	0x9
 1361 0070 FF       		.byte	0xff
ARM GAS  C:\Users\OLEKSA~1\AppData\Local\Temp\cc3pHple.s 			page 27


 1362 0071 9F       		.byte	0x9f
 1363 0072 66000000 		.4byte	.LVL30
 1364 0076 68000000 		.4byte	.LVL31
 1365 007a 0200     		.2byte	0x2
 1366 007c 30       		.byte	0x30
 1367 007d 9F       		.byte	0x9f
 1368 007e 68000000 		.4byte	.LVL31
 1369 0082 84000000 		.4byte	.LVL32
 1370 0086 0100     		.2byte	0x1
 1371 0088 50       		.byte	0x50
 1372 0089 84000000 		.4byte	.LVL32
 1373 008d 86000000 		.4byte	.LVL33
 1374 0091 0200     		.2byte	0x2
 1375 0093 30       		.byte	0x30
 1376 0094 9F       		.byte	0x9f
 1377 0095 86000000 		.4byte	.LVL33
 1378 0099 98000000 		.4byte	.LFE71
 1379 009d 0100     		.2byte	0x1
 1380 009f 50       		.byte	0x50
 1381 00a0 00000000 		.4byte	0
 1382 00a4 00000000 		.4byte	0
 1383              	.LLST3:
 1384 00a8 10000000 		.4byte	.LVL17
 1385 00ac 22000000 		.4byte	.LVL18
 1386 00b0 0100     		.2byte	0x1
 1387 00b2 53       		.byte	0x53
 1388 00b3 24000000 		.4byte	.LVL19
 1389 00b7 26000000 		.4byte	.LVL20
 1390 00bb 0100     		.2byte	0x1
 1391 00bd 53       		.byte	0x53
 1392 00be 28000000 		.4byte	.LVL21
 1393 00c2 2A000000 		.4byte	.LVL22
 1394 00c6 0100     		.2byte	0x1
 1395 00c8 53       		.byte	0x53
 1396 00c9 2C000000 		.4byte	.LVL23
 1397 00cd 2E000000 		.4byte	.LVL24
 1398 00d1 0100     		.2byte	0x1
 1399 00d3 53       		.byte	0x53
 1400 00d4 30000000 		.4byte	.LVL25
 1401 00d8 32000000 		.4byte	.LVL26
 1402 00dc 0100     		.2byte	0x1
 1403 00de 53       		.byte	0x53
 1404 00df 00000000 		.4byte	0
 1405 00e3 00000000 		.4byte	0
 1406              	.LLST4:
 1407 00e7 00000000 		.4byte	.LVL34
 1408 00eb 2E000000 		.4byte	.LVL41
 1409 00ef 0200     		.2byte	0x2
 1410 00f1 30       		.byte	0x30
 1411 00f2 9F       		.byte	0x9f
 1412 00f3 2E000000 		.4byte	.LVL41
 1413 00f7 32000000 		.4byte	.LVL42
 1414 00fb 0100     		.2byte	0x1
 1415 00fd 50       		.byte	0x50
 1416 00fe 32000000 		.4byte	.LVL42
 1417 0102 50000000 		.4byte	.LVL43
 1418 0106 0200     		.2byte	0x2
ARM GAS  C:\Users\OLEKSA~1\AppData\Local\Temp\cc3pHple.s 			page 28


 1419 0108 30       		.byte	0x30
 1420 0109 9F       		.byte	0x9f
 1421 010a 50000000 		.4byte	.LVL43
 1422 010e 56000000 		.4byte	.LVL44
 1423 0112 0300     		.2byte	0x3
 1424 0114 09       		.byte	0x9
 1425 0115 FF       		.byte	0xff
 1426 0116 9F       		.byte	0x9f
 1427 0117 56000000 		.4byte	.LVL44
 1428 011b 58000000 		.4byte	.LVL45
 1429 011f 0200     		.2byte	0x2
 1430 0121 30       		.byte	0x30
 1431 0122 9F       		.byte	0x9f
 1432 0123 58000000 		.4byte	.LVL45
 1433 0127 74000000 		.4byte	.LVL46
 1434 012b 0100     		.2byte	0x1
 1435 012d 50       		.byte	0x50
 1436 012e 74000000 		.4byte	.LVL46
 1437 0132 76000000 		.4byte	.LVL47
 1438 0136 0200     		.2byte	0x2
 1439 0138 30       		.byte	0x30
 1440 0139 9F       		.byte	0x9f
 1441 013a 76000000 		.4byte	.LVL47
 1442 013e 88000000 		.4byte	.LFE72
 1443 0142 0100     		.2byte	0x1
 1444 0144 50       		.byte	0x50
 1445 0145 00000000 		.4byte	0
 1446 0149 00000000 		.4byte	0
 1447              	.LLST5:
 1448 014d 10000000 		.4byte	.LVL35
 1449 0151 1A000000 		.4byte	.LVL36
 1450 0155 0100     		.2byte	0x1
 1451 0157 53       		.byte	0x53
 1452 0158 1C000000 		.4byte	.LVL37
 1453 015c 1E000000 		.4byte	.LVL38
 1454 0160 0100     		.2byte	0x1
 1455 0162 53       		.byte	0x53
 1456 0163 20000000 		.4byte	.LVL39
 1457 0167 22000000 		.4byte	.LVL40
 1458 016b 0100     		.2byte	0x1
 1459 016d 53       		.byte	0x53
 1460 016e 00000000 		.4byte	0
 1461 0172 00000000 		.4byte	0
 1462              		.section	.debug_aranges,"",%progbits
 1463 0000 4C000000 		.4byte	0x4c
 1464 0004 0200     		.2byte	0x2
 1465 0006 00000000 		.4byte	.Ldebug_info0
 1466 000a 04       		.byte	0x4
 1467 000b 00       		.byte	0
 1468 000c 0000     		.2byte	0
 1469 000e 0000     		.2byte	0
 1470 0010 00000000 		.4byte	.LFB67
 1471 0014 40000000 		.4byte	.LFE67-.LFB67
 1472 0018 00000000 		.4byte	.LFB66
 1473 001c 08000000 		.4byte	.LFE66-.LFB66
 1474 0020 00000000 		.4byte	.LFB68
 1475 0024 40000000 		.4byte	.LFE68-.LFB68
ARM GAS  C:\Users\OLEKSA~1\AppData\Local\Temp\cc3pHple.s 			page 29


 1476 0028 00000000 		.4byte	.LFB69
 1477 002c 10000000 		.4byte	.LFE69-.LFB69
 1478 0030 00000000 		.4byte	.LFB70
 1479 0034 18000000 		.4byte	.LFE70-.LFB70
 1480 0038 00000000 		.4byte	.LFB71
 1481 003c 98000000 		.4byte	.LFE71-.LFB71
 1482 0040 00000000 		.4byte	.LFB72
 1483 0044 88000000 		.4byte	.LFE72-.LFB72
 1484 0048 00000000 		.4byte	0
 1485 004c 00000000 		.4byte	0
 1486              		.section	.debug_ranges,"",%progbits
 1487              	.Ldebug_ranges0:
 1488 0000 00000000 		.4byte	.LFB67
 1489 0004 40000000 		.4byte	.LFE67
 1490 0008 00000000 		.4byte	.LFB66
 1491 000c 08000000 		.4byte	.LFE66
 1492 0010 00000000 		.4byte	.LFB68
 1493 0014 40000000 		.4byte	.LFE68
 1494 0018 00000000 		.4byte	.LFB69
 1495 001c 10000000 		.4byte	.LFE69
 1496 0020 00000000 		.4byte	.LFB70
 1497 0024 18000000 		.4byte	.LFE70
 1498 0028 00000000 		.4byte	.LFB71
 1499 002c 98000000 		.4byte	.LFE71
 1500 0030 00000000 		.4byte	.LFB72
 1501 0034 88000000 		.4byte	.LFE72
 1502 0038 00000000 		.4byte	0
 1503 003c 00000000 		.4byte	0
 1504              		.section	.debug_line,"",%progbits
 1505              	.Ldebug_line0:
 1506 0000 1F020000 		.section	.debug_str,"MS",%progbits,1
 1506      02005E01 
 1506      00000201 
 1506      FB0E0D00 
 1506      01010101 
 1507              	.LASF25:
 1508 0000 6765745F 		.ascii	"get_line\000"
 1508      6C696E65 
 1508      00
 1509              	.LASF28:
 1510 0009 72785F62 		.ascii	"rx_buf\000"
 1510      756600
 1511              	.LASF9:
 1512 0010 5F5F696E 		.ascii	"__int32_t\000"
 1512      7433325F 
 1512      7400
 1513              	.LASF24:
 1514 001a 6765745F 		.ascii	"get_string\000"
 1514      73747269 
 1514      6E6700
 1515              	.LASF36:
 1516 0025 7474795F 		.ascii	"tty_rx_int_StartEx\000"
 1516      72785F69 
 1516      6E745F53 
 1516      74617274 
 1516      457800
 1517              	.LASF39:
ARM GAS  C:\Users\OLEKSA~1\AppData\Local\Temp\cc3pHple.s 			page 30


 1518 0038 7474795F 		.ascii	"tty_utils.c\000"
 1518      7574696C 
 1518      732E6300 
 1519              	.LASF11:
 1520 0044 666C6F61 		.ascii	"float\000"
 1520      7400
 1521              	.LASF18:
 1522 004a 7474795F 		.ascii	"tty_rx_isr\000"
 1522      72785F69 
 1522      737200
 1523              	.LASF1:
 1524 0055 756E7369 		.ascii	"unsigned char\000"
 1524      676E6564 
 1524      20636861 
 1524      7200
 1525              	.LASF38:
 1526 0063 474E5520 		.ascii	"GNU C11 5.4.1 20160609 (release) [ARM/embedded-5-br"
 1526      43313120 
 1526      352E342E 
 1526      31203230 
 1526      31363036 
 1527 0096 616E6368 		.ascii	"anch revision 237715] -mcpu=cortex-m3 -mthumb -g -O"
 1527      20726576 
 1527      6973696F 
 1527      6E203233 
 1527      37373135 
 1528 00c9 67202D66 		.ascii	"g -ffunction-sections -ffat-lto-objects\000"
 1528      66756E63 
 1528      74696F6E 
 1528      2D736563 
 1528      74696F6E 
 1529              	.LASF29:
 1530 00f1 72785F77 		.ascii	"rx_write_index\000"
 1530      72697465 
 1530      5F696E64 
 1530      657800
 1531              	.LASF5:
 1532 0100 6C6F6E67 		.ascii	"long unsigned int\000"
 1532      20756E73 
 1532      69676E65 
 1532      6420696E 
 1532      7400
 1533              	.LASF31:
 1534 0112 7374725F 		.ascii	"str_buf_index\000"
 1534      6275665F 
 1534      696E6465 
 1534      7800
 1535              	.LASF3:
 1536 0120 73686F72 		.ascii	"short unsigned int\000"
 1536      7420756E 
 1536      7369676E 
 1536      65642069 
 1536      6E7400
 1537              	.LASF37:
 1538 0133 55415254 		.ascii	"UART_Start\000"
 1538      5F537461 
 1538      727400
ARM GAS  C:\Users\OLEKSA~1\AppData\Local\Temp\cc3pHple.s 			page 31


 1539              	.LASF27:
 1540 013e 49544D5F 		.ascii	"ITM_RxBuffer\000"
 1540      52784275 
 1540      66666572 
 1540      00
 1541              	.LASF21:
 1542 014b 70726F67 		.ascii	"prog_name\000"
 1542      5F6E616D 
 1542      6500
 1543              	.LASF12:
 1544 0155 646F7562 		.ascii	"double\000"
 1544      6C6500
 1545              	.LASF30:
 1546 015c 72785F72 		.ascii	"rx_read_index\000"
 1546      6561645F 
 1546      696E6465 
 1546      7800
 1547              	.LASF33:
 1548 016a 55415254 		.ascii	"UART_GetByte\000"
 1548      5F476574 
 1548      42797465 
 1548      00
 1549              	.LASF34:
 1550 0177 7474795F 		.ascii	"tty_rx_int_ClearPending\000"
 1550      72785F69 
 1550      6E745F43 
 1550      6C656172 
 1550      50656E64 
 1551              	.LASF8:
 1552 018f 756E7369 		.ascii	"unsigned int\000"
 1552      676E6564 
 1552      20696E74 
 1552      00
 1553              	.LASF7:
 1554 019c 6C6F6E67 		.ascii	"long long unsigned int\000"
 1554      206C6F6E 
 1554      6720756E 
 1554      7369676E 
 1554      65642069 
 1555              	.LASF26:
 1556 01b3 72657375 		.ascii	"result\000"
 1556      6C7400
 1557              	.LASF10:
 1558 01ba 696E7433 		.ascii	"int32_t\000"
 1558      325F7400 
 1559              	.LASF15:
 1560 01c2 73697A65 		.ascii	"sizetype\000"
 1560      74797065 
 1560      00
 1561              	.LASF22:
 1562 01cb 70726F6D 		.ascii	"prompt\000"
 1562      707400
 1563              	.LASF6:
 1564 01d2 6C6F6E67 		.ascii	"long long int\000"
 1564      206C6F6E 
 1564      6720696E 
 1564      7400
ARM GAS  C:\Users\OLEKSA~1\AppData\Local\Temp\cc3pHple.s 			page 32


 1565              	.LASF16:
 1566 01e0 69735F64 		.ascii	"is_delimiter\000"
 1566      656C696D 
 1566      69746572 
 1566      00
 1567              	.LASF23:
 1568 01ed 7474795F 		.ascii	"tty_init\000"
 1568      696E6974 
 1568      00
 1569              	.LASF19:
 1570 01f6 7072696E 		.ascii	"print\000"
 1570      7400
 1571              	.LASF2:
 1572 01fc 73686F72 		.ascii	"short int\000"
 1572      7420696E 
 1572      7400
 1573              	.LASF20:
 1574 0206 73706C61 		.ascii	"splash\000"
 1574      736800
 1575              	.LASF40:
 1576 020d 433A5C55 		.ascii	"C:\\Users\\oleksandr\\Desktop\\CourseworkPAZ\\Cours"
 1576      73657273 
 1576      5C6F6C65 
 1576      6B73616E 
 1576      64725C44 
 1577 023b 65576F72 		.ascii	"eWork\\CourseWork_Demo.cydsn\000"
 1577      6B5C436F 
 1577      75727365 
 1577      576F726B 
 1577      5F44656D 
 1578              	.LASF32:
 1579 0257 55415254 		.ascii	"UART_GetRxBufferSize\000"
 1579      5F476574 
 1579      52784275 
 1579      66666572 
 1579      53697A65 
 1580              	.LASF4:
 1581 026c 6C6F6E67 		.ascii	"long int\000"
 1581      20696E74 
 1581      00
 1582              	.LASF13:
 1583 0275 63686172 		.ascii	"char\000"
 1583      00
 1584              	.LASF14:
 1585 027a 6C6F6E67 		.ascii	"long double\000"
 1585      20646F75 
 1585      626C6500 
 1586              	.LASF0:
 1587 0286 7369676E 		.ascii	"signed char\000"
 1587      65642063 
 1587      68617200 
 1588              	.LASF35:
 1589 0292 55415254 		.ascii	"UART_PutString\000"
 1589      5F507574 
 1589      53747269 
 1589      6E6700
 1590              	.LASF17:
ARM GAS  C:\Users\OLEKSA~1\AppData\Local\Temp\cc3pHple.s 			page 33


 1591 02a1 69735F65 		.ascii	"is_eol\000"
 1591      6F6C00
 1592              		.ident	"GCC: (GNU Tools for ARM Embedded Processors) 5.4.1 20160609 (release) [ARM/embedded-5-bran
