ARM GAS  C:\Users\cojid\AppData\Local\Temp\ccBwZCse.s 			page 1


   1              		.syntax unified
   2              		.cpu cortex-m3
   3              		.fpu softvfp
   4              		.eabi_attribute 20, 1
   5              		.eabi_attribute 21, 1
   6              		.eabi_attribute 23, 3
   7              		.eabi_attribute 24, 1
   8              		.eabi_attribute 25, 1
   9              		.eabi_attribute 26, 1
  10              		.eabi_attribute 30, 1
  11              		.eabi_attribute 34, 1
  12              		.eabi_attribute 18, 4
  13              		.thumb
  14              		.syntax unified
  15              		.file	"cymetadata.c"
  16              		.text
  17              	.Ltext0:
  18              		.cfi_sections	.debug_frame
  19              		.global	cy_metadata
  20              		.global	cy_meta_flashprotect
  21              		.global	cy_meta_wonvl
  22              		.global	cy_meta_custnvl
  23              		.global	cy_meta_configecc
  24              		.section	.cyconfigecc,"a",%progbits
  25              		.align	2
  26              		.type	cy_meta_configecc, %object
  27              		.size	cy_meta_configecc, 872
  28              	cy_meta_configecc:
  29 0000 02       		.byte	2
  30 0001 52       		.byte	82
  31 0002 00       		.byte	0
  32 0003 40       		.byte	64
  33 0004 03       		.byte	3
  34 0005 65       		.byte	101
  35 0006 00       		.byte	0
  36 0007 40       		.byte	64
  37 0008 02       		.byte	2
  38 0009 15       		.byte	21
  39 000a 01       		.byte	1
  40 000b 40       		.byte	64
  41 000c 14       		.byte	20
  42 000d 18       		.byte	24
  43 000e 01       		.byte	1
  44 000f 40       		.byte	64
  45 0010 3F       		.byte	63
  46 0011 19       		.byte	25
  47 0012 01       		.byte	1
  48 0013 40       		.byte	64
  49 0014 32       		.byte	50
  50 0015 1A       		.byte	26
  51 0016 01       		.byte	1
  52 0017 40       		.byte	64
  53 0018 57       		.byte	87
  54 0019 1B       		.byte	27
  55 001a 01       		.byte	1
  56 001b 40       		.byte	64
  57 001c 03       		.byte	3
ARM GAS  C:\Users\cojid\AppData\Local\Temp\ccBwZCse.s 			page 2


  58 001d 40       		.byte	64
  59 001e 01       		.byte	1
  60 001f 40       		.byte	64
  61 0020 02       		.byte	2
  62 0021 41       		.byte	65
  63 0022 01       		.byte	1
  64 0023 40       		.byte	64
  65 0024 02       		.byte	2
  66 0025 42       		.byte	66
  67 0026 01       		.byte	1
  68 0027 40       		.byte	64
  69 0028 02       		.byte	2
  70 0029 43       		.byte	67
  71 002a 01       		.byte	1
  72 002b 40       		.byte	64
  73 002c 02       		.byte	2
  74 002d 48       		.byte	72
  75 002e 01       		.byte	1
  76 002f 40       		.byte	64
  77 0030 05       		.byte	5
  78 0031 49       		.byte	73
  79 0032 01       		.byte	1
  80 0033 40       		.byte	64
  81 0034 01       		.byte	1
  82 0035 4C       		.byte	76
  83 0036 01       		.byte	1
  84 0037 40       		.byte	64
  85 0038 07       		.byte	7
  86 0039 4D       		.byte	77
  87 003a 01       		.byte	1
  88 003b 40       		.byte	64
  89 003c 02       		.byte	2
  90 003d 50       		.byte	80
  91 003e 01       		.byte	1
  92 003f 40       		.byte	64
  93 0040 01       		.byte	1
  94 0041 51       		.byte	81
  95 0042 01       		.byte	1
  96 0043 40       		.byte	64
  97 0044 61       		.byte	97
  98 0045 80       		.byte	-128
  99 0046 64       		.byte	100
 100 0047 40       		.byte	64
 101 0048 88       		.byte	-120
 102 0049 72       		.byte	114
 103 004a 89       		.byte	-119
 104 004b 38       		.byte	56
 105 004c 8B       		.byte	-117
 106 004d 0F       		.byte	15
 107 004e E6       		.byte	-26
 108 004f 02       		.byte	2
 109 0050 EE       		.byte	-18
 110 0051 02       		.byte	2
 111 0052 83       		.byte	-125
 112 0053 01       		.byte	1
 113 0054 84       		.byte	-124
 114 0055 04       		.byte	4
ARM GAS  C:\Users\cojid\AppData\Local\Temp\ccBwZCse.s 			page 3


 115 0056 88       		.byte	-120
 116 0057 08       		.byte	8
 117 0058 9A       		.byte	-102
 118 0059 02       		.byte	2
 119 005a 9C       		.byte	-100
 120 005b 01       		.byte	1
 121 005c A2       		.byte	-94
 122 005d 02       		.byte	2
 123 005e A4       		.byte	-92
 124 005f 01       		.byte	1
 125 0060 A8       		.byte	-88
 126 0061 01       		.byte	1
 127 0062 B0       		.byte	-80
 128 0063 02       		.byte	2
 129 0064 B2       		.byte	-78
 130 0065 04       		.byte	4
 131 0066 B4       		.byte	-76
 132 0067 01       		.byte	1
 133 0068 B6       		.byte	-74
 134 0069 08       		.byte	8
 135 006a B7       		.byte	-73
 136 006b 01       		.byte	1
 137 006c BE       		.byte	-66
 138 006d 45       		.byte	69
 139 006e D4       		.byte	-44
 140 006f 18       		.byte	24
 141 0070 D6       		.byte	-42
 142 0071 04       		.byte	4
 143 0072 D8       		.byte	-40
 144 0073 04       		.byte	4
 145 0074 D9       		.byte	-39
 146 0075 04       		.byte	4
 147 0076 DB       		.byte	-37
 148 0077 04       		.byte	4
 149 0078 DF       		.byte	-33
 150 0079 01       		.byte	1
 151 007a 01       		.byte	1
 152 007b 20       		.byte	32
 153 007c 02       		.byte	2
 154 007d 10       		.byte	16
 155 007e 04       		.byte	4
 156 007f 10       		.byte	16
 157 0080 05       		.byte	5
 158 0081 01       		.byte	1
 159 0082 06       		.byte	6
 160 0083 02       		.byte	2
 161 0084 07       		.byte	7
 162 0085 10       		.byte	16
 163 0086 09       		.byte	9
 164 0087 50       		.byte	80
 165 0088 0C       		.byte	12
 166 0089 50       		.byte	80
 167 008a 0E       		.byte	14
 168 008b 0A       		.byte	10
 169 008c 0F       		.byte	15
 170 008d 20       		.byte	32
 171 008e 10       		.byte	16
ARM GAS  C:\Users\cojid\AppData\Local\Temp\ccBwZCse.s 			page 4


 172 008f A0       		.byte	-96
 173 0090 11       		.byte	17
 174 0091 10       		.byte	16
 175 0092 15       		.byte	21
 176 0093 40       		.byte	64
 177 0094 16       		.byte	22
 178 0095 01       		.byte	1
 179 0096 17       		.byte	23
 180 0097 26       		.byte	38
 181 0098 19       		.byte	25
 182 0099 08       		.byte	8
 183 009a 1A       		.byte	26
 184 009b 01       		.byte	1
 185 009c 1B       		.byte	27
 186 009d 11       		.byte	17
 187 009e 1D       		.byte	29
 188 009f 01       		.byte	1
 189 00a0 1E       		.byte	30
 190 00a1 2A       		.byte	42
 191 00a2 1F       		.byte	31
 192 00a3 02       		.byte	2
 193 00a4 23       		.byte	35
 194 00a5 01       		.byte	1
 195 00a6 25       		.byte	37
 196 00a7 10       		.byte	16
 197 00a8 26       		.byte	38
 198 00a9 08       		.byte	8
 199 00aa 27       		.byte	39
 200 00ab 11       		.byte	17
 201 00ac 2C       		.byte	44
 202 00ad 10       		.byte	16
 203 00ae 2D       		.byte	45
 204 00af 40       		.byte	64
 205 00b0 2E       		.byte	46
 206 00b1 02       		.byte	2
 207 00b2 2F       		.byte	47
 208 00b3 08       		.byte	8
 209 00b4 35       		.byte	53
 210 00b5 01       		.byte	1
 211 00b6 36       		.byte	54
 212 00b7 88       		.byte	-120
 213 00b8 37       		.byte	55
 214 00b9 20       		.byte	32
 215 00ba 3A       		.byte	58
 216 00bb 02       		.byte	2
 217 00bc 3E       		.byte	62
 218 00bd 88       		.byte	-120
 219 00be 3F       		.byte	63
 220 00bf 21       		.byte	33
 221 00c0 44       		.byte	68
 222 00c1 50       		.byte	80
 223 00c2 45       		.byte	69
 224 00c3 10       		.byte	16
 225 00c4 46       		.byte	70
 226 00c5 80       		.byte	-128
 227 00c6 47       		.byte	71
 228 00c7 40       		.byte	64
ARM GAS  C:\Users\cojid\AppData\Local\Temp\ccBwZCse.s 			page 5


 229 00c8 4C       		.byte	76
 230 00c9 80       		.byte	-128
 231 00ca 4F       		.byte	79
 232 00cb 20       		.byte	32
 233 00cc 57       		.byte	87
 234 00cd 40       		.byte	64
 235 00ce 5B       		.byte	91
 236 00cf 01       		.byte	1
 237 00d0 5E       		.byte	94
 238 00d1 20       		.byte	32
 239 00d2 60       		.byte	96
 240 00d3 04       		.byte	4
 241 00d4 63       		.byte	99
 242 00d5 42       		.byte	66
 243 00d6 6C       		.byte	108
 244 00d7 20       		.byte	32
 245 00d8 6D       		.byte	109
 246 00d9 90       		.byte	-112
 247 00da 6E       		.byte	110
 248 00db 04       		.byte	4
 249 00dc 76       		.byte	118
 250 00dd 09       		.byte	9
 251 00de 77       		.byte	119
 252 00df 24       		.byte	36
 253 00e0 86       		.byte	-122
 254 00e1 01       		.byte	1
 255 00e2 C0       		.byte	-64
 256 00e3 F6       		.byte	-10
 257 00e4 C2       		.byte	-62
 258 00e5 E3       		.byte	-29
 259 00e6 C4       		.byte	-60
 260 00e7 FE       		.byte	-2
 261 00e8 CA       		.byte	-54
 262 00e9 F0       		.byte	-16
 263 00ea CC       		.byte	-52
 264 00eb F0       		.byte	-16
 265 00ec CE       		.byte	-50
 266 00ed F1       		.byte	-15
 267 00ee D0       		.byte	-48
 268 00ef F0       		.byte	-16
 269 00f0 D2       		.byte	-46
 270 00f1 20       		.byte	32
 271 00f2 D6       		.byte	-42
 272 00f3 21       		.byte	33
 273 00f4 D8       		.byte	-40
 274 00f5 0D       		.byte	13
 275 00f6 E0       		.byte	-32
 276 00f7 08       		.byte	8
 277 00f8 00       		.byte	0
 278 00f9 0C       		.byte	12
 279 00fa 02       		.byte	2
 280 00fb 71       		.byte	113
 281 00fc 05       		.byte	5
 282 00fd 80       		.byte	-128
 283 00fe 07       		.byte	7
 284 00ff 13       		.byte	19
 285 0100 0A       		.byte	10
ARM GAS  C:\Users\cojid\AppData\Local\Temp\ccBwZCse.s 			page 6


 286 0101 03       		.byte	3
 287 0102 13       		.byte	19
 288 0103 0C       		.byte	12
 289 0104 14       		.byte	20
 290 0105 14       		.byte	20
 291 0106 15       		.byte	21
 292 0107 2C       		.byte	44
 293 0108 17       		.byte	23
 294 0109 43       		.byte	67
 295 010a 18       		.byte	24
 296 010b 10       		.byte	16
 297 010c 19       		.byte	25
 298 010d 71       		.byte	113
 299 010e 1A       		.byte	26
 300 010f AC       		.byte	-84
 301 0110 1B       		.byte	27
 302 0111 06       		.byte	6
 303 0112 1C       		.byte	28
 304 0113 09       		.byte	9
 305 0114 1E       		.byte	30
 306 0115 D0       		.byte	-48
 307 0116 1F       		.byte	31
 308 0117 08       		.byte	8
 309 0118 20       		.byte	32
 310 0119 10       		.byte	16
 311 011a 21       		.byte	33
 312 011b 71       		.byte	113
 313 011c 22       		.byte	34
 314 011d 40       		.byte	64
 315 011e 23       		.byte	35
 316 011f 0E       		.byte	14
 317 0120 26       		.byte	38
 318 0121 20       		.byte	32
 319 0122 28       		.byte	40
 320 0123 DC       		.byte	-36
 321 0124 2A       		.byte	42
 322 0125 22       		.byte	34
 323 0126 30       		.byte	48
 324 0127 E0       		.byte	-32
 325 0128 31       		.byte	49
 326 0129 C0       		.byte	-64
 327 012a 33       		.byte	51
 328 012b 0F       		.byte	15
 329 012c 34       		.byte	52
 330 012d 1F       		.byte	31
 331 012e 35       		.byte	53
 332 012f 30       		.byte	48
 333 0130 39       		.byte	57
 334 0131 22       		.byte	34
 335 0132 3A       		.byte	58
 336 0133 02       		.byte	2
 337 0134 3B       		.byte	59
 338 0135 08       		.byte	8
 339 0136 3F       		.byte	63
 340 0137 10       		.byte	16
 341 0138 40       		.byte	64
 342 0139 02       		.byte	2
ARM GAS  C:\Users\cojid\AppData\Local\Temp\ccBwZCse.s 			page 7


 343 013a 45       		.byte	69
 344 013b 40       		.byte	64
 345 013c 49       		.byte	73
 346 013d FF       		.byte	-1
 347 013e 4A       		.byte	74
 348 013f 07       		.byte	7
 349 0140 4B       		.byte	75
 350 0141 FF       		.byte	-1
 351 0142 4C       		.byte	76
 352 0143 40       		.byte	64
 353 0144 4D       		.byte	77
 354 0145 20       		.byte	32
 355 0146 4E       		.byte	78
 356 0147 F0       		.byte	-16
 357 0148 4F       		.byte	79
 358 0149 05       		.byte	5
 359 014a 50       		.byte	80
 360 014b 08       		.byte	8
 361 014c 58       		.byte	88
 362 014d 04       		.byte	4
 363 014e 59       		.byte	89
 364 014f 04       		.byte	4
 365 0150 5A       		.byte	90
 366 0151 04       		.byte	4
 367 0152 5F       		.byte	95
 368 0153 01       		.byte	1
 369 0154 60       		.byte	96
 370 0155 40       		.byte	64
 371 0156 61       		.byte	97
 372 0157 A8       		.byte	-88
 373 0158 62       		.byte	98
 374 0159 40       		.byte	64
 375 015a 63       		.byte	99
 376 015b 20       		.byte	32
 377 015c 01       		.byte	1
 378 015d 22       		.byte	34
 379 015e 04       		.byte	4
 380 015f 10       		.byte	16
 381 0160 05       		.byte	5
 382 0161 02       		.byte	2
 383 0162 07       		.byte	7
 384 0163 22       		.byte	34
 385 0164 08       		.byte	8
 386 0165 10       		.byte	16
 387 0166 0A       		.byte	10
 388 0167 22       		.byte	34
 389 0168 0C       		.byte	12
 390 0169 04       		.byte	4
 391 016a 0D       		.byte	13
 392 016b 40       		.byte	64
 393 016c 0E       		.byte	14
 394 016d 04       		.byte	4
 395 016e 0F       		.byte	15
 396 016f 02       		.byte	2
 397 0170 10       		.byte	16
 398 0171 80       		.byte	-128
 399 0172 11       		.byte	17
ARM GAS  C:\Users\cojid\AppData\Local\Temp\ccBwZCse.s 			page 8


 400 0173 04       		.byte	4
 401 0174 13       		.byte	19
 402 0175 20       		.byte	32
 403 0176 15       		.byte	21
 404 0177 16       		.byte	22
 405 0178 16       		.byte	22
 406 0179 02       		.byte	2
 407 017a 19       		.byte	25
 408 017b 22       		.byte	34
 409 017c 1C       		.byte	28
 410 017d 10       		.byte	16
 411 017e 1D       		.byte	29
 412 017f 10       		.byte	16
 413 0180 1E       		.byte	30
 414 0181 40       		.byte	64
 415 0182 1F       		.byte	31
 416 0183 08       		.byte	8
 417 0184 21       		.byte	33
 418 0185 19       		.byte	25
 419 0186 22       		.byte	34
 420 0187 01       		.byte	1
 421 0188 23       		.byte	35
 422 0189 20       		.byte	32
 423 018a 24       		.byte	36
 424 018b 04       		.byte	4
 425 018c 25       		.byte	37
 426 018d 04       		.byte	4
 427 018e 26       		.byte	38
 428 018f 80       		.byte	-128
 429 0190 27       		.byte	39
 430 0191 42       		.byte	66
 431 0192 28       		.byte	40
 432 0193 04       		.byte	4
 433 0194 29       		.byte	41
 434 0195 12       		.byte	18
 435 0196 2A       		.byte	42
 436 0197 01       		.byte	1
 437 0198 2C       		.byte	44
 438 0199 40       		.byte	64
 439 019a 2E       		.byte	46
 440 019b 04       		.byte	4
 441 019c 2F       		.byte	47
 442 019d 0A       		.byte	10
 443 019e 30       		.byte	48
 444 019f 90       		.byte	-112
 445 01a0 31       		.byte	49
 446 01a1 18       		.byte	24
 447 01a2 32       		.byte	50
 448 01a3 01       		.byte	1
 449 01a4 36       		.byte	54
 450 01a5 84       		.byte	-124
 451 01a6 37       		.byte	55
 452 01a7 10       		.byte	16
 453 01a8 38       		.byte	56
 454 01a9 08       		.byte	8
 455 01aa 39       		.byte	57
 456 01ab 04       		.byte	4
ARM GAS  C:\Users\cojid\AppData\Local\Temp\ccBwZCse.s 			page 9


 457 01ac 3D       		.byte	61
 458 01ad 18       		.byte	24
 459 01ae 3E       		.byte	62
 460 01af 02       		.byte	2
 461 01b0 3F       		.byte	63
 462 01b1 80       		.byte	-128
 463 01b2 41       		.byte	65
 464 01b3 10       		.byte	16
 465 01b4 44       		.byte	68
 466 01b5 10       		.byte	16
 467 01b6 46       		.byte	70
 468 01b7 01       		.byte	1
 469 01b8 48       		.byte	72
 470 01b9 80       		.byte	-128
 471 01ba 4C       		.byte	76
 472 01bb 04       		.byte	4
 473 01bc 4E       		.byte	78
 474 01bd 10       		.byte	16
 475 01be 50       		.byte	80
 476 01bf 04       		.byte	4
 477 01c0 55       		.byte	85
 478 01c1 10       		.byte	16
 479 01c2 56       		.byte	86
 480 01c3 10       		.byte	16
 481 01c4 57       		.byte	87
 482 01c5 01       		.byte	1
 483 01c6 5D       		.byte	93
 484 01c7 08       		.byte	8
 485 01c8 5E       		.byte	94
 486 01c9 50       		.byte	80
 487 01ca 5F       		.byte	95
 488 01cb 01       		.byte	1
 489 01cc 67       		.byte	103
 490 01cd 40       		.byte	64
 491 01ce 81       		.byte	-127
 492 01cf 40       		.byte	64
 493 01d0 82       		.byte	-126
 494 01d1 10       		.byte	16
 495 01d2 87       		.byte	-121
 496 01d3 40       		.byte	64
 497 01d4 8A       		.byte	-118
 498 01d5 02       		.byte	2
 499 01d6 8D       		.byte	-115
 500 01d7 10       		.byte	16
 501 01d8 8F       		.byte	-113
 502 01d9 01       		.byte	1
 503 01da 91       		.byte	-111
 504 01db 10       		.byte	16
 505 01dc 92       		.byte	-110
 506 01dd 04       		.byte	4
 507 01de 94       		.byte	-108
 508 01df 14       		.byte	20
 509 01e0 98       		.byte	-104
 510 01e1 40       		.byte	64
 511 01e2 99       		.byte	-103
 512 01e3 08       		.byte	8
 513 01e4 9B       		.byte	-101
ARM GAS  C:\Users\cojid\AppData\Local\Temp\ccBwZCse.s 			page 10


 514 01e5 10       		.byte	16
 515 01e6 9D       		.byte	-99
 516 01e7 20       		.byte	32
 517 01e8 9E       		.byte	-98
 518 01e9 12       		.byte	18
 519 01ea 9F       		.byte	-97
 520 01eb 42       		.byte	66
 521 01ec A2       		.byte	-94
 522 01ed 04       		.byte	4
 523 01ee A3       		.byte	-93
 524 01ef 42       		.byte	66
 525 01f0 A6       		.byte	-90
 526 01f1 80       		.byte	-128
 527 01f2 A7       		.byte	-89
 528 01f3 08       		.byte	8
 529 01f4 AF       		.byte	-81
 530 01f5 40       		.byte	64
 531 01f6 C0       		.byte	-64
 532 01f7 FA       		.byte	-6
 533 01f8 C2       		.byte	-62
 534 01f9 E7       		.byte	-25
 535 01fa C4       		.byte	-60
 536 01fb FE       		.byte	-2
 537 01fc CA       		.byte	-54
 538 01fd F1       		.byte	-15
 539 01fe CC       		.byte	-52
 540 01ff 7F       		.byte	127
 541 0200 CE       		.byte	-50
 542 0201 F2       		.byte	-14
 543 0202 D0       		.byte	-48
 544 0203 54       		.byte	84
 545 0204 D2       		.byte	-46
 546 0205 20       		.byte	32
 547 0206 D6       		.byte	-42
 548 0207 F0       		.byte	-16
 549 0208 D8       		.byte	-40
 550 0209 80       		.byte	-128
 551 020a 30       		.byte	48
 552 020b 10       		.byte	16
 553 020c 36       		.byte	54
 554 020d 20       		.byte	32
 555 020e CC       		.byte	-52
 556 020f 30       		.byte	48
 557 0210 9C       		.byte	-100
 558 0211 10       		.byte	16
 559 0212 A6       		.byte	-90
 560 0213 20       		.byte	32
 561 0214 9C       		.byte	-100
 562 0215 10       		.byte	16
 563 0216 A6       		.byte	-90
 564 0217 20       		.byte	32
 565 0218 9C       		.byte	-100
 566 0219 10       		.byte	16
 567 021a A6       		.byte	-90
 568 021b 20       		.byte	32
 569 021c 9C       		.byte	-100
 570 021d 10       		.byte	16
ARM GAS  C:\Users\cojid\AppData\Local\Temp\ccBwZCse.s 			page 11


 571 021e A6       		.byte	-90
 572 021f 20       		.byte	32
 573 0220 86       		.byte	-122
 574 0221 20       		.byte	32
 575 0222 A6       		.byte	-90
 576 0223 20       		.byte	32
 577 0224 AC       		.byte	-84
 578 0225 10       		.byte	16
 579 0226 E6       		.byte	-26
 580 0227 40       		.byte	64
 581 0228 EE       		.byte	-18
 582 0229 40       		.byte	64
 583 022a 87       		.byte	-121
 584 022b 10       		.byte	16
 585 022c 10       		.byte	16
 586 022d 40       		.byte	64
 587 022e 73       		.byte	115
 588 022f 10       		.byte	16
 589 0230 88       		.byte	-120
 590 0231 40       		.byte	64
 591 0232 93       		.byte	-109
 592 0233 10       		.byte	16
 593 0234 C4       		.byte	-60
 594 0235 08       		.byte	8
 595 0236 DC       		.byte	-36
 596 0237 01       		.byte	1
 597 0238 E2       		.byte	-30
 598 0239 01       		.byte	1
 599 023a 10       		.byte	16
 600 023b 01       		.byte	1
 601 023c 1C       		.byte	28
 602 023d 01       		.byte	1
 603 023e 00       		.byte	0
 604 023f 0F       		.byte	15
 605 0240 1F       		.byte	31
 606 0241 00       		.byte	0
 607 0242 20       		.byte	32
 608 0243 04       		.byte	4
 609 0244 1C       		.byte	28
 610 0245 08       		.byte	8
 611 0246 23       		.byte	35
 612 0247 00       		.byte	0
 613 0248 03       		.byte	3
 614 0249 00       		.byte	0
 615 024a 00       		.byte	0
 616 024b E3       		.byte	-29
 617 024c 01       		.byte	1
 618 024d FF       		.byte	-1
 619 024e 00       		.byte	0
 620 024f 00       		.byte	0
 621 0250 00       		.byte	0
 622 0251 1C       		.byte	28
 623 0252 00       		.byte	0
 624 0253 E1       		.byte	-31
 625 0254 00       		.byte	0
 626 0255 3C       		.byte	60
 627 0256 23       		.byte	35
ARM GAS  C:\Users\cojid\AppData\Local\Temp\ccBwZCse.s 			page 12


 628 0257 C2       		.byte	-62
 629 0258 33       		.byte	51
 630 0259 18       		.byte	24
 631 025a 0C       		.byte	12
 632 025b 00       		.byte	0
 633 025c 3F       		.byte	63
 634 025d 80       		.byte	-128
 635 025e 00       		.byte	0
 636 025f 00       		.byte	0
 637 0260 02       		.byte	2
 638 0261 44       		.byte	68
 639 0262 00       		.byte	0
 640 0263 00       		.byte	0
 641 0264 04       		.byte	4
 642 0265 E7       		.byte	-25
 643 0266 00       		.byte	0
 644 0267 18       		.byte	24
 645 0268 0C       		.byte	12
 646 0269 C0       		.byte	-64
 647 026a 00       		.byte	0
 648 026b 00       		.byte	0
 649 026c 08       		.byte	8
 650 026d 10       		.byte	16
 651 026e 00       		.byte	0
 652 026f 00       		.byte	0
 653 0270 2C       		.byte	44
 654 0271 00       		.byte	0
 655 0272 10       		.byte	16
 656 0273 1F       		.byte	31
 657 0274 0F       		.byte	15
 658 0275 38       		.byte	56
 659 0276 00       		.byte	0
 660 0277 C0       		.byte	-64
 661 0278 00       		.byte	0
 662 0279 00       		.byte	0
 663 027a A2       		.byte	-94
 664 027b 08       		.byte	8
 665 027c 00       		.byte	0
 666 027d 00       		.byte	0
 667 027e 04       		.byte	4
 668 027f 00       		.byte	0
 669 0280 36       		.byte	54
 670 0281 04       		.byte	4
 671 0282 02       		.byte	2
 672 0283 00       		.byte	0
 673 0284 01       		.byte	1
 674 0285 C0       		.byte	-64
 675 0286 0E       		.byte	14
 676 0287 00       		.byte	0
 677 0288 06       		.byte	6
 678 0289 FF       		.byte	-1
 679 028a FF       		.byte	-1
 680 028b FF       		.byte	-1
 681 028c 62       		.byte	98
 682 028d A0       		.byte	-96
 683 028e F0       		.byte	-16
 684 028f 41       		.byte	65
ARM GAS  C:\Users\cojid\AppData\Local\Temp\ccBwZCse.s 			page 13


 685 0290 0C       		.byte	12
 686 0291 00       		.byte	0
 687 0292 00       		.byte	0
 688 0293 00       		.byte	0
 689 0294 00       		.byte	0
 690 0295 00       		.byte	0
 691 0296 02       		.byte	2
 692 0297 11       		.byte	17
 693 0298 04       		.byte	4
 694 0299 04       		.byte	4
 695 029a 04       		.byte	4
 696 029b 04       		.byte	4
 697 029c 00       		.byte	0
 698 029d 00       		.byte	0
 699 029e 00       		.byte	0
 700 029f 01       		.byte	1
 701 02a0 00       		.byte	0
 702 02a1 00       		.byte	0
 703 02a2 00       		.byte	0
 704 02a3 00       		.byte	0
 705 02a4 00       		.byte	0
 706 02a5 00       		.byte	0
 707 02a6 40       		.byte	64
 708 02a7 02       		.byte	2
 709 02a8 00       		.byte	0
 710 02a9 10       		.byte	16
 711 02aa 30       		.byte	48
 712 02ab 10       		.byte	16
 713 02ac 00       		.byte	0
 714 02ad 10       		.byte	16
 715 02ae 10       		.byte	16
 716 02af 12       		.byte	18
 717 02b0 00       		.byte	0
 718 02b1 00       		.byte	0
 719 02b2 00       		.byte	0
 720 02b3 00       		.byte	0
 721 02b4 00       		.byte	0
 722 02b5 00       		.byte	0
 723 02b6 00       		.byte	0
 724 02b7 00       		.byte	0
 725 02b8 00       		.byte	0
 726 02b9 00       		.byte	0
 727 02ba 00       		.byte	0
 728 02bb 00       		.byte	0
 729 02bc 00       		.byte	0
 730 02bd 00       		.byte	0
 731 02be 00       		.byte	0
 732 02bf 00       		.byte	0
 733 02c0 13       		.byte	19
 734 02c1 08       		.byte	8
 735 02c2 04       		.byte	4
 736 02c3 14       		.byte	20
 737 02c4 0A       		.byte	10
 738 02c5 00       		.byte	0
 739 02c6 14       		.byte	20
 740 02c7 20       		.byte	32
 741 02c8 20       		.byte	32
ARM GAS  C:\Users\cojid\AppData\Local\Temp\ccBwZCse.s 			page 14


 742 02c9 18       		.byte	24
 743 02ca C0       		.byte	-64
 744 02cb 00       		.byte	0
 745 02cc 80       		.byte	-128
 746 02cd 00       		.byte	0
 747 02ce 20       		.byte	32
 748 02cf 20       		.byte	32
 749 02d0 00       		.byte	0
 750 02d1 00       		.byte	0
 751 02d2 00       		.byte	0
 752 02d3 00       		.byte	0
 753 02d4 13       		.byte	19
 754 02d5 01       		.byte	1
 755 02d6 0C       		.byte	12
 756 02d7 00       		.byte	0
 757 02d8 E0       		.byte	-32
 758 02d9 00       		.byte	0
 759 02da 00       		.byte	0
 760 02db 01       		.byte	1
 761 02dc 03       		.byte	3
 762 02dd 10       		.byte	16
 763 02de 14       		.byte	20
 764 02df 0C       		.byte	12
 765 02e0 00       		.byte	0
 766 02e1 01       		.byte	1
 767 02e2 08       		.byte	8
 768 02e3 00       		.byte	0
 769 02e4 00       		.byte	0
 770 02e5 18       		.byte	24
 771 02e6 15       		.byte	21
 772 02e7 00       		.byte	0
 773 02e8 E0       		.byte	-32
 774 02e9 00       		.byte	0
 775 02ea 00       		.byte	0
 776 02eb 02       		.byte	2
 777 02ec 40       		.byte	64
 778 02ed 00       		.byte	0
 779 02ee 20       		.byte	32
 780 02ef 01       		.byte	1
 781 02f0 10       		.byte	16
 782 02f1 06       		.byte	6
 783 02f2 E0       		.byte	-32
 784 02f3 01       		.byte	1
 785 02f4 0F       		.byte	15
 786 02f5 20       		.byte	32
 787 02f6 00       		.byte	0
 788 02f7 18       		.byte	24
 789 02f8 00       		.byte	0
 790 02f9 08       		.byte	8
 791 02fa 20       		.byte	32
 792 02fb 00       		.byte	0
 793 02fc 00       		.byte	0
 794 02fd 00       		.byte	0
 795 02fe 01       		.byte	1
 796 02ff 11       		.byte	17
 797 0300 36       		.byte	54
 798 0301 01       		.byte	1
ARM GAS  C:\Users\cojid\AppData\Local\Temp\ccBwZCse.s 			page 15


 799 0302 00       		.byte	0
 800 0303 00       		.byte	0
 801 0304 00       		.byte	0
 802 0305 0B       		.byte	11
 803 0306 E0       		.byte	-32
 804 0307 C0       		.byte	-64
 805 0308 29       		.byte	41
 806 0309 FF       		.byte	-1
 807 030a FF       		.byte	-1
 808 030b FF       		.byte	-1
 809 030c 00       		.byte	0
 810 030d 00       		.byte	0
 811 030e F0       		.byte	-16
 812 030f 44       		.byte	68
 813 0310 0C       		.byte	12
 814 0311 00       		.byte	0
 815 0312 00       		.byte	0
 816 0313 00       		.byte	0
 817 0314 01       		.byte	1
 818 0315 00       		.byte	0
 819 0316 04       		.byte	4
 820 0317 00       		.byte	0
 821 0318 04       		.byte	4
 822 0319 04       		.byte	4
 823 031a 04       		.byte	4
 824 031b 04       		.byte	4
 825 031c 00       		.byte	0
 826 031d 00       		.byte	0
 827 031e 00       		.byte	0
 828 031f 01       		.byte	1
 829 0320 00       		.byte	0
 830 0321 00       		.byte	0
 831 0322 00       		.byte	0
 832 0323 00       		.byte	0
 833 0324 00       		.byte	0
 834 0325 00       		.byte	0
 835 0326 C0       		.byte	-64
 836 0327 00       		.byte	0
 837 0328 00       		.byte	0
 838 0329 00       		.byte	0
 839 032a 40       		.byte	64
 840 032b 02       		.byte	2
 841 032c 00       		.byte	0
 842 032d 00       		.byte	0
 843 032e 00       		.byte	0
 844 032f 00       		.byte	0
 845 0330 00       		.byte	0
 846 0331 00       		.byte	0
 847 0332 00       		.byte	0
 848 0333 00       		.byte	0
 849 0334 00       		.byte	0
 850 0335 00       		.byte	0
 851 0336 00       		.byte	0
 852 0337 00       		.byte	0
 853 0338 00       		.byte	0
 854 0339 00       		.byte	0
 855 033a 00       		.byte	0
ARM GAS  C:\Users\cojid\AppData\Local\Temp\ccBwZCse.s 			page 16


 856 033b 00       		.byte	0
 857 033c 00       		.byte	0
 858 033d 00       		.byte	0
 859 033e 00       		.byte	0
 860 033f 00       		.byte	0
 861 0340 01       		.byte	1
 862 0341 00       		.byte	0
 863 0342 01       		.byte	1
 864 0343 00       		.byte	0
 865 0344 01       		.byte	1
 866 0345 00       		.byte	0
 867 0346 00       		.byte	0
 868 0347 00       		.byte	0
 869 0348 00       		.byte	0
 870 0349 00       		.byte	0
 871 034a 00       		.byte	0
 872 034b 00       		.byte	0
 873 034c 80       		.byte	-128
 874 034d 00       		.byte	0
 875 034e 40       		.byte	64
 876 034f 80       		.byte	-128
 877 0350 80       		.byte	-128
 878 0351 00       		.byte	0
 879 0352 80       		.byte	-128
 880 0353 00       		.byte	0
 881 0354 00       		.byte	0
 882 0355 00       		.byte	0
 883 0356 00       		.byte	0
 884 0357 00       		.byte	0
 885 0358 00       		.byte	0
 886 0359 0B       		.byte	11
 887 035a 0B       		.byte	11
 888 035b 00       		.byte	0
 889 035c 00       		.byte	0
 890 035d 00       		.byte	0
 891 035e 00       		.byte	0
 892 035f 00       		.byte	0
 893 0360 03       		.byte	3
 894 0361 00       		.byte	0
 895 0362 00       		.byte	0
 896 0363 00       		.byte	0
 897 0364 00       		.byte	0
 898 0365 00       		.byte	0
 899 0366 00       		.byte	0
 900 0367 00       		.byte	0
 901              		.section	.cywolatch,"a",%progbits
 902              		.align	2
 903              		.type	cy_meta_wonvl, %object
 904              		.size	cy_meta_wonvl, 4
 905              	cy_meta_wonvl:
 906 0000 BC       		.byte	-68
 907 0001 90       		.byte	-112
 908 0002 AC       		.byte	-84
 909 0003 AF       		.byte	-81
 910              		.section	.cycustnvl,"a",%progbits
 911              		.align	2
 912              		.type	cy_meta_custnvl, %object
ARM GAS  C:\Users\cojid\AppData\Local\Temp\ccBwZCse.s 			page 17


 913              		.size	cy_meta_custnvl, 4
 914              	cy_meta_custnvl:
 915 0000 00       		.byte	0
 916 0001 00       		.byte	0
 917 0002 40       		.byte	64
 918 0003 05       		.byte	5
 919              		.section	.cymeta,"a",%progbits
 920              		.align	2
 921              		.type	cy_metadata, %object
 922              		.size	cy_metadata, 12
 923              	cy_metadata:
 924 0000 00       		.byte	0
 925 0001 01       		.byte	1
 926 0002 2E       		.byte	46
 927 0003 16       		.byte	22
 928 0004 10       		.byte	16
 929 0005 69       		.byte	105
 930 0006 00       		.byte	0
 931 0007 01       		.byte	1
 932 0008 00       		.byte	0
 933 0009 00       		.byte	0
 934 000a 00       		.byte	0
 935 000b 00       		.byte	0
 936              		.section	.cyflashprotect,"a",%progbits
 937              		.align	2
 938              		.type	cy_meta_flashprotect, %object
 939              		.size	cy_meta_flashprotect, 256
 940              	cy_meta_flashprotect:
 941 0000 00000000 		.space	256
 941      00000000 
 941      00000000 
 941      00000000 
 941      00000000 
 942              		.text
 943              	.Letext0:
 944              		.file 1 "c:\\program files (x86)\\cypress\\psoc creator\\4.2\\psoc creator\\import\\gnu\\arm\\5.4.
 945              		.file 2 "c:\\program files (x86)\\cypress\\psoc creator\\4.2\\psoc creator\\import\\gnu\\arm\\5.4.
 946              		.file 3 "Generated_Source\\PSoC5\\cymetadata.c"
 947              		.section	.debug_info,"",%progbits
 948              	.Ldebug_info0:
 949 0000 31010000 		.4byte	0x131
 950 0004 0400     		.2byte	0x4
 951 0006 00000000 		.4byte	.Ldebug_abbrev0
 952 000a 04       		.byte	0x4
 953 000b 01       		.uleb128 0x1
 954 000c 24000000 		.4byte	.LASF17
 955 0010 0C       		.byte	0xc
 956 0011 B1010000 		.4byte	.LASF18
 957 0015 B2000000 		.4byte	.LASF19
 958 0019 00000000 		.4byte	.Ldebug_line0
 959 001d 02       		.uleb128 0x2
 960 001e 01       		.byte	0x1
 961 001f 06       		.byte	0x6
 962 0020 A5010000 		.4byte	.LASF0
 963 0024 03       		.uleb128 0x3
 964 0025 00000000 		.4byte	.LASF9
 965 0029 01       		.byte	0x1
ARM GAS  C:\Users\cojid\AppData\Local\Temp\ccBwZCse.s 			page 18


 966 002a 1D       		.byte	0x1d
 967 002b 2F000000 		.4byte	0x2f
 968 002f 02       		.uleb128 0x2
 969 0030 01       		.byte	0x1
 970 0031 08       		.byte	0x8
 971 0032 16000000 		.4byte	.LASF1
 972 0036 02       		.uleb128 0x2
 973 0037 02       		.byte	0x2
 974 0038 05       		.byte	0x5
 975 0039 92010000 		.4byte	.LASF2
 976 003d 02       		.uleb128 0x2
 977 003e 02       		.byte	0x2
 978 003f 07       		.byte	0x7
 979 0040 F7000000 		.4byte	.LASF3
 980 0044 02       		.uleb128 0x2
 981 0045 04       		.byte	0x4
 982 0046 05       		.byte	0x5
 983 0047 9C010000 		.4byte	.LASF4
 984 004b 02       		.uleb128 0x2
 985 004c 04       		.byte	0x4
 986 004d 07       		.byte	0x7
 987 004e E5000000 		.4byte	.LASF5
 988 0052 02       		.uleb128 0x2
 989 0053 08       		.byte	0x8
 990 0054 05       		.byte	0x5
 991 0055 84010000 		.4byte	.LASF6
 992 0059 02       		.uleb128 0x2
 993 005a 08       		.byte	0x8
 994 005b 07       		.byte	0x7
 995 005c 39010000 		.4byte	.LASF7
 996 0060 04       		.uleb128 0x4
 997 0061 04       		.byte	0x4
 998 0062 05       		.byte	0x5
 999 0063 696E7400 		.ascii	"int\000"
 1000 0067 02       		.uleb128 0x2
 1001 0068 04       		.byte	0x4
 1002 0069 07       		.byte	0x7
 1003 006a 2C010000 		.4byte	.LASF8
 1004 006e 03       		.uleb128 0x3
 1005 006f 50010000 		.4byte	.LASF10
 1006 0073 02       		.byte	0x2
 1007 0074 18       		.byte	0x18
 1008 0075 24000000 		.4byte	0x24
 1009 0079 05       		.uleb128 0x5
 1010 007a 91000000 		.4byte	0x91
 1011 007e 8A000000 		.4byte	0x8a
 1012 0082 06       		.uleb128 0x6
 1013 0083 8A000000 		.4byte	0x8a
 1014 0087 6703     		.2byte	0x367
 1015 0089 00       		.byte	0
 1016 008a 02       		.uleb128 0x2
 1017 008b 04       		.byte	0x4
 1018 008c 07       		.byte	0x7
 1019 008d 7B010000 		.4byte	.LASF11
 1020 0091 07       		.uleb128 0x7
 1021 0092 6E000000 		.4byte	0x6e
 1022 0096 08       		.uleb128 0x8
ARM GAS  C:\Users\cojid\AppData\Local\Temp\ccBwZCse.s 			page 19


 1023 0097 1A010000 		.4byte	.LASF12
 1024 009b 03       		.byte	0x3
 1025 009c 1F       		.byte	0x1f
 1026 009d A7000000 		.4byte	0xa7
 1027 00a1 05       		.uleb128 0x5
 1028 00a2 03       		.byte	0x3
 1029 00a3 00000000 		.4byte	cy_meta_configecc
 1030 00a7 07       		.uleb128 0x7
 1031 00a8 79000000 		.4byte	0x79
 1032 00ac 05       		.uleb128 0x5
 1033 00ad 91000000 		.4byte	0x91
 1034 00b1 BC000000 		.4byte	0xbc
 1035 00b5 09       		.uleb128 0x9
 1036 00b6 8A000000 		.4byte	0x8a
 1037 00ba 03       		.byte	0x3
 1038 00bb 00       		.byte	0
 1039 00bc 08       		.uleb128 0x8
 1040 00bd 0A010000 		.4byte	.LASF13
 1041 00c1 03       		.byte	0x3
 1042 00c2 99       		.byte	0x99
 1043 00c3 CD000000 		.4byte	0xcd
 1044 00c7 05       		.uleb128 0x5
 1045 00c8 03       		.byte	0x3
 1046 00c9 00000000 		.4byte	cy_meta_custnvl
 1047 00cd 07       		.uleb128 0x7
 1048 00ce AC000000 		.4byte	0xac
 1049 00d2 08       		.uleb128 0x8
 1050 00d3 6D010000 		.4byte	.LASF14
 1051 00d7 03       		.byte	0x3
 1052 00d8 A7       		.byte	0xa7
 1053 00d9 E3000000 		.4byte	0xe3
 1054 00dd 05       		.uleb128 0x5
 1055 00de 03       		.byte	0x3
 1056 00df 00000000 		.4byte	cy_meta_wonvl
 1057 00e3 07       		.uleb128 0x7
 1058 00e4 AC000000 		.4byte	0xac
 1059 00e8 05       		.uleb128 0x5
 1060 00e9 91000000 		.4byte	0x91
 1061 00ed F8000000 		.4byte	0xf8
 1062 00f1 09       		.uleb128 0x9
 1063 00f2 8A000000 		.4byte	0x8a
 1064 00f6 FF       		.byte	0xff
 1065 00f7 00       		.byte	0
 1066 00f8 08       		.uleb128 0x8
 1067 00f9 58010000 		.4byte	.LASF15
 1068 00fd 03       		.byte	0x3
 1069 00fe B5       		.byte	0xb5
 1070 00ff 09010000 		.4byte	0x109
 1071 0103 05       		.uleb128 0x5
 1072 0104 03       		.byte	0x3
 1073 0105 00000000 		.4byte	cy_meta_flashprotect
 1074 0109 07       		.uleb128 0x7
 1075 010a E8000000 		.4byte	0xe8
 1076 010e 05       		.uleb128 0x5
 1077 010f 91000000 		.4byte	0x91
 1078 0113 1E010000 		.4byte	0x11e
 1079 0117 09       		.uleb128 0x9
ARM GAS  C:\Users\cojid\AppData\Local\Temp\ccBwZCse.s 			page 20


 1080 0118 8A000000 		.4byte	0x8a
 1081 011c 0B       		.byte	0xb
 1082 011d 00       		.byte	0
 1083 011e 08       		.uleb128 0x8
 1084 011f 0A000000 		.4byte	.LASF16
 1085 0123 03       		.byte	0x3
 1086 0124 E2       		.byte	0xe2
 1087 0125 2F010000 		.4byte	0x12f
 1088 0129 05       		.uleb128 0x5
 1089 012a 03       		.byte	0x3
 1090 012b 00000000 		.4byte	cy_metadata
 1091 012f 07       		.uleb128 0x7
 1092 0130 0E010000 		.4byte	0x10e
 1093 0134 00       		.byte	0
 1094              		.section	.debug_abbrev,"",%progbits
 1095              	.Ldebug_abbrev0:
 1096 0000 01       		.uleb128 0x1
 1097 0001 11       		.uleb128 0x11
 1098 0002 01       		.byte	0x1
 1099 0003 25       		.uleb128 0x25
 1100 0004 0E       		.uleb128 0xe
 1101 0005 13       		.uleb128 0x13
 1102 0006 0B       		.uleb128 0xb
 1103 0007 03       		.uleb128 0x3
 1104 0008 0E       		.uleb128 0xe
 1105 0009 1B       		.uleb128 0x1b
 1106 000a 0E       		.uleb128 0xe
 1107 000b 10       		.uleb128 0x10
 1108 000c 17       		.uleb128 0x17
 1109 000d 00       		.byte	0
 1110 000e 00       		.byte	0
 1111 000f 02       		.uleb128 0x2
 1112 0010 24       		.uleb128 0x24
 1113 0011 00       		.byte	0
 1114 0012 0B       		.uleb128 0xb
 1115 0013 0B       		.uleb128 0xb
 1116 0014 3E       		.uleb128 0x3e
 1117 0015 0B       		.uleb128 0xb
 1118 0016 03       		.uleb128 0x3
 1119 0017 0E       		.uleb128 0xe
 1120 0018 00       		.byte	0
 1121 0019 00       		.byte	0
 1122 001a 03       		.uleb128 0x3
 1123 001b 16       		.uleb128 0x16
 1124 001c 00       		.byte	0
 1125 001d 03       		.uleb128 0x3
 1126 001e 0E       		.uleb128 0xe
 1127 001f 3A       		.uleb128 0x3a
 1128 0020 0B       		.uleb128 0xb
 1129 0021 3B       		.uleb128 0x3b
 1130 0022 0B       		.uleb128 0xb
 1131 0023 49       		.uleb128 0x49
 1132 0024 13       		.uleb128 0x13
 1133 0025 00       		.byte	0
 1134 0026 00       		.byte	0
 1135 0027 04       		.uleb128 0x4
 1136 0028 24       		.uleb128 0x24
ARM GAS  C:\Users\cojid\AppData\Local\Temp\ccBwZCse.s 			page 21


 1137 0029 00       		.byte	0
 1138 002a 0B       		.uleb128 0xb
 1139 002b 0B       		.uleb128 0xb
 1140 002c 3E       		.uleb128 0x3e
 1141 002d 0B       		.uleb128 0xb
 1142 002e 03       		.uleb128 0x3
 1143 002f 08       		.uleb128 0x8
 1144 0030 00       		.byte	0
 1145 0031 00       		.byte	0
 1146 0032 05       		.uleb128 0x5
 1147 0033 01       		.uleb128 0x1
 1148 0034 01       		.byte	0x1
 1149 0035 49       		.uleb128 0x49
 1150 0036 13       		.uleb128 0x13
 1151 0037 01       		.uleb128 0x1
 1152 0038 13       		.uleb128 0x13
 1153 0039 00       		.byte	0
 1154 003a 00       		.byte	0
 1155 003b 06       		.uleb128 0x6
 1156 003c 21       		.uleb128 0x21
 1157 003d 00       		.byte	0
 1158 003e 49       		.uleb128 0x49
 1159 003f 13       		.uleb128 0x13
 1160 0040 2F       		.uleb128 0x2f
 1161 0041 05       		.uleb128 0x5
 1162 0042 00       		.byte	0
 1163 0043 00       		.byte	0
 1164 0044 07       		.uleb128 0x7
 1165 0045 26       		.uleb128 0x26
 1166 0046 00       		.byte	0
 1167 0047 49       		.uleb128 0x49
 1168 0048 13       		.uleb128 0x13
 1169 0049 00       		.byte	0
 1170 004a 00       		.byte	0
 1171 004b 08       		.uleb128 0x8
 1172 004c 34       		.uleb128 0x34
 1173 004d 00       		.byte	0
 1174 004e 03       		.uleb128 0x3
 1175 004f 0E       		.uleb128 0xe
 1176 0050 3A       		.uleb128 0x3a
 1177 0051 0B       		.uleb128 0xb
 1178 0052 3B       		.uleb128 0x3b
 1179 0053 0B       		.uleb128 0xb
 1180 0054 49       		.uleb128 0x49
 1181 0055 13       		.uleb128 0x13
 1182 0056 3F       		.uleb128 0x3f
 1183 0057 19       		.uleb128 0x19
 1184 0058 02       		.uleb128 0x2
 1185 0059 18       		.uleb128 0x18
 1186 005a 00       		.byte	0
 1187 005b 00       		.byte	0
 1188 005c 09       		.uleb128 0x9
 1189 005d 21       		.uleb128 0x21
 1190 005e 00       		.byte	0
 1191 005f 49       		.uleb128 0x49
 1192 0060 13       		.uleb128 0x13
 1193 0061 2F       		.uleb128 0x2f
ARM GAS  C:\Users\cojid\AppData\Local\Temp\ccBwZCse.s 			page 22


 1194 0062 0B       		.uleb128 0xb
 1195 0063 00       		.byte	0
 1196 0064 00       		.byte	0
 1197 0065 00       		.byte	0
 1198              		.section	.debug_aranges,"",%progbits
 1199 0000 14000000 		.4byte	0x14
 1200 0004 0200     		.2byte	0x2
 1201 0006 00000000 		.4byte	.Ldebug_info0
 1202 000a 04       		.byte	0x4
 1203 000b 00       		.byte	0
 1204 000c 0000     		.2byte	0
 1205 000e 0000     		.2byte	0
 1206 0010 00000000 		.4byte	0
 1207 0014 00000000 		.4byte	0
 1208              		.section	.debug_line,"",%progbits
 1209              	.Ldebug_line0:
 1210 0000 3D010000 		.section	.debug_str,"MS",%progbits,1
 1210      02003701 
 1210      00000201 
 1210      FB0E0D00 
 1210      01010101 
 1211              	.LASF9:
 1212 0000 5F5F7569 		.ascii	"__uint8_t\000"
 1212      6E74385F 
 1212      7400
 1213              	.LASF16:
 1214 000a 63795F6D 		.ascii	"cy_metadata\000"
 1214      65746164 
 1214      61746100 
 1215              	.LASF1:
 1216 0016 756E7369 		.ascii	"unsigned char\000"
 1216      676E6564 
 1216      20636861 
 1216      7200
 1217              	.LASF17:
 1218 0024 474E5520 		.ascii	"GNU C11 5.4.1 20160609 (release) [ARM/embedded-5-br"
 1218      43313120 
 1218      352E342E 
 1218      31203230 
 1218      31363036 
 1219 0057 616E6368 		.ascii	"anch revision 237715] -mcpu=cortex-m3 -mthumb -g -O"
 1219      20726576 
 1219      6973696F 
 1219      6E203233 
 1219      37373135 
 1220 008a 67202D66 		.ascii	"g -ffunction-sections -ffat-lto-objects\000"
 1220      66756E63 
 1220      74696F6E 
 1220      2D736563 
 1220      74696F6E 
 1221              	.LASF19:
 1222 00b2 463A5C6B 		.ascii	"F:\\kyrsach Bench\\1-wire Protocol\\DHT11_forP5.cyd"
 1222      79727361 
 1222      63682042 
 1222      656E6368 
 1222      5C312D77 
 1223 00e2 736E00   		.ascii	"sn\000"
ARM GAS  C:\Users\cojid\AppData\Local\Temp\ccBwZCse.s 			page 23


 1224              	.LASF5:
 1225 00e5 6C6F6E67 		.ascii	"long unsigned int\000"
 1225      20756E73 
 1225      69676E65 
 1225      6420696E 
 1225      7400
 1226              	.LASF3:
 1227 00f7 73686F72 		.ascii	"short unsigned int\000"
 1227      7420756E 
 1227      7369676E 
 1227      65642069 
 1227      6E7400
 1228              	.LASF13:
 1229 010a 63795F6D 		.ascii	"cy_meta_custnvl\000"
 1229      6574615F 
 1229      63757374 
 1229      6E766C00 
 1230              	.LASF12:
 1231 011a 63795F6D 		.ascii	"cy_meta_configecc\000"
 1231      6574615F 
 1231      636F6E66 
 1231      69676563 
 1231      6300
 1232              	.LASF8:
 1233 012c 756E7369 		.ascii	"unsigned int\000"
 1233      676E6564 
 1233      20696E74 
 1233      00
 1234              	.LASF7:
 1235 0139 6C6F6E67 		.ascii	"long long unsigned int\000"
 1235      206C6F6E 
 1235      6720756E 
 1235      7369676E 
 1235      65642069 
 1236              	.LASF10:
 1237 0150 75696E74 		.ascii	"uint8_t\000"
 1237      385F7400 
 1238              	.LASF15:
 1239 0158 63795F6D 		.ascii	"cy_meta_flashprotect\000"
 1239      6574615F 
 1239      666C6173 
 1239      6870726F 
 1239      74656374 
 1240              	.LASF14:
 1241 016d 63795F6D 		.ascii	"cy_meta_wonvl\000"
 1241      6574615F 
 1241      776F6E76 
 1241      6C00
 1242              	.LASF11:
 1243 017b 73697A65 		.ascii	"sizetype\000"
 1243      74797065 
 1243      00
 1244              	.LASF6:
 1245 0184 6C6F6E67 		.ascii	"long long int\000"
 1245      206C6F6E 
 1245      6720696E 
 1245      7400
ARM GAS  C:\Users\cojid\AppData\Local\Temp\ccBwZCse.s 			page 24


 1246              	.LASF2:
 1247 0192 73686F72 		.ascii	"short int\000"
 1247      7420696E 
 1247      7400
 1248              	.LASF4:
 1249 019c 6C6F6E67 		.ascii	"long int\000"
 1249      20696E74 
 1249      00
 1250              	.LASF0:
 1251 01a5 7369676E 		.ascii	"signed char\000"
 1251      65642063 
 1251      68617200 
 1252              	.LASF18:
 1253 01b1 47656E65 		.ascii	"Generated_Source\\PSoC5\\cymetadata.c\000"
 1253      72617465 
 1253      645F536F 
 1253      75726365 
 1253      5C50536F 
 1254              		.ident	"GCC: (GNU Tools for ARM Embedded Processors) 5.4.1 20160609 (release) [ARM/embedded-5-bran
