ARM GAS  C:\Users\cojid\AppData\Local\Temp\ccUN3fWj.s 			page 1


   1              		.syntax unified
   2              		.cpu cortex-m3
   3              		.fpu softvfp
   4              		.eabi_attribute 20, 1
   5              		.eabi_attribute 21, 1
   6              		.eabi_attribute 23, 3
   7              		.eabi_attribute 24, 1
   8              		.eabi_attribute 25, 1
   9              		.eabi_attribute 26, 1
  10              		.eabi_attribute 30, 1
  11              		.eabi_attribute 34, 1
  12              		.eabi_attribute 18, 4
  13              		.thumb
  14              		.syntax unified
  15              		.file	"main.c"
  16              		.text
  17              	.Ltext0:
  18              		.cfi_sections	.debug_frame
  19              		.section	.text.DHTread,"ax",%progbits
  20              		.align	2
  21              		.global	DHTread
  22              		.thumb
  23              		.thumb_func
  24              		.type	DHTread, %function
  25              	DHTread:
  26              	.LFB64:
  27              		.file 1 "main.c"
   1:main.c        **** /* ========================================
   2:main.c        ****  *
   3:main.c        ****  * Copyright YOUR COMPANY, THE YEAR
   4:main.c        ****  * All Rights Reserved
   5:main.c        ****  * UNPUBLISHED, LICENSED SOFTWARE.
   6:main.c        ****  *
   7:main.c        ****  * CONFIDENTIAL AND PROPRIETARY INFORMATION
   8:main.c        ****  * WHICH IS THE PROPERTY OF your company.
   9:main.c        ****  *
  10:main.c        ****  * ========================================
  11:main.c        **** */
  12:main.c        **** #include "project.h"
  13:main.c        **** #include "stdio.h"
  14:main.c        **** 
  15:main.c        **** static int temperature=99;
  16:main.c        **** static int humidity=99;
  17:main.c        **** static uint8 IState,i;
  18:main.c        **** 
  19:main.c        **** int DHTread() 
  20:main.c        **** {     
  28              		.loc 1 20 0
  29              		.cfi_startproc
  30              		@ args = 0, pretend = 0, frame = 8
  31              		@ frame_needed = 0, uses_anonymous_args = 0
  32 0000 F0B5     		push	{r4, r5, r6, r7, lr}
  33              		.cfi_def_cfa_offset 20
  34              		.cfi_offset 4, -20
  35              		.cfi_offset 5, -16
  36              		.cfi_offset 6, -12
  37              		.cfi_offset 7, -8
ARM GAS  C:\Users\cojid\AppData\Local\Temp\ccUN3fWj.s 			page 2


  38              		.cfi_offset 14, -4
  39 0002 83B0     		sub	sp, sp, #12
  40              		.cfi_def_cfa_offset 32
  21:main.c        ****    IState=CyEnterCriticalSection();  
  41              		.loc 1 21 0
  42 0004 FFF7FEFF 		bl	CyEnterCriticalSection
  43              	.LVL0:
  44 0008 3C4B     		ldr	r3, .L19
  45 000a 1870     		strb	r0, [r3]
  46              	.LVL1:
  22:main.c        ****    uint8 bits[5]; 
  23:main.c        **** 	uint8 cnt = 7; 
  24:main.c        **** 	uint8 idx = 0; 
  25:main.c        ****    int   calc=0; 
  26:main.c        ****    int   timeout=0; 
  27:main.c        ****    for (i=0; i< 5; i++)  
  47              		.loc 1 27 0
  48 000c 0022     		movs	r2, #0
  49 000e 5A70     		strb	r2, [r3, #1]
  50 0010 07E0     		b	.L2
  51              	.L3:
  28:main.c        ****        bits[i] = 0; 
  52              		.loc 1 28 0 discriminator 3
  53 0012 02AA     		add	r2, sp, #8
  54 0014 1A44     		add	r2, r2, r3
  55 0016 0021     		movs	r1, #0
  56 0018 02F8081C 		strb	r1, [r2, #-8]
  27:main.c        ****        bits[i] = 0; 
  57              		.loc 1 27 0 discriminator 3
  58 001c 0133     		adds	r3, r3, #1
  59 001e 374A     		ldr	r2, .L19
  60 0020 5370     		strb	r3, [r2, #1]
  61              	.L2:
  27:main.c        ****        bits[i] = 0; 
  62              		.loc 1 27 0 is_stmt 0 discriminator 1
  63 0022 364B     		ldr	r3, .L19
  64 0024 5B78     		ldrb	r3, [r3, #1]	@ zero_extendqisi2
  65 0026 042B     		cmp	r3, #4
  66 0028 F3D9     		bls	.L3
  29:main.c        ****    DHT_Write(0u); 
  67              		.loc 1 29 0 is_stmt 1
  68 002a 0020     		movs	r0, #0
  69 002c FFF7FEFF 		bl	DHT_Write
  70              	.LVL2:
  30:main.c        ****    CyDelay(19); 
  71              		.loc 1 30 0
  72 0030 1320     		movs	r0, #19
  73 0032 FFF7FEFF 		bl	CyDelay
  74              	.LVL3:
  31:main.c        ****    DHT_Write(1u); 
  75              		.loc 1 31 0
  76 0036 0120     		movs	r0, #1
  77 0038 FFF7FEFF 		bl	DHT_Write
  78              	.LVL4:
  26:main.c        ****    for (i=0; i< 5; i++)  
  79              		.loc 1 26 0
  80 003c 0025     		movs	r5, #0
ARM GAS  C:\Users\cojid\AppData\Local\Temp\ccUN3fWj.s 			page 3


  32:main.c        ****    while(DHT_Read()==1) 
  81              		.loc 1 32 0
  82 003e 03E0     		b	.L4
  83              	.LVL5:
  84              	.L6:
  33:main.c        ****    { 
  34:main.c        ****        timeout++; 
  85              		.loc 1 34 0
  86 0040 0135     		adds	r5, r5, #1
  87              	.LVL6:
  35:main.c        ****        if(timeout>500) 
  88              		.loc 1 35 0
  89 0042 B5F5FA7F 		cmp	r5, #500
  90 0046 4DDC     		bgt	.L5
  91              	.LVL7:
  92              	.L4:
  32:main.c        ****    while(DHT_Read()==1) 
  93              		.loc 1 32 0
  94 0048 FFF7FEFF 		bl	DHT_Read
  95              	.LVL8:
  96 004c 0128     		cmp	r0, #1
  97 004e F7D0     		beq	.L6
  98 0050 03E0     		b	.L7
  99              	.L8:
  36:main.c        ****            goto r99;  //DHT error function 
  37:main.c        ****    } 
  38:main.c        ****    while(DHT_Read()==0) 
  39:main.c        ****    {         
  40:main.c        ****        timeout++; 
 100              		.loc 1 40 0
 101 0052 0135     		adds	r5, r5, #1
 102              	.LVL9:
  41:main.c        ****        if(timeout>500) 
 103              		.loc 1 41 0
 104 0054 B5F5FA7F 		cmp	r5, #500
 105 0058 44DC     		bgt	.L5
 106              	.L7:
  38:main.c        ****    {         
 107              		.loc 1 38 0
 108 005a FFF7FEFF 		bl	DHT_Read
 109              	.LVL10:
 110 005e 0028     		cmp	r0, #0
 111 0060 F7D0     		beq	.L8
 112              	.L9:
  42:main.c        ****            goto r99; //DHT error function 
  43:main.c        ****    } 
  44:main.c        ****    calc=timeout; 
  45:main.c        ****    timeout=0; 
  46:main.c        ****    while(DHT_Read()==1); 
 113              		.loc 1 46 0 discriminator 1
 114 0062 FFF7FEFF 		bl	DHT_Read
 115              	.LVL11:
 116 0066 0128     		cmp	r0, #1
 117 0068 FBD0     		beq	.L9
  47:main.c        ****    for (i=0; i<40; i++) 
 118              		.loc 1 47 0
 119 006a 0027     		movs	r7, #0
ARM GAS  C:\Users\cojid\AppData\Local\Temp\ccUN3fWj.s 			page 4


 120 006c 234B     		ldr	r3, .L19
 121 006e 5F70     		strb	r7, [r3, #1]
  23:main.c        **** 	uint8 idx = 0; 
 122              		.loc 1 23 0
 123 0070 0726     		movs	r6, #7
 124              		.loc 1 47 0
 125 0072 23E0     		b	.L10
 126              	.LVL12:
 127              	.L11:
  48:main.c        **** 	{ 
  49:main.c        ****        timeout=0; 
  50:main.c        ****        while(DHT_Read()==0); 
 128              		.loc 1 50 0 discriminator 1
 129 0074 FFF7FEFF 		bl	DHT_Read
 130              	.LVL13:
 131 0078 0028     		cmp	r0, #0
 132 007a FBD0     		beq	.L11
 133 007c 0024     		movs	r4, #0
 134 007e 00E0     		b	.L12
 135              	.LVL14:
 136              	.L13:
  51:main.c        ****        while(DHT_Read()==1) 
  52:main.c        ****            timeout++; 
 137              		.loc 1 52 0
 138 0080 0134     		adds	r4, r4, #1
 139              	.LVL15:
 140              	.L12:
  51:main.c        ****        while(DHT_Read()==1) 
 141              		.loc 1 51 0
 142 0082 FFF7FEFF 		bl	DHT_Read
 143              	.LVL16:
 144 0086 0128     		cmp	r0, #1
 145 0088 FAD0     		beq	.L13
  53:main.c        ****        //Data acquiring point 
  54:main.c        ****        if ((timeout) > (calc/2)) 
 146              		.loc 1 54 0
 147 008a 05EBD573 		add	r3, r5, r5, lsr #31
 148 008e B4EB630F 		cmp	r4, r3, asr #1
 149 0092 08DD     		ble	.L14
  55:main.c        ****            bits[idx] |= (1 << cnt); 
 150              		.loc 1 55 0
 151 0094 0123     		movs	r3, #1
 152 0096 B340     		lsls	r3, r3, r6
 153 0098 02AA     		add	r2, sp, #8
 154 009a 3A44     		add	r2, r2, r7
 155 009c 12F8081C 		ldrb	r1, [r2, #-8]	@ zero_extendqisi2
 156 00a0 0B43     		orrs	r3, r3, r1
 157 00a2 02F8083C 		strb	r3, [r2, #-8]
 158              	.L14:
  56:main.c        ****        if (cnt == 0)   // next byte? 
 159              		.loc 1 56 0
 160 00a6 1EB9     		cbnz	r6, .L15
 161              	.LVL17:
  57:main.c        ****    	{ 
  58:main.c        ****    		cnt = 7;    // restart at MSB 
  59:main.c        ****    		idx++;      // next byte! 
 162              		.loc 1 59 0
ARM GAS  C:\Users\cojid\AppData\Local\Temp\ccUN3fWj.s 			page 5


 163 00a8 0137     		adds	r7, r7, #1
 164              	.LVL18:
 165 00aa FFB2     		uxtb	r7, r7
 166              	.LVL19:
  58:main.c        ****    		idx++;      // next byte! 
 167              		.loc 1 58 0
 168 00ac 0726     		movs	r6, #7
 169 00ae 01E0     		b	.L16
 170              	.LVL20:
 171              	.L15:
  60:main.c        ****    	} 
  61:main.c        ****    	else cnt--; 
 172              		.loc 1 61 0
 173 00b0 013E     		subs	r6, r6, #1
 174              	.LVL21:
 175 00b2 F6B2     		uxtb	r6, r6
 176              	.LVL22:
 177              	.L16:
  47:main.c        **** 	{ 
 178              		.loc 1 47 0 discriminator 2
 179 00b4 114A     		ldr	r2, .L19
 180 00b6 5378     		ldrb	r3, [r2, #1]	@ zero_extendqisi2
 181 00b8 0133     		adds	r3, r3, #1
 182 00ba 5370     		strb	r3, [r2, #1]
 183              	.LVL23:
 184              	.L10:
  47:main.c        **** 	{ 
 185              		.loc 1 47 0 is_stmt 0 discriminator 1
 186 00bc 0F4B     		ldr	r3, .L19
 187 00be 5B78     		ldrb	r3, [r3, #1]	@ zero_extendqisi2
 188 00c0 272B     		cmp	r3, #39
 189 00c2 D7D9     		bls	.L11
  62:main.c        ****    } 
  63:main.c        ****    humidity    = bits[0];  
 190              		.loc 1 63 0 is_stmt 1
 191 00c4 9DF80020 		ldrb	r2, [sp]	@ zero_extendqisi2
 192 00c8 0D4B     		ldr	r3, .L19+4
 193 00ca 1A60     		str	r2, [r3]
  64:main.c        ****    temperature = bits[2];  
 194              		.loc 1 64 0
 195 00cc 9DF80220 		ldrb	r2, [sp, #2]	@ zero_extendqisi2
 196 00d0 5A60     		str	r2, [r3, #4]
  65:main.c        ****    CyExitCriticalSection(IState); 
 197              		.loc 1 65 0
 198 00d2 0A4B     		ldr	r3, .L19
 199 00d4 1878     		ldrb	r0, [r3]	@ zero_extendqisi2
 200 00d6 FFF7FEFF 		bl	CyExitCriticalSection
 201              	.LVL24:
  66:main.c        ****    CyDelay(1); 
 202              		.loc 1 66 0
 203 00da 0120     		movs	r0, #1
 204 00dc FFF7FEFF 		bl	CyDelay
 205              	.LVL25:
  67:main.c        ****    return 0; 
 206              		.loc 1 67 0
 207 00e0 0020     		movs	r0, #0
 208 00e2 09E0     		b	.L17
ARM GAS  C:\Users\cojid\AppData\Local\Temp\ccUN3fWj.s 			page 6


 209              	.LVL26:
 210              	.L5:
  68:main.c        ****    r99:    //Goto label for error in DHT reading 
  69:main.c        ****        humidity    = 70;  
 211              		.loc 1 69 0
 212 00e4 064B     		ldr	r3, .L19+4
 213 00e6 4622     		movs	r2, #70
 214 00e8 1A60     		str	r2, [r3]
  70:main.c        ****        temperature = 24;  
 215              		.loc 1 70 0
 216 00ea 1822     		movs	r2, #24
 217 00ec 5A60     		str	r2, [r3, #4]
  71:main.c        ****        CyExitCriticalSection(IState); 
 218              		.loc 1 71 0
 219 00ee 034B     		ldr	r3, .L19
 220 00f0 1878     		ldrb	r0, [r3]	@ zero_extendqisi2
 221 00f2 FFF7FEFF 		bl	CyExitCriticalSection
 222              	.LVL27:
  72:main.c        ****        return 99; 
 223              		.loc 1 72 0
 224 00f6 6320     		movs	r0, #99
 225              	.LVL28:
 226              	.L17:
  73:main.c        **** }
 227              		.loc 1 73 0
 228 00f8 03B0     		add	sp, sp, #12
 229              		.cfi_def_cfa_offset 20
 230              		@ sp needed
 231 00fa F0BD     		pop	{r4, r5, r6, r7, pc}
 232              	.L20:
 233              		.align	2
 234              	.L19:
 235 00fc 00000000 		.word	.LANCHOR0
 236 0100 00000000 		.word	.LANCHOR1
 237              		.cfi_endproc
 238              	.LFE64:
 239              		.size	DHTread, .-DHTread
 240              		.section	.text.main,"ax",%progbits
 241              		.align	2
 242              		.global	main
 243              		.thumb
 244              		.thumb_func
 245              		.type	main, %function
 246              	main:
 247              	.LFB65:
  74:main.c        **** 
  75:main.c        **** 
  76:main.c        **** int main(void)
  77:main.c        **** {
 248              		.loc 1 77 0
 249              		.cfi_startproc
 250              		@ args = 0, pretend = 0, frame = 40
 251              		@ frame_needed = 0, uses_anonymous_args = 0
 252 0000 00B5     		push	{lr}
 253              		.cfi_def_cfa_offset 4
 254              		.cfi_offset 14, -4
 255 0002 8BB0     		sub	sp, sp, #44
ARM GAS  C:\Users\cojid\AppData\Local\Temp\ccUN3fWj.s 			page 7


 256              		.cfi_def_cfa_offset 48
  78:main.c        ****     CyGlobalIntEnable; /* Enable global interrupts. */
 257              		.loc 1 78 0
 258              		.syntax unified
 259              	@ 78 "main.c" 1
 260 0004 62B6     		CPSIE   i
 261              	@ 0 "" 2
  79:main.c        **** 
  80:main.c        ****     char outputstring[40];
  81:main.c        ****     UART_Start();
 262              		.loc 1 81 0
 263              		.thumb
 264              		.syntax unified
 265 0006 FFF7FEFF 		bl	UART_Start
 266              	.LVL29:
 267              	.L24:
  82:main.c        **** 
  83:main.c        ****     for(;;)
  84:main.c        ****     {
  85:main.c        ****         if(PhotoSen_Read() == 1)
 268              		.loc 1 85 0
 269 000a FFF7FEFF 		bl	PhotoSen_Read
 270              	.LVL30:
 271 000e 0128     		cmp	r0, #1
 272 0010 0BD1     		bne	.L22
  86:main.c        ****         {
  87:main.c        ****             DHTread();
 273              		.loc 1 87 0
 274 0012 FFF7FEFF 		bl	DHTread
 275              	.LVL31:
  88:main.c        ****             sprintf(outputstring,"Night: Temperature=%i Humidity= %i \r\n",temperature,humidity);
 276              		.loc 1 88 0
 277 0016 0F4A     		ldr	r2, .L26
 278 0018 1368     		ldr	r3, [r2]
 279 001a 5268     		ldr	r2, [r2, #4]
 280 001c 0E49     		ldr	r1, .L26+4
 281 001e 6846     		mov	r0, sp
 282 0020 FFF7FEFF 		bl	sprintf
 283              	.LVL32:
  89:main.c        ****             UART_PutString(outputstring);
 284              		.loc 1 89 0
 285 0024 6846     		mov	r0, sp
 286 0026 FFF7FEFF 		bl	UART_PutString
 287              	.LVL33:
 288              	.L22:
  90:main.c        ****         }
  91:main.c        ****         if(PhotoSen_Read() == 0)
 289              		.loc 1 91 0
 290 002a FFF7FEFF 		bl	PhotoSen_Read
 291              	.LVL34:
 292 002e 58B9     		cbnz	r0, .L23
  92:main.c        ****         {
  93:main.c        ****             DHTread();
 293              		.loc 1 93 0
 294 0030 FFF7FEFF 		bl	DHTread
 295              	.LVL35:
  94:main.c        ****             sprintf(outputstring,"Day: Temperature=%i Humidity= %i \r\n",temperature,humidity);
ARM GAS  C:\Users\cojid\AppData\Local\Temp\ccUN3fWj.s 			page 8


 296              		.loc 1 94 0
 297 0034 074A     		ldr	r2, .L26
 298 0036 1368     		ldr	r3, [r2]
 299 0038 5268     		ldr	r2, [r2, #4]
 300 003a 0849     		ldr	r1, .L26+8
 301 003c 6846     		mov	r0, sp
 302 003e FFF7FEFF 		bl	sprintf
 303              	.LVL36:
  95:main.c        ****             UART_PutString(outputstring);
 304              		.loc 1 95 0
 305 0042 6846     		mov	r0, sp
 306 0044 FFF7FEFF 		bl	UART_PutString
 307              	.LVL37:
 308              	.L23:
  96:main.c        ****         }
  97:main.c        ****         CyDelay(5000);  //Delay in milli seconds. 
 309              		.loc 1 97 0
 310 0048 41F28830 		movw	r0, #5000
 311 004c FFF7FEFF 		bl	CyDelay
 312              	.LVL38:
  98:main.c        ****     }
 313              		.loc 1 98 0
 314 0050 DBE7     		b	.L24
 315              	.L27:
 316 0052 00BF     		.align	2
 317              	.L26:
 318 0054 00000000 		.word	.LANCHOR1
 319 0058 00000000 		.word	.LC0
 320 005c 28000000 		.word	.LC1
 321              		.cfi_endproc
 322              	.LFE65:
 323              		.size	main, .-main
 324              		.data
 325              		.align	2
 326              		.set	.LANCHOR1,. + 0
 327              		.type	humidity, %object
 328              		.size	humidity, 4
 329              	humidity:
 330 0000 63000000 		.word	99
 331              		.type	temperature, %object
 332              		.size	temperature, 4
 333              	temperature:
 334 0004 63000000 		.word	99
 335              		.section	.rodata.str1.4,"aMS",%progbits,1
 336              		.align	2
 337              	.LC0:
 338 0000 4E696768 		.ascii	"Night: Temperature=%i Humidity= %i \015\012\000"
 338      743A2054 
 338      656D7065 
 338      72617475 
 338      72653D25 
 339 0026 0000     		.space	2
 340              	.LC1:
 341 0028 4461793A 		.ascii	"Day: Temperature=%i Humidity= %i \015\012\000"
 341      2054656D 
 341      70657261 
 341      74757265 
ARM GAS  C:\Users\cojid\AppData\Local\Temp\ccUN3fWj.s 			page 9


 341      3D256920 
 342              		.bss
 343              		.set	.LANCHOR0,. + 0
 344              		.type	IState, %object
 345              		.size	IState, 1
 346              	IState:
 347 0000 00       		.space	1
 348              		.type	i, %object
 349              		.size	i, 1
 350              	i:
 351 0001 00       		.space	1
 352              		.text
 353              	.Letext0:
 354              		.file 2 "c:\\program files (x86)\\cypress\\psoc creator\\4.2\\psoc creator\\import\\gnu\\arm\\5.4.
 355              		.file 3 "c:\\program files (x86)\\cypress\\psoc creator\\4.2\\psoc creator\\import\\gnu\\arm\\5.4.
 356              		.file 4 "Generated_Source\\PSoC5/cytypes.h"
 357              		.file 5 "Generated_Source\\PSoC5/CyLib.h"
 358              		.file 6 "Generated_Source\\PSoC5/DHT.h"
 359              		.file 7 "Generated_Source\\PSoC5/UART.h"
 360              		.file 8 "Generated_Source\\PSoC5/PhotoSen.h"
 361              		.file 9 "c:\\program files (x86)\\cypress\\psoc creator\\4.2\\psoc creator\\import\\gnu\\arm\\5.4.
 362              		.file 10 "Generated_Source\\PSoC5/core_cm3.h"
 363              		.section	.debug_info,"",%progbits
 364              	.Ldebug_info0:
 365 0000 4B030000 		.4byte	0x34b
 366 0004 0400     		.2byte	0x4
 367 0006 00000000 		.4byte	.Ldebug_abbrev0
 368 000a 04       		.byte	0x4
 369 000b 01       		.uleb128 0x1
 370 000c 52000000 		.4byte	.LASF33
 371 0010 0C       		.byte	0xc
 372 0011 B7010000 		.4byte	.LASF34
 373 0015 E0000000 		.4byte	.LASF35
 374 0019 00000000 		.4byte	.Ldebug_ranges0+0
 375 001d 00000000 		.4byte	0
 376 0021 00000000 		.4byte	.Ldebug_line0
 377 0025 02       		.uleb128 0x2
 378 0026 01       		.byte	0x1
 379 0027 06       		.byte	0x6
 380 0028 23020000 		.4byte	.LASF0
 381 002c 02       		.uleb128 0x2
 382 002d 01       		.byte	0x1
 383 002e 08       		.byte	0x8
 384 002f 44000000 		.4byte	.LASF1
 385 0033 02       		.uleb128 0x2
 386 0034 02       		.byte	0x2
 387 0035 05       		.byte	0x5
 388 0036 C8010000 		.4byte	.LASF2
 389 003a 02       		.uleb128 0x2
 390 003b 02       		.byte	0x2
 391 003c 07       		.byte	0x7
 392 003d 25010000 		.4byte	.LASF3
 393 0041 03       		.uleb128 0x3
 394 0042 25000000 		.4byte	.LASF9
 395 0046 02       		.byte	0x2
 396 0047 3F       		.byte	0x3f
 397 0048 4C000000 		.4byte	0x4c
ARM GAS  C:\Users\cojid\AppData\Local\Temp\ccUN3fWj.s 			page 10


 398 004c 02       		.uleb128 0x2
 399 004d 04       		.byte	0x4
 400 004e 05       		.byte	0x5
 401 004f 0E020000 		.4byte	.LASF4
 402 0053 02       		.uleb128 0x2
 403 0054 04       		.byte	0x4
 404 0055 07       		.byte	0x7
 405 0056 13010000 		.4byte	.LASF5
 406 005a 02       		.uleb128 0x2
 407 005b 08       		.byte	0x8
 408 005c 05       		.byte	0x5
 409 005d 00000000 		.4byte	.LASF6
 410 0061 02       		.uleb128 0x2
 411 0062 08       		.byte	0x8
 412 0063 07       		.byte	0x7
 413 0064 69010000 		.4byte	.LASF7
 414 0068 04       		.uleb128 0x4
 415 0069 04       		.byte	0x4
 416 006a 05       		.byte	0x5
 417 006b 696E7400 		.ascii	"int\000"
 418 006f 02       		.uleb128 0x2
 419 0070 04       		.byte	0x4
 420 0071 07       		.byte	0x7
 421 0072 5C010000 		.4byte	.LASF8
 422 0076 03       		.uleb128 0x3
 423 0077 9F010000 		.4byte	.LASF10
 424 007b 03       		.byte	0x3
 425 007c 2C       		.byte	0x2c
 426 007d 41000000 		.4byte	0x41
 427 0081 05       		.uleb128 0x5
 428 0082 ED010000 		.4byte	.LASF11
 429 0086 04       		.byte	0x4
 430 0087 E601     		.2byte	0x1e6
 431 0089 2C000000 		.4byte	0x2c
 432 008d 02       		.uleb128 0x2
 433 008e 04       		.byte	0x4
 434 008f 04       		.byte	0x4
 435 0090 17000000 		.4byte	.LASF12
 436 0094 02       		.uleb128 0x2
 437 0095 08       		.byte	0x8
 438 0096 04       		.byte	0x4
 439 0097 50010000 		.4byte	.LASF13
 440 009b 02       		.uleb128 0x2
 441 009c 01       		.byte	0x1
 442 009d 08       		.byte	0x8
 443 009e BE010000 		.4byte	.LASF14
 444 00a2 02       		.uleb128 0x2
 445 00a3 08       		.byte	0x8
 446 00a4 04       		.byte	0x4
 447 00a5 17020000 		.4byte	.LASF15
 448 00a9 02       		.uleb128 0x2
 449 00aa 04       		.byte	0x4
 450 00ab 07       		.byte	0x7
 451 00ac A7010000 		.4byte	.LASF16
 452 00b0 06       		.uleb128 0x6
 453 00b1 97010000 		.4byte	.LASF36
 454 00b5 01       		.byte	0x1
ARM GAS  C:\Users\cojid\AppData\Local\Temp\ccUN3fWj.s 			page 11


 455 00b6 13       		.byte	0x13
 456 00b7 68000000 		.4byte	0x68
 457 00bb 00000000 		.4byte	.LFB64
 458 00bf 04010000 		.4byte	.LFE64-.LFB64
 459 00c3 01       		.uleb128 0x1
 460 00c4 9C       		.byte	0x9c
 461 00c5 B0010000 		.4byte	0x1b0
 462 00c9 07       		.uleb128 0x7
 463 00ca C3010000 		.4byte	.LASF17
 464 00ce 01       		.byte	0x1
 465 00cf 16       		.byte	0x16
 466 00d0 B0010000 		.4byte	0x1b0
 467 00d4 02       		.uleb128 0x2
 468 00d5 91       		.byte	0x91
 469 00d6 60       		.sleb128 -32
 470 00d7 08       		.uleb128 0x8
 471 00d8 636E7400 		.ascii	"cnt\000"
 472 00dc 01       		.byte	0x1
 473 00dd 17       		.byte	0x17
 474 00de 81000000 		.4byte	0x81
 475 00e2 00000000 		.4byte	.LLST0
 476 00e6 08       		.uleb128 0x8
 477 00e7 69647800 		.ascii	"idx\000"
 478 00eb 01       		.byte	0x1
 479 00ec 18       		.byte	0x18
 480 00ed 81000000 		.4byte	0x81
 481 00f1 4D000000 		.4byte	.LLST1
 482 00f5 09       		.uleb128 0x9
 483 00f6 09020000 		.4byte	.LASF18
 484 00fa 01       		.byte	0x1
 485 00fb 19       		.byte	0x19
 486 00fc 68000000 		.4byte	0x68
 487 0100 00       		.byte	0
 488 0101 0A       		.uleb128 0xa
 489 0102 1D000000 		.4byte	.LASF19
 490 0106 01       		.byte	0x1
 491 0107 1A       		.byte	0x1a
 492 0108 68000000 		.4byte	0x68
 493 010c 83000000 		.4byte	.LLST2
 494 0110 0B       		.uleb128 0xb
 495 0111 72393900 		.ascii	"r99\000"
 496 0115 01       		.byte	0x1
 497 0116 44       		.byte	0x44
 498 0117 E4000000 		.4byte	.L5
 499 011b 0C       		.uleb128 0xc
 500 011c 08000000 		.4byte	.LVL0
 501 0120 EB020000 		.4byte	0x2eb
 502 0124 0D       		.uleb128 0xd
 503 0125 30000000 		.4byte	.LVL2
 504 0129 F6020000 		.4byte	0x2f6
 505 012d 37010000 		.4byte	0x137
 506 0131 0E       		.uleb128 0xe
 507 0132 01       		.uleb128 0x1
 508 0133 50       		.byte	0x50
 509 0134 01       		.uleb128 0x1
 510 0135 30       		.byte	0x30
 511 0136 00       		.byte	0
ARM GAS  C:\Users\cojid\AppData\Local\Temp\ccUN3fWj.s 			page 12


 512 0137 0D       		.uleb128 0xd
 513 0138 36000000 		.4byte	.LVL3
 514 013c 01030000 		.4byte	0x301
 515 0140 4A010000 		.4byte	0x14a
 516 0144 0E       		.uleb128 0xe
 517 0145 01       		.uleb128 0x1
 518 0146 50       		.byte	0x50
 519 0147 01       		.uleb128 0x1
 520 0148 43       		.byte	0x43
 521 0149 00       		.byte	0
 522 014a 0D       		.uleb128 0xd
 523 014b 3C000000 		.4byte	.LVL4
 524 014f F6020000 		.4byte	0x2f6
 525 0153 5D010000 		.4byte	0x15d
 526 0157 0E       		.uleb128 0xe
 527 0158 01       		.uleb128 0x1
 528 0159 50       		.byte	0x50
 529 015a 01       		.uleb128 0x1
 530 015b 31       		.byte	0x31
 531 015c 00       		.byte	0
 532 015d 0C       		.uleb128 0xc
 533 015e 4C000000 		.4byte	.LVL8
 534 0162 0C030000 		.4byte	0x30c
 535 0166 0C       		.uleb128 0xc
 536 0167 5E000000 		.4byte	.LVL10
 537 016b 0C030000 		.4byte	0x30c
 538 016f 0C       		.uleb128 0xc
 539 0170 66000000 		.4byte	.LVL11
 540 0174 0C030000 		.4byte	0x30c
 541 0178 0C       		.uleb128 0xc
 542 0179 78000000 		.4byte	.LVL13
 543 017d 0C030000 		.4byte	0x30c
 544 0181 0C       		.uleb128 0xc
 545 0182 86000000 		.4byte	.LVL16
 546 0186 0C030000 		.4byte	0x30c
 547 018a 0C       		.uleb128 0xc
 548 018b DA000000 		.4byte	.LVL24
 549 018f 17030000 		.4byte	0x317
 550 0193 0D       		.uleb128 0xd
 551 0194 E0000000 		.4byte	.LVL25
 552 0198 01030000 		.4byte	0x301
 553 019c A6010000 		.4byte	0x1a6
 554 01a0 0E       		.uleb128 0xe
 555 01a1 01       		.uleb128 0x1
 556 01a2 50       		.byte	0x50
 557 01a3 01       		.uleb128 0x1
 558 01a4 31       		.byte	0x31
 559 01a5 00       		.byte	0
 560 01a6 0C       		.uleb128 0xc
 561 01a7 F6000000 		.4byte	.LVL27
 562 01ab 17030000 		.4byte	0x317
 563 01af 00       		.byte	0
 564 01b0 0F       		.uleb128 0xf
 565 01b1 81000000 		.4byte	0x81
 566 01b5 C0010000 		.4byte	0x1c0
 567 01b9 10       		.uleb128 0x10
 568 01ba A9000000 		.4byte	0xa9
ARM GAS  C:\Users\cojid\AppData\Local\Temp\ccUN3fWj.s 			page 13


 569 01be 04       		.byte	0x4
 570 01bf 00       		.byte	0
 571 01c0 11       		.uleb128 0x11
 572 01c1 57010000 		.4byte	.LASF37
 573 01c5 01       		.byte	0x1
 574 01c6 4C       		.byte	0x4c
 575 01c7 68000000 		.4byte	0x68
 576 01cb 00000000 		.4byte	.LFB65
 577 01cf 60000000 		.4byte	.LFE65-.LFB65
 578 01d3 01       		.uleb128 0x1
 579 01d4 9C       		.byte	0x9c
 580 01d5 88020000 		.4byte	0x288
 581 01d9 07       		.uleb128 0x7
 582 01da E0010000 		.4byte	.LASF20
 583 01de 01       		.byte	0x1
 584 01df 50       		.byte	0x50
 585 01e0 88020000 		.4byte	0x288
 586 01e4 02       		.uleb128 0x2
 587 01e5 91       		.byte	0x91
 588 01e6 50       		.sleb128 -48
 589 01e7 0C       		.uleb128 0xc
 590 01e8 0A000000 		.4byte	.LVL29
 591 01ec 22030000 		.4byte	0x322
 592 01f0 0C       		.uleb128 0xc
 593 01f1 0E000000 		.4byte	.LVL30
 594 01f5 2D030000 		.4byte	0x32d
 595 01f9 0C       		.uleb128 0xc
 596 01fa 16000000 		.4byte	.LVL31
 597 01fe B0000000 		.4byte	0xb0
 598 0202 0D       		.uleb128 0xd
 599 0203 24000000 		.4byte	.LVL32
 600 0207 38030000 		.4byte	0x338
 601 020b 1F020000 		.4byte	0x21f
 602 020f 0E       		.uleb128 0xe
 603 0210 01       		.uleb128 0x1
 604 0211 50       		.byte	0x50
 605 0212 02       		.uleb128 0x2
 606 0213 7D       		.byte	0x7d
 607 0214 00       		.sleb128 0
 608 0215 0E       		.uleb128 0xe
 609 0216 01       		.uleb128 0x1
 610 0217 51       		.byte	0x51
 611 0218 05       		.uleb128 0x5
 612 0219 03       		.byte	0x3
 613 021a 00000000 		.4byte	.LC0
 614 021e 00       		.byte	0
 615 021f 0D       		.uleb128 0xd
 616 0220 2A000000 		.4byte	.LVL33
 617 0224 43030000 		.4byte	0x343
 618 0228 33020000 		.4byte	0x233
 619 022c 0E       		.uleb128 0xe
 620 022d 01       		.uleb128 0x1
 621 022e 50       		.byte	0x50
 622 022f 02       		.uleb128 0x2
 623 0230 7D       		.byte	0x7d
 624 0231 00       		.sleb128 0
 625 0232 00       		.byte	0
ARM GAS  C:\Users\cojid\AppData\Local\Temp\ccUN3fWj.s 			page 14


 626 0233 0C       		.uleb128 0xc
 627 0234 2E000000 		.4byte	.LVL34
 628 0238 2D030000 		.4byte	0x32d
 629 023c 0C       		.uleb128 0xc
 630 023d 34000000 		.4byte	.LVL35
 631 0241 B0000000 		.4byte	0xb0
 632 0245 0D       		.uleb128 0xd
 633 0246 42000000 		.4byte	.LVL36
 634 024a 38030000 		.4byte	0x338
 635 024e 62020000 		.4byte	0x262
 636 0252 0E       		.uleb128 0xe
 637 0253 01       		.uleb128 0x1
 638 0254 50       		.byte	0x50
 639 0255 02       		.uleb128 0x2
 640 0256 7D       		.byte	0x7d
 641 0257 00       		.sleb128 0
 642 0258 0E       		.uleb128 0xe
 643 0259 01       		.uleb128 0x1
 644 025a 51       		.byte	0x51
 645 025b 05       		.uleb128 0x5
 646 025c 03       		.byte	0x3
 647 025d 28000000 		.4byte	.LC1
 648 0261 00       		.byte	0
 649 0262 0D       		.uleb128 0xd
 650 0263 48000000 		.4byte	.LVL37
 651 0267 43030000 		.4byte	0x343
 652 026b 76020000 		.4byte	0x276
 653 026f 0E       		.uleb128 0xe
 654 0270 01       		.uleb128 0x1
 655 0271 50       		.byte	0x50
 656 0272 02       		.uleb128 0x2
 657 0273 7D       		.byte	0x7d
 658 0274 00       		.sleb128 0
 659 0275 00       		.byte	0
 660 0276 12       		.uleb128 0x12
 661 0277 50000000 		.4byte	.LVL38
 662 027b 01030000 		.4byte	0x301
 663 027f 0E       		.uleb128 0xe
 664 0280 01       		.uleb128 0x1
 665 0281 50       		.byte	0x50
 666 0282 03       		.uleb128 0x3
 667 0283 0A       		.byte	0xa
 668 0284 8813     		.2byte	0x1388
 669 0286 00       		.byte	0
 670 0287 00       		.byte	0
 671 0288 0F       		.uleb128 0xf
 672 0289 9B000000 		.4byte	0x9b
 673 028d 98020000 		.4byte	0x298
 674 0291 10       		.uleb128 0x10
 675 0292 A9000000 		.4byte	0xa9
 676 0296 27       		.byte	0x27
 677 0297 00       		.byte	0
 678 0298 07       		.uleb128 0x7
 679 0299 38000000 		.4byte	.LASF21
 680 029d 01       		.byte	0x1
 681 029e 0F       		.byte	0xf
 682 029f 68000000 		.4byte	0x68
ARM GAS  C:\Users\cojid\AppData\Local\Temp\ccUN3fWj.s 			page 15


 683 02a3 05       		.uleb128 0x5
 684 02a4 03       		.byte	0x3
 685 02a5 04000000 		.4byte	temperature
 686 02a9 07       		.uleb128 0x7
 687 02aa 0E000000 		.4byte	.LASF22
 688 02ae 01       		.byte	0x1
 689 02af 10       		.byte	0x10
 690 02b0 68000000 		.4byte	0x68
 691 02b4 05       		.uleb128 0x5
 692 02b5 03       		.byte	0x3
 693 02b6 00000000 		.4byte	humidity
 694 02ba 07       		.uleb128 0x7
 695 02bb B0010000 		.4byte	.LASF23
 696 02bf 01       		.byte	0x1
 697 02c0 11       		.byte	0x11
 698 02c1 81000000 		.4byte	0x81
 699 02c5 05       		.uleb128 0x5
 700 02c6 03       		.byte	0x3
 701 02c7 00000000 		.4byte	IState
 702 02cb 13       		.uleb128 0x13
 703 02cc 6900     		.ascii	"i\000"
 704 02ce 01       		.byte	0x1
 705 02cf 11       		.byte	0x11
 706 02d0 81000000 		.4byte	0x81
 707 02d4 05       		.uleb128 0x5
 708 02d5 03       		.byte	0x3
 709 02d6 01000000 		.4byte	i
 710 02da 14       		.uleb128 0x14
 711 02db 43010000 		.4byte	.LASF38
 712 02df 0A       		.byte	0xa
 713 02e0 1207     		.2byte	0x712
 714 02e2 E6020000 		.4byte	0x2e6
 715 02e6 15       		.uleb128 0x15
 716 02e7 76000000 		.4byte	0x76
 717 02eb 16       		.uleb128 0x16
 718 02ec 80010000 		.4byte	.LASF24
 719 02f0 80010000 		.4byte	.LASF24
 720 02f4 05       		.byte	0x5
 721 02f5 7D       		.byte	0x7d
 722 02f6 16       		.uleb128 0x16
 723 02f7 3E020000 		.4byte	.LASF25
 724 02fb 3E020000 		.4byte	.LASF25
 725 02ff 06       		.byte	0x6
 726 0300 26       		.byte	0x26
 727 0301 16       		.uleb128 0x16
 728 0302 50020000 		.4byte	.LASF26
 729 0306 50020000 		.4byte	.LASF26
 730 030a 05       		.byte	0x5
 731 030b 76       		.byte	0x76
 732 030c 16       		.uleb128 0x16
 733 030d 2F000000 		.4byte	.LASF27
 734 0311 2F000000 		.4byte	.LASF27
 735 0315 06       		.byte	0x6
 736 0316 29       		.byte	0x29
 737 0317 16       		.uleb128 0x16
 738 0318 F3010000 		.4byte	.LASF28
 739 031c F3010000 		.4byte	.LASF28
ARM GAS  C:\Users\cojid\AppData\Local\Temp\ccUN3fWj.s 			page 16


 740 0320 05       		.byte	0x5
 741 0321 7E       		.byte	0x7e
 742 0322 16       		.uleb128 0x16
 743 0323 38010000 		.4byte	.LASF29
 744 0327 38010000 		.4byte	.LASF29
 745 032b 07       		.byte	0x7
 746 032c 54       		.byte	0x54
 747 032d 16       		.uleb128 0x16
 748 032e D2010000 		.4byte	.LASF30
 749 0332 D2010000 		.4byte	.LASF30
 750 0336 08       		.byte	0x8
 751 0337 29       		.byte	0x29
 752 0338 16       		.uleb128 0x16
 753 0339 48020000 		.4byte	.LASF31
 754 033d 48020000 		.4byte	.LASF31
 755 0341 09       		.byte	0x9
 756 0342 E7       		.byte	0xe7
 757 0343 16       		.uleb128 0x16
 758 0344 2F020000 		.4byte	.LASF32
 759 0348 2F020000 		.4byte	.LASF32
 760 034c 07       		.byte	0x7
 761 034d 8B       		.byte	0x8b
 762 034e 00       		.byte	0
 763              		.section	.debug_abbrev,"",%progbits
 764              	.Ldebug_abbrev0:
 765 0000 01       		.uleb128 0x1
 766 0001 11       		.uleb128 0x11
 767 0002 01       		.byte	0x1
 768 0003 25       		.uleb128 0x25
 769 0004 0E       		.uleb128 0xe
 770 0005 13       		.uleb128 0x13
 771 0006 0B       		.uleb128 0xb
 772 0007 03       		.uleb128 0x3
 773 0008 0E       		.uleb128 0xe
 774 0009 1B       		.uleb128 0x1b
 775 000a 0E       		.uleb128 0xe
 776 000b 55       		.uleb128 0x55
 777 000c 17       		.uleb128 0x17
 778 000d 11       		.uleb128 0x11
 779 000e 01       		.uleb128 0x1
 780 000f 10       		.uleb128 0x10
 781 0010 17       		.uleb128 0x17
 782 0011 00       		.byte	0
 783 0012 00       		.byte	0
 784 0013 02       		.uleb128 0x2
 785 0014 24       		.uleb128 0x24
 786 0015 00       		.byte	0
 787 0016 0B       		.uleb128 0xb
 788 0017 0B       		.uleb128 0xb
 789 0018 3E       		.uleb128 0x3e
 790 0019 0B       		.uleb128 0xb
 791 001a 03       		.uleb128 0x3
 792 001b 0E       		.uleb128 0xe
 793 001c 00       		.byte	0
 794 001d 00       		.byte	0
 795 001e 03       		.uleb128 0x3
 796 001f 16       		.uleb128 0x16
ARM GAS  C:\Users\cojid\AppData\Local\Temp\ccUN3fWj.s 			page 17


 797 0020 00       		.byte	0
 798 0021 03       		.uleb128 0x3
 799 0022 0E       		.uleb128 0xe
 800 0023 3A       		.uleb128 0x3a
 801 0024 0B       		.uleb128 0xb
 802 0025 3B       		.uleb128 0x3b
 803 0026 0B       		.uleb128 0xb
 804 0027 49       		.uleb128 0x49
 805 0028 13       		.uleb128 0x13
 806 0029 00       		.byte	0
 807 002a 00       		.byte	0
 808 002b 04       		.uleb128 0x4
 809 002c 24       		.uleb128 0x24
 810 002d 00       		.byte	0
 811 002e 0B       		.uleb128 0xb
 812 002f 0B       		.uleb128 0xb
 813 0030 3E       		.uleb128 0x3e
 814 0031 0B       		.uleb128 0xb
 815 0032 03       		.uleb128 0x3
 816 0033 08       		.uleb128 0x8
 817 0034 00       		.byte	0
 818 0035 00       		.byte	0
 819 0036 05       		.uleb128 0x5
 820 0037 16       		.uleb128 0x16
 821 0038 00       		.byte	0
 822 0039 03       		.uleb128 0x3
 823 003a 0E       		.uleb128 0xe
 824 003b 3A       		.uleb128 0x3a
 825 003c 0B       		.uleb128 0xb
 826 003d 3B       		.uleb128 0x3b
 827 003e 05       		.uleb128 0x5
 828 003f 49       		.uleb128 0x49
 829 0040 13       		.uleb128 0x13
 830 0041 00       		.byte	0
 831 0042 00       		.byte	0
 832 0043 06       		.uleb128 0x6
 833 0044 2E       		.uleb128 0x2e
 834 0045 01       		.byte	0x1
 835 0046 3F       		.uleb128 0x3f
 836 0047 19       		.uleb128 0x19
 837 0048 03       		.uleb128 0x3
 838 0049 0E       		.uleb128 0xe
 839 004a 3A       		.uleb128 0x3a
 840 004b 0B       		.uleb128 0xb
 841 004c 3B       		.uleb128 0x3b
 842 004d 0B       		.uleb128 0xb
 843 004e 49       		.uleb128 0x49
 844 004f 13       		.uleb128 0x13
 845 0050 11       		.uleb128 0x11
 846 0051 01       		.uleb128 0x1
 847 0052 12       		.uleb128 0x12
 848 0053 06       		.uleb128 0x6
 849 0054 40       		.uleb128 0x40
 850 0055 18       		.uleb128 0x18
 851 0056 9742     		.uleb128 0x2117
 852 0058 19       		.uleb128 0x19
 853 0059 01       		.uleb128 0x1
ARM GAS  C:\Users\cojid\AppData\Local\Temp\ccUN3fWj.s 			page 18


 854 005a 13       		.uleb128 0x13
 855 005b 00       		.byte	0
 856 005c 00       		.byte	0
 857 005d 07       		.uleb128 0x7
 858 005e 34       		.uleb128 0x34
 859 005f 00       		.byte	0
 860 0060 03       		.uleb128 0x3
 861 0061 0E       		.uleb128 0xe
 862 0062 3A       		.uleb128 0x3a
 863 0063 0B       		.uleb128 0xb
 864 0064 3B       		.uleb128 0x3b
 865 0065 0B       		.uleb128 0xb
 866 0066 49       		.uleb128 0x49
 867 0067 13       		.uleb128 0x13
 868 0068 02       		.uleb128 0x2
 869 0069 18       		.uleb128 0x18
 870 006a 00       		.byte	0
 871 006b 00       		.byte	0
 872 006c 08       		.uleb128 0x8
 873 006d 34       		.uleb128 0x34
 874 006e 00       		.byte	0
 875 006f 03       		.uleb128 0x3
 876 0070 08       		.uleb128 0x8
 877 0071 3A       		.uleb128 0x3a
 878 0072 0B       		.uleb128 0xb
 879 0073 3B       		.uleb128 0x3b
 880 0074 0B       		.uleb128 0xb
 881 0075 49       		.uleb128 0x49
 882 0076 13       		.uleb128 0x13
 883 0077 02       		.uleb128 0x2
 884 0078 17       		.uleb128 0x17
 885 0079 00       		.byte	0
 886 007a 00       		.byte	0
 887 007b 09       		.uleb128 0x9
 888 007c 34       		.uleb128 0x34
 889 007d 00       		.byte	0
 890 007e 03       		.uleb128 0x3
 891 007f 0E       		.uleb128 0xe
 892 0080 3A       		.uleb128 0x3a
 893 0081 0B       		.uleb128 0xb
 894 0082 3B       		.uleb128 0x3b
 895 0083 0B       		.uleb128 0xb
 896 0084 49       		.uleb128 0x49
 897 0085 13       		.uleb128 0x13
 898 0086 1C       		.uleb128 0x1c
 899 0087 0B       		.uleb128 0xb
 900 0088 00       		.byte	0
 901 0089 00       		.byte	0
 902 008a 0A       		.uleb128 0xa
 903 008b 34       		.uleb128 0x34
 904 008c 00       		.byte	0
 905 008d 03       		.uleb128 0x3
 906 008e 0E       		.uleb128 0xe
 907 008f 3A       		.uleb128 0x3a
 908 0090 0B       		.uleb128 0xb
 909 0091 3B       		.uleb128 0x3b
 910 0092 0B       		.uleb128 0xb
ARM GAS  C:\Users\cojid\AppData\Local\Temp\ccUN3fWj.s 			page 19


 911 0093 49       		.uleb128 0x49
 912 0094 13       		.uleb128 0x13
 913 0095 02       		.uleb128 0x2
 914 0096 17       		.uleb128 0x17
 915 0097 00       		.byte	0
 916 0098 00       		.byte	0
 917 0099 0B       		.uleb128 0xb
 918 009a 0A       		.uleb128 0xa
 919 009b 00       		.byte	0
 920 009c 03       		.uleb128 0x3
 921 009d 08       		.uleb128 0x8
 922 009e 3A       		.uleb128 0x3a
 923 009f 0B       		.uleb128 0xb
 924 00a0 3B       		.uleb128 0x3b
 925 00a1 0B       		.uleb128 0xb
 926 00a2 11       		.uleb128 0x11
 927 00a3 01       		.uleb128 0x1
 928 00a4 00       		.byte	0
 929 00a5 00       		.byte	0
 930 00a6 0C       		.uleb128 0xc
 931 00a7 898201   		.uleb128 0x4109
 932 00aa 00       		.byte	0
 933 00ab 11       		.uleb128 0x11
 934 00ac 01       		.uleb128 0x1
 935 00ad 31       		.uleb128 0x31
 936 00ae 13       		.uleb128 0x13
 937 00af 00       		.byte	0
 938 00b0 00       		.byte	0
 939 00b1 0D       		.uleb128 0xd
 940 00b2 898201   		.uleb128 0x4109
 941 00b5 01       		.byte	0x1
 942 00b6 11       		.uleb128 0x11
 943 00b7 01       		.uleb128 0x1
 944 00b8 31       		.uleb128 0x31
 945 00b9 13       		.uleb128 0x13
 946 00ba 01       		.uleb128 0x1
 947 00bb 13       		.uleb128 0x13
 948 00bc 00       		.byte	0
 949 00bd 00       		.byte	0
 950 00be 0E       		.uleb128 0xe
 951 00bf 8A8201   		.uleb128 0x410a
 952 00c2 00       		.byte	0
 953 00c3 02       		.uleb128 0x2
 954 00c4 18       		.uleb128 0x18
 955 00c5 9142     		.uleb128 0x2111
 956 00c7 18       		.uleb128 0x18
 957 00c8 00       		.byte	0
 958 00c9 00       		.byte	0
 959 00ca 0F       		.uleb128 0xf
 960 00cb 01       		.uleb128 0x1
 961 00cc 01       		.byte	0x1
 962 00cd 49       		.uleb128 0x49
 963 00ce 13       		.uleb128 0x13
 964 00cf 01       		.uleb128 0x1
 965 00d0 13       		.uleb128 0x13
 966 00d1 00       		.byte	0
 967 00d2 00       		.byte	0
ARM GAS  C:\Users\cojid\AppData\Local\Temp\ccUN3fWj.s 			page 20


 968 00d3 10       		.uleb128 0x10
 969 00d4 21       		.uleb128 0x21
 970 00d5 00       		.byte	0
 971 00d6 49       		.uleb128 0x49
 972 00d7 13       		.uleb128 0x13
 973 00d8 2F       		.uleb128 0x2f
 974 00d9 0B       		.uleb128 0xb
 975 00da 00       		.byte	0
 976 00db 00       		.byte	0
 977 00dc 11       		.uleb128 0x11
 978 00dd 2E       		.uleb128 0x2e
 979 00de 01       		.byte	0x1
 980 00df 3F       		.uleb128 0x3f
 981 00e0 19       		.uleb128 0x19
 982 00e1 03       		.uleb128 0x3
 983 00e2 0E       		.uleb128 0xe
 984 00e3 3A       		.uleb128 0x3a
 985 00e4 0B       		.uleb128 0xb
 986 00e5 3B       		.uleb128 0x3b
 987 00e6 0B       		.uleb128 0xb
 988 00e7 27       		.uleb128 0x27
 989 00e8 19       		.uleb128 0x19
 990 00e9 49       		.uleb128 0x49
 991 00ea 13       		.uleb128 0x13
 992 00eb 8701     		.uleb128 0x87
 993 00ed 19       		.uleb128 0x19
 994 00ee 11       		.uleb128 0x11
 995 00ef 01       		.uleb128 0x1
 996 00f0 12       		.uleb128 0x12
 997 00f1 06       		.uleb128 0x6
 998 00f2 40       		.uleb128 0x40
 999 00f3 18       		.uleb128 0x18
 1000 00f4 9742     		.uleb128 0x2117
 1001 00f6 19       		.uleb128 0x19
 1002 00f7 01       		.uleb128 0x1
 1003 00f8 13       		.uleb128 0x13
 1004 00f9 00       		.byte	0
 1005 00fa 00       		.byte	0
 1006 00fb 12       		.uleb128 0x12
 1007 00fc 898201   		.uleb128 0x4109
 1008 00ff 01       		.byte	0x1
 1009 0100 11       		.uleb128 0x11
 1010 0101 01       		.uleb128 0x1
 1011 0102 31       		.uleb128 0x31
 1012 0103 13       		.uleb128 0x13
 1013 0104 00       		.byte	0
 1014 0105 00       		.byte	0
 1015 0106 13       		.uleb128 0x13
 1016 0107 34       		.uleb128 0x34
 1017 0108 00       		.byte	0
 1018 0109 03       		.uleb128 0x3
 1019 010a 08       		.uleb128 0x8
 1020 010b 3A       		.uleb128 0x3a
 1021 010c 0B       		.uleb128 0xb
 1022 010d 3B       		.uleb128 0x3b
 1023 010e 0B       		.uleb128 0xb
 1024 010f 49       		.uleb128 0x49
ARM GAS  C:\Users\cojid\AppData\Local\Temp\ccUN3fWj.s 			page 21


 1025 0110 13       		.uleb128 0x13
 1026 0111 02       		.uleb128 0x2
 1027 0112 18       		.uleb128 0x18
 1028 0113 00       		.byte	0
 1029 0114 00       		.byte	0
 1030 0115 14       		.uleb128 0x14
 1031 0116 34       		.uleb128 0x34
 1032 0117 00       		.byte	0
 1033 0118 03       		.uleb128 0x3
 1034 0119 0E       		.uleb128 0xe
 1035 011a 3A       		.uleb128 0x3a
 1036 011b 0B       		.uleb128 0xb
 1037 011c 3B       		.uleb128 0x3b
 1038 011d 05       		.uleb128 0x5
 1039 011e 49       		.uleb128 0x49
 1040 011f 13       		.uleb128 0x13
 1041 0120 3F       		.uleb128 0x3f
 1042 0121 19       		.uleb128 0x19
 1043 0122 3C       		.uleb128 0x3c
 1044 0123 19       		.uleb128 0x19
 1045 0124 00       		.byte	0
 1046 0125 00       		.byte	0
 1047 0126 15       		.uleb128 0x15
 1048 0127 35       		.uleb128 0x35
 1049 0128 00       		.byte	0
 1050 0129 49       		.uleb128 0x49
 1051 012a 13       		.uleb128 0x13
 1052 012b 00       		.byte	0
 1053 012c 00       		.byte	0
 1054 012d 16       		.uleb128 0x16
 1055 012e 2E       		.uleb128 0x2e
 1056 012f 00       		.byte	0
 1057 0130 3F       		.uleb128 0x3f
 1058 0131 19       		.uleb128 0x19
 1059 0132 3C       		.uleb128 0x3c
 1060 0133 19       		.uleb128 0x19
 1061 0134 6E       		.uleb128 0x6e
 1062 0135 0E       		.uleb128 0xe
 1063 0136 03       		.uleb128 0x3
 1064 0137 0E       		.uleb128 0xe
 1065 0138 3A       		.uleb128 0x3a
 1066 0139 0B       		.uleb128 0xb
 1067 013a 3B       		.uleb128 0x3b
 1068 013b 0B       		.uleb128 0xb
 1069 013c 00       		.byte	0
 1070 013d 00       		.byte	0
 1071 013e 00       		.byte	0
 1072              		.section	.debug_loc,"",%progbits
 1073              	.Ldebug_loc0:
 1074              	.LLST0:
 1075 0000 0C000000 		.4byte	.LVL1
 1076 0004 74000000 		.4byte	.LVL12
 1077 0008 0200     		.2byte	0x2
 1078 000a 37       		.byte	0x37
 1079 000b 9F       		.byte	0x9f
 1080 000c 74000000 		.4byte	.LVL12
 1081 0010 A8000000 		.4byte	.LVL17
ARM GAS  C:\Users\cojid\AppData\Local\Temp\ccUN3fWj.s 			page 22


 1082 0014 0100     		.2byte	0x1
 1083 0016 56       		.byte	0x56
 1084 0017 A8000000 		.4byte	.LVL17
 1085 001b B0000000 		.4byte	.LVL20
 1086 001f 0200     		.2byte	0x2
 1087 0021 37       		.byte	0x37
 1088 0022 9F       		.byte	0x9f
 1089 0023 B0000000 		.4byte	.LVL20
 1090 0027 B2000000 		.4byte	.LVL21
 1091 002b 0100     		.2byte	0x1
 1092 002d 56       		.byte	0x56
 1093 002e B4000000 		.4byte	.LVL22
 1094 0032 E4000000 		.4byte	.LVL26
 1095 0036 0100     		.2byte	0x1
 1096 0038 56       		.byte	0x56
 1097 0039 E4000000 		.4byte	.LVL26
 1098 003d F8000000 		.4byte	.LVL28
 1099 0041 0200     		.2byte	0x2
 1100 0043 37       		.byte	0x37
 1101 0044 9F       		.byte	0x9f
 1102 0045 00000000 		.4byte	0
 1103 0049 00000000 		.4byte	0
 1104              	.LLST1:
 1105 004d 0C000000 		.4byte	.LVL1
 1106 0051 74000000 		.4byte	.LVL12
 1107 0055 0200     		.2byte	0x2
 1108 0057 30       		.byte	0x30
 1109 0058 9F       		.byte	0x9f
 1110 0059 74000000 		.4byte	.LVL12
 1111 005d AA000000 		.4byte	.LVL18
 1112 0061 0100     		.2byte	0x1
 1113 0063 57       		.byte	0x57
 1114 0064 AC000000 		.4byte	.LVL19
 1115 0068 E4000000 		.4byte	.LVL26
 1116 006c 0100     		.2byte	0x1
 1117 006e 57       		.byte	0x57
 1118 006f E4000000 		.4byte	.LVL26
 1119 0073 F8000000 		.4byte	.LVL28
 1120 0077 0200     		.2byte	0x2
 1121 0079 30       		.byte	0x30
 1122 007a 9F       		.byte	0x9f
 1123 007b 00000000 		.4byte	0
 1124 007f 00000000 		.4byte	0
 1125              	.LLST2:
 1126 0083 0C000000 		.4byte	.LVL1
 1127 0087 40000000 		.4byte	.LVL5
 1128 008b 0200     		.2byte	0x2
 1129 008d 30       		.byte	0x30
 1130 008e 9F       		.byte	0x9f
 1131 008f 40000000 		.4byte	.LVL5
 1132 0093 74000000 		.4byte	.LVL12
 1133 0097 0100     		.2byte	0x1
 1134 0099 55       		.byte	0x55
 1135 009a 80000000 		.4byte	.LVL14
 1136 009e BC000000 		.4byte	.LVL23
 1137 00a2 0100     		.2byte	0x1
 1138 00a4 54       		.byte	0x54
ARM GAS  C:\Users\cojid\AppData\Local\Temp\ccUN3fWj.s 			page 23


 1139 00a5 E4000000 		.4byte	.LVL26
 1140 00a9 F8000000 		.4byte	.LVL28
 1141 00ad 0100     		.2byte	0x1
 1142 00af 55       		.byte	0x55
 1143 00b0 00000000 		.4byte	0
 1144 00b4 00000000 		.4byte	0
 1145              		.section	.debug_aranges,"",%progbits
 1146 0000 24000000 		.4byte	0x24
 1147 0004 0200     		.2byte	0x2
 1148 0006 00000000 		.4byte	.Ldebug_info0
 1149 000a 04       		.byte	0x4
 1150 000b 00       		.byte	0
 1151 000c 0000     		.2byte	0
 1152 000e 0000     		.2byte	0
 1153 0010 00000000 		.4byte	.LFB64
 1154 0014 04010000 		.4byte	.LFE64-.LFB64
 1155 0018 00000000 		.4byte	.LFB65
 1156 001c 60000000 		.4byte	.LFE65-.LFB65
 1157 0020 00000000 		.4byte	0
 1158 0024 00000000 		.4byte	0
 1159              		.section	.debug_ranges,"",%progbits
 1160              	.Ldebug_ranges0:
 1161 0000 00000000 		.4byte	.LFB64
 1162 0004 04010000 		.4byte	.LFE64
 1163 0008 00000000 		.4byte	.LFB65
 1164 000c 60000000 		.4byte	.LFE65
 1165 0010 00000000 		.4byte	0
 1166 0014 00000000 		.4byte	0
 1167              		.section	.debug_line,"",%progbits
 1168              	.Ldebug_line0:
 1169 0000 6D020000 		.section	.debug_str,"MS",%progbits,1
 1169      0200EB01 
 1169      00000201 
 1169      FB0E0D00 
 1169      01010101 
 1170              	.LASF6:
 1171 0000 6C6F6E67 		.ascii	"long long int\000"
 1171      206C6F6E 
 1171      6720696E 
 1171      7400
 1172              	.LASF22:
 1173 000e 68756D69 		.ascii	"humidity\000"
 1173      64697479 
 1173      00
 1174              	.LASF12:
 1175 0017 666C6F61 		.ascii	"float\000"
 1175      7400
 1176              	.LASF19:
 1177 001d 74696D65 		.ascii	"timeout\000"
 1177      6F757400 
 1178              	.LASF9:
 1179 0025 5F5F696E 		.ascii	"__int32_t\000"
 1179      7433325F 
 1179      7400
 1180              	.LASF27:
 1181 002f 4448545F 		.ascii	"DHT_Read\000"
 1181      52656164 
ARM GAS  C:\Users\cojid\AppData\Local\Temp\ccUN3fWj.s 			page 24


 1181      00
 1182              	.LASF21:
 1183 0038 74656D70 		.ascii	"temperature\000"
 1183      65726174 
 1183      75726500 
 1184              	.LASF1:
 1185 0044 756E7369 		.ascii	"unsigned char\000"
 1185      676E6564 
 1185      20636861 
 1185      7200
 1186              	.LASF33:
 1187 0052 474E5520 		.ascii	"GNU C11 5.4.1 20160609 (release) [ARM/embedded-5-br"
 1187      43313120 
 1187      352E342E 
 1187      31203230 
 1187      31363036 
 1188 0085 616E6368 		.ascii	"anch revision 237715] -mcpu=cortex-m3 -mthumb -g -O"
 1188      20726576 
 1188      6973696F 
 1188      6E203233 
 1188      37373135 
 1189 00b8 67202D66 		.ascii	"g -ffunction-sections -ffat-lto-objects\000"
 1189      66756E63 
 1189      74696F6E 
 1189      2D736563 
 1189      74696F6E 
 1190              	.LASF35:
 1191 00e0 463A5C6B 		.ascii	"F:\\kyrsach Bench\\1-wire Protocol\\DHT11_forP5.cyd"
 1191      79727361 
 1191      63682042 
 1191      656E6368 
 1191      5C312D77 
 1192 0110 736E00   		.ascii	"sn\000"
 1193              	.LASF5:
 1194 0113 6C6F6E67 		.ascii	"long unsigned int\000"
 1194      20756E73 
 1194      69676E65 
 1194      6420696E 
 1194      7400
 1195              	.LASF3:
 1196 0125 73686F72 		.ascii	"short unsigned int\000"
 1196      7420756E 
 1196      7369676E 
 1196      65642069 
 1196      6E7400
 1197              	.LASF29:
 1198 0138 55415254 		.ascii	"UART_Start\000"
 1198      5F537461 
 1198      727400
 1199              	.LASF38:
 1200 0143 49544D5F 		.ascii	"ITM_RxBuffer\000"
 1200      52784275 
 1200      66666572 
 1200      00
 1201              	.LASF13:
 1202 0150 646F7562 		.ascii	"double\000"
 1202      6C6500
ARM GAS  C:\Users\cojid\AppData\Local\Temp\ccUN3fWj.s 			page 25


 1203              	.LASF37:
 1204 0157 6D61696E 		.ascii	"main\000"
 1204      00
 1205              	.LASF8:
 1206 015c 756E7369 		.ascii	"unsigned int\000"
 1206      676E6564 
 1206      20696E74 
 1206      00
 1207              	.LASF7:
 1208 0169 6C6F6E67 		.ascii	"long long unsigned int\000"
 1208      206C6F6E 
 1208      6720756E 
 1208      7369676E 
 1208      65642069 
 1209              	.LASF24:
 1210 0180 4379456E 		.ascii	"CyEnterCriticalSection\000"
 1210      74657243 
 1210      72697469 
 1210      63616C53 
 1210      65637469 
 1211              	.LASF36:
 1212 0197 44485472 		.ascii	"DHTread\000"
 1212      65616400 
 1213              	.LASF10:
 1214 019f 696E7433 		.ascii	"int32_t\000"
 1214      325F7400 
 1215              	.LASF16:
 1216 01a7 73697A65 		.ascii	"sizetype\000"
 1216      74797065 
 1216      00
 1217              	.LASF23:
 1218 01b0 49537461 		.ascii	"IState\000"
 1218      746500
 1219              	.LASF34:
 1220 01b7 6D61696E 		.ascii	"main.c\000"
 1220      2E6300
 1221              	.LASF14:
 1222 01be 63686172 		.ascii	"char\000"
 1222      00
 1223              	.LASF17:
 1224 01c3 62697473 		.ascii	"bits\000"
 1224      00
 1225              	.LASF2:
 1226 01c8 73686F72 		.ascii	"short int\000"
 1226      7420696E 
 1226      7400
 1227              	.LASF30:
 1228 01d2 50686F74 		.ascii	"PhotoSen_Read\000"
 1228      6F53656E 
 1228      5F526561 
 1228      6400
 1229              	.LASF20:
 1230 01e0 6F757470 		.ascii	"outputstring\000"
 1230      75747374 
 1230      72696E67 
 1230      00
 1231              	.LASF11:
ARM GAS  C:\Users\cojid\AppData\Local\Temp\ccUN3fWj.s 			page 26


 1232 01ed 75696E74 		.ascii	"uint8\000"
 1232      3800
 1233              	.LASF28:
 1234 01f3 43794578 		.ascii	"CyExitCriticalSection\000"
 1234      69744372 
 1234      69746963 
 1234      616C5365 
 1234      6374696F 
 1235              	.LASF18:
 1236 0209 63616C63 		.ascii	"calc\000"
 1236      00
 1237              	.LASF4:
 1238 020e 6C6F6E67 		.ascii	"long int\000"
 1238      20696E74 
 1238      00
 1239              	.LASF15:
 1240 0217 6C6F6E67 		.ascii	"long double\000"
 1240      20646F75 
 1240      626C6500 
 1241              	.LASF0:
 1242 0223 7369676E 		.ascii	"signed char\000"
 1242      65642063 
 1242      68617200 
 1243              	.LASF32:
 1244 022f 55415254 		.ascii	"UART_PutString\000"
 1244      5F507574 
 1244      53747269 
 1244      6E6700
 1245              	.LASF25:
 1246 023e 4448545F 		.ascii	"DHT_Write\000"
 1246      57726974 
 1246      6500
 1247              	.LASF31:
 1248 0248 73707269 		.ascii	"sprintf\000"
 1248      6E746600 
 1249              	.LASF26:
 1250 0250 43794465 		.ascii	"CyDelay\000"
 1250      6C617900 
 1251              		.ident	"GCC: (GNU Tools for ARM Embedded Processors) 5.4.1 20160609 (release) [ARM/embedded-5-bran
