ARM GAS  C:\Users\Admin\AppData\Local\Temp\ccsWpz4j.s 			page 1


   1              		.syntax unified
   2              		.cpu cortex-m3
   3              		.fpu softvfp
   4              		.eabi_attribute 20, 1
   5              		.eabi_attribute 21, 1
   6              		.eabi_attribute 23, 3
   7              		.eabi_attribute 24, 1
   8              		.eabi_attribute 25, 1
   9              		.eabi_attribute 26, 1
  10              		.eabi_attribute 30, 6
  11              		.eabi_attribute 34, 1
  12              		.eabi_attribute 18, 4
  13              		.thumb
  14              		.syntax unified
  15              		.file	"main.c"
  16              		.text
  17              	.Ltext0:
  18              		.cfi_sections	.debug_frame
  19              		.bss
  20              	temp:
  21 0000 00       		.space	1
  22              		.section	.rodata
  23              		.align	2
  24              	.LC0:
  25 0000 52544320 		.ascii	"RTC    :  :  \000"
  25      2020203A 
  25      20203A20 
  25      2000
  26 000e 0000     		.align	2
  27              	.LC1:
  28 0010 504D00   		.ascii	"PM\000"
  29 0013 00       		.align	2
  30              	.LC2:
  31 0014 414D00   		.ascii	"AM\000"
  32 0017 00       		.align	2
  33              	.LC3:
  34 0018 53657420 		.ascii	"Set hour\000"
  34      686F7572 
  34      00
  35 0021 000000   		.align	2
  36              	.LC4:
  37 0024 53657420 		.ascii	"Set minute\000"
  37      6D696E75 
  37      746500
  38 002f 00       		.align	2
  39              	.LC5:
  40 0030 416C6172 		.ascii	"Alarm hour is %d\000"
  40      6D20686F 
  40      75722069 
  40      73202564 
  40      00
  41              		.section	.text.main,"ax",%progbits
  42              		.align	2
  43              		.global	main
  44              		.thumb
  45              		.thumb_func
  46              		.type	main, %function
ARM GAS  C:\Users\Admin\AppData\Local\Temp\ccsWpz4j.s 			page 2


  47              	main:
  48              	.LFB64:
  49              		.file 1 "main.c"
   1:main.c        **** /*******************************************************************************
   2:main.c        **** * File Name: main.c
   3:main.c        **** *
   4:main.c        **** * Version: 3.30
   5:main.c        **** *
   6:main.c        **** * Description:
   7:main.c        **** *  This is source code for the datasheet example of the Real Time Clock (RTC)
   8:main.c        **** *  component.
   9:main.c        **** *
  10:main.c        **** *  The PrintDecNumber() function is implemented in the utils.c file. It displays
  11:main.c        **** *  decimal numbers (first parameter) on a specific row (second parameter) and
  12:main.c        **** *  column (the third parameter) on the Character LCD component, named LCD. If
  13:main.c        **** *  the Character LCD component's name is changed it also should be updated in
  14:main.c        **** *  this function.
  15:main.c        **** *
  16:main.c        **** *  There are interrupt stubs in the RTC ISR. The every second interrupt for this
  17:main.c        **** *  example project is listed below. The active alarm, DST, AM/PM and leap year
  18:main.c        **** *  statuses renew code is removed from the listing below, as it is the same as
  19:main.c        **** *  in the main() function and are described above. The only second value update
  20:main.c        **** *  code is shown below.
  21:main.c        **** *
  22:main.c        **** ********************************************************************************
  23:main.c        **** * Copyright 2013-2015, Cypress Semiconductor Corporation. All rights reserved.
  24:main.c        **** * This software is owned by Cypress Semiconductor Corporation and is protected
  25:main.c        **** * by and subject to worldwide patent and copyright laws and treaties.
  26:main.c        **** * Therefore, you may use this software only as provided in the license agreement
  27:main.c        **** * accompanying the software package from which you obtained this software.
  28:main.c        **** * CYPRESS AND ITS SUPPLIERS MAKE NO WARRANTY OF ANY KIND, EXPRESS OR IMPLIED,
  29:main.c        **** * WITH REGARD TO THIS SOFTWARE, INCLUDING, BUT NOT LIMITED TO, NONINFRINGEMENT,
  30:main.c        **** * IMPLIED WARRANTIES OF MERCHANTABILITY AND FITNESS FOR A PARTICULAR PURPOSE.
  31:main.c        **** *******************************************************************************/
  32:main.c        **** 
  33:main.c        **** #include <project.h>
  34:main.c        **** #include <stdlib.h>
  35:main.c        **** #include "string.h"
  36:main.c        **** #include "stdio.h"
  37:main.c        **** #include "utils.h"
  38:main.c        **** #include "cyapicallbacks.h"
  39:main.c        **** 
  40:main.c        **** 
  41:main.c        **** 
  42:main.c        **** 
  43:main.c        **** 
  44:main.c        **** /*******************************************************************************
  45:main.c        **** * Function Name: main
  46:main.c        **** ********************************************************************************
  47:main.c        **** *
  48:main.c        **** * Summary:
  49:main.c        **** *  Main function performs following functions:
  50:main.c        **** *   1. Declares date and time structure and fill it with the initial values
  51:main.c        **** *   2. Enables global interrupts
  52:main.c        **** *   3. Sets initial time and date values
  53:main.c        **** *   4. Sets alarm date, time and mask
  54:main.c        **** *   5. Sets interval mask
ARM GAS  C:\Users\Admin\AppData\Local\Temp\ccsWpz4j.s 			page 3


  55:main.c        **** *   6. Sets DST start and stop configuration
  56:main.c        **** *   7. Prints current date and time values.
  57:main.c        **** *   8. Afterwards, device is continuosly switched to the Sleep low power mode.
  58:main.c        **** *      When the 1PPS event occurs device wakes up, ISR is executed and device
  59:main.c        **** *      is switched to the Sleep mode again till the next 1PPS event.
  60:main.c        **** *      For more information refer to the device TRM and System
  61:main.c        **** *      Reference Guide.
  62:main.c        **** *
  63:main.c        **** *   The information on the display is updated in the ISR.
  64:main.c        **** *
  65:main.c        **** * Parameters:
  66:main.c        **** *  None
  67:main.c        **** *
  68:main.c        **** * Return:
  69:main.c        **** *  None
  70:main.c        **** *
  71:main.c        **** *******************************************************************************/
  72:main.c        **** int main()
  73:main.c        **** {
  50              		.loc 1 73 0
  51              		.cfi_startproc
  52              		@ args = 0, pretend = 0, frame = 72
  53              		@ frame_needed = 1, uses_anonymous_args = 0
  54 0000 80B5     		push	{r7, lr}
  55              		.cfi_def_cfa_offset 8
  56              		.cfi_offset 7, -8
  57              		.cfi_offset 14, -4
  58 0002 92B0     		sub	sp, sp, #72
  59              		.cfi_def_cfa_offset 80
  60 0004 00AF     		add	r7, sp, #0
  61              		.cfi_def_cfa_register 7
  74:main.c        ****     uint8 tmpVar = 0u;
  62              		.loc 1 74 0
  63 0006 0023     		movs	r3, #0
  64 0008 87F84230 		strb	r3, [r7, #66]
  75:main.c        **** 
  76:main.c        ****     RTC_TIME_DATE Start;
  77:main.c        **** 
  78:main.c        ****     /* Fill struct with date and time */
  79:main.c        ****     Start.Sec = 0u;
  65              		.loc 1 79 0
  66 000c 0023     		movs	r3, #0
  67 000e 87F83030 		strb	r3, [r7, #48]
  80:main.c        ****     Start.Min = 55u;
  68              		.loc 1 80 0
  69 0012 3723     		movs	r3, #55
  70 0014 87F83130 		strb	r3, [r7, #49]
  81:main.c        ****     Start.Hour = 12u;
  71              		.loc 1 81 0
  72 0018 0C23     		movs	r3, #12
  73 001a 87F83230 		strb	r3, [r7, #50]
  82:main.c        ****     Start.DayOfMonth = 17u;
  74              		.loc 1 82 0
  75 001e 1123     		movs	r3, #17
  76 0020 87F83430 		strb	r3, [r7, #52]
  83:main.c        ****     Start.Month = 1u;
  77              		.loc 1 83 0
ARM GAS  C:\Users\Admin\AppData\Local\Temp\ccsWpz4j.s 			page 4


  78 0024 0123     		movs	r3, #1
  79 0026 87F83830 		strb	r3, [r7, #56]
  84:main.c        ****     Start.Year = 2021u;
  80              		.loc 1 84 0
  81 002a 40F2E573 		movw	r3, #2021
  82 002e 7B87     		strh	r3, [r7, #58]	@ movhi
  85:main.c        **** 
  86:main.c        ****     /* Enable all interrupts */
  87:main.c        ****     CyGlobalIntEnable;
  83              		.loc 1 87 0
  84              		.syntax unified
  85              	@ 87 "main.c" 1
  86 0030 62B6     		CPSIE   i
  87              	@ 0 "" 2
  88:main.c        **** 
  89:main.c        ****     /* Set date and time */
  90:main.c        ****     RTC_WriteTime(&Start);
  88              		.loc 1 90 0
  89              		.thumb
  90              		.syntax unified
  91 0032 07F13003 		add	r3, r7, #48
  92 0036 1846     		mov	r0, r3
  93 0038 FFF7FEFF 		bl	RTC_WriteTime
  91:main.c        **** 
  92:main.c        ****     /* Set alarm date and time */
  93:main.c        ****     RTC_WriteAlarmSecond(10u);
  94              		.loc 1 93 0
  95 003c 0A20     		movs	r0, #10
  96 003e FFF7FEFF 		bl	RTC_WriteAlarmSecond
  94:main.c        ****     RTC_WriteAlarmMinute(57u);
  97              		.loc 1 94 0
  98 0042 3920     		movs	r0, #57
  99 0044 FFF7FEFF 		bl	RTC_WriteAlarmMinute
  95:main.c        ****     RTC_WriteAlarmHour(12u);
 100              		.loc 1 95 0
 101 0048 0C20     		movs	r0, #12
 102 004a FFF7FEFF 		bl	RTC_WriteAlarmHour
  96:main.c        ****     RTC_WriteAlarmDayOfMonth(17u);
 103              		.loc 1 96 0
 104 004e 1120     		movs	r0, #17
 105 0050 FFF7FEFF 		bl	RTC_WriteAlarmDayOfMonth
  97:main.c        ****     RTC_WriteAlarmMonth(1u);
 106              		.loc 1 97 0
 107 0054 0120     		movs	r0, #1
 108 0056 FFF7FEFF 		bl	RTC_WriteAlarmMonth
  98:main.c        ****     RTC_WriteAlarmYear(2021u);
 109              		.loc 1 98 0
 110 005a 40F2E570 		movw	r0, #2021
 111 005e FFF7FEFF 		bl	RTC_WriteAlarmYear
  99:main.c        **** 
 100:main.c        ****     /* Set alarm mask */
 101:main.c        ****     RTC_WriteAlarmMask(RTC_ALARM_MIN_MASK | RTC_ALARM_HOUR_MASK);
 112              		.loc 1 101 0
 113 0062 0620     		movs	r0, #6
 114 0064 FFF7FEFF 		bl	RTC_WriteAlarmMask
 102:main.c        **** 
 103:main.c        ****     /* Set interval mask - handling of interrupt stubs of the RTC component */
ARM GAS  C:\Users\Admin\AppData\Local\Temp\ccsWpz4j.s 			page 5


 104:main.c        ****     RTC_WriteIntervalMask(RTC_INTERVAL_SEC_MASK  | RTC_INTERVAL_MIN_MASK   |
 115              		.loc 1 104 0
 116 0068 7F20     		movs	r0, #127
 117 006a FFF7FEFF 		bl	RTC_WriteIntervalMask
 105:main.c        ****                           RTC_INTERVAL_HOUR_MASK | RTC_INTERVAL_DAY_MASK   |
 106:main.c        ****                           RTC_INTERVAL_WEEK_MASK | RTC_INTERVAL_MONTH_MASK |
 107:main.c        ****                           RTC_INTERVAL_YEAR_MASK);
 108:main.c        **** 
 109:main.c        ****     /* Start RTC */
 110:main.c        ****     RTC_Start();
 118              		.loc 1 110 0
 119 006e FFF7FEFF 		bl	RTC_Start
 111:main.c        **** 
 112:main.c        ****     /* Start LCD */
 113:main.c        ****     LCD_Start();
 120              		.loc 1 113 0
 121 0072 FFF7FEFF 		bl	LCD_Start
 114:main.c        ****     
 115:main.c        ****     /* Start UART */
 116:main.c        ****     UART_Start();
 122              		.loc 1 116 0
 123 0076 FFF7FEFF 		bl	UART_Start
 117:main.c        **** 
 118:main.c        ****     /* Prepare 0th column */
 119:main.c        ****     LCD_Position(0u, 0u);
 124              		.loc 1 119 0
 125 007a 0021     		movs	r1, #0
 126 007c 0020     		movs	r0, #0
 127 007e FFF7FEFF 		bl	LCD_Position
 120:main.c        ****     LCD_PrintString("RTC    :  :  ");
 128              		.loc 1 120 0
 129 0082 B148     		ldr	r0, .L26
 130 0084 FFF7FEFF 		bl	LCD_PrintString
 121:main.c        **** 
 122:main.c        ****     /* Print current time */
 123:main.c        ****     tmpVar = RTC_ReadSecond();
 131              		.loc 1 123 0
 132 0088 FFF7FEFF 		bl	RTC_ReadSecond
 133 008c 0346     		mov	r3, r0
 134 008e 87F84230 		strb	r3, [r7, #66]
 124:main.c        ****     PrintDecNumber(tmpVar, 0u, 11u);
 135              		.loc 1 124 0
 136 0092 97F84230 		ldrb	r3, [r7, #66]	@ zero_extendqisi2
 137 0096 0B22     		movs	r2, #11
 138 0098 0021     		movs	r1, #0
 139 009a 1846     		mov	r0, r3
 140 009c FFF7FEFF 		bl	PrintDecNumber
 125:main.c        ****     tmpVar = RTC_ReadMinute();
 141              		.loc 1 125 0
 142 00a0 FFF7FEFF 		bl	RTC_ReadMinute
 143 00a4 0346     		mov	r3, r0
 144 00a6 87F84230 		strb	r3, [r7, #66]
 126:main.c        ****     PrintDecNumber(tmpVar, 0u, 8u);
 145              		.loc 1 126 0
 146 00aa 97F84230 		ldrb	r3, [r7, #66]	@ zero_extendqisi2
 147 00ae 0822     		movs	r2, #8
 148 00b0 0021     		movs	r1, #0
ARM GAS  C:\Users\Admin\AppData\Local\Temp\ccsWpz4j.s 			page 6


 149 00b2 1846     		mov	r0, r3
 150 00b4 FFF7FEFF 		bl	PrintDecNumber
 127:main.c        ****     tmpVar = RTC_ReadHour();
 151              		.loc 1 127 0
 152 00b8 FFF7FEFF 		bl	RTC_ReadHour
 153 00bc 0346     		mov	r3, r0
 154 00be 87F84230 		strb	r3, [r7, #66]
 128:main.c        ****     PrintDecNumber(tmpVar, 0u, 5u);
 155              		.loc 1 128 0
 156 00c2 97F84230 		ldrb	r3, [r7, #66]	@ zero_extendqisi2
 157 00c6 0522     		movs	r2, #5
 158 00c8 0021     		movs	r1, #0
 159 00ca 1846     		mov	r0, r3
 160 00cc FFF7FEFF 		bl	PrintDecNumber
 129:main.c        **** 
 130:main.c        **** 
 131:main.c        **** 
 132:main.c        ****     /* Get status */
 133:main.c        ****     tmpVar = RTC_ReadStatus();
 161              		.loc 1 133 0
 162 00d0 FFF7FEFF 		bl	RTC_ReadStatus
 163 00d4 0346     		mov	r3, r0
 164 00d6 87F84230 		strb	r3, [r7, #66]
 134:main.c        **** 
 135:main.c        ****     /* Get and print daytime AM/PM */
 136:main.c        ****     if(RTC_STATUS_AM_PM & tmpVar)
 165              		.loc 1 136 0
 166 00da 97F84230 		ldrb	r3, [r7, #66]
 167 00de 03F00403 		and	r3, r3, #4
 168 00e2 DBB2     		uxtb	r3, r3
 169 00e4 002B     		cmp	r3, #0
 170 00e6 07D0     		beq	.L2
 137:main.c        ****     {
 138:main.c        ****         LCD_Position(0u, 14u);
 171              		.loc 1 138 0
 172 00e8 0E21     		movs	r1, #14
 173 00ea 0020     		movs	r0, #0
 174 00ec FFF7FEFF 		bl	LCD_Position
 139:main.c        ****         LCD_PrintString("PM");
 175              		.loc 1 139 0
 176 00f0 9648     		ldr	r0, .L26+4
 177 00f2 FFF7FEFF 		bl	LCD_PrintString
 178 00f6 06E0     		b	.L3
 179              	.L2:
 140:main.c        ****     }
 141:main.c        ****     else
 142:main.c        ****     {
 143:main.c        ****         LCD_Position(0u, 14u);
 180              		.loc 1 143 0
 181 00f8 0E21     		movs	r1, #14
 182 00fa 0020     		movs	r0, #0
 183 00fc FFF7FEFF 		bl	LCD_Position
 144:main.c        ****         LCD_PrintString("AM");
 184              		.loc 1 144 0
 185 0100 9348     		ldr	r0, .L26+8
 186 0102 FFF7FEFF 		bl	LCD_PrintString
 187              	.L3:
ARM GAS  C:\Users\Admin\AppData\Local\Temp\ccsWpz4j.s 			page 7


 145:main.c        ****     }
 146:main.c        **** 
 147:main.c        **** 
 148:main.c        ****     /* Get and print alarm status */
 149:main.c        ****     if (RTC_STATUS_AA & tmpVar)
 188              		.loc 1 149 0
 189 0106 97F84230 		ldrb	r3, [r7, #66]
 190 010a 03F00803 		and	r3, r3, #8
 191 010e DBB2     		uxtb	r3, r3
 192 0110 002B     		cmp	r3, #0
 193 0112 07D0     		beq	.L4
 150:main.c        ****     {
 151:main.c        ****         LCD_Position(1u, 15u);
 194              		.loc 1 151 0
 195 0114 0F21     		movs	r1, #15
 196 0116 0120     		movs	r0, #1
 197 0118 FFF7FEFF 		bl	LCD_Position
 152:main.c        ****         LCD_PutChar('A');
 198              		.loc 1 152 0
 199 011c 4120     		movs	r0, #65
 200 011e FFF7FEFF 		bl	LCD_PutChar
 201 0122 06E0     		b	.L5
 202              	.L4:
 153:main.c        ****     }
 154:main.c        ****     else
 155:main.c        ****     {
 156:main.c        ****         LCD_Position(1u, 15u);
 203              		.loc 1 156 0
 204 0124 0F21     		movs	r1, #15
 205 0126 0120     		movs	r0, #1
 206 0128 FFF7FEFF 		bl	LCD_Position
 157:main.c        ****         LCD_PutChar(' ');
 207              		.loc 1 157 0
 208 012c 2020     		movs	r0, #32
 209 012e FFF7FEFF 		bl	LCD_PutChar
 210              	.L5:
 158:main.c        ****     }
 159:main.c        ****     char buf;
 160:main.c        ****     char string[10] = {0};   // Занулити строку при сворені
 211              		.loc 1 160 0
 212 0132 07F12403 		add	r3, r7, #36
 213 0136 0022     		movs	r2, #0
 214 0138 1A60     		str	r2, [r3]
 215 013a 5A60     		str	r2, [r3, #4]
 216 013c 1A81     		strh	r2, [r3, #8]	@ movhi
 161:main.c        ****     char sep[] = "-";
 217              		.loc 1 161 0
 218 013e 2D23     		movs	r3, #45
 219 0140 3B84     		strh	r3, [r7, #32]	@ movhi
 162:main.c        ****     char* duration;
 163:main.c        ****     uint8_t i = 0;
 220              		.loc 1 163 0
 221 0142 0023     		movs	r3, #0
 222 0144 87F84330 		strb	r3, [r7, #67]
 223              	.L7:
 164:main.c        ****     unsigned int b;
 165:main.c        ****     char testArey[32];
ARM GAS  C:\Users\Admin\AppData\Local\Temp\ccsWpz4j.s 			page 8


 166:main.c        **** 
 167:main.c        ****     while(1u)
 168:main.c        ****     {
 169:main.c        ****         do
 170:main.c        ****         {
 171:main.c        ****             buf = UART_GetChar();
 224              		.loc 1 171 0
 225 0148 FFF7FEFF 		bl	UART_GetChar
 226 014c 0346     		mov	r3, r0
 227 014e 87F84130 		strb	r3, [r7, #65]
 172:main.c        ****             if(buf != 0u)
 228              		.loc 1 172 0
 229 0152 97F84130 		ldrb	r3, [r7, #65]	@ zero_extendqisi2
 230 0156 002B     		cmp	r3, #0
 231 0158 0DD0     		beq	.L6
 173:main.c        ****             {
 174:main.c        ****                 string[i] = buf;
 232              		.loc 1 174 0
 233 015a 97F84330 		ldrb	r3, [r7, #67]	@ zero_extendqisi2
 234 015e 07F14802 		add	r2, r7, #72
 235 0162 1344     		add	r3, r3, r2
 236 0164 97F84120 		ldrb	r2, [r7, #65]
 237 0168 03F8242C 		strb	r2, [r3, #-36]
 175:main.c        ****                 i++;
 238              		.loc 1 175 0
 239 016c 97F84330 		ldrb	r3, [r7, #67]	@ zero_extendqisi2
 240 0170 0133     		adds	r3, r3, #1
 241 0172 87F84330 		strb	r3, [r7, #67]
 242              	.L6:
 176:main.c        ****             }
 177:main.c        ****         }while('A'!= buf);
 243              		.loc 1 177 0
 244 0176 97F84130 		ldrb	r3, [r7, #65]	@ zero_extendqisi2
 245 017a 412B     		cmp	r3, #65
 246 017c E4D1     		bne	.L7
 178:main.c        ****         if(string[0] == 's')
 247              		.loc 1 178 0
 248 017e 97F82430 		ldrb	r3, [r7, #36]	@ zero_extendqisi2
 249 0182 732B     		cmp	r3, #115
 250 0184 55D1     		bne	.L8
 179:main.c        ****         {
 180:main.c        ****             if(string[1] == 'h')
 251              		.loc 1 180 0
 252 0186 97F82530 		ldrb	r3, [r7, #37]	@ zero_extendqisi2
 253 018a 682B     		cmp	r3, #104
 254 018c 26D1     		bne	.L9
 181:main.c        ****             {
 182:main.c        ****                 UART_PutString("Set hour");
 255              		.loc 1 182 0
 256 018e 7148     		ldr	r0, .L26+12
 257 0190 FFF7FEFF 		bl	UART_PutString
 183:main.c        ****                 duration = strtok(string, sep);
 258              		.loc 1 183 0
 259 0194 07F12002 		add	r2, r7, #32
 260 0198 07F12403 		add	r3, r7, #36
 261 019c 1146     		mov	r1, r2
 262 019e 1846     		mov	r0, r3
ARM GAS  C:\Users\Admin\AppData\Local\Temp\ccsWpz4j.s 			page 9


 263 01a0 FFF7FEFF 		bl	strtok
 264 01a4 7864     		str	r0, [r7, #68]
 184:main.c        ****                 while(duration != NULL)
 265              		.loc 1 184 0
 266 01a6 16E0     		b	.L10
 267              	.L12:
 185:main.c        ****                 {
 186:main.c        ****                     UART_PutString(duration);
 268              		.loc 1 186 0
 269 01a8 786C     		ldr	r0, [r7, #68]
 270 01aa FFF7FEFF 		bl	UART_PutString
 187:main.c        ****                     b = atoi(duration);
 271              		.loc 1 187 0
 272 01ae 786C     		ldr	r0, [r7, #68]
 273 01b0 FFF7FEFF 		bl	atoi
 274 01b4 0346     		mov	r3, r0
 275 01b6 FB63     		str	r3, [r7, #60]
 188:main.c        ****                     if (b > 0u)
 276              		.loc 1 188 0
 277 01b8 FB6B     		ldr	r3, [r7, #60]
 278 01ba 002B     		cmp	r3, #0
 279 01bc 04D0     		beq	.L11
 189:main.c        ****                     {
 190:main.c        ****                        // sprintf(testArey,"Our var = %d; \n", b);
 191:main.c        ****                         RTC_WriteHour((uint8_t)b);
 280              		.loc 1 191 0
 281 01be FB6B     		ldr	r3, [r7, #60]
 282 01c0 DBB2     		uxtb	r3, r3
 283 01c2 1846     		mov	r0, r3
 284 01c4 FFF7FEFF 		bl	RTC_WriteHour
 285              	.L11:
 192:main.c        ****                        // UART_PutString(testArey);
 193:main.c        ****                     }
 194:main.c        ****                     duration = strtok(NULL, sep);
 286              		.loc 1 194 0
 287 01c8 07F12003 		add	r3, r7, #32
 288 01cc 1946     		mov	r1, r3
 289 01ce 0020     		movs	r0, #0
 290 01d0 FFF7FEFF 		bl	strtok
 291 01d4 7864     		str	r0, [r7, #68]
 292              	.L10:
 184:main.c        ****                 {
 293              		.loc 1 184 0
 294 01d6 7B6C     		ldr	r3, [r7, #68]
 295 01d8 002B     		cmp	r3, #0
 296 01da E5D1     		bne	.L12
 297              	.L9:
 195:main.c        ****                 }
 196:main.c        ****             }
 197:main.c        ****             if(string[1] == 'm')
 298              		.loc 1 197 0
 299 01dc 97F82530 		ldrb	r3, [r7, #37]	@ zero_extendqisi2
 300 01e0 6D2B     		cmp	r3, #109
 301 01e2 26D1     		bne	.L8
 198:main.c        ****             {
 199:main.c        ****                 UART_PutString("Set minute");
 302              		.loc 1 199 0
ARM GAS  C:\Users\Admin\AppData\Local\Temp\ccsWpz4j.s 			page 10


 303 01e4 5C48     		ldr	r0, .L26+16
 304 01e6 FFF7FEFF 		bl	UART_PutString
 200:main.c        ****                 duration = strtok(string, sep);
 305              		.loc 1 200 0
 306 01ea 07F12002 		add	r2, r7, #32
 307 01ee 07F12403 		add	r3, r7, #36
 308 01f2 1146     		mov	r1, r2
 309 01f4 1846     		mov	r0, r3
 310 01f6 FFF7FEFF 		bl	strtok
 311 01fa 7864     		str	r0, [r7, #68]
 201:main.c        ****                 while(duration != NULL)
 312              		.loc 1 201 0
 313 01fc 16E0     		b	.L13
 314              	.L15:
 202:main.c        ****                 {
 203:main.c        ****                     UART_PutString(duration);
 315              		.loc 1 203 0
 316 01fe 786C     		ldr	r0, [r7, #68]
 317 0200 FFF7FEFF 		bl	UART_PutString
 204:main.c        ****                     b = atoi(duration);
 318              		.loc 1 204 0
 319 0204 786C     		ldr	r0, [r7, #68]
 320 0206 FFF7FEFF 		bl	atoi
 321 020a 0346     		mov	r3, r0
 322 020c FB63     		str	r3, [r7, #60]
 205:main.c        ****                     if (b > 0u)
 323              		.loc 1 205 0
 324 020e FB6B     		ldr	r3, [r7, #60]
 325 0210 002B     		cmp	r3, #0
 326 0212 04D0     		beq	.L14
 206:main.c        ****                     {
 207:main.c        ****                        // sprintf(testArey,"Our var = %d; \n", b);
 208:main.c        ****                         RTC_WriteMinute((uint8_t)b);
 327              		.loc 1 208 0
 328 0214 FB6B     		ldr	r3, [r7, #60]
 329 0216 DBB2     		uxtb	r3, r3
 330 0218 1846     		mov	r0, r3
 331 021a FFF7FEFF 		bl	RTC_WriteMinute
 332              	.L14:
 209:main.c        ****                        // UART_PutString(testArey);
 210:main.c        ****                     }
 211:main.c        ****                     duration = strtok(NULL, sep);
 333              		.loc 1 211 0
 334 021e 07F12003 		add	r3, r7, #32
 335 0222 1946     		mov	r1, r3
 336 0224 0020     		movs	r0, #0
 337 0226 FFF7FEFF 		bl	strtok
 338 022a 7864     		str	r0, [r7, #68]
 339              	.L13:
 201:main.c        ****                 {
 340              		.loc 1 201 0
 341 022c 7B6C     		ldr	r3, [r7, #68]
 342 022e 002B     		cmp	r3, #0
 343 0230 E5D1     		bne	.L15
 344              	.L8:
 212:main.c        ****                 }
 213:main.c        ****             }
ARM GAS  C:\Users\Admin\AppData\Local\Temp\ccsWpz4j.s 			page 11


 214:main.c        ****         }
 215:main.c        ****         if(string[0] == 'r')
 345              		.loc 1 215 0
 346 0232 97F82430 		ldrb	r3, [r7, #36]	@ zero_extendqisi2
 347 0236 722B     		cmp	r3, #114
 348 0238 27D1     		bne	.L16
 216:main.c        ****         {
 217:main.c        ****             if(string[1] == 'h')
 349              		.loc 1 217 0
 350 023a 97F82530 		ldrb	r3, [r7, #37]	@ zero_extendqisi2
 351 023e 682B     		cmp	r3, #104
 352 0240 0FD1     		bne	.L17
 218:main.c        ****             {
 219:main.c        ****                 
 220:main.c        ****                 tmpVar = RTC_ReadAlarmHour();
 353              		.loc 1 220 0
 354 0242 FFF7FEFF 		bl	RTC_ReadAlarmHour
 355 0246 0346     		mov	r3, r0
 356 0248 87F84230 		strb	r3, [r7, #66]
 221:main.c        ****                 sprintf(testArey, "Alarm hour is %d", tmpVar);
 357              		.loc 1 221 0
 358 024c 97F84220 		ldrb	r2, [r7, #66]	@ zero_extendqisi2
 359 0250 3B46     		mov	r3, r7
 360 0252 4249     		ldr	r1, .L26+20
 361 0254 1846     		mov	r0, r3
 362 0256 FFF7FEFF 		bl	sprintf
 222:main.c        ****                 UART_PutString(testArey);
 363              		.loc 1 222 0
 364 025a 3B46     		mov	r3, r7
 365 025c 1846     		mov	r0, r3
 366 025e FFF7FEFF 		bl	UART_PutString
 367              	.L17:
 223:main.c        ****             }
 224:main.c        ****             if(string[1] == 'm')
 368              		.loc 1 224 0
 369 0262 97F82530 		ldrb	r3, [r7, #37]	@ zero_extendqisi2
 370 0266 6D2B     		cmp	r3, #109
 371 0268 0FD1     		bne	.L16
 225:main.c        ****             {
 226:main.c        ****                 
 227:main.c        ****                 tmpVar = RTC_ReadAlarmMinute();
 372              		.loc 1 227 0
 373 026a FFF7FEFF 		bl	RTC_ReadAlarmMinute
 374 026e 0346     		mov	r3, r0
 375 0270 87F84230 		strb	r3, [r7, #66]
 228:main.c        ****                 sprintf(testArey, "Alarm hour is %d", tmpVar);
 376              		.loc 1 228 0
 377 0274 97F84220 		ldrb	r2, [r7, #66]	@ zero_extendqisi2
 378 0278 3B46     		mov	r3, r7
 379 027a 3849     		ldr	r1, .L26+20
 380 027c 1846     		mov	r0, r3
 381 027e FFF7FEFF 		bl	sprintf
 229:main.c        ****                 UART_PutString(testArey);
 382              		.loc 1 229 0
 383 0282 3B46     		mov	r3, r7
 384 0284 1846     		mov	r0, r3
 385 0286 FFF7FEFF 		bl	UART_PutString
ARM GAS  C:\Users\Admin\AppData\Local\Temp\ccsWpz4j.s 			page 12


 386              	.L16:
 230:main.c        ****             }
 231:main.c        ****         }
 232:main.c        ****         if(string[0] == 'a')
 387              		.loc 1 232 0
 388 028a 97F82430 		ldrb	r3, [r7, #36]	@ zero_extendqisi2
 389 028e 612B     		cmp	r3, #97
 390 0290 4FD1     		bne	.L18
 233:main.c        ****         {
 234:main.c        ****             if(string[1] == 'h')
 391              		.loc 1 234 0
 392 0292 97F82530 		ldrb	r3, [r7, #37]	@ zero_extendqisi2
 393 0296 682B     		cmp	r3, #104
 394 0298 23D1     		bne	.L19
 235:main.c        ****             {
 236:main.c        ****                 duration = strtok(string, sep);
 395              		.loc 1 236 0
 396 029a 07F12002 		add	r2, r7, #32
 397 029e 07F12403 		add	r3, r7, #36
 398 02a2 1146     		mov	r1, r2
 399 02a4 1846     		mov	r0, r3
 400 02a6 FFF7FEFF 		bl	strtok
 401 02aa 7864     		str	r0, [r7, #68]
 237:main.c        ****                 while(duration != NULL)
 402              		.loc 1 237 0
 403 02ac 16E0     		b	.L20
 404              	.L22:
 238:main.c        ****                 {
 239:main.c        ****                     UART_PutString(duration);
 405              		.loc 1 239 0
 406 02ae 786C     		ldr	r0, [r7, #68]
 407 02b0 FFF7FEFF 		bl	UART_PutString
 240:main.c        ****                     b = atoi(duration);
 408              		.loc 1 240 0
 409 02b4 786C     		ldr	r0, [r7, #68]
 410 02b6 FFF7FEFF 		bl	atoi
 411 02ba 0346     		mov	r3, r0
 412 02bc FB63     		str	r3, [r7, #60]
 241:main.c        ****                     if (b > 0u)
 413              		.loc 1 241 0
 414 02be FB6B     		ldr	r3, [r7, #60]
 415 02c0 002B     		cmp	r3, #0
 416 02c2 04D0     		beq	.L21
 242:main.c        ****                     {
 243:main.c        ****                        // sprintf(testArey,"Our var = %d; \n", b);
 244:main.c        ****                         RTC_WriteAlarmHour((uint8_t)b);
 417              		.loc 1 244 0
 418 02c4 FB6B     		ldr	r3, [r7, #60]
 419 02c6 DBB2     		uxtb	r3, r3
 420 02c8 1846     		mov	r0, r3
 421 02ca FFF7FEFF 		bl	RTC_WriteAlarmHour
 422              	.L21:
 245:main.c        ****                        // UART_PutString(testArey);
 246:main.c        ****                     }
 247:main.c        ****                     duration = strtok(NULL, sep);
 423              		.loc 1 247 0
 424 02ce 07F12003 		add	r3, r7, #32
ARM GAS  C:\Users\Admin\AppData\Local\Temp\ccsWpz4j.s 			page 13


 425 02d2 1946     		mov	r1, r3
 426 02d4 0020     		movs	r0, #0
 427 02d6 FFF7FEFF 		bl	strtok
 428 02da 7864     		str	r0, [r7, #68]
 429              	.L20:
 237:main.c        ****                 {
 430              		.loc 1 237 0
 431 02dc 7B6C     		ldr	r3, [r7, #68]
 432 02de 002B     		cmp	r3, #0
 433 02e0 E5D1     		bne	.L22
 434              	.L19:
 248:main.c        ****                 }
 249:main.c        ****             }
 250:main.c        ****             if(string[1] == 'm')
 435              		.loc 1 250 0
 436 02e2 97F82530 		ldrb	r3, [r7, #37]	@ zero_extendqisi2
 437 02e6 6D2B     		cmp	r3, #109
 438 02e8 23D1     		bne	.L18
 251:main.c        ****             {
 252:main.c        ****                 duration = strtok(string, sep);
 439              		.loc 1 252 0
 440 02ea 07F12002 		add	r2, r7, #32
 441 02ee 07F12403 		add	r3, r7, #36
 442 02f2 1146     		mov	r1, r2
 443 02f4 1846     		mov	r0, r3
 444 02f6 FFF7FEFF 		bl	strtok
 445 02fa 7864     		str	r0, [r7, #68]
 253:main.c        ****                 while(duration != NULL)
 446              		.loc 1 253 0
 447 02fc 16E0     		b	.L23
 448              	.L25:
 254:main.c        ****                 {
 255:main.c        ****                     UART_PutString(duration);
 449              		.loc 1 255 0
 450 02fe 786C     		ldr	r0, [r7, #68]
 451 0300 FFF7FEFF 		bl	UART_PutString
 256:main.c        ****                     b = atoi(duration);
 452              		.loc 1 256 0
 453 0304 786C     		ldr	r0, [r7, #68]
 454 0306 FFF7FEFF 		bl	atoi
 455 030a 0346     		mov	r3, r0
 456 030c FB63     		str	r3, [r7, #60]
 257:main.c        ****                     if (b > 0u)
 457              		.loc 1 257 0
 458 030e FB6B     		ldr	r3, [r7, #60]
 459 0310 002B     		cmp	r3, #0
 460 0312 04D0     		beq	.L24
 258:main.c        ****                     {
 259:main.c        ****                        // sprintf(testArey,"Our var = %d; \n", b);
 260:main.c        ****                         RTC_WriteAlarmMinute((uint8_t)b);
 461              		.loc 1 260 0
 462 0314 FB6B     		ldr	r3, [r7, #60]
 463 0316 DBB2     		uxtb	r3, r3
 464 0318 1846     		mov	r0, r3
 465 031a FFF7FEFF 		bl	RTC_WriteAlarmMinute
 466              	.L24:
 261:main.c        ****                        // UART_PutString(testArey);
ARM GAS  C:\Users\Admin\AppData\Local\Temp\ccsWpz4j.s 			page 14


 262:main.c        ****                     }
 263:main.c        ****                     duration = strtok(NULL, sep);
 467              		.loc 1 263 0
 468 031e 07F12003 		add	r3, r7, #32
 469 0322 1946     		mov	r1, r3
 470 0324 0020     		movs	r0, #0
 471 0326 FFF7FEFF 		bl	strtok
 472 032a 7864     		str	r0, [r7, #68]
 473              	.L23:
 253:main.c        ****                 {
 474              		.loc 1 253 0
 475 032c 7B6C     		ldr	r3, [r7, #68]
 476 032e 002B     		cmp	r3, #0
 477 0330 E5D1     		bne	.L25
 478              	.L18:
 264:main.c        ****                 }
 265:main.c        ****             }
 266:main.c        ****         }
 267:main.c        ****         i = 0;
 479              		.loc 1 267 0
 480 0332 0023     		movs	r3, #0
 481 0334 87F84330 		strb	r3, [r7, #67]
 268:main.c        ****         memset(string, 0, 9);
 482              		.loc 1 268 0
 483 0338 07F12403 		add	r3, r7, #36
 484 033c 0922     		movs	r2, #9
 485 033e 0021     		movs	r1, #0
 486 0340 1846     		mov	r0, r3
 487 0342 FFF7FEFF 		bl	memset
 269:main.c        ****        
 270:main.c        ****     }
 488              		.loc 1 270 0
 489 0346 FFE6     		b	.L7
 490              	.L27:
 491              		.align	2
 492              	.L26:
 493 0348 00000000 		.word	.LC0
 494 034c 10000000 		.word	.LC1
 495 0350 14000000 		.word	.LC2
 496 0354 18000000 		.word	.LC3
 497 0358 24000000 		.word	.LC4
 498 035c 30000000 		.word	.LC5
 499              		.cfi_endproc
 500              	.LFE64:
 501              		.size	main, .-main
 502              		.text
 503              	.Letext0:
 504              		.file 2 "c:\\program files (x86)\\cypress\\psoc creator\\4.3\\psoc creator\\import\\gnu\\arm\\5.4.
 505              		.file 3 "c:\\program files (x86)\\cypress\\psoc creator\\4.3\\psoc creator\\import\\gnu\\arm\\5.4.
 506              		.file 4 "Generated_Source\\PSoC5/cytypes.h"
 507              		.file 5 "Generated_Source\\PSoC5/RTC.h"
 508              		.file 6 "cyapicallbacks.h"
 509              		.file 7 "Generated_Source\\PSoC5/core_cm3.h"
 510              		.section	.debug_info,"",%progbits
 511              	.Ldebug_info0:
 512 0000 3A020000 		.4byte	0x23a
 513 0004 0400     		.2byte	0x4
ARM GAS  C:\Users\Admin\AppData\Local\Temp\ccsWpz4j.s 			page 15


 514 0006 00000000 		.4byte	.Ldebug_abbrev0
 515 000a 04       		.byte	0x4
 516 000b 01       		.uleb128 0x1
 517 000c 0A000000 		.4byte	.LASF33
 518 0010 0C       		.byte	0xc
 519 0011 C7010000 		.4byte	.LASF34
 520 0015 A9000000 		.4byte	.LASF35
 521 0019 00000000 		.4byte	.Ldebug_ranges0+0
 522 001d 00000000 		.4byte	0
 523 0021 00000000 		.4byte	.Ldebug_line0
 524 0025 02       		.uleb128 0x2
 525 0026 01       		.byte	0x1
 526 0027 06       		.byte	0x6
 527 0028 02020000 		.4byte	.LASF0
 528 002c 03       		.uleb128 0x3
 529 002d 00000000 		.4byte	.LASF4
 530 0031 02       		.byte	0x2
 531 0032 1D       		.byte	0x1d
 532 0033 37000000 		.4byte	0x37
 533 0037 02       		.uleb128 0x2
 534 0038 01       		.byte	0x1
 535 0039 08       		.byte	0x8
 536 003a 07010000 		.4byte	.LASF1
 537 003e 02       		.uleb128 0x2
 538 003f 02       		.byte	0x2
 539 0040 05       		.byte	0x5
 540 0041 D3010000 		.4byte	.LASF2
 541 0045 02       		.uleb128 0x2
 542 0046 02       		.byte	0x2
 543 0047 07       		.byte	0x7
 544 0048 1A010000 		.4byte	.LASF3
 545 004c 03       		.uleb128 0x3
 546 004d 9F000000 		.4byte	.LASF5
 547 0051 02       		.byte	0x2
 548 0052 3F       		.byte	0x3f
 549 0053 57000000 		.4byte	0x57
 550 0057 02       		.uleb128 0x2
 551 0058 04       		.byte	0x4
 552 0059 05       		.byte	0x5
 553 005a E1000000 		.4byte	.LASF6
 554 005e 02       		.uleb128 0x2
 555 005f 04       		.byte	0x4
 556 0060 07       		.byte	0x7
 557 0061 48010000 		.4byte	.LASF7
 558 0065 02       		.uleb128 0x2
 559 0066 08       		.byte	0x8
 560 0067 05       		.byte	0x5
 561 0068 B9010000 		.4byte	.LASF8
 562 006c 02       		.uleb128 0x2
 563 006d 08       		.byte	0x8
 564 006e 07       		.byte	0x7
 565 006f 80010000 		.4byte	.LASF9
 566 0073 04       		.uleb128 0x4
 567 0074 04       		.byte	0x4
 568 0075 05       		.byte	0x5
 569 0076 696E7400 		.ascii	"int\000"
 570 007a 02       		.uleb128 0x2
ARM GAS  C:\Users\Admin\AppData\Local\Temp\ccsWpz4j.s 			page 16


 571 007b 04       		.byte	0x4
 572 007c 07       		.byte	0x7
 573 007d 73010000 		.4byte	.LASF10
 574 0081 03       		.uleb128 0x3
 575 0082 97010000 		.4byte	.LASF11
 576 0086 03       		.byte	0x3
 577 0087 18       		.byte	0x18
 578 0088 2C000000 		.4byte	0x2c
 579 008c 03       		.uleb128 0x3
 580 008d A8010000 		.4byte	.LASF12
 581 0091 03       		.byte	0x3
 582 0092 2C       		.byte	0x2c
 583 0093 4C000000 		.4byte	0x4c
 584 0097 05       		.uleb128 0x5
 585 0098 DD010000 		.4byte	.LASF13
 586 009c 04       		.byte	0x4
 587 009d 9201     		.2byte	0x192
 588 009f 37000000 		.4byte	0x37
 589 00a3 05       		.uleb128 0x5
 590 00a4 5F010000 		.4byte	.LASF14
 591 00a8 04       		.byte	0x4
 592 00a9 9301     		.2byte	0x193
 593 00ab 45000000 		.4byte	0x45
 594 00af 02       		.uleb128 0x2
 595 00b0 04       		.byte	0x4
 596 00b1 04       		.byte	0x4
 597 00b2 F8000000 		.4byte	.LASF15
 598 00b6 02       		.uleb128 0x2
 599 00b7 08       		.byte	0x8
 600 00b8 04       		.byte	0x4
 601 00b9 EA000000 		.4byte	.LASF16
 602 00bd 02       		.uleb128 0x2
 603 00be 01       		.byte	0x1
 604 00bf 08       		.byte	0x8
 605 00c0 CE010000 		.4byte	.LASF17
 606 00c4 06       		.uleb128 0x6
 607 00c5 97000000 		.4byte	0x97
 608 00c9 07       		.uleb128 0x7
 609 00ca 0C       		.byte	0xc
 610 00cb 05       		.byte	0x5
 611 00cc 30       		.byte	0x30
 612 00cd 32010000 		.4byte	0x132
 613 00d1 08       		.uleb128 0x8
 614 00d2 53656300 		.ascii	"Sec\000"
 615 00d6 05       		.byte	0x5
 616 00d7 32       		.byte	0x32
 617 00d8 97000000 		.4byte	0x97
 618 00dc 00       		.byte	0
 619 00dd 08       		.uleb128 0x8
 620 00de 4D696E00 		.ascii	"Min\000"
 621 00e2 05       		.byte	0x5
 622 00e3 33       		.byte	0x33
 623 00e4 97000000 		.4byte	0x97
 624 00e8 01       		.byte	0x1
 625 00e9 09       		.uleb128 0x9
 626 00ea E3010000 		.4byte	.LASF18
 627 00ee 05       		.byte	0x5
ARM GAS  C:\Users\Admin\AppData\Local\Temp\ccsWpz4j.s 			page 17


 628 00ef 34       		.byte	0x34
 629 00f0 97000000 		.4byte	0x97
 630 00f4 02       		.byte	0x2
 631 00f5 09       		.uleb128 0x9
 632 00f6 0E020000 		.4byte	.LASF19
 633 00fa 05       		.byte	0x5
 634 00fb 35       		.byte	0x35
 635 00fc 97000000 		.4byte	0x97
 636 0100 03       		.byte	0x3
 637 0101 09       		.uleb128 0x9
 638 0102 D6000000 		.4byte	.LASF20
 639 0106 05       		.byte	0x5
 640 0107 36       		.byte	0x36
 641 0108 97000000 		.4byte	0x97
 642 010c 04       		.byte	0x4
 643 010d 09       		.uleb128 0x9
 644 010e 2D010000 		.4byte	.LASF21
 645 0112 05       		.byte	0x5
 646 0113 37       		.byte	0x37
 647 0114 A3000000 		.4byte	0xa3
 648 0118 06       		.byte	0x6
 649 0119 09       		.uleb128 0x9
 650 011a 37010000 		.4byte	.LASF22
 651 011e 05       		.byte	0x5
 652 011f 38       		.byte	0x38
 653 0120 97000000 		.4byte	0x97
 654 0124 08       		.byte	0x8
 655 0125 09       		.uleb128 0x9
 656 0126 3D010000 		.4byte	.LASF23
 657 012a 05       		.byte	0x5
 658 012b 39       		.byte	0x39
 659 012c A3000000 		.4byte	0xa3
 660 0130 0A       		.byte	0xa
 661 0131 00       		.byte	0
 662 0132 03       		.uleb128 0x3
 663 0133 E8010000 		.4byte	.LASF24
 664 0137 05       		.byte	0x5
 665 0138 3A       		.byte	0x3a
 666 0139 3D010000 		.4byte	0x13d
 667 013d 06       		.uleb128 0x6
 668 013e C9000000 		.4byte	0xc9
 669 0142 02       		.uleb128 0x2
 670 0143 08       		.byte	0x8
 671 0144 04       		.byte	0x4
 672 0145 F6010000 		.4byte	.LASF25
 673 0149 02       		.uleb128 0x2
 674 014a 04       		.byte	0x4
 675 014b 07       		.byte	0x7
 676 014c B0010000 		.4byte	.LASF26
 677 0150 0A       		.uleb128 0xa
 678 0151 04       		.byte	0x4
 679 0152 BD000000 		.4byte	0xbd
 680 0156 0B       		.uleb128 0xb
 681 0157 5A010000 		.4byte	.LASF36
 682 015b 01       		.byte	0x1
 683 015c 48       		.byte	0x48
 684 015d 73000000 		.4byte	0x73
ARM GAS  C:\Users\Admin\AppData\Local\Temp\ccsWpz4j.s 			page 18


 685 0161 00000000 		.4byte	.LFB64
 686 0165 60030000 		.4byte	.LFE64-.LFB64
 687 0169 01       		.uleb128 0x1
 688 016a 9C       		.byte	0x9c
 689 016b EB010000 		.4byte	0x1eb
 690 016f 0C       		.uleb128 0xc
 691 0170 98000000 		.4byte	.LASF27
 692 0174 01       		.byte	0x1
 693 0175 4A       		.byte	0x4a
 694 0176 97000000 		.4byte	0x97
 695 017a 02       		.uleb128 0x2
 696 017b 91       		.byte	0x91
 697 017c 72       		.sleb128 -14
 698 017d 0C       		.uleb128 0xc
 699 017e 42010000 		.4byte	.LASF28
 700 0182 01       		.byte	0x1
 701 0183 4C       		.byte	0x4c
 702 0184 32010000 		.4byte	0x132
 703 0188 02       		.uleb128 0x2
 704 0189 91       		.byte	0x91
 705 018a 60       		.sleb128 -32
 706 018b 0D       		.uleb128 0xd
 707 018c 62756600 		.ascii	"buf\000"
 708 0190 01       		.byte	0x1
 709 0191 9F       		.byte	0x9f
 710 0192 BD000000 		.4byte	0xbd
 711 0196 02       		.uleb128 0x2
 712 0197 91       		.byte	0x91
 713 0198 71       		.sleb128 -15
 714 0199 0C       		.uleb128 0xc
 715 019a F1000000 		.4byte	.LASF29
 716 019e 01       		.byte	0x1
 717 019f A0       		.byte	0xa0
 718 01a0 EB010000 		.4byte	0x1eb
 719 01a4 02       		.uleb128 0x2
 720 01a5 91       		.byte	0x91
 721 01a6 54       		.sleb128 -44
 722 01a7 0D       		.uleb128 0xd
 723 01a8 73657000 		.ascii	"sep\000"
 724 01ac 01       		.byte	0x1
 725 01ad A1       		.byte	0xa1
 726 01ae FB010000 		.4byte	0x1fb
 727 01b2 02       		.uleb128 0x2
 728 01b3 91       		.byte	0x91
 729 01b4 50       		.sleb128 -48
 730 01b5 0C       		.uleb128 0xc
 731 01b6 FE000000 		.4byte	.LASF30
 732 01ba 01       		.byte	0x1
 733 01bb A2       		.byte	0xa2
 734 01bc 50010000 		.4byte	0x150
 735 01c0 02       		.uleb128 0x2
 736 01c1 91       		.byte	0x91
 737 01c2 74       		.sleb128 -12
 738 01c3 0D       		.uleb128 0xd
 739 01c4 6900     		.ascii	"i\000"
 740 01c6 01       		.byte	0x1
 741 01c7 A3       		.byte	0xa3
ARM GAS  C:\Users\Admin\AppData\Local\Temp\ccsWpz4j.s 			page 19


 742 01c8 81000000 		.4byte	0x81
 743 01cc 02       		.uleb128 0x2
 744 01cd 91       		.byte	0x91
 745 01ce 73       		.sleb128 -13
 746 01cf 0D       		.uleb128 0xd
 747 01d0 6200     		.ascii	"b\000"
 748 01d2 01       		.byte	0x1
 749 01d3 A4       		.byte	0xa4
 750 01d4 7A000000 		.4byte	0x7a
 751 01d8 02       		.uleb128 0x2
 752 01d9 91       		.byte	0x91
 753 01da 6C       		.sleb128 -20
 754 01db 0C       		.uleb128 0xc
 755 01dc 9F010000 		.4byte	.LASF31
 756 01e0 01       		.byte	0x1
 757 01e1 A5       		.byte	0xa5
 758 01e2 0B020000 		.4byte	0x20b
 759 01e6 03       		.uleb128 0x3
 760 01e7 91       		.byte	0x91
 761 01e8 B07F     		.sleb128 -80
 762 01ea 00       		.byte	0
 763 01eb 0E       		.uleb128 0xe
 764 01ec BD000000 		.4byte	0xbd
 765 01f0 FB010000 		.4byte	0x1fb
 766 01f4 0F       		.uleb128 0xf
 767 01f5 49010000 		.4byte	0x149
 768 01f9 09       		.byte	0x9
 769 01fa 00       		.byte	0
 770 01fb 0E       		.uleb128 0xe
 771 01fc BD000000 		.4byte	0xbd
 772 0200 0B020000 		.4byte	0x20b
 773 0204 0F       		.uleb128 0xf
 774 0205 49010000 		.4byte	0x149
 775 0209 01       		.byte	0x1
 776 020a 00       		.byte	0
 777 020b 0E       		.uleb128 0xe
 778 020c BD000000 		.4byte	0xbd
 779 0210 1B020000 		.4byte	0x21b
 780 0214 0F       		.uleb128 0xf
 781 0215 49010000 		.4byte	0x149
 782 0219 1F       		.byte	0x1f
 783 021a 00       		.byte	0
 784 021b 0C       		.uleb128 0xc
 785 021c 15010000 		.4byte	.LASF32
 786 0220 06       		.byte	0x6
 787 0221 1D       		.byte	0x1d
 788 0222 C4000000 		.4byte	0xc4
 789 0226 05       		.uleb128 0x5
 790 0227 03       		.byte	0x3
 791 0228 00000000 		.4byte	temp
 792 022c 10       		.uleb128 0x10
 793 022d 66010000 		.4byte	.LASF37
 794 0231 07       		.byte	0x7
 795 0232 1207     		.2byte	0x712
 796 0234 38020000 		.4byte	0x238
 797 0238 06       		.uleb128 0x6
 798 0239 8C000000 		.4byte	0x8c
ARM GAS  C:\Users\Admin\AppData\Local\Temp\ccsWpz4j.s 			page 20


 799 023d 00       		.byte	0
 800              		.section	.debug_abbrev,"",%progbits
 801              	.Ldebug_abbrev0:
 802 0000 01       		.uleb128 0x1
 803 0001 11       		.uleb128 0x11
 804 0002 01       		.byte	0x1
 805 0003 25       		.uleb128 0x25
 806 0004 0E       		.uleb128 0xe
 807 0005 13       		.uleb128 0x13
 808 0006 0B       		.uleb128 0xb
 809 0007 03       		.uleb128 0x3
 810 0008 0E       		.uleb128 0xe
 811 0009 1B       		.uleb128 0x1b
 812 000a 0E       		.uleb128 0xe
 813 000b 55       		.uleb128 0x55
 814 000c 17       		.uleb128 0x17
 815 000d 11       		.uleb128 0x11
 816 000e 01       		.uleb128 0x1
 817 000f 10       		.uleb128 0x10
 818 0010 17       		.uleb128 0x17
 819 0011 00       		.byte	0
 820 0012 00       		.byte	0
 821 0013 02       		.uleb128 0x2
 822 0014 24       		.uleb128 0x24
 823 0015 00       		.byte	0
 824 0016 0B       		.uleb128 0xb
 825 0017 0B       		.uleb128 0xb
 826 0018 3E       		.uleb128 0x3e
 827 0019 0B       		.uleb128 0xb
 828 001a 03       		.uleb128 0x3
 829 001b 0E       		.uleb128 0xe
 830 001c 00       		.byte	0
 831 001d 00       		.byte	0
 832 001e 03       		.uleb128 0x3
 833 001f 16       		.uleb128 0x16
 834 0020 00       		.byte	0
 835 0021 03       		.uleb128 0x3
 836 0022 0E       		.uleb128 0xe
 837 0023 3A       		.uleb128 0x3a
 838 0024 0B       		.uleb128 0xb
 839 0025 3B       		.uleb128 0x3b
 840 0026 0B       		.uleb128 0xb
 841 0027 49       		.uleb128 0x49
 842 0028 13       		.uleb128 0x13
 843 0029 00       		.byte	0
 844 002a 00       		.byte	0
 845 002b 04       		.uleb128 0x4
 846 002c 24       		.uleb128 0x24
 847 002d 00       		.byte	0
 848 002e 0B       		.uleb128 0xb
 849 002f 0B       		.uleb128 0xb
 850 0030 3E       		.uleb128 0x3e
 851 0031 0B       		.uleb128 0xb
 852 0032 03       		.uleb128 0x3
 853 0033 08       		.uleb128 0x8
 854 0034 00       		.byte	0
 855 0035 00       		.byte	0
ARM GAS  C:\Users\Admin\AppData\Local\Temp\ccsWpz4j.s 			page 21


 856 0036 05       		.uleb128 0x5
 857 0037 16       		.uleb128 0x16
 858 0038 00       		.byte	0
 859 0039 03       		.uleb128 0x3
 860 003a 0E       		.uleb128 0xe
 861 003b 3A       		.uleb128 0x3a
 862 003c 0B       		.uleb128 0xb
 863 003d 3B       		.uleb128 0x3b
 864 003e 05       		.uleb128 0x5
 865 003f 49       		.uleb128 0x49
 866 0040 13       		.uleb128 0x13
 867 0041 00       		.byte	0
 868 0042 00       		.byte	0
 869 0043 06       		.uleb128 0x6
 870 0044 35       		.uleb128 0x35
 871 0045 00       		.byte	0
 872 0046 49       		.uleb128 0x49
 873 0047 13       		.uleb128 0x13
 874 0048 00       		.byte	0
 875 0049 00       		.byte	0
 876 004a 07       		.uleb128 0x7
 877 004b 13       		.uleb128 0x13
 878 004c 01       		.byte	0x1
 879 004d 0B       		.uleb128 0xb
 880 004e 0B       		.uleb128 0xb
 881 004f 3A       		.uleb128 0x3a
 882 0050 0B       		.uleb128 0xb
 883 0051 3B       		.uleb128 0x3b
 884 0052 0B       		.uleb128 0xb
 885 0053 01       		.uleb128 0x1
 886 0054 13       		.uleb128 0x13
 887 0055 00       		.byte	0
 888 0056 00       		.byte	0
 889 0057 08       		.uleb128 0x8
 890 0058 0D       		.uleb128 0xd
 891 0059 00       		.byte	0
 892 005a 03       		.uleb128 0x3
 893 005b 08       		.uleb128 0x8
 894 005c 3A       		.uleb128 0x3a
 895 005d 0B       		.uleb128 0xb
 896 005e 3B       		.uleb128 0x3b
 897 005f 0B       		.uleb128 0xb
 898 0060 49       		.uleb128 0x49
 899 0061 13       		.uleb128 0x13
 900 0062 38       		.uleb128 0x38
 901 0063 0B       		.uleb128 0xb
 902 0064 00       		.byte	0
 903 0065 00       		.byte	0
 904 0066 09       		.uleb128 0x9
 905 0067 0D       		.uleb128 0xd
 906 0068 00       		.byte	0
 907 0069 03       		.uleb128 0x3
 908 006a 0E       		.uleb128 0xe
 909 006b 3A       		.uleb128 0x3a
 910 006c 0B       		.uleb128 0xb
 911 006d 3B       		.uleb128 0x3b
 912 006e 0B       		.uleb128 0xb
ARM GAS  C:\Users\Admin\AppData\Local\Temp\ccsWpz4j.s 			page 22


 913 006f 49       		.uleb128 0x49
 914 0070 13       		.uleb128 0x13
 915 0071 38       		.uleb128 0x38
 916 0072 0B       		.uleb128 0xb
 917 0073 00       		.byte	0
 918 0074 00       		.byte	0
 919 0075 0A       		.uleb128 0xa
 920 0076 0F       		.uleb128 0xf
 921 0077 00       		.byte	0
 922 0078 0B       		.uleb128 0xb
 923 0079 0B       		.uleb128 0xb
 924 007a 49       		.uleb128 0x49
 925 007b 13       		.uleb128 0x13
 926 007c 00       		.byte	0
 927 007d 00       		.byte	0
 928 007e 0B       		.uleb128 0xb
 929 007f 2E       		.uleb128 0x2e
 930 0080 01       		.byte	0x1
 931 0081 3F       		.uleb128 0x3f
 932 0082 19       		.uleb128 0x19
 933 0083 03       		.uleb128 0x3
 934 0084 0E       		.uleb128 0xe
 935 0085 3A       		.uleb128 0x3a
 936 0086 0B       		.uleb128 0xb
 937 0087 3B       		.uleb128 0x3b
 938 0088 0B       		.uleb128 0xb
 939 0089 49       		.uleb128 0x49
 940 008a 13       		.uleb128 0x13
 941 008b 11       		.uleb128 0x11
 942 008c 01       		.uleb128 0x1
 943 008d 12       		.uleb128 0x12
 944 008e 06       		.uleb128 0x6
 945 008f 40       		.uleb128 0x40
 946 0090 18       		.uleb128 0x18
 947 0091 9642     		.uleb128 0x2116
 948 0093 19       		.uleb128 0x19
 949 0094 01       		.uleb128 0x1
 950 0095 13       		.uleb128 0x13
 951 0096 00       		.byte	0
 952 0097 00       		.byte	0
 953 0098 0C       		.uleb128 0xc
 954 0099 34       		.uleb128 0x34
 955 009a 00       		.byte	0
 956 009b 03       		.uleb128 0x3
 957 009c 0E       		.uleb128 0xe
 958 009d 3A       		.uleb128 0x3a
 959 009e 0B       		.uleb128 0xb
 960 009f 3B       		.uleb128 0x3b
 961 00a0 0B       		.uleb128 0xb
 962 00a1 49       		.uleb128 0x49
 963 00a2 13       		.uleb128 0x13
 964 00a3 02       		.uleb128 0x2
 965 00a4 18       		.uleb128 0x18
 966 00a5 00       		.byte	0
 967 00a6 00       		.byte	0
 968 00a7 0D       		.uleb128 0xd
 969 00a8 34       		.uleb128 0x34
ARM GAS  C:\Users\Admin\AppData\Local\Temp\ccsWpz4j.s 			page 23


 970 00a9 00       		.byte	0
 971 00aa 03       		.uleb128 0x3
 972 00ab 08       		.uleb128 0x8
 973 00ac 3A       		.uleb128 0x3a
 974 00ad 0B       		.uleb128 0xb
 975 00ae 3B       		.uleb128 0x3b
 976 00af 0B       		.uleb128 0xb
 977 00b0 49       		.uleb128 0x49
 978 00b1 13       		.uleb128 0x13
 979 00b2 02       		.uleb128 0x2
 980 00b3 18       		.uleb128 0x18
 981 00b4 00       		.byte	0
 982 00b5 00       		.byte	0
 983 00b6 0E       		.uleb128 0xe
 984 00b7 01       		.uleb128 0x1
 985 00b8 01       		.byte	0x1
 986 00b9 49       		.uleb128 0x49
 987 00ba 13       		.uleb128 0x13
 988 00bb 01       		.uleb128 0x1
 989 00bc 13       		.uleb128 0x13
 990 00bd 00       		.byte	0
 991 00be 00       		.byte	0
 992 00bf 0F       		.uleb128 0xf
 993 00c0 21       		.uleb128 0x21
 994 00c1 00       		.byte	0
 995 00c2 49       		.uleb128 0x49
 996 00c3 13       		.uleb128 0x13
 997 00c4 2F       		.uleb128 0x2f
 998 00c5 0B       		.uleb128 0xb
 999 00c6 00       		.byte	0
 1000 00c7 00       		.byte	0
 1001 00c8 10       		.uleb128 0x10
 1002 00c9 34       		.uleb128 0x34
 1003 00ca 00       		.byte	0
 1004 00cb 03       		.uleb128 0x3
 1005 00cc 0E       		.uleb128 0xe
 1006 00cd 3A       		.uleb128 0x3a
 1007 00ce 0B       		.uleb128 0xb
 1008 00cf 3B       		.uleb128 0x3b
 1009 00d0 05       		.uleb128 0x5
 1010 00d1 49       		.uleb128 0x49
 1011 00d2 13       		.uleb128 0x13
 1012 00d3 3F       		.uleb128 0x3f
 1013 00d4 19       		.uleb128 0x19
 1014 00d5 3C       		.uleb128 0x3c
 1015 00d6 19       		.uleb128 0x19
 1016 00d7 00       		.byte	0
 1017 00d8 00       		.byte	0
 1018 00d9 00       		.byte	0
 1019              		.section	.debug_aranges,"",%progbits
 1020 0000 1C000000 		.4byte	0x1c
 1021 0004 0200     		.2byte	0x2
 1022 0006 00000000 		.4byte	.Ldebug_info0
 1023 000a 04       		.byte	0x4
 1024 000b 00       		.byte	0
 1025 000c 0000     		.2byte	0
 1026 000e 0000     		.2byte	0
ARM GAS  C:\Users\Admin\AppData\Local\Temp\ccsWpz4j.s 			page 24


 1027 0010 00000000 		.4byte	.LFB64
 1028 0014 60030000 		.4byte	.LFE64-.LFB64
 1029 0018 00000000 		.4byte	0
 1030 001c 00000000 		.4byte	0
 1031              		.section	.debug_ranges,"",%progbits
 1032              	.Ldebug_ranges0:
 1033 0000 00000000 		.4byte	.LFB64
 1034 0004 60030000 		.4byte	.LFE64
 1035 0008 00000000 		.4byte	0
 1036 000c 00000000 		.4byte	0
 1037              		.section	.debug_line,"",%progbits
 1038              	.Ldebug_line0:
 1039 0000 F2010000 		.section	.debug_str,"MS",%progbits,1
 1039      02006901 
 1039      00000201 
 1039      FB0E0D00 
 1039      01010101 
 1040              	.LASF4:
 1041 0000 5F5F7569 		.ascii	"__uint8_t\000"
 1041      6E74385F 
 1041      7400
 1042              	.LASF33:
 1043 000a 474E5520 		.ascii	"GNU C11 5.4.1 20160609 (release) [ARM/embedded-5-br"
 1043      43313120 
 1043      352E342E 
 1043      31203230 
 1043      31363036 
 1044 003d 616E6368 		.ascii	"anch revision 237715] -mcpu=cortex-m3 -mthumb -g -O"
 1044      20726576 
 1044      6973696F 
 1044      6E203233 
 1044      37373135 
 1045 0070 30202D66 		.ascii	"0 -ffunction-sections -ffat-lto-objects\000"
 1045      66756E63 
 1045      74696F6E 
 1045      2D736563 
 1045      74696F6E 
 1046              	.LASF27:
 1047 0098 746D7056 		.ascii	"tmpVar\000"
 1047      617200
 1048              	.LASF5:
 1049 009f 5F5F696E 		.ascii	"__int32_t\000"
 1049      7433325F 
 1049      7400
 1050              	.LASF35:
 1051 00a9 443A5C4B 		.ascii	"D:\\KR_Marichka\\Workspace01\\RtcDesign01.cydsn\000"
 1051      525F4D61 
 1051      72696368 
 1051      6B615C57 
 1051      6F726B73 
 1052              	.LASF20:
 1053 00d6 4461794F 		.ascii	"DayOfMonth\000"
 1053      664D6F6E 
 1053      746800
 1054              	.LASF6:
 1055 00e1 6C6F6E67 		.ascii	"long int\000"
 1055      20696E74 
ARM GAS  C:\Users\Admin\AppData\Local\Temp\ccsWpz4j.s 			page 25


 1055      00
 1056              	.LASF16:
 1057 00ea 646F7562 		.ascii	"double\000"
 1057      6C6500
 1058              	.LASF29:
 1059 00f1 73747269 		.ascii	"string\000"
 1059      6E6700
 1060              	.LASF15:
 1061 00f8 666C6F61 		.ascii	"float\000"
 1061      7400
 1062              	.LASF30:
 1063 00fe 64757261 		.ascii	"duration\000"
 1063      74696F6E 
 1063      00
 1064              	.LASF1:
 1065 0107 756E7369 		.ascii	"unsigned char\000"
 1065      676E6564 
 1065      20636861 
 1065      7200
 1066              	.LASF32:
 1067 0115 74656D70 		.ascii	"temp\000"
 1067      00
 1068              	.LASF3:
 1069 011a 73686F72 		.ascii	"short unsigned int\000"
 1069      7420756E 
 1069      7369676E 
 1069      65642069 
 1069      6E7400
 1070              	.LASF21:
 1071 012d 4461794F 		.ascii	"DayOfYear\000"
 1071      66596561 
 1071      7200
 1072              	.LASF22:
 1073 0137 4D6F6E74 		.ascii	"Month\000"
 1073      6800
 1074              	.LASF23:
 1075 013d 59656172 		.ascii	"Year\000"
 1075      00
 1076              	.LASF28:
 1077 0142 53746172 		.ascii	"Start\000"
 1077      7400
 1078              	.LASF7:
 1079 0148 6C6F6E67 		.ascii	"long unsigned int\000"
 1079      20756E73 
 1079      69676E65 
 1079      6420696E 
 1079      7400
 1080              	.LASF36:
 1081 015a 6D61696E 		.ascii	"main\000"
 1081      00
 1082              	.LASF14:
 1083 015f 75696E74 		.ascii	"uint16\000"
 1083      313600
 1084              	.LASF37:
 1085 0166 49544D5F 		.ascii	"ITM_RxBuffer\000"
 1085      52784275 
 1085      66666572 
ARM GAS  C:\Users\Admin\AppData\Local\Temp\ccsWpz4j.s 			page 26


 1085      00
 1086              	.LASF10:
 1087 0173 756E7369 		.ascii	"unsigned int\000"
 1087      676E6564 
 1087      20696E74 
 1087      00
 1088              	.LASF9:
 1089 0180 6C6F6E67 		.ascii	"long long unsigned int\000"
 1089      206C6F6E 
 1089      6720756E 
 1089      7369676E 
 1089      65642069 
 1090              	.LASF11:
 1091 0197 75696E74 		.ascii	"uint8_t\000"
 1091      385F7400 
 1092              	.LASF31:
 1093 019f 74657374 		.ascii	"testArey\000"
 1093      41726579 
 1093      00
 1094              	.LASF12:
 1095 01a8 696E7433 		.ascii	"int32_t\000"
 1095      325F7400 
 1096              	.LASF26:
 1097 01b0 73697A65 		.ascii	"sizetype\000"
 1097      74797065 
 1097      00
 1098              	.LASF8:
 1099 01b9 6C6F6E67 		.ascii	"long long int\000"
 1099      206C6F6E 
 1099      6720696E 
 1099      7400
 1100              	.LASF34:
 1101 01c7 6D61696E 		.ascii	"main.c\000"
 1101      2E6300
 1102              	.LASF17:
 1103 01ce 63686172 		.ascii	"char\000"
 1103      00
 1104              	.LASF2:
 1105 01d3 73686F72 		.ascii	"short int\000"
 1105      7420696E 
 1105      7400
 1106              	.LASF13:
 1107 01dd 75696E74 		.ascii	"uint8\000"
 1107      3800
 1108              	.LASF18:
 1109 01e3 486F7572 		.ascii	"Hour\000"
 1109      00
 1110              	.LASF24:
 1111 01e8 5254435F 		.ascii	"RTC_TIME_DATE\000"
 1111      54494D45 
 1111      5F444154 
 1111      4500
 1112              	.LASF25:
 1113 01f6 6C6F6E67 		.ascii	"long double\000"
 1113      20646F75 
 1113      626C6500 
 1114              	.LASF0:
ARM GAS  C:\Users\Admin\AppData\Local\Temp\ccsWpz4j.s 			page 27


 1115 0202 7369676E 		.ascii	"signed char\000"
 1115      65642063 
 1115      68617200 
 1116              	.LASF19:
 1117 020e 4461794F 		.ascii	"DayOfWeek\000"
 1117      66576565 
 1117      6B00
 1118              		.ident	"GCC: (GNU Tools for ARM Embedded Processors) 5.4.1 20160609 (release) [ARM/embedded-5-bran
