ARM GAS  C:\Users\Admin\AppData\Local\Temp\cceV1WUu.s 			page 1


   1              		.syntax unified
   2              		.cpu cortex-m3
   3              		.fpu softvfp
   4              		.eabi_attribute 20, 1
   5              		.eabi_attribute 21, 1
   6              		.eabi_attribute 23, 3
   7              		.eabi_attribute 24, 1
   8              		.eabi_attribute 25, 1
   9              		.eabi_attribute 26, 1
  10              		.eabi_attribute 30, 6
  11              		.eabi_attribute 34, 1
  12              		.eabi_attribute 18, 4
  13              		.thumb
  14              		.syntax unified
  15              		.file	"rtcIntHandler.c"
  16              		.text
  17              	.Ltext0:
  18              		.cfi_sections	.debug_frame
  19              		.bss
  20              	temp:
  21 0000 00       		.space	1
  22              		.section	.rodata
  23              		.align	2
  24              	.LC0:
  25 0000 504D00   		.ascii	"PM\000"
  26 0003 00       		.align	2
  27              	.LC1:
  28 0004 414D00   		.ascii	"AM\000"
  29              		.section	.text.RTC_EverySecondHandler_Callback,"ax",%progbits
  30              		.align	2
  31              		.global	RTC_EverySecondHandler_Callback
  32              		.thumb
  33              		.thumb_func
  34              		.type	RTC_EverySecondHandler_Callback, %function
  35              	RTC_EverySecondHandler_Callback:
  36              	.LFB0:
  37              		.file 1 "rtcIntHandler.c"
   1:rtcIntHandler.c **** /*******************************************************************************
   2:rtcIntHandler.c **** * File Name: rtcIntHandler.c
   3:rtcIntHandler.c **** *
   4:rtcIntHandler.c **** * Version: 3.30
   5:rtcIntHandler.c **** *
   6:rtcIntHandler.c **** * Description:
   7:rtcIntHandler.c **** *  This is source code library for the datasheet example project of the
   8:rtcIntHandler.c **** *  Real Time Clock (RTC) component.
   9:rtcIntHandler.c **** *
  10:rtcIntHandler.c **** ********************************************************************************
  11:rtcIntHandler.c **** * Copyright 2015, Cypress Semiconductor Corporation. All rights reserved.
  12:rtcIntHandler.c **** * This software is owned by Cypress Semiconductor Corporation and is protected
  13:rtcIntHandler.c **** * by and subject to worldwide patent and copyright laws and treaties.
  14:rtcIntHandler.c **** * Therefore, you may use this software only as provided in the license agreement
  15:rtcIntHandler.c **** * accompanying the software package from which you obtained this software.
  16:rtcIntHandler.c **** * CYPRESS AND ITS SUPPLIERS MAKE NO WARRANTY OF ANY KIND, EXPRESS OR IMPLIED,
  17:rtcIntHandler.c **** * WITH REGARD TO THIS SOFTWARE, INCLUDING, BUT NOT LIMITED TO, NONINFRINGEMENT,
  18:rtcIntHandler.c **** * IMPLIED WARRANTIES OF MERCHANTABILITY AND FITNESS FOR A PARTICULAR PURPOSE.
  19:rtcIntHandler.c **** *******************************************************************************/
  20:rtcIntHandler.c **** 
ARM GAS  C:\Users\Admin\AppData\Local\Temp\cceV1WUu.s 			page 2


  21:rtcIntHandler.c **** #include "cyapicallbacks.h"
  22:rtcIntHandler.c **** 
  23:rtcIntHandler.c **** void RTC_EverySecondHandler_Callback(void)
  24:rtcIntHandler.c **** {
  38              		.loc 1 24 0
  39              		.cfi_startproc
  40              		@ args = 0, pretend = 0, frame = 0
  41              		@ frame_needed = 1, uses_anonymous_args = 0
  42 0000 80B5     		push	{r7, lr}
  43              		.cfi_def_cfa_offset 8
  44              		.cfi_offset 7, -8
  45              		.cfi_offset 14, -4
  46 0002 00AF     		add	r7, sp, #0
  47              		.cfi_def_cfa_register 7
  25:rtcIntHandler.c ****     /* Get and print current seconds */
  26:rtcIntHandler.c ****     temp = RTC_ReadSecond();        
  48              		.loc 1 26 0
  49 0004 FFF7FEFF 		bl	RTC_ReadSecond
  50 0008 0346     		mov	r3, r0
  51 000a 1A46     		mov	r2, r3
  52 000c 2D4B     		ldr	r3, .L7
  53 000e 1A70     		strb	r2, [r3]
  27:rtcIntHandler.c ****     PrintDecNumber(temp, 0u, 11u);
  54              		.loc 1 27 0
  55 0010 2C4B     		ldr	r3, .L7
  56 0012 1B78     		ldrb	r3, [r3]
  57 0014 DBB2     		uxtb	r3, r3
  58 0016 0B22     		movs	r2, #11
  59 0018 0021     		movs	r1, #0
  60 001a 1846     		mov	r0, r3
  61 001c FFF7FEFF 		bl	PrintDecNumber
  28:rtcIntHandler.c ****     
  29:rtcIntHandler.c ****     /* Get and print current hours */
  30:rtcIntHandler.c ****     temp = RTC_ReadHour();
  62              		.loc 1 30 0
  63 0020 FFF7FEFF 		bl	RTC_ReadHour
  64 0024 0346     		mov	r3, r0
  65 0026 1A46     		mov	r2, r3
  66 0028 264B     		ldr	r3, .L7
  67 002a 1A70     		strb	r2, [r3]
  31:rtcIntHandler.c ****     PrintDecNumber(temp, 0u, 5u); 
  68              		.loc 1 31 0
  69 002c 254B     		ldr	r3, .L7
  70 002e 1B78     		ldrb	r3, [r3]
  71 0030 DBB2     		uxtb	r3, r3
  72 0032 0522     		movs	r2, #5
  73 0034 0021     		movs	r1, #0
  74 0036 1846     		mov	r0, r3
  75 0038 FFF7FEFF 		bl	PrintDecNumber
  32:rtcIntHandler.c ****     
  33:rtcIntHandler.c ****     /* Get and print current minutes */
  34:rtcIntHandler.c ****     temp = RTC_ReadMinute();
  76              		.loc 1 34 0
  77 003c FFF7FEFF 		bl	RTC_ReadMinute
  78 0040 0346     		mov	r3, r0
  79 0042 1A46     		mov	r2, r3
  80 0044 1F4B     		ldr	r3, .L7
ARM GAS  C:\Users\Admin\AppData\Local\Temp\cceV1WUu.s 			page 3


  81 0046 1A70     		strb	r2, [r3]
  35:rtcIntHandler.c ****     PrintDecNumber(temp, 0u, 8u);
  82              		.loc 1 35 0
  83 0048 1E4B     		ldr	r3, .L7
  84 004a 1B78     		ldrb	r3, [r3]
  85 004c DBB2     		uxtb	r3, r3
  86 004e 0822     		movs	r2, #8
  87 0050 0021     		movs	r1, #0
  88 0052 1846     		mov	r0, r3
  89 0054 FFF7FEFF 		bl	PrintDecNumber
  36:rtcIntHandler.c ****     
  37:rtcIntHandler.c ****     /* Get status */
  38:rtcIntHandler.c ****     temp = RTC_ReadStatus();
  90              		.loc 1 38 0
  91 0058 FFF7FEFF 		bl	RTC_ReadStatus
  92 005c 0346     		mov	r3, r0
  93 005e 1A46     		mov	r2, r3
  94 0060 184B     		ldr	r3, .L7
  95 0062 1A70     		strb	r2, [r3]
  39:rtcIntHandler.c ****     
  40:rtcIntHandler.c ****     /* Get and print active alarm status */
  41:rtcIntHandler.c ****     if (RTC_STATUS_AA & temp) 
  96              		.loc 1 41 0
  97 0064 174B     		ldr	r3, .L7
  98 0066 1B78     		ldrb	r3, [r3]
  99 0068 DBB2     		uxtb	r3, r3
 100 006a 03F00803 		and	r3, r3, #8
 101 006e DBB2     		uxtb	r3, r3
 102 0070 002B     		cmp	r3, #0
 103 0072 07D0     		beq	.L2
  42:rtcIntHandler.c ****     {
  43:rtcIntHandler.c ****         LCD_Position(1u, 15u);
 104              		.loc 1 43 0
 105 0074 0F21     		movs	r1, #15
 106 0076 0120     		movs	r0, #1
 107 0078 FFF7FEFF 		bl	LCD_Position
  44:rtcIntHandler.c ****         LCD_PutChar('A');
 108              		.loc 1 44 0
 109 007c 4120     		movs	r0, #65
 110 007e FFF7FEFF 		bl	LCD_PutChar
 111 0082 06E0     		b	.L3
 112              	.L2:
  45:rtcIntHandler.c ****     }
  46:rtcIntHandler.c ****     else
  47:rtcIntHandler.c ****     {
  48:rtcIntHandler.c ****         LCD_Position(1u, 15u);
 113              		.loc 1 48 0
 114 0084 0F21     		movs	r1, #15
 115 0086 0120     		movs	r0, #1
 116 0088 FFF7FEFF 		bl	LCD_Position
  49:rtcIntHandler.c ****         LCD_PutChar(' ');
 117              		.loc 1 49 0
 118 008c 2020     		movs	r0, #32
 119 008e FFF7FEFF 		bl	LCD_PutChar
 120              	.L3:
  50:rtcIntHandler.c ****     }
  51:rtcIntHandler.c **** 
ARM GAS  C:\Users\Admin\AppData\Local\Temp\cceV1WUu.s 			page 4


  52:rtcIntHandler.c ****   
  53:rtcIntHandler.c ****     /* Get and print AM/PM status */
  54:rtcIntHandler.c ****     if (RTC_STATUS_AM_PM & temp) 
 121              		.loc 1 54 0
 122 0092 0C4B     		ldr	r3, .L7
 123 0094 1B78     		ldrb	r3, [r3]
 124 0096 DBB2     		uxtb	r3, r3
 125 0098 03F00403 		and	r3, r3, #4
 126 009c DBB2     		uxtb	r3, r3
 127 009e 002B     		cmp	r3, #0
 128 00a0 07D0     		beq	.L4
  55:rtcIntHandler.c ****     {
  56:rtcIntHandler.c ****         LCD_Position(0u, 14u);
 129              		.loc 1 56 0
 130 00a2 0E21     		movs	r1, #14
 131 00a4 0020     		movs	r0, #0
 132 00a6 FFF7FEFF 		bl	LCD_Position
  57:rtcIntHandler.c ****         LCD_PrintString("PM");
 133              		.loc 1 57 0
 134 00aa 0748     		ldr	r0, .L7+4
 135 00ac FFF7FEFF 		bl	LCD_PrintString
  58:rtcIntHandler.c ****     }
  59:rtcIntHandler.c ****     else
  60:rtcIntHandler.c ****     {
  61:rtcIntHandler.c ****         LCD_Position(0u, 14u);
  62:rtcIntHandler.c ****         LCD_PrintString("AM");
  63:rtcIntHandler.c ****     }    
  64:rtcIntHandler.c ****  
  65:rtcIntHandler.c **** }    
 136              		.loc 1 65 0
 137 00b0 06E0     		b	.L6
 138              	.L4:
  61:rtcIntHandler.c ****         LCD_PrintString("AM");
 139              		.loc 1 61 0
 140 00b2 0E21     		movs	r1, #14
 141 00b4 0020     		movs	r0, #0
 142 00b6 FFF7FEFF 		bl	LCD_Position
  62:rtcIntHandler.c ****     }    
 143              		.loc 1 62 0
 144 00ba 0448     		ldr	r0, .L7+8
 145 00bc FFF7FEFF 		bl	LCD_PrintString
 146              	.L6:
 147              		.loc 1 65 0
 148 00c0 00BF     		nop
 149 00c2 80BD     		pop	{r7, pc}
 150              	.L8:
 151              		.align	2
 152              	.L7:
 153 00c4 00000000 		.word	temp
 154 00c8 00000000 		.word	.LC0
 155 00cc 04000000 		.word	.LC1
 156              		.cfi_endproc
 157              	.LFE0:
 158              		.size	RTC_EverySecondHandler_Callback, .-RTC_EverySecondHandler_Callback
 159              		.section	.text.RTC_EveryMinuteHandler_Callback,"ax",%progbits
 160              		.align	2
 161              		.global	RTC_EveryMinuteHandler_Callback
ARM GAS  C:\Users\Admin\AppData\Local\Temp\cceV1WUu.s 			page 5


 162              		.thumb
 163              		.thumb_func
 164              		.type	RTC_EveryMinuteHandler_Callback, %function
 165              	RTC_EveryMinuteHandler_Callback:
 166              	.LFB1:
  66:rtcIntHandler.c ****     
  67:rtcIntHandler.c **** void RTC_EveryMinuteHandler_Callback(void)
  68:rtcIntHandler.c **** {
 167              		.loc 1 68 0
 168              		.cfi_startproc
 169              		@ args = 0, pretend = 0, frame = 0
 170              		@ frame_needed = 1, uses_anonymous_args = 0
 171 0000 80B5     		push	{r7, lr}
 172              		.cfi_def_cfa_offset 8
 173              		.cfi_offset 7, -8
 174              		.cfi_offset 14, -4
 175 0002 00AF     		add	r7, sp, #0
 176              		.cfi_def_cfa_register 7
  69:rtcIntHandler.c ****     /* Get and print current minutes */
  70:rtcIntHandler.c ****     temp = RTC_ReadMinute();
 177              		.loc 1 70 0
 178 0004 FFF7FEFF 		bl	RTC_ReadMinute
 179 0008 0346     		mov	r3, r0
 180 000a 1A46     		mov	r2, r3
 181 000c 054B     		ldr	r3, .L10
 182 000e 1A70     		strb	r2, [r3]
  71:rtcIntHandler.c ****     PrintDecNumber(temp, 0u, 8u);
 183              		.loc 1 71 0
 184 0010 044B     		ldr	r3, .L10
 185 0012 1B78     		ldrb	r3, [r3]
 186 0014 DBB2     		uxtb	r3, r3
 187 0016 0822     		movs	r2, #8
 188 0018 0021     		movs	r1, #0
 189 001a 1846     		mov	r0, r3
 190 001c FFF7FEFF 		bl	PrintDecNumber
  72:rtcIntHandler.c **** }    
 191              		.loc 1 72 0
 192 0020 00BF     		nop
 193 0022 80BD     		pop	{r7, pc}
 194              	.L11:
 195              		.align	2
 196              	.L10:
 197 0024 00000000 		.word	temp
 198              		.cfi_endproc
 199              	.LFE1:
 200              		.size	RTC_EveryMinuteHandler_Callback, .-RTC_EveryMinuteHandler_Callback
 201              		.section	.text.RTC_EveryHourHandler_Callback,"ax",%progbits
 202              		.align	2
 203              		.global	RTC_EveryHourHandler_Callback
 204              		.thumb
 205              		.thumb_func
 206              		.type	RTC_EveryHourHandler_Callback, %function
 207              	RTC_EveryHourHandler_Callback:
 208              	.LFB2:
  73:rtcIntHandler.c ****     
  74:rtcIntHandler.c **** void RTC_EveryHourHandler_Callback(void)
  75:rtcIntHandler.c **** {
ARM GAS  C:\Users\Admin\AppData\Local\Temp\cceV1WUu.s 			page 6


 209              		.loc 1 75 0
 210              		.cfi_startproc
 211              		@ args = 0, pretend = 0, frame = 0
 212              		@ frame_needed = 1, uses_anonymous_args = 0
 213 0000 80B5     		push	{r7, lr}
 214              		.cfi_def_cfa_offset 8
 215              		.cfi_offset 7, -8
 216              		.cfi_offset 14, -4
 217 0002 00AF     		add	r7, sp, #0
 218              		.cfi_def_cfa_register 7
  76:rtcIntHandler.c ****     /* Get and print current hours */
  77:rtcIntHandler.c ****     temp = RTC_ReadHour();
 219              		.loc 1 77 0
 220 0004 FFF7FEFF 		bl	RTC_ReadHour
 221 0008 0346     		mov	r3, r0
 222 000a 1A46     		mov	r2, r3
 223 000c 054B     		ldr	r3, .L13
 224 000e 1A70     		strb	r2, [r3]
  78:rtcIntHandler.c ****     PrintDecNumber(temp, 0u, 5u); 
 225              		.loc 1 78 0
 226 0010 044B     		ldr	r3, .L13
 227 0012 1B78     		ldrb	r3, [r3]
 228 0014 DBB2     		uxtb	r3, r3
 229 0016 0522     		movs	r2, #5
 230 0018 0021     		movs	r1, #0
 231 001a 1846     		mov	r0, r3
 232 001c FFF7FEFF 		bl	PrintDecNumber
  79:rtcIntHandler.c **** }
 233              		.loc 1 79 0
 234 0020 00BF     		nop
 235 0022 80BD     		pop	{r7, pc}
 236              	.L14:
 237              		.align	2
 238              	.L13:
 239 0024 00000000 		.word	temp
 240              		.cfi_endproc
 241              	.LFE2:
 242              		.size	RTC_EveryHourHandler_Callback, .-RTC_EveryHourHandler_Callback
 243              		.section	.text.RTC_EveryDayHandler_Callback,"ax",%progbits
 244              		.align	2
 245              		.global	RTC_EveryDayHandler_Callback
 246              		.thumb
 247              		.thumb_func
 248              		.type	RTC_EveryDayHandler_Callback, %function
 249              	RTC_EveryDayHandler_Callback:
 250              	.LFB3:
  80:rtcIntHandler.c ****     
  81:rtcIntHandler.c **** void RTC_EveryDayHandler_Callback(void)
  82:rtcIntHandler.c **** {
 251              		.loc 1 82 0
 252              		.cfi_startproc
 253              		@ args = 0, pretend = 0, frame = 0
 254              		@ frame_needed = 1, uses_anonymous_args = 0
 255 0000 80B5     		push	{r7, lr}
 256              		.cfi_def_cfa_offset 8
 257              		.cfi_offset 7, -8
 258              		.cfi_offset 14, -4
ARM GAS  C:\Users\Admin\AppData\Local\Temp\cceV1WUu.s 			page 7


 259 0002 00AF     		add	r7, sp, #0
 260              		.cfi_def_cfa_register 7
  83:rtcIntHandler.c ****     /* Get and print current day of month */
  84:rtcIntHandler.c ****     temp = RTC_ReadDayOfMonth();    
 261              		.loc 1 84 0
 262 0004 FFF7FEFF 		bl	RTC_ReadDayOfMonth
 263 0008 0346     		mov	r3, r0
 264 000a 1A46     		mov	r2, r3
 265 000c 014B     		ldr	r3, .L16
 266 000e 1A70     		strb	r2, [r3]
  85:rtcIntHandler.c ****    // PrintDecNumber(temp, 1u, 0u);
  86:rtcIntHandler.c ****     
  87:rtcIntHandler.c ****     /* Get and print current day of week */
  88:rtcIntHandler.c ****    // temp = RTC_currentTimeDate.DayOfWeek;
  89:rtcIntHandler.c ****     //LCD_Position(1u, 9u);
  90:rtcIntHandler.c ****    // LCD_PutChar(temp + 0x30u);
  91:rtcIntHandler.c **** }    
 267              		.loc 1 91 0
 268 0010 00BF     		nop
 269 0012 80BD     		pop	{r7, pc}
 270              	.L17:
 271              		.align	2
 272              	.L16:
 273 0014 00000000 		.word	temp
 274              		.cfi_endproc
 275              	.LFE3:
 276              		.size	RTC_EveryDayHandler_Callback, .-RTC_EveryDayHandler_Callback
 277              		.section	.text.RTC_EveryMonthHandler_Callback,"ax",%progbits
 278              		.align	2
 279              		.global	RTC_EveryMonthHandler_Callback
 280              		.thumb
 281              		.thumb_func
 282              		.type	RTC_EveryMonthHandler_Callback, %function
 283              	RTC_EveryMonthHandler_Callback:
 284              	.LFB4:
  92:rtcIntHandler.c ****     
  93:rtcIntHandler.c **** void RTC_EveryMonthHandler_Callback(void)
  94:rtcIntHandler.c **** {
 285              		.loc 1 94 0
 286              		.cfi_startproc
 287              		@ args = 0, pretend = 0, frame = 0
 288              		@ frame_needed = 1, uses_anonymous_args = 0
 289 0000 80B5     		push	{r7, lr}
 290              		.cfi_def_cfa_offset 8
 291              		.cfi_offset 7, -8
 292              		.cfi_offset 14, -4
 293 0002 00AF     		add	r7, sp, #0
 294              		.cfi_def_cfa_register 7
  95:rtcIntHandler.c ****     /* Get and print current month */
  96:rtcIntHandler.c ****     temp = RTC_ReadMonth();
 295              		.loc 1 96 0
 296 0004 FFF7FEFF 		bl	RTC_ReadMonth
 297 0008 0346     		mov	r3, r0
 298 000a 1A46     		mov	r2, r3
 299 000c 014B     		ldr	r3, .L19
 300 000e 1A70     		strb	r2, [r3]
  97:rtcIntHandler.c ****    // PrintDecNumber(temp, 1u, 3u);
ARM GAS  C:\Users\Admin\AppData\Local\Temp\cceV1WUu.s 			page 8


  98:rtcIntHandler.c **** }
 301              		.loc 1 98 0
 302 0010 00BF     		nop
 303 0012 80BD     		pop	{r7, pc}
 304              	.L20:
 305              		.align	2
 306              	.L19:
 307 0014 00000000 		.word	temp
 308              		.cfi_endproc
 309              	.LFE4:
 310              		.size	RTC_EveryMonthHandler_Callback, .-RTC_EveryMonthHandler_Callback
 311              		.section	.text.RTC_EveryYearHandler_Callback,"ax",%progbits
 312              		.align	2
 313              		.global	RTC_EveryYearHandler_Callback
 314              		.thumb
 315              		.thumb_func
 316              		.type	RTC_EveryYearHandler_Callback, %function
 317              	RTC_EveryYearHandler_Callback:
 318              	.LFB5:
  99:rtcIntHandler.c **** 
 100:rtcIntHandler.c **** void RTC_EveryYearHandler_Callback(void)
 101:rtcIntHandler.c **** {
 319              		.loc 1 101 0
 320              		.cfi_startproc
 321              		@ args = 0, pretend = 0, frame = 0
 322              		@ frame_needed = 1, uses_anonymous_args = 0
 323 0000 80B5     		push	{r7, lr}
 324              		.cfi_def_cfa_offset 8
 325              		.cfi_offset 7, -8
 326              		.cfi_offset 14, -4
 327 0002 00AF     		add	r7, sp, #0
 328              		.cfi_def_cfa_register 7
 102:rtcIntHandler.c ****     /* Get and print current year */
 103:rtcIntHandler.c ****     temp = (uint8)(RTC_ReadYear() % 100u);
 329              		.loc 1 103 0
 330 0004 FFF7FEFF 		bl	RTC_ReadYear
 331 0008 0346     		mov	r3, r0
 332 000a 074A     		ldr	r2, .L22
 333 000c A2FB0312 		umull	r1, r2, r2, r3
 334 0010 5209     		lsrs	r2, r2, #5
 335 0012 6421     		movs	r1, #100
 336 0014 01FB02F2 		mul	r2, r1, r2
 337 0018 9B1A     		subs	r3, r3, r2
 338 001a 9BB2     		uxth	r3, r3
 339 001c DAB2     		uxtb	r2, r3
 340 001e 034B     		ldr	r3, .L22+4
 341 0020 1A70     		strb	r2, [r3]
 104:rtcIntHandler.c ****    // PrintDecNumber(temp, 1u, 6u);     
 105:rtcIntHandler.c **** }
 342              		.loc 1 105 0
 343 0022 00BF     		nop
 344 0024 80BD     		pop	{r7, pc}
 345              	.L23:
 346 0026 00BF     		.align	2
 347              	.L22:
 348 0028 1F85EB51 		.word	1374389535
 349 002c 00000000 		.word	temp
ARM GAS  C:\Users\Admin\AppData\Local\Temp\cceV1WUu.s 			page 9


 350              		.cfi_endproc
 351              	.LFE5:
 352              		.size	RTC_EveryYearHandler_Callback, .-RTC_EveryYearHandler_Callback
 353              		.text
 354              	.Letext0:
 355              		.file 2 "Generated_Source\\PSoC5/cytypes.h"
 356              		.file 3 "cyapicallbacks.h"
 357              		.section	.debug_info,"",%progbits
 358              	.Ldebug_info0:
 359 0000 13010000 		.4byte	0x113
 360 0004 0400     		.2byte	0x4
 361 0006 00000000 		.4byte	.Ldebug_abbrev0
 362 000a 04       		.byte	0x4
 363 000b 01       		.uleb128 0x1
 364 000c CC000000 		.4byte	.LASF20
 365 0010 0C       		.byte	0xc
 366 0011 AF010000 		.4byte	.LASF21
 367 0015 82000000 		.4byte	.LASF22
 368 0019 00000000 		.4byte	.Ldebug_ranges0+0
 369 001d 00000000 		.4byte	0
 370 0021 00000000 		.4byte	.Ldebug_line0
 371 0025 02       		.uleb128 0x2
 372 0026 01       		.byte	0x1
 373 0027 06       		.byte	0x6
 374 0028 D2010000 		.4byte	.LASF0
 375 002c 02       		.uleb128 0x2
 376 002d 01       		.byte	0x1
 377 002e 08       		.byte	0x8
 378 002f 5A010000 		.4byte	.LASF1
 379 0033 02       		.uleb128 0x2
 380 0034 02       		.byte	0x2
 381 0035 05       		.byte	0x5
 382 0036 26020000 		.4byte	.LASF2
 383 003a 02       		.uleb128 0x2
 384 003b 02       		.byte	0x2
 385 003c 07       		.byte	0x7
 386 003d BF010000 		.4byte	.LASF3
 387 0041 02       		.uleb128 0x2
 388 0042 04       		.byte	0x4
 389 0043 05       		.byte	0x5
 390 0044 6D010000 		.4byte	.LASF4
 391 0048 02       		.uleb128 0x2
 392 0049 04       		.byte	0x4
 393 004a 07       		.byte	0x7
 394 004b 96010000 		.4byte	.LASF5
 395 004f 02       		.uleb128 0x2
 396 0050 08       		.byte	0x8
 397 0051 05       		.byte	0x5
 398 0052 00000000 		.4byte	.LASF6
 399 0056 02       		.uleb128 0x2
 400 0057 08       		.byte	0x8
 401 0058 07       		.byte	0x7
 402 0059 AF000000 		.4byte	.LASF7
 403 005d 03       		.uleb128 0x3
 404 005e 04       		.byte	0x4
 405 005f 05       		.byte	0x5
 406 0060 696E7400 		.ascii	"int\000"
ARM GAS  C:\Users\Admin\AppData\Local\Temp\cceV1WUu.s 			page 10


 407 0064 02       		.uleb128 0x2
 408 0065 04       		.byte	0x4
 409 0066 07       		.byte	0x7
 410 0067 2E000000 		.4byte	.LASF8
 411 006b 04       		.uleb128 0x4
 412 006c 5E000000 		.4byte	.LASF23
 413 0070 02       		.byte	0x2
 414 0071 9201     		.2byte	0x192
 415 0073 2C000000 		.4byte	0x2c
 416 0077 02       		.uleb128 0x2
 417 0078 04       		.byte	0x4
 418 0079 04       		.byte	0x4
 419 007a C6000000 		.4byte	.LASF9
 420 007e 02       		.uleb128 0x2
 421 007f 08       		.byte	0x8
 422 0080 04       		.byte	0x4
 423 0081 A8010000 		.4byte	.LASF10
 424 0085 02       		.uleb128 0x2
 425 0086 01       		.byte	0x1
 426 0087 08       		.byte	0x8
 427 0088 68010000 		.4byte	.LASF11
 428 008c 05       		.uleb128 0x5
 429 008d 6B000000 		.4byte	0x6b
 430 0091 02       		.uleb128 0x2
 431 0092 08       		.byte	0x8
 432 0093 04       		.byte	0x4
 433 0094 DE010000 		.4byte	.LASF12
 434 0098 02       		.uleb128 0x2
 435 0099 04       		.byte	0x4
 436 009a 07       		.byte	0x7
 437 009b 30020000 		.4byte	.LASF13
 438 009f 06       		.uleb128 0x6
 439 00a0 0E000000 		.4byte	.LASF14
 440 00a4 01       		.byte	0x1
 441 00a5 17       		.byte	0x17
 442 00a6 00000000 		.4byte	.LFB0
 443 00aa D0000000 		.4byte	.LFE0-.LFB0
 444 00ae 01       		.uleb128 0x1
 445 00af 9C       		.byte	0x9c
 446 00b0 06       		.uleb128 0x6
 447 00b1 76010000 		.4byte	.LASF15
 448 00b5 01       		.byte	0x1
 449 00b6 43       		.byte	0x43
 450 00b7 00000000 		.4byte	.LFB1
 451 00bb 28000000 		.4byte	.LFE1-.LFB1
 452 00bf 01       		.uleb128 0x1
 453 00c0 9C       		.byte	0x9c
 454 00c1 06       		.uleb128 0x6
 455 00c2 64000000 		.4byte	.LASF16
 456 00c6 01       		.byte	0x1
 457 00c7 4A       		.byte	0x4a
 458 00c8 00000000 		.4byte	.LFB2
 459 00cc 28000000 		.4byte	.LFE2-.LFB2
 460 00d0 01       		.uleb128 0x1
 461 00d1 9C       		.byte	0x9c
 462 00d2 06       		.uleb128 0x6
 463 00d3 09020000 		.4byte	.LASF17
ARM GAS  C:\Users\Admin\AppData\Local\Temp\cceV1WUu.s 			page 11


 464 00d7 01       		.byte	0x1
 465 00d8 51       		.byte	0x51
 466 00d9 00000000 		.4byte	.LFB3
 467 00dd 18000000 		.4byte	.LFE3-.LFB3
 468 00e1 01       		.uleb128 0x1
 469 00e2 9C       		.byte	0x9c
 470 00e3 06       		.uleb128 0x6
 471 00e4 EA010000 		.4byte	.LASF18
 472 00e8 01       		.byte	0x1
 473 00e9 5D       		.byte	0x5d
 474 00ea 00000000 		.4byte	.LFB4
 475 00ee 18000000 		.4byte	.LFE4-.LFB4
 476 00f2 01       		.uleb128 0x1
 477 00f3 9C       		.byte	0x9c
 478 00f4 06       		.uleb128 0x6
 479 00f5 3B000000 		.4byte	.LASF19
 480 00f9 01       		.byte	0x1
 481 00fa 64       		.byte	0x64
 482 00fb 00000000 		.4byte	.LFB5
 483 00ff 30000000 		.4byte	.LFE5-.LFB5
 484 0103 01       		.uleb128 0x1
 485 0104 9C       		.byte	0x9c
 486 0105 07       		.uleb128 0x7
 487 0106 59000000 		.4byte	.LASF24
 488 010a 03       		.byte	0x3
 489 010b 1D       		.byte	0x1d
 490 010c 8C000000 		.4byte	0x8c
 491 0110 05       		.uleb128 0x5
 492 0111 03       		.byte	0x3
 493 0112 00000000 		.4byte	temp
 494 0116 00       		.byte	0
 495              		.section	.debug_abbrev,"",%progbits
 496              	.Ldebug_abbrev0:
 497 0000 01       		.uleb128 0x1
 498 0001 11       		.uleb128 0x11
 499 0002 01       		.byte	0x1
 500 0003 25       		.uleb128 0x25
 501 0004 0E       		.uleb128 0xe
 502 0005 13       		.uleb128 0x13
 503 0006 0B       		.uleb128 0xb
 504 0007 03       		.uleb128 0x3
 505 0008 0E       		.uleb128 0xe
 506 0009 1B       		.uleb128 0x1b
 507 000a 0E       		.uleb128 0xe
 508 000b 55       		.uleb128 0x55
 509 000c 17       		.uleb128 0x17
 510 000d 11       		.uleb128 0x11
 511 000e 01       		.uleb128 0x1
 512 000f 10       		.uleb128 0x10
 513 0010 17       		.uleb128 0x17
 514 0011 00       		.byte	0
 515 0012 00       		.byte	0
 516 0013 02       		.uleb128 0x2
 517 0014 24       		.uleb128 0x24
 518 0015 00       		.byte	0
 519 0016 0B       		.uleb128 0xb
 520 0017 0B       		.uleb128 0xb
ARM GAS  C:\Users\Admin\AppData\Local\Temp\cceV1WUu.s 			page 12


 521 0018 3E       		.uleb128 0x3e
 522 0019 0B       		.uleb128 0xb
 523 001a 03       		.uleb128 0x3
 524 001b 0E       		.uleb128 0xe
 525 001c 00       		.byte	0
 526 001d 00       		.byte	0
 527 001e 03       		.uleb128 0x3
 528 001f 24       		.uleb128 0x24
 529 0020 00       		.byte	0
 530 0021 0B       		.uleb128 0xb
 531 0022 0B       		.uleb128 0xb
 532 0023 3E       		.uleb128 0x3e
 533 0024 0B       		.uleb128 0xb
 534 0025 03       		.uleb128 0x3
 535 0026 08       		.uleb128 0x8
 536 0027 00       		.byte	0
 537 0028 00       		.byte	0
 538 0029 04       		.uleb128 0x4
 539 002a 16       		.uleb128 0x16
 540 002b 00       		.byte	0
 541 002c 03       		.uleb128 0x3
 542 002d 0E       		.uleb128 0xe
 543 002e 3A       		.uleb128 0x3a
 544 002f 0B       		.uleb128 0xb
 545 0030 3B       		.uleb128 0x3b
 546 0031 05       		.uleb128 0x5
 547 0032 49       		.uleb128 0x49
 548 0033 13       		.uleb128 0x13
 549 0034 00       		.byte	0
 550 0035 00       		.byte	0
 551 0036 05       		.uleb128 0x5
 552 0037 35       		.uleb128 0x35
 553 0038 00       		.byte	0
 554 0039 49       		.uleb128 0x49
 555 003a 13       		.uleb128 0x13
 556 003b 00       		.byte	0
 557 003c 00       		.byte	0
 558 003d 06       		.uleb128 0x6
 559 003e 2E       		.uleb128 0x2e
 560 003f 00       		.byte	0
 561 0040 3F       		.uleb128 0x3f
 562 0041 19       		.uleb128 0x19
 563 0042 03       		.uleb128 0x3
 564 0043 0E       		.uleb128 0xe
 565 0044 3A       		.uleb128 0x3a
 566 0045 0B       		.uleb128 0xb
 567 0046 3B       		.uleb128 0x3b
 568 0047 0B       		.uleb128 0xb
 569 0048 27       		.uleb128 0x27
 570 0049 19       		.uleb128 0x19
 571 004a 11       		.uleb128 0x11
 572 004b 01       		.uleb128 0x1
 573 004c 12       		.uleb128 0x12
 574 004d 06       		.uleb128 0x6
 575 004e 40       		.uleb128 0x40
 576 004f 18       		.uleb128 0x18
 577 0050 9642     		.uleb128 0x2116
ARM GAS  C:\Users\Admin\AppData\Local\Temp\cceV1WUu.s 			page 13


 578 0052 19       		.uleb128 0x19
 579 0053 00       		.byte	0
 580 0054 00       		.byte	0
 581 0055 07       		.uleb128 0x7
 582 0056 34       		.uleb128 0x34
 583 0057 00       		.byte	0
 584 0058 03       		.uleb128 0x3
 585 0059 0E       		.uleb128 0xe
 586 005a 3A       		.uleb128 0x3a
 587 005b 0B       		.uleb128 0xb
 588 005c 3B       		.uleb128 0x3b
 589 005d 0B       		.uleb128 0xb
 590 005e 49       		.uleb128 0x49
 591 005f 13       		.uleb128 0x13
 592 0060 02       		.uleb128 0x2
 593 0061 18       		.uleb128 0x18
 594 0062 00       		.byte	0
 595 0063 00       		.byte	0
 596 0064 00       		.byte	0
 597              		.section	.debug_aranges,"",%progbits
 598 0000 44000000 		.4byte	0x44
 599 0004 0200     		.2byte	0x2
 600 0006 00000000 		.4byte	.Ldebug_info0
 601 000a 04       		.byte	0x4
 602 000b 00       		.byte	0
 603 000c 0000     		.2byte	0
 604 000e 0000     		.2byte	0
 605 0010 00000000 		.4byte	.LFB0
 606 0014 D0000000 		.4byte	.LFE0-.LFB0
 607 0018 00000000 		.4byte	.LFB1
 608 001c 28000000 		.4byte	.LFE1-.LFB1
 609 0020 00000000 		.4byte	.LFB2
 610 0024 28000000 		.4byte	.LFE2-.LFB2
 611 0028 00000000 		.4byte	.LFB3
 612 002c 18000000 		.4byte	.LFE3-.LFB3
 613 0030 00000000 		.4byte	.LFB4
 614 0034 18000000 		.4byte	.LFE4-.LFB4
 615 0038 00000000 		.4byte	.LFB5
 616 003c 30000000 		.4byte	.LFE5-.LFB5
 617 0040 00000000 		.4byte	0
 618 0044 00000000 		.4byte	0
 619              		.section	.debug_ranges,"",%progbits
 620              	.Ldebug_ranges0:
 621 0000 00000000 		.4byte	.LFB0
 622 0004 D0000000 		.4byte	.LFE0
 623 0008 00000000 		.4byte	.LFB1
 624 000c 28000000 		.4byte	.LFE1
 625 0010 00000000 		.4byte	.LFB2
 626 0014 28000000 		.4byte	.LFE2
 627 0018 00000000 		.4byte	.LFB3
 628 001c 18000000 		.4byte	.LFE3
 629 0020 00000000 		.4byte	.LFB4
 630 0024 18000000 		.4byte	.LFE4
 631 0028 00000000 		.4byte	.LFB5
 632 002c 30000000 		.4byte	.LFE5
 633 0030 00000000 		.4byte	0
 634 0034 00000000 		.4byte	0
ARM GAS  C:\Users\Admin\AppData\Local\Temp\cceV1WUu.s 			page 14


 635              		.section	.debug_line,"",%progbits
 636              	.Ldebug_line0:
 637 0000 E2000000 		.section	.debug_str,"MS",%progbits,1
 637      02005E00 
 637      00000201 
 637      FB0E0D00 
 637      01010101 
 638              	.LASF6:
 639 0000 6C6F6E67 		.ascii	"long long int\000"
 639      206C6F6E 
 639      6720696E 
 639      7400
 640              	.LASF14:
 641 000e 5254435F 		.ascii	"RTC_EverySecondHandler_Callback\000"
 641      45766572 
 641      79536563 
 641      6F6E6448 
 641      616E646C 
 642              	.LASF8:
 643 002e 756E7369 		.ascii	"unsigned int\000"
 643      676E6564 
 643      20696E74 
 643      00
 644              	.LASF19:
 645 003b 5254435F 		.ascii	"RTC_EveryYearHandler_Callback\000"
 645      45766572 
 645      79596561 
 645      7248616E 
 645      646C6572 
 646              	.LASF24:
 647 0059 74656D70 		.ascii	"temp\000"
 647      00
 648              	.LASF23:
 649 005e 75696E74 		.ascii	"uint8\000"
 649      3800
 650              	.LASF16:
 651 0064 5254435F 		.ascii	"RTC_EveryHourHandler_Callback\000"
 651      45766572 
 651      79486F75 
 651      7248616E 
 651      646C6572 
 652              	.LASF22:
 653 0082 443A5C4B 		.ascii	"D:\\KR_Marichka\\Workspace01\\RtcDesign01.cydsn\000"
 653      525F4D61 
 653      72696368 
 653      6B615C57 
 653      6F726B73 
 654              	.LASF7:
 655 00af 6C6F6E67 		.ascii	"long long unsigned int\000"
 655      206C6F6E 
 655      6720756E 
 655      7369676E 
 655      65642069 
 656              	.LASF9:
 657 00c6 666C6F61 		.ascii	"float\000"
 657      7400
 658              	.LASF20:
ARM GAS  C:\Users\Admin\AppData\Local\Temp\cceV1WUu.s 			page 15


 659 00cc 474E5520 		.ascii	"GNU C11 5.4.1 20160609 (release) [ARM/embedded-5-br"
 659      43313120 
 659      352E342E 
 659      31203230 
 659      31363036 
 660 00ff 616E6368 		.ascii	"anch revision 237715] -mcpu=cortex-m3 -mthumb -g -O"
 660      20726576 
 660      6973696F 
 660      6E203233 
 660      37373135 
 661 0132 30202D66 		.ascii	"0 -ffunction-sections -ffat-lto-objects\000"
 661      66756E63 
 661      74696F6E 
 661      2D736563 
 661      74696F6E 
 662              	.LASF1:
 663 015a 756E7369 		.ascii	"unsigned char\000"
 663      676E6564 
 663      20636861 
 663      7200
 664              	.LASF11:
 665 0168 63686172 		.ascii	"char\000"
 665      00
 666              	.LASF4:
 667 016d 6C6F6E67 		.ascii	"long int\000"
 667      20696E74 
 667      00
 668              	.LASF15:
 669 0176 5254435F 		.ascii	"RTC_EveryMinuteHandler_Callback\000"
 669      45766572 
 669      794D696E 
 669      75746548 
 669      616E646C 
 670              	.LASF5:
 671 0196 6C6F6E67 		.ascii	"long unsigned int\000"
 671      20756E73 
 671      69676E65 
 671      6420696E 
 671      7400
 672              	.LASF10:
 673 01a8 646F7562 		.ascii	"double\000"
 673      6C6500
 674              	.LASF21:
 675 01af 72746349 		.ascii	"rtcIntHandler.c\000"
 675      6E744861 
 675      6E646C65 
 675      722E6300 
 676              	.LASF3:
 677 01bf 73686F72 		.ascii	"short unsigned int\000"
 677      7420756E 
 677      7369676E 
 677      65642069 
 677      6E7400
 678              	.LASF0:
 679 01d2 7369676E 		.ascii	"signed char\000"
 679      65642063 
 679      68617200 
ARM GAS  C:\Users\Admin\AppData\Local\Temp\cceV1WUu.s 			page 16


 680              	.LASF12:
 681 01de 6C6F6E67 		.ascii	"long double\000"
 681      20646F75 
 681      626C6500 
 682              	.LASF18:
 683 01ea 5254435F 		.ascii	"RTC_EveryMonthHandler_Callback\000"
 683      45766572 
 683      794D6F6E 
 683      74684861 
 683      6E646C65 
 684              	.LASF17:
 685 0209 5254435F 		.ascii	"RTC_EveryDayHandler_Callback\000"
 685      45766572 
 685      79446179 
 685      48616E64 
 685      6C65725F 
 686              	.LASF2:
 687 0226 73686F72 		.ascii	"short int\000"
 687      7420696E 
 687      7400
 688              	.LASF13:
 689 0230 73697A65 		.ascii	"sizetype\000"
 689      74797065 
 689      00
 690              		.ident	"GCC: (GNU Tools for ARM Embedded Processors) 5.4.1 20160609 (release) [ARM/embedded-5-bran
