ARM GAS  C:\Users\OLEKSA~1\AppData\Local\Temp\ccDGy0dH.s 			page 1


   1              		.syntax unified
   2              		.cpu cortex-m3
   3              		.fpu softvfp
   4              		.eabi_attribute 20, 1
   5              		.eabi_attribute 21, 1
   6              		.eabi_attribute 23, 3
   7              		.eabi_attribute 24, 1
   8              		.eabi_attribute 25, 1
   9              		.eabi_attribute 26, 1
  10              		.eabi_attribute 30, 1
  11              		.eabi_attribute 34, 1
  12              		.eabi_attribute 18, 4
  13              		.thumb
  14              		.syntax unified
  15              		.file	"main.c"
  16              		.text
  17              	.Ltext0:
  18              		.cfi_sections	.debug_frame
  19              		.section	.text.InitTiming,"ax",%progbits
  20              		.align	2
  21              		.global	InitTiming
  22              		.thumb
  23              		.thumb_func
  24              		.type	InitTiming, %function
  25              	InitTiming:
  26              	.LFB65:
  27              		.file 1 "main.c"
   1:main.c        **** /* ========================================
   2:main.c        ****  *
   3:main.c        ****  * Copyright YOUR COMPANY, THE YEAR
   4:main.c        ****  * All Rights Reserved
   5:main.c        ****  * UNPUBLISHED, LICENSED SOFTWARE.
   6:main.c        ****  *
   7:main.c        ****  * CONFIDENTIAL AND PROPRIETARY INFORMATION
   8:main.c        ****  * WHICH IS THE PROPERTY OF your company.
   9:main.c        ****  *
  10:main.c        ****  * ========================================
  11:main.c        **** */
  12:main.c        **** #include "project.h"
  13:main.c        **** #include "sin_tab.h"
  14:main.c        **** 
  15:main.c        **** const uint32 Fcl = 24000000;     // частота тактування таймера
  16:main.c        **** uint32 F0 = 2000; 
  17:main.c        **** uint32 Fs = 10000;        // частота дискретизації, Гц
  18:main.c        **** 
  19:main.c        **** char number[10];
  20:main.c        **** uint16 count = 0;
  21:main.c        **** 
  22:main.c        **** void InitTiming(uint16 sample_period);
  23:main.c        **** void sendUART(uint32 value);
  24:main.c        **** 
  25:main.c        **** CY_ISR_PROTO(Filter_Isr)
  26:main.c        **** {
  27:main.c        ****     uint16 dac_out = Filter_Read16(Filter_CHANNEL_A) + 2040u;
  28:main.c        ****     if (dac_out > 4080)
  29:main.c        ****     {
  30:main.c        ****         dac_out = 4080;
ARM GAS  C:\Users\OLEKSA~1\AppData\Local\Temp\ccDGy0dH.s 			page 2


  31:main.c        ****     }
  32:main.c        ****     else if (dac_out < 0)
  33:main.c        ****     {
  34:main.c        ****         dac_out = 0;
  35:main.c        ****     }
  36:main.c        ****    
  37:main.c        ****     
  38:main.c        ****     sendUART(dac_out);
  39:main.c        ****      DVDAC_SetValue(dac_out);
  40:main.c        ****     
  41:main.c        ****     
  42:main.c        ****     
  43:main.c        **** }
  44:main.c        **** 
  45:main.c        **** static CY_ISR(SampleTimerIsr)
  46:main.c        **** {
  47:main.c        ****     static uint8 i = 0;
  48:main.c        ****     //(void)SamplingTimer_STATUS;       // the same as SamplingTimer_ReadStatusRegister();
  49:main.c        ****     SamplingTimer_ReadStatusRegister();
  50:main.c        ****     Filter_Write16(Filter_CHANNEL_A, input_signal[i & 0x0F] - 2040);
  51:main.c        ****     
  52:main.c        **** 
  53:main.c        ****     
  54:main.c        ****         sendUART(input_signal[i & 0x0F] - 2040);
  55:main.c        ****      i++;
  56:main.c        **** }
  57:main.c        **** 
  58:main.c        **** void InitTiming(uint16 sample_period)
  59:main.c        **** {
  28              		.loc 1 59 0
  29              		.cfi_startproc
  30              		@ args = 0, pretend = 0, frame = 0
  31              		@ frame_needed = 0, uses_anonymous_args = 0
  32              	.LVL0:
  33 0000 10B5     		push	{r4, lr}
  34              		.cfi_def_cfa_offset 8
  35              		.cfi_offset 4, -8
  36              		.cfi_offset 14, -4
  37 0002 0446     		mov	r4, r0
  60:main.c        ****     SamplingTimer_Start();
  38              		.loc 1 60 0
  39 0004 FFF7FEFF 		bl	SamplingTimer_Start
  40              	.LVL1:
  61:main.c        ****     SamplingTimer_WritePeriod(sample_period);
  41              		.loc 1 61 0
  42 0008 2046     		mov	r0, r4
  43 000a FFF7FEFF 		bl	SamplingTimer_WritePeriod
  44              	.LVL2:
  62:main.c        ****     
  63:main.c        ****     isrSampleTimer_Start();
  45              		.loc 1 63 0
  46 000e FFF7FEFF 		bl	isrSampleTimer_Start
  47              	.LVL3:
  64:main.c        **** 	isrSampleTimer_SetVector(SampleTimerIsr);
  48              		.loc 1 64 0
  49 0012 0248     		ldr	r0, .L3
  50 0014 FFF7FEFF 		bl	isrSampleTimer_SetVector
ARM GAS  C:\Users\OLEKSA~1\AppData\Local\Temp\ccDGy0dH.s 			page 3


  51              	.LVL4:
  52 0018 10BD     		pop	{r4, pc}
  53              	.L4:
  54 001a 00BF     		.align	2
  55              	.L3:
  56 001c 00000000 		.word	SampleTimerIsr
  57              		.cfi_endproc
  58              	.LFE65:
  59              		.size	InitTiming, .-InitTiming
  60              		.section	.text.sendUART,"ax",%progbits
  61              		.align	2
  62              		.global	sendUART
  63              		.thumb
  64              		.thumb_func
  65              		.type	sendUART, %function
  66              	sendUART:
  67              	.LFB66:
  65:main.c        **** }
  66:main.c        **** 
  67:main.c        **** void sendUART(uint32 value){
  68              		.loc 1 67 0
  69              		.cfi_startproc
  70              		@ args = 0, pretend = 0, frame = 0
  71              		@ frame_needed = 0, uses_anonymous_args = 0
  72              	.LVL5:
  68:main.c        ****     if(count < 200){
  73              		.loc 1 68 0
  74 0000 0B4B     		ldr	r3, .L9
  75 0002 1B88     		ldrh	r3, [r3]
  76 0004 C72B     		cmp	r3, #199
  77 0006 11D8     		bhi	.L8
  67:main.c        ****     if(count < 200){
  78              		.loc 1 67 0
  79 0008 10B5     		push	{r4, lr}
  80              		.cfi_def_cfa_offset 8
  81              		.cfi_offset 4, -8
  82              		.cfi_offset 14, -4
  83 000a 0246     		mov	r2, r0
  84              	.LBB2:
  69:main.c        ****         sprintf(number, "%d", value);               
  85              		.loc 1 69 0
  86 000c 094C     		ldr	r4, .L9+4
  87 000e 0A49     		ldr	r1, .L9+8
  88 0010 2046     		mov	r0, r4
  89              	.LVL6:
  90 0012 FFF7FEFF 		bl	sprintf
  91              	.LVL7:
  70:main.c        ****         UART_PutString(number);                       
  92              		.loc 1 70 0
  93 0016 2046     		mov	r0, r4
  94 0018 FFF7FEFF 		bl	UART_PutString
  95              	.LVL8:
  71:main.c        ****         UART_PutString("\r\n");
  96              		.loc 1 71 0
  97 001c 0748     		ldr	r0, .L9+12
  98 001e FFF7FEFF 		bl	UART_PutString
  99              	.LVL9:
ARM GAS  C:\Users\OLEKSA~1\AppData\Local\Temp\ccDGy0dH.s 			page 4


  72:main.c        ****         count++;
 100              		.loc 1 72 0
 101 0022 034A     		ldr	r2, .L9
 102 0024 1388     		ldrh	r3, [r2]
 103 0026 0133     		adds	r3, r3, #1
 104 0028 1380     		strh	r3, [r2]	@ movhi
 105 002a 10BD     		pop	{r4, pc}
 106              	.LVL10:
 107              	.L8:
 108              		.cfi_def_cfa_offset 0
 109              		.cfi_restore 4
 110              		.cfi_restore 14
 111 002c 7047     		bx	lr
 112              	.L10:
 113 002e 00BF     		.align	2
 114              	.L9:
 115 0030 00000000 		.word	.LANCHOR0
 116 0034 00000000 		.word	number
 117 0038 00000000 		.word	.LC0
 118 003c 04000000 		.word	.LC1
 119              	.LBE2:
 120              		.cfi_endproc
 121              	.LFE66:
 122              		.size	sendUART, .-sendUART
 123              		.section	.text.Filter_Isr,"ax",%progbits
 124              		.align	2
 125              		.global	Filter_Isr
 126              		.thumb
 127              		.thumb_func
 128              		.type	Filter_Isr, %function
 129              	Filter_Isr:
 130              	.LFB63:
  26:main.c        ****     uint16 dac_out = Filter_Read16(Filter_CHANNEL_A) + 2040u;
 131              		.loc 1 26 0
 132              		.cfi_startproc
 133              		@ args = 0, pretend = 0, frame = 0
 134              		@ frame_needed = 0, uses_anonymous_args = 0
 135 0000 10B5     		push	{r4, lr}
 136              		.cfi_def_cfa_offset 8
 137              		.cfi_offset 4, -8
 138              		.cfi_offset 14, -4
  27:main.c        ****     if (dac_out > 4080)
 139              		.loc 1 27 0
 140 0002 0020     		movs	r0, #0
 141 0004 FFF7FEFF 		bl	Filter_Read16
 142              	.LVL11:
 143 0008 00F5FF60 		add	r0, r0, #2040
 144 000c 84B2     		uxth	r4, r0
 145              	.LVL12:
  28:main.c        ****     {
 146              		.loc 1 28 0
 147 000e B4F57F6F 		cmp	r4, #4080
 148 0012 01D9     		bls	.L12
  30:main.c        ****     }
 149              		.loc 1 30 0
 150 0014 4FF47F64 		mov	r4, #4080
 151              	.LVL13:
ARM GAS  C:\Users\OLEKSA~1\AppData\Local\Temp\ccDGy0dH.s 			page 5


 152              	.L12:
  38:main.c        ****      DVDAC_SetValue(dac_out);
 153              		.loc 1 38 0
 154 0018 2046     		mov	r0, r4
 155 001a FFF7FEFF 		bl	sendUART
 156              	.LVL14:
  39:main.c        ****     
 157              		.loc 1 39 0
 158 001e 2046     		mov	r0, r4
 159 0020 FFF7FEFF 		bl	DVDAC_SetValue
 160              	.LVL15:
 161 0024 10BD     		pop	{r4, pc}
 162              		.cfi_endproc
 163              	.LFE63:
 164              		.size	Filter_Isr, .-Filter_Isr
 165 0026 00BF     		.section	.text.SampleTimerIsr,"ax",%progbits
 166              		.align	2
 167              		.thumb
 168              		.thumb_func
 169              		.type	SampleTimerIsr, %function
 170              	SampleTimerIsr:
 171              	.LFB64:
  46:main.c        ****     static uint8 i = 0;
 172              		.loc 1 46 0
 173              		.cfi_startproc
 174              		@ args = 0, pretend = 0, frame = 0
 175              		@ frame_needed = 0, uses_anonymous_args = 0
 176 0000 38B5     		push	{r3, r4, r5, lr}
 177              		.cfi_def_cfa_offset 16
 178              		.cfi_offset 3, -16
 179              		.cfi_offset 4, -12
 180              		.cfi_offset 5, -8
 181              		.cfi_offset 14, -4
  49:main.c        ****     Filter_Write16(Filter_CHANNEL_A, input_signal[i & 0x0F] - 2040);
 182              		.loc 1 49 0
 183 0002 FFF7FEFF 		bl	SamplingTimer_ReadStatusRegister
 184              	.LVL16:
  50:main.c        ****     
 185              		.loc 1 50 0
 186 0006 0D4C     		ldr	r4, .L17
 187 0008 A378     		ldrb	r3, [r4, #2]	@ zero_extendqisi2
 188 000a 03F00F03 		and	r3, r3, #15
 189 000e 0C4D     		ldr	r5, .L17+4
 190 0010 35F81310 		ldrh	r1, [r5, r3, lsl #1]
 191 0014 A1F5FF61 		sub	r1, r1, #2040
 192 0018 89B2     		uxth	r1, r1
 193 001a 0020     		movs	r0, #0
 194 001c FFF7FEFF 		bl	Filter_Write16
 195              	.LVL17:
  54:main.c        ****      i++;
 196              		.loc 1 54 0
 197 0020 A378     		ldrb	r3, [r4, #2]	@ zero_extendqisi2
 198 0022 03F00F03 		and	r3, r3, #15
 199 0026 35F81300 		ldrh	r0, [r5, r3, lsl #1]
 200 002a A0F5FF60 		sub	r0, r0, #2040
 201 002e FFF7FEFF 		bl	sendUART
 202              	.LVL18:
ARM GAS  C:\Users\OLEKSA~1\AppData\Local\Temp\ccDGy0dH.s 			page 6


  55:main.c        **** }
 203              		.loc 1 55 0
 204 0032 A378     		ldrb	r3, [r4, #2]	@ zero_extendqisi2
 205 0034 0133     		adds	r3, r3, #1
 206 0036 A370     		strb	r3, [r4, #2]
 207 0038 38BD     		pop	{r3, r4, r5, pc}
 208              	.L18:
 209 003a 00BF     		.align	2
 210              	.L17:
 211 003c 00000000 		.word	.LANCHOR0
 212 0040 00000000 		.word	.LANCHOR1
 213              		.cfi_endproc
 214              	.LFE64:
 215              		.size	SampleTimerIsr, .-SampleTimerIsr
 216              		.section	.text.main,"ax",%progbits
 217              		.align	2
 218              		.global	main
 219              		.thumb
 220              		.thumb_func
 221              		.type	main, %function
 222              	main:
 223              	.LFB67:
  73:main.c        ****        }
  74:main.c        ****      
  75:main.c        **** }
  76:main.c        **** 
  77:main.c        **** int main(void)
  78:main.c        **** {
 224              		.loc 1 78 0
 225              		.cfi_startproc
 226              		@ args = 0, pretend = 0, frame = 0
 227              		@ frame_needed = 0, uses_anonymous_args = 0
 228 0000 10B5     		push	{r4, lr}
 229              		.cfi_def_cfa_offset 8
 230              		.cfi_offset 4, -8
 231              		.cfi_offset 14, -4
  79:main.c        ****     CyGlobalIntEnable; /* Enable global interrupts. */
 232              		.loc 1 79 0
 233              		.syntax unified
 234              	@ 79 "main.c" 1
 235 0002 62B6     		CPSIE   i
 236              	@ 0 "" 2
  80:main.c        ****     Fs = 15 * F0;
 237              		.loc 1 80 0
 238              		.thumb
 239              		.syntax unified
 240 0004 0A4B     		ldr	r3, .L22
 241 0006 1C6A     		ldr	r4, [r3, #32]
 242 0008 C4EB0414 		rsb	r4, r4, r4, lsl #4
 243 000c 5C62     		str	r4, [r3, #36]
  81:main.c        **** 
  82:main.c        ****     uint16 sample_period_in_clocks = Fcl/Fs; 
 244              		.loc 1 82 0
 245 000e 094B     		ldr	r3, .L22+4
 246 0010 B3FBF4F4 		udiv	r4, r3, r4
 247 0014 A4B2     		uxth	r4, r4
 248              	.LVL19:
ARM GAS  C:\Users\OLEKSA~1\AppData\Local\Temp\ccDGy0dH.s 			page 7


  83:main.c        ****     UART_Start();
 249              		.loc 1 83 0
 250 0016 FFF7FEFF 		bl	UART_Start
 251              	.LVL20:
  84:main.c        ****     InitTiming(sample_period_in_clocks); 
 252              		.loc 1 84 0
 253 001a 2046     		mov	r0, r4
 254 001c FFF7FEFF 		bl	InitTiming
 255              	.LVL21:
  85:main.c        ****     isr_Filter_StartEx(Filter_Isr);
 256              		.loc 1 85 0
 257 0020 0548     		ldr	r0, .L22+8
 258 0022 FFF7FEFF 		bl	isr_Filter_StartEx
 259              	.LVL22:
  86:main.c        ****     DVDAC_Start();
 260              		.loc 1 86 0
 261 0026 FFF7FEFF 		bl	DVDAC_Start
 262              	.LVL23:
  87:main.c        ****     Filter_Start();
 263              		.loc 1 87 0
 264 002a FFF7FEFF 		bl	Filter_Start
 265              	.LVL24:
 266              	.L20:
 267 002e FEE7     		b	.L20
 268              	.L23:
 269              		.align	2
 270              	.L22:
 271 0030 00000000 		.word	.LANCHOR1
 272 0034 00366E01 		.word	24000000
 273 0038 00000000 		.word	Filter_Isr
 274              		.cfi_endproc
 275              	.LFE67:
 276              		.size	main, .-main
 277              		.global	count
 278              		.comm	number,10,4
 279              		.global	Fs
 280              		.global	F0
 281              		.global	Fcl
 282              		.global	input_signal
 283              		.global	INPUT_SIGNAL_SIZE
 284              		.section	.rodata
 285              		.align	2
 286              		.type	Fcl, %object
 287              		.size	Fcl, 4
 288              	Fcl:
 289 0000 00366E01 		.word	24000000
 290              		.type	INPUT_SIGNAL_SIZE, %object
 291              		.size	INPUT_SIGNAL_SIZE, 2
 292              	INPUT_SIGNAL_SIZE:
 293 0004 1000     		.short	16
 294              		.data
 295              		.align	2
 296              		.set	.LANCHOR1,. + 0
 297              		.type	input_signal, %object
 298              		.size	input_signal, 32
 299              	input_signal:
 300 0000 F807     		.short	2040
ARM GAS  C:\Users\OLEKSA~1\AppData\Local\Temp\ccDGy0dH.s 			page 8


 301 0002 040B     		.short	2820
 302 0004 9A0D     		.short	3482
 303 0006 540F     		.short	3924
 304 0008 F00F     		.short	4080
 305 000a 540F     		.short	3924
 306 000c 9A0D     		.short	3482
 307 000e 040B     		.short	2820
 308 0010 F807     		.short	2040
 309 0012 EB04     		.short	1259
 310 0014 5502     		.short	597
 311 0016 9B00     		.short	155
 312 0018 0000     		.short	0
 313 001a 9B00     		.short	155
 314 001c 5502     		.short	597
 315 001e EB04     		.short	1259
 316              		.type	F0, %object
 317              		.size	F0, 4
 318              	F0:
 319 0020 D0070000 		.word	2000
 320              		.type	Fs, %object
 321              		.size	Fs, 4
 322              	Fs:
 323 0024 10270000 		.word	10000
 324              		.section	.rodata.str1.4,"aMS",%progbits,1
 325              		.align	2
 326              	.LC0:
 327 0000 256400   		.ascii	"%d\000"
 328 0003 00       		.space	1
 329              	.LC1:
 330 0004 0D0A00   		.ascii	"\015\012\000"
 331              		.bss
 332              		.align	1
 333              		.set	.LANCHOR0,. + 0
 334              		.type	count, %object
 335              		.size	count, 2
 336              	count:
 337 0000 0000     		.space	2
 338              		.type	i.5859, %object
 339              		.size	i.5859, 1
 340              	i.5859:
 341 0002 00       		.space	1
 342              		.text
 343              	.Letext0:
 344              		.file 2 "c:\\program files (x86)\\cypress\\psoc creator\\4.4\\psoc creator\\import\\gnu\\arm\\5.4.
 345              		.file 3 "c:\\program files (x86)\\cypress\\psoc creator\\4.4\\psoc creator\\import\\gnu\\arm\\5.4.
 346              		.file 4 "Generated_Source\\PSoC5/cytypes.h"
 347              		.file 5 "Generated_Source\\PSoC5/core_cm3.h"
 348              		.file 6 "sin_tab.h"
 349              		.file 7 "Generated_Source\\PSoC5/SamplingTimer.h"
 350              		.file 8 "Generated_Source\\PSoC5/isrSampleTimer.h"
 351              		.file 9 "<built-in>"
 352              		.file 10 "Generated_Source\\PSoC5/UART.h"
 353              		.file 11 "Generated_Source\\PSoC5/Filter.h"
 354              		.file 12 "Generated_Source\\PSoC5/DVDAC.h"
 355              		.file 13 "Generated_Source\\PSoC5/isr_Filter.h"
 356              		.section	.debug_info,"",%progbits
 357              	.Ldebug_info0:
ARM GAS  C:\Users\OLEKSA~1\AppData\Local\Temp\ccDGy0dH.s 			page 9


 358 0000 24040000 		.4byte	0x424
 359 0004 0400     		.2byte	0x4
 360 0006 00000000 		.4byte	.Ldebug_abbrev0
 361 000a 04       		.byte	0x4
 362 000b 01       		.uleb128 0x1
 363 000c AB000000 		.4byte	.LASF45
 364 0010 0C       		.byte	0xc
 365 0011 79020000 		.4byte	.LASF46
 366 0015 8B020000 		.4byte	.LASF47
 367 0019 00000000 		.4byte	.Ldebug_ranges0+0
 368 001d 00000000 		.4byte	0
 369 0021 00000000 		.4byte	.Ldebug_line0
 370 0025 02       		.uleb128 0x2
 371 0026 01       		.byte	0x1
 372 0027 06       		.byte	0x6
 373 0028 35020000 		.4byte	.LASF0
 374 002c 02       		.uleb128 0x2
 375 002d 01       		.byte	0x1
 376 002e 08       		.byte	0x8
 377 002f C0010000 		.4byte	.LASF1
 378 0033 02       		.uleb128 0x2
 379 0034 02       		.byte	0x2
 380 0035 05       		.byte	0x5
 381 0036 CE010000 		.4byte	.LASF2
 382 003a 02       		.uleb128 0x2
 383 003b 02       		.byte	0x2
 384 003c 07       		.byte	0x7
 385 003d 38000000 		.4byte	.LASF3
 386 0041 03       		.uleb128 0x3
 387 0042 2E000000 		.4byte	.LASF9
 388 0046 02       		.byte	0x2
 389 0047 3F       		.byte	0x3f
 390 0048 4C000000 		.4byte	0x4c
 391 004c 02       		.uleb128 0x2
 392 004d 04       		.byte	0x4
 393 004e 05       		.byte	0x5
 394 004f DB020000 		.4byte	.LASF4
 395 0053 02       		.uleb128 0x2
 396 0054 04       		.byte	0x4
 397 0055 07       		.byte	0x7
 398 0056 60010000 		.4byte	.LASF5
 399 005a 02       		.uleb128 0x2
 400 005b 08       		.byte	0x8
 401 005c 05       		.byte	0x5
 402 005d 59020000 		.4byte	.LASF6
 403 0061 02       		.uleb128 0x2
 404 0062 08       		.byte	0x8
 405 0063 07       		.byte	0x7
 406 0064 07020000 		.4byte	.LASF7
 407 0068 04       		.uleb128 0x4
 408 0069 04       		.byte	0x4
 409 006a 05       		.byte	0x5
 410 006b 696E7400 		.ascii	"int\000"
 411 006f 02       		.uleb128 0x2
 412 0070 04       		.byte	0x4
 413 0071 07       		.byte	0x7
 414 0072 EB010000 		.4byte	.LASF8
ARM GAS  C:\Users\OLEKSA~1\AppData\Local\Temp\ccDGy0dH.s 			page 10


 415 0076 03       		.uleb128 0x3
 416 0077 48020000 		.4byte	.LASF10
 417 007b 03       		.byte	0x3
 418 007c 2C       		.byte	0x2c
 419 007d 41000000 		.4byte	0x41
 420 0081 05       		.uleb128 0x5
 421 0082 CA020000 		.4byte	.LASF11
 422 0086 04       		.byte	0x4
 423 0087 E901     		.2byte	0x1e9
 424 0089 2C000000 		.4byte	0x2c
 425 008d 05       		.uleb128 0x5
 426 008e D8010000 		.4byte	.LASF12
 427 0092 04       		.byte	0x4
 428 0093 EA01     		.2byte	0x1ea
 429 0095 3A000000 		.4byte	0x3a
 430 0099 05       		.uleb128 0x5
 431 009a DF010000 		.4byte	.LASF13
 432 009e 04       		.byte	0x4
 433 009f EB01     		.2byte	0x1eb
 434 00a1 53000000 		.4byte	0x53
 435 00a5 02       		.uleb128 0x2
 436 00a6 04       		.byte	0x4
 437 00a7 04       		.byte	0x4
 438 00a8 90000000 		.4byte	.LASF14
 439 00ac 02       		.uleb128 0x2
 440 00ad 08       		.byte	0x8
 441 00ae 04       		.byte	0x4
 442 00af 5A000000 		.4byte	.LASF15
 443 00b3 02       		.uleb128 0x2
 444 00b4 01       		.byte	0x1
 445 00b5 08       		.byte	0x8
 446 00b6 80020000 		.4byte	.LASF16
 447 00ba 02       		.uleb128 0x2
 448 00bb 08       		.byte	0x8
 449 00bc 04       		.byte	0x4
 450 00bd FC020000 		.4byte	.LASF17
 451 00c1 02       		.uleb128 0x2
 452 00c2 04       		.byte	0x4
 453 00c3 07       		.byte	0x7
 454 00c4 50020000 		.4byte	.LASF18
 455 00c8 06       		.uleb128 0x6
 456 00c9 04       		.byte	0x4
 457 00ca B3000000 		.4byte	0xb3
 458 00ce 06       		.uleb128 0x6
 459 00cf 04       		.byte	0x4
 460 00d0 D4000000 		.4byte	0xd4
 461 00d4 07       		.uleb128 0x7
 462 00d5 B3000000 		.4byte	0xb3
 463 00d9 08       		.uleb128 0x8
 464 00da D0020000 		.4byte	.LASF19
 465 00de 01       		.byte	0x1
 466 00df 3A       		.byte	0x3a
 467 00e0 00000000 		.4byte	.LFB65
 468 00e4 20000000 		.4byte	.LFE65-.LFB65
 469 00e8 01       		.uleb128 0x1
 470 00e9 9C       		.byte	0x9c
 471 00ea 37010000 		.4byte	0x137
ARM GAS  C:\Users\OLEKSA~1\AppData\Local\Temp\ccDGy0dH.s 			page 11


 472 00ee 09       		.uleb128 0x9
 473 00ef 14030000 		.4byte	.LASF21
 474 00f3 01       		.byte	0x1
 475 00f4 3A       		.byte	0x3a
 476 00f5 8D000000 		.4byte	0x8d
 477 00f9 00000000 		.4byte	.LLST0
 478 00fd 0A       		.uleb128 0xa
 479 00fe 08000000 		.4byte	.LVL1
 480 0102 8D030000 		.4byte	0x38d
 481 0106 0B       		.uleb128 0xb
 482 0107 0E000000 		.4byte	.LVL2
 483 010b 98030000 		.4byte	0x398
 484 010f 1A010000 		.4byte	0x11a
 485 0113 0C       		.uleb128 0xc
 486 0114 01       		.uleb128 0x1
 487 0115 50       		.byte	0x50
 488 0116 02       		.uleb128 0x2
 489 0117 74       		.byte	0x74
 490 0118 00       		.sleb128 0
 491 0119 00       		.byte	0
 492 011a 0A       		.uleb128 0xa
 493 011b 12000000 		.4byte	.LVL3
 494 011f A3030000 		.4byte	0x3a3
 495 0123 0D       		.uleb128 0xd
 496 0124 18000000 		.4byte	.LVL4
 497 0128 AE030000 		.4byte	0x3ae
 498 012c 0C       		.uleb128 0xc
 499 012d 01       		.uleb128 0x1
 500 012e 50       		.byte	0x50
 501 012f 05       		.uleb128 0x5
 502 0130 03       		.byte	0x3
 503 0131 00000000 		.4byte	SampleTimerIsr
 504 0135 00       		.byte	0
 505 0136 00       		.byte	0
 506 0137 08       		.uleb128 0x8
 507 0138 72010000 		.4byte	.LASF20
 508 013c 01       		.byte	0x1
 509 013d 43       		.byte	0x43
 510 013e 00000000 		.4byte	.LFB66
 511 0142 40000000 		.4byte	.LFE66-.LFB66
 512 0146 01       		.uleb128 0x1
 513 0147 9C       		.byte	0x9c
 514 0148 CC010000 		.4byte	0x1cc
 515 014c 09       		.uleb128 0x9
 516 014d 28000000 		.4byte	.LASF22
 517 0151 01       		.byte	0x1
 518 0152 43       		.byte	0x43
 519 0153 99000000 		.4byte	0x99
 520 0157 21000000 		.4byte	.LLST1
 521 015b 0E       		.uleb128 0xe
 522 015c 0C000000 		.4byte	.LBB2
 523 0160 34000000 		.4byte	.LBE2-.LBB2
 524 0164 0F       		.uleb128 0xf
 525 0165 2D020000 		.4byte	.LASF35
 526 0169 09       		.byte	0x9
 527 016a 00       		.byte	0
 528 016b 68000000 		.4byte	0x68
ARM GAS  C:\Users\OLEKSA~1\AppData\Local\Temp\ccDGy0dH.s 			page 12


 529 016f 7F010000 		.4byte	0x17f
 530 0173 10       		.uleb128 0x10
 531 0174 C8000000 		.4byte	0xc8
 532 0178 10       		.uleb128 0x10
 533 0179 CE000000 		.4byte	0xce
 534 017d 11       		.uleb128 0x11
 535 017e 00       		.byte	0
 536 017f 0B       		.uleb128 0xb
 537 0180 16000000 		.4byte	.LVL7
 538 0184 B9030000 		.4byte	0x3b9
 539 0188 A3010000 		.4byte	0x1a3
 540 018c 0C       		.uleb128 0xc
 541 018d 01       		.uleb128 0x1
 542 018e 50       		.byte	0x50
 543 018f 02       		.uleb128 0x2
 544 0190 74       		.byte	0x74
 545 0191 00       		.sleb128 0
 546 0192 0C       		.uleb128 0xc
 547 0193 01       		.uleb128 0x1
 548 0194 51       		.byte	0x51
 549 0195 05       		.uleb128 0x5
 550 0196 03       		.byte	0x3
 551 0197 00000000 		.4byte	.LC0
 552 019b 0C       		.uleb128 0xc
 553 019c 01       		.uleb128 0x1
 554 019d 52       		.byte	0x52
 555 019e 03       		.uleb128 0x3
 556 019f F3       		.byte	0xf3
 557 01a0 01       		.uleb128 0x1
 558 01a1 50       		.byte	0x50
 559 01a2 00       		.byte	0
 560 01a3 0B       		.uleb128 0xb
 561 01a4 1C000000 		.4byte	.LVL8
 562 01a8 C4030000 		.4byte	0x3c4
 563 01ac B7010000 		.4byte	0x1b7
 564 01b0 0C       		.uleb128 0xc
 565 01b1 01       		.uleb128 0x1
 566 01b2 50       		.byte	0x50
 567 01b3 02       		.uleb128 0x2
 568 01b4 74       		.byte	0x74
 569 01b5 00       		.sleb128 0
 570 01b6 00       		.byte	0
 571 01b7 0D       		.uleb128 0xd
 572 01b8 22000000 		.4byte	.LVL9
 573 01bc C4030000 		.4byte	0x3c4
 574 01c0 0C       		.uleb128 0xc
 575 01c1 01       		.uleb128 0x1
 576 01c2 50       		.byte	0x50
 577 01c3 05       		.uleb128 0x5
 578 01c4 03       		.byte	0x3
 579 01c5 04000000 		.4byte	.LC1
 580 01c9 00       		.byte	0
 581 01ca 00       		.byte	0
 582 01cb 00       		.byte	0
 583 01cc 08       		.uleb128 0x8
 584 01cd 31030000 		.4byte	.LASF23
 585 01d1 01       		.byte	0x1
ARM GAS  C:\Users\OLEKSA~1\AppData\Local\Temp\ccDGy0dH.s 			page 13


 586 01d2 19       		.byte	0x19
 587 01d3 00000000 		.4byte	.LFB63
 588 01d7 26000000 		.4byte	.LFE63-.LFB63
 589 01db 01       		.uleb128 0x1
 590 01dc 9C       		.byte	0x9c
 591 01dd 26020000 		.4byte	0x226
 592 01e1 12       		.uleb128 0x12
 593 01e2 20000000 		.4byte	.LASF24
 594 01e6 01       		.byte	0x1
 595 01e7 1B       		.byte	0x1b
 596 01e8 8D000000 		.4byte	0x8d
 597 01ec 01       		.uleb128 0x1
 598 01ed 54       		.byte	0x54
 599 01ee 0B       		.uleb128 0xb
 600 01ef 08000000 		.4byte	.LVL11
 601 01f3 CF030000 		.4byte	0x3cf
 602 01f7 01020000 		.4byte	0x201
 603 01fb 0C       		.uleb128 0xc
 604 01fc 01       		.uleb128 0x1
 605 01fd 50       		.byte	0x50
 606 01fe 01       		.uleb128 0x1
 607 01ff 30       		.byte	0x30
 608 0200 00       		.byte	0
 609 0201 0B       		.uleb128 0xb
 610 0202 1E000000 		.4byte	.LVL14
 611 0206 37010000 		.4byte	0x137
 612 020a 15020000 		.4byte	0x215
 613 020e 0C       		.uleb128 0xc
 614 020f 01       		.uleb128 0x1
 615 0210 50       		.byte	0x50
 616 0211 02       		.uleb128 0x2
 617 0212 74       		.byte	0x74
 618 0213 00       		.sleb128 0
 619 0214 00       		.byte	0
 620 0215 0D       		.uleb128 0xd
 621 0216 24000000 		.4byte	.LVL15
 622 021a DA030000 		.4byte	0x3da
 623 021e 0C       		.uleb128 0xc
 624 021f 01       		.uleb128 0x1
 625 0220 50       		.byte	0x50
 626 0221 02       		.uleb128 0x2
 627 0222 74       		.byte	0x74
 628 0223 00       		.sleb128 0
 629 0224 00       		.byte	0
 630 0225 00       		.byte	0
 631 0226 13       		.uleb128 0x13
 632 0227 1E020000 		.4byte	.LASF48
 633 022b 01       		.byte	0x1
 634 022c 2D       		.byte	0x2d
 635 022d 00000000 		.4byte	.LFB64
 636 0231 44000000 		.4byte	.LFE64-.LFB64
 637 0235 01       		.uleb128 0x1
 638 0236 9C       		.byte	0x9c
 639 0237 70020000 		.4byte	0x270
 640 023b 14       		.uleb128 0x14
 641 023c 6900     		.ascii	"i\000"
 642 023e 01       		.byte	0x1
ARM GAS  C:\Users\OLEKSA~1\AppData\Local\Temp\ccDGy0dH.s 			page 14


 643 023f 2F       		.byte	0x2f
 644 0240 81000000 		.4byte	0x81
 645 0244 05       		.uleb128 0x5
 646 0245 03       		.byte	0x3
 647 0246 02000000 		.4byte	i.5859
 648 024a 0A       		.uleb128 0xa
 649 024b 06000000 		.4byte	.LVL16
 650 024f E5030000 		.4byte	0x3e5
 651 0253 0B       		.uleb128 0xb
 652 0254 20000000 		.4byte	.LVL17
 653 0258 F0030000 		.4byte	0x3f0
 654 025c 66020000 		.4byte	0x266
 655 0260 0C       		.uleb128 0xc
 656 0261 01       		.uleb128 0x1
 657 0262 50       		.byte	0x50
 658 0263 01       		.uleb128 0x1
 659 0264 30       		.byte	0x30
 660 0265 00       		.byte	0
 661 0266 0A       		.uleb128 0xa
 662 0267 32000000 		.4byte	.LVL18
 663 026b 37010000 		.4byte	0x137
 664 026f 00       		.byte	0
 665 0270 15       		.uleb128 0x15
 666 0271 E6010000 		.4byte	.LASF49
 667 0275 01       		.byte	0x1
 668 0276 4D       		.byte	0x4d
 669 0277 68000000 		.4byte	0x68
 670 027b 00000000 		.4byte	.LFB67
 671 027f 3C000000 		.4byte	.LFE67-.LFB67
 672 0283 01       		.uleb128 0x1
 673 0284 9C       		.byte	0x9c
 674 0285 DD020000 		.4byte	0x2dd
 675 0289 12       		.uleb128 0x12
 676 028a E4020000 		.4byte	.LASF25
 677 028e 01       		.byte	0x1
 678 028f 52       		.byte	0x52
 679 0290 8D000000 		.4byte	0x8d
 680 0294 01       		.uleb128 0x1
 681 0295 54       		.byte	0x54
 682 0296 0A       		.uleb128 0xa
 683 0297 1A000000 		.4byte	.LVL20
 684 029b FB030000 		.4byte	0x3fb
 685 029f 0B       		.uleb128 0xb
 686 02a0 20000000 		.4byte	.LVL21
 687 02a4 D9000000 		.4byte	0xd9
 688 02a8 B3020000 		.4byte	0x2b3
 689 02ac 0C       		.uleb128 0xc
 690 02ad 01       		.uleb128 0x1
 691 02ae 50       		.byte	0x50
 692 02af 02       		.uleb128 0x2
 693 02b0 74       		.byte	0x74
 694 02b1 00       		.sleb128 0
 695 02b2 00       		.byte	0
 696 02b3 0B       		.uleb128 0xb
 697 02b4 26000000 		.4byte	.LVL22
 698 02b8 06040000 		.4byte	0x406
 699 02bc CA020000 		.4byte	0x2ca
ARM GAS  C:\Users\OLEKSA~1\AppData\Local\Temp\ccDGy0dH.s 			page 15


 700 02c0 0C       		.uleb128 0xc
 701 02c1 01       		.uleb128 0x1
 702 02c2 50       		.byte	0x50
 703 02c3 05       		.uleb128 0x5
 704 02c4 03       		.byte	0x3
 705 02c5 00000000 		.4byte	Filter_Isr
 706 02c9 00       		.byte	0
 707 02ca 0A       		.uleb128 0xa
 708 02cb 2A000000 		.4byte	.LVL23
 709 02cf 11040000 		.4byte	0x411
 710 02d3 0A       		.uleb128 0xa
 711 02d4 2E000000 		.4byte	.LVL24
 712 02d8 1C040000 		.4byte	0x41c
 713 02dc 00       		.byte	0
 714 02dd 16       		.uleb128 0x16
 715 02de 9F010000 		.4byte	.LASF26
 716 02e2 05       		.byte	0x5
 717 02e3 1207     		.2byte	0x712
 718 02e5 E9020000 		.4byte	0x2e9
 719 02e9 17       		.uleb128 0x17
 720 02ea 76000000 		.4byte	0x76
 721 02ee 18       		.uleb128 0x18
 722 02ef 67020000 		.4byte	.LASF27
 723 02f3 06       		.byte	0x6
 724 02f4 03       		.byte	0x3
 725 02f5 FF020000 		.4byte	0x2ff
 726 02f9 05       		.uleb128 0x5
 727 02fa 03       		.byte	0x3
 728 02fb 00000000 		.4byte	INPUT_SIGNAL_SIZE
 729 02ff 07       		.uleb128 0x7
 730 0300 8D000000 		.4byte	0x8d
 731 0304 19       		.uleb128 0x19
 732 0305 8D000000 		.4byte	0x8d
 733 0309 14030000 		.4byte	0x314
 734 030d 1A       		.uleb128 0x1a
 735 030e C1000000 		.4byte	0xc1
 736 0312 0F       		.byte	0xf
 737 0313 00       		.byte	0
 738 0314 18       		.uleb128 0x18
 739 0315 13000000 		.4byte	.LASF28
 740 0319 06       		.byte	0x6
 741 031a 05       		.byte	0x5
 742 031b 04030000 		.4byte	0x304
 743 031f 05       		.uleb128 0x5
 744 0320 03       		.byte	0x3
 745 0321 00000000 		.4byte	input_signal
 746 0325 1B       		.uleb128 0x1b
 747 0326 46636C00 		.ascii	"Fcl\000"
 748 032a 01       		.byte	0x1
 749 032b 0F       		.byte	0xf
 750 032c 36030000 		.4byte	0x336
 751 0330 05       		.uleb128 0x5
 752 0331 03       		.byte	0x3
 753 0332 00000000 		.4byte	Fcl
 754 0336 07       		.uleb128 0x7
 755 0337 99000000 		.4byte	0x99
 756 033b 1B       		.uleb128 0x1b
ARM GAS  C:\Users\OLEKSA~1\AppData\Local\Temp\ccDGy0dH.s 			page 16


 757 033c 463000   		.ascii	"F0\000"
 758 033f 01       		.byte	0x1
 759 0340 10       		.byte	0x10
 760 0341 99000000 		.4byte	0x99
 761 0345 05       		.uleb128 0x5
 762 0346 03       		.byte	0x3
 763 0347 00000000 		.4byte	F0
 764 034b 1B       		.uleb128 0x1b
 765 034c 467300   		.ascii	"Fs\000"
 766 034f 01       		.byte	0x1
 767 0350 11       		.byte	0x11
 768 0351 99000000 		.4byte	0x99
 769 0355 05       		.uleb128 0x5
 770 0356 03       		.byte	0x3
 771 0357 00000000 		.4byte	Fs
 772 035b 19       		.uleb128 0x19
 773 035c B3000000 		.4byte	0xb3
 774 0360 6B030000 		.4byte	0x36b
 775 0364 1A       		.uleb128 0x1a
 776 0365 C1000000 		.4byte	0xc1
 777 0369 09       		.byte	0x9
 778 036a 00       		.byte	0
 779 036b 18       		.uleb128 0x18
 780 036c 41020000 		.4byte	.LASF29
 781 0370 01       		.byte	0x1
 782 0371 13       		.byte	0x13
 783 0372 5B030000 		.4byte	0x35b
 784 0376 05       		.uleb128 0x5
 785 0377 03       		.byte	0x3
 786 0378 00000000 		.4byte	number
 787 037c 18       		.uleb128 0x18
 788 037d 85020000 		.4byte	.LASF30
 789 0381 01       		.byte	0x1
 790 0382 14       		.byte	0x14
 791 0383 8D000000 		.4byte	0x8d
 792 0387 05       		.uleb128 0x5
 793 0388 03       		.byte	0x3
 794 0389 00000000 		.4byte	count
 795 038d 1C       		.uleb128 0x1c
 796 038e AC010000 		.4byte	.LASF31
 797 0392 AC010000 		.4byte	.LASF31
 798 0396 07       		.byte	0x7
 799 0397 5A       		.byte	0x5a
 800 0398 1C       		.uleb128 0x1c
 801 0399 39010000 		.4byte	.LASF32
 802 039d 39010000 		.4byte	.LASF32
 803 03a1 07       		.byte	0x7
 804 03a2 68       		.byte	0x68
 805 03a3 1C       		.uleb128 0x1c
 806 03a4 96000000 		.4byte	.LASF33
 807 03a8 96000000 		.4byte	.LASF33
 808 03ac 08       		.byte	0x8
 809 03ad 17       		.byte	0x17
 810 03ae 1C       		.uleb128 0x1c
 811 03af 86010000 		.4byte	.LASF34
 812 03b3 86010000 		.4byte	.LASF34
 813 03b7 08       		.byte	0x8
ARM GAS  C:\Users\OLEKSA~1\AppData\Local\Temp\ccDGy0dH.s 			page 17


 814 03b8 1D       		.byte	0x1d
 815 03b9 1C       		.uleb128 0x1c
 816 03ba 2D020000 		.4byte	.LASF35
 817 03be 2D020000 		.4byte	.LASF35
 818 03c2 09       		.byte	0x9
 819 03c3 00       		.byte	0
 820 03c4 1C       		.uleb128 0x1c
 821 03c5 22030000 		.4byte	.LASF36
 822 03c9 22030000 		.4byte	.LASF36
 823 03cd 0A       		.byte	0xa
 824 03ce 8B       		.byte	0x8b
 825 03cf 1C       		.uleb128 0x1c
 826 03d0 82000000 		.4byte	.LASF37
 827 03d4 82000000 		.4byte	.LASF37
 828 03d8 0B       		.byte	0xb
 829 03d9 3F       		.byte	0x3f
 830 03da 1C       		.uleb128 0x1c
 831 03db F8010000 		.4byte	.LASF38
 832 03df F8010000 		.4byte	.LASF38
 833 03e3 0C       		.byte	0xc
 834 03e4 4A       		.byte	0x4a
 835 03e5 1C       		.uleb128 0x1c
 836 03e6 61000000 		.4byte	.LASF39
 837 03ea 61000000 		.4byte	.LASF39
 838 03ee 07       		.byte	0x7
 839 03ef 5E       		.byte	0x5e
 840 03f0 1C       		.uleb128 0x1c
 841 03f1 4B000000 		.4byte	.LASF40
 842 03f5 4B000000 		.4byte	.LASF40
 843 03f9 0B       		.byte	0xb
 844 03fa 42       		.byte	0x42
 845 03fb 1C       		.uleb128 0x1c
 846 03fc 7B010000 		.4byte	.LASF41
 847 0400 7B010000 		.4byte	.LASF41
 848 0404 0A       		.byte	0xa
 849 0405 54       		.byte	0x54
 850 0406 1C       		.uleb128 0x1c
 851 0407 00000000 		.4byte	.LASF42
 852 040b 00000000 		.4byte	.LASF42
 853 040f 0D       		.byte	0xd
 854 0410 18       		.byte	0x18
 855 0411 1C       		.uleb128 0x1c
 856 0412 08030000 		.4byte	.LASF43
 857 0416 08030000 		.4byte	.LASF43
 858 041a 0C       		.byte	0xc
 859 041b 48       		.byte	0x48
 860 041c 1C       		.uleb128 0x1c
 861 041d 53010000 		.4byte	.LASF44
 862 0421 53010000 		.4byte	.LASF44
 863 0425 0B       		.byte	0xb
 864 0426 3C       		.byte	0x3c
 865 0427 00       		.byte	0
 866              		.section	.debug_abbrev,"",%progbits
 867              	.Ldebug_abbrev0:
 868 0000 01       		.uleb128 0x1
 869 0001 11       		.uleb128 0x11
 870 0002 01       		.byte	0x1
ARM GAS  C:\Users\OLEKSA~1\AppData\Local\Temp\ccDGy0dH.s 			page 18


 871 0003 25       		.uleb128 0x25
 872 0004 0E       		.uleb128 0xe
 873 0005 13       		.uleb128 0x13
 874 0006 0B       		.uleb128 0xb
 875 0007 03       		.uleb128 0x3
 876 0008 0E       		.uleb128 0xe
 877 0009 1B       		.uleb128 0x1b
 878 000a 0E       		.uleb128 0xe
 879 000b 55       		.uleb128 0x55
 880 000c 17       		.uleb128 0x17
 881 000d 11       		.uleb128 0x11
 882 000e 01       		.uleb128 0x1
 883 000f 10       		.uleb128 0x10
 884 0010 17       		.uleb128 0x17
 885 0011 00       		.byte	0
 886 0012 00       		.byte	0
 887 0013 02       		.uleb128 0x2
 888 0014 24       		.uleb128 0x24
 889 0015 00       		.byte	0
 890 0016 0B       		.uleb128 0xb
 891 0017 0B       		.uleb128 0xb
 892 0018 3E       		.uleb128 0x3e
 893 0019 0B       		.uleb128 0xb
 894 001a 03       		.uleb128 0x3
 895 001b 0E       		.uleb128 0xe
 896 001c 00       		.byte	0
 897 001d 00       		.byte	0
 898 001e 03       		.uleb128 0x3
 899 001f 16       		.uleb128 0x16
 900 0020 00       		.byte	0
 901 0021 03       		.uleb128 0x3
 902 0022 0E       		.uleb128 0xe
 903 0023 3A       		.uleb128 0x3a
 904 0024 0B       		.uleb128 0xb
 905 0025 3B       		.uleb128 0x3b
 906 0026 0B       		.uleb128 0xb
 907 0027 49       		.uleb128 0x49
 908 0028 13       		.uleb128 0x13
 909 0029 00       		.byte	0
 910 002a 00       		.byte	0
 911 002b 04       		.uleb128 0x4
 912 002c 24       		.uleb128 0x24
 913 002d 00       		.byte	0
 914 002e 0B       		.uleb128 0xb
 915 002f 0B       		.uleb128 0xb
 916 0030 3E       		.uleb128 0x3e
 917 0031 0B       		.uleb128 0xb
 918 0032 03       		.uleb128 0x3
 919 0033 08       		.uleb128 0x8
 920 0034 00       		.byte	0
 921 0035 00       		.byte	0
 922 0036 05       		.uleb128 0x5
 923 0037 16       		.uleb128 0x16
 924 0038 00       		.byte	0
 925 0039 03       		.uleb128 0x3
 926 003a 0E       		.uleb128 0xe
 927 003b 3A       		.uleb128 0x3a
ARM GAS  C:\Users\OLEKSA~1\AppData\Local\Temp\ccDGy0dH.s 			page 19


 928 003c 0B       		.uleb128 0xb
 929 003d 3B       		.uleb128 0x3b
 930 003e 05       		.uleb128 0x5
 931 003f 49       		.uleb128 0x49
 932 0040 13       		.uleb128 0x13
 933 0041 00       		.byte	0
 934 0042 00       		.byte	0
 935 0043 06       		.uleb128 0x6
 936 0044 0F       		.uleb128 0xf
 937 0045 00       		.byte	0
 938 0046 0B       		.uleb128 0xb
 939 0047 0B       		.uleb128 0xb
 940 0048 49       		.uleb128 0x49
 941 0049 13       		.uleb128 0x13
 942 004a 00       		.byte	0
 943 004b 00       		.byte	0
 944 004c 07       		.uleb128 0x7
 945 004d 26       		.uleb128 0x26
 946 004e 00       		.byte	0
 947 004f 49       		.uleb128 0x49
 948 0050 13       		.uleb128 0x13
 949 0051 00       		.byte	0
 950 0052 00       		.byte	0
 951 0053 08       		.uleb128 0x8
 952 0054 2E       		.uleb128 0x2e
 953 0055 01       		.byte	0x1
 954 0056 3F       		.uleb128 0x3f
 955 0057 19       		.uleb128 0x19
 956 0058 03       		.uleb128 0x3
 957 0059 0E       		.uleb128 0xe
 958 005a 3A       		.uleb128 0x3a
 959 005b 0B       		.uleb128 0xb
 960 005c 3B       		.uleb128 0x3b
 961 005d 0B       		.uleb128 0xb
 962 005e 27       		.uleb128 0x27
 963 005f 19       		.uleb128 0x19
 964 0060 11       		.uleb128 0x11
 965 0061 01       		.uleb128 0x1
 966 0062 12       		.uleb128 0x12
 967 0063 06       		.uleb128 0x6
 968 0064 40       		.uleb128 0x40
 969 0065 18       		.uleb128 0x18
 970 0066 9742     		.uleb128 0x2117
 971 0068 19       		.uleb128 0x19
 972 0069 01       		.uleb128 0x1
 973 006a 13       		.uleb128 0x13
 974 006b 00       		.byte	0
 975 006c 00       		.byte	0
 976 006d 09       		.uleb128 0x9
 977 006e 05       		.uleb128 0x5
 978 006f 00       		.byte	0
 979 0070 03       		.uleb128 0x3
 980 0071 0E       		.uleb128 0xe
 981 0072 3A       		.uleb128 0x3a
 982 0073 0B       		.uleb128 0xb
 983 0074 3B       		.uleb128 0x3b
 984 0075 0B       		.uleb128 0xb
ARM GAS  C:\Users\OLEKSA~1\AppData\Local\Temp\ccDGy0dH.s 			page 20


 985 0076 49       		.uleb128 0x49
 986 0077 13       		.uleb128 0x13
 987 0078 02       		.uleb128 0x2
 988 0079 17       		.uleb128 0x17
 989 007a 00       		.byte	0
 990 007b 00       		.byte	0
 991 007c 0A       		.uleb128 0xa
 992 007d 898201   		.uleb128 0x4109
 993 0080 00       		.byte	0
 994 0081 11       		.uleb128 0x11
 995 0082 01       		.uleb128 0x1
 996 0083 31       		.uleb128 0x31
 997 0084 13       		.uleb128 0x13
 998 0085 00       		.byte	0
 999 0086 00       		.byte	0
 1000 0087 0B       		.uleb128 0xb
 1001 0088 898201   		.uleb128 0x4109
 1002 008b 01       		.byte	0x1
 1003 008c 11       		.uleb128 0x11
 1004 008d 01       		.uleb128 0x1
 1005 008e 31       		.uleb128 0x31
 1006 008f 13       		.uleb128 0x13
 1007 0090 01       		.uleb128 0x1
 1008 0091 13       		.uleb128 0x13
 1009 0092 00       		.byte	0
 1010 0093 00       		.byte	0
 1011 0094 0C       		.uleb128 0xc
 1012 0095 8A8201   		.uleb128 0x410a
 1013 0098 00       		.byte	0
 1014 0099 02       		.uleb128 0x2
 1015 009a 18       		.uleb128 0x18
 1016 009b 9142     		.uleb128 0x2111
 1017 009d 18       		.uleb128 0x18
 1018 009e 00       		.byte	0
 1019 009f 00       		.byte	0
 1020 00a0 0D       		.uleb128 0xd
 1021 00a1 898201   		.uleb128 0x4109
 1022 00a4 01       		.byte	0x1
 1023 00a5 11       		.uleb128 0x11
 1024 00a6 01       		.uleb128 0x1
 1025 00a7 31       		.uleb128 0x31
 1026 00a8 13       		.uleb128 0x13
 1027 00a9 00       		.byte	0
 1028 00aa 00       		.byte	0
 1029 00ab 0E       		.uleb128 0xe
 1030 00ac 0B       		.uleb128 0xb
 1031 00ad 01       		.byte	0x1
 1032 00ae 11       		.uleb128 0x11
 1033 00af 01       		.uleb128 0x1
 1034 00b0 12       		.uleb128 0x12
 1035 00b1 06       		.uleb128 0x6
 1036 00b2 00       		.byte	0
 1037 00b3 00       		.byte	0
 1038 00b4 0F       		.uleb128 0xf
 1039 00b5 2E       		.uleb128 0x2e
 1040 00b6 01       		.byte	0x1
 1041 00b7 3F       		.uleb128 0x3f
ARM GAS  C:\Users\OLEKSA~1\AppData\Local\Temp\ccDGy0dH.s 			page 21


 1042 00b8 19       		.uleb128 0x19
 1043 00b9 03       		.uleb128 0x3
 1044 00ba 0E       		.uleb128 0xe
 1045 00bb 3A       		.uleb128 0x3a
 1046 00bc 0B       		.uleb128 0xb
 1047 00bd 3B       		.uleb128 0x3b
 1048 00be 0B       		.uleb128 0xb
 1049 00bf 27       		.uleb128 0x27
 1050 00c0 19       		.uleb128 0x19
 1051 00c1 49       		.uleb128 0x49
 1052 00c2 13       		.uleb128 0x13
 1053 00c3 3C       		.uleb128 0x3c
 1054 00c4 19       		.uleb128 0x19
 1055 00c5 01       		.uleb128 0x1
 1056 00c6 13       		.uleb128 0x13
 1057 00c7 00       		.byte	0
 1058 00c8 00       		.byte	0
 1059 00c9 10       		.uleb128 0x10
 1060 00ca 05       		.uleb128 0x5
 1061 00cb 00       		.byte	0
 1062 00cc 49       		.uleb128 0x49
 1063 00cd 13       		.uleb128 0x13
 1064 00ce 00       		.byte	0
 1065 00cf 00       		.byte	0
 1066 00d0 11       		.uleb128 0x11
 1067 00d1 18       		.uleb128 0x18
 1068 00d2 00       		.byte	0
 1069 00d3 00       		.byte	0
 1070 00d4 00       		.byte	0
 1071 00d5 12       		.uleb128 0x12
 1072 00d6 34       		.uleb128 0x34
 1073 00d7 00       		.byte	0
 1074 00d8 03       		.uleb128 0x3
 1075 00d9 0E       		.uleb128 0xe
 1076 00da 3A       		.uleb128 0x3a
 1077 00db 0B       		.uleb128 0xb
 1078 00dc 3B       		.uleb128 0x3b
 1079 00dd 0B       		.uleb128 0xb
 1080 00de 49       		.uleb128 0x49
 1081 00df 13       		.uleb128 0x13
 1082 00e0 02       		.uleb128 0x2
 1083 00e1 18       		.uleb128 0x18
 1084 00e2 00       		.byte	0
 1085 00e3 00       		.byte	0
 1086 00e4 13       		.uleb128 0x13
 1087 00e5 2E       		.uleb128 0x2e
 1088 00e6 01       		.byte	0x1
 1089 00e7 03       		.uleb128 0x3
 1090 00e8 0E       		.uleb128 0xe
 1091 00e9 3A       		.uleb128 0x3a
 1092 00ea 0B       		.uleb128 0xb
 1093 00eb 3B       		.uleb128 0x3b
 1094 00ec 0B       		.uleb128 0xb
 1095 00ed 27       		.uleb128 0x27
 1096 00ee 19       		.uleb128 0x19
 1097 00ef 11       		.uleb128 0x11
 1098 00f0 01       		.uleb128 0x1
ARM GAS  C:\Users\OLEKSA~1\AppData\Local\Temp\ccDGy0dH.s 			page 22


 1099 00f1 12       		.uleb128 0x12
 1100 00f2 06       		.uleb128 0x6
 1101 00f3 40       		.uleb128 0x40
 1102 00f4 18       		.uleb128 0x18
 1103 00f5 9742     		.uleb128 0x2117
 1104 00f7 19       		.uleb128 0x19
 1105 00f8 01       		.uleb128 0x1
 1106 00f9 13       		.uleb128 0x13
 1107 00fa 00       		.byte	0
 1108 00fb 00       		.byte	0
 1109 00fc 14       		.uleb128 0x14
 1110 00fd 34       		.uleb128 0x34
 1111 00fe 00       		.byte	0
 1112 00ff 03       		.uleb128 0x3
 1113 0100 08       		.uleb128 0x8
 1114 0101 3A       		.uleb128 0x3a
 1115 0102 0B       		.uleb128 0xb
 1116 0103 3B       		.uleb128 0x3b
 1117 0104 0B       		.uleb128 0xb
 1118 0105 49       		.uleb128 0x49
 1119 0106 13       		.uleb128 0x13
 1120 0107 02       		.uleb128 0x2
 1121 0108 18       		.uleb128 0x18
 1122 0109 00       		.byte	0
 1123 010a 00       		.byte	0
 1124 010b 15       		.uleb128 0x15
 1125 010c 2E       		.uleb128 0x2e
 1126 010d 01       		.byte	0x1
 1127 010e 3F       		.uleb128 0x3f
 1128 010f 19       		.uleb128 0x19
 1129 0110 03       		.uleb128 0x3
 1130 0111 0E       		.uleb128 0xe
 1131 0112 3A       		.uleb128 0x3a
 1132 0113 0B       		.uleb128 0xb
 1133 0114 3B       		.uleb128 0x3b
 1134 0115 0B       		.uleb128 0xb
 1135 0116 27       		.uleb128 0x27
 1136 0117 19       		.uleb128 0x19
 1137 0118 49       		.uleb128 0x49
 1138 0119 13       		.uleb128 0x13
 1139 011a 8701     		.uleb128 0x87
 1140 011c 19       		.uleb128 0x19
 1141 011d 11       		.uleb128 0x11
 1142 011e 01       		.uleb128 0x1
 1143 011f 12       		.uleb128 0x12
 1144 0120 06       		.uleb128 0x6
 1145 0121 40       		.uleb128 0x40
 1146 0122 18       		.uleb128 0x18
 1147 0123 9742     		.uleb128 0x2117
 1148 0125 19       		.uleb128 0x19
 1149 0126 01       		.uleb128 0x1
 1150 0127 13       		.uleb128 0x13
 1151 0128 00       		.byte	0
 1152 0129 00       		.byte	0
 1153 012a 16       		.uleb128 0x16
 1154 012b 34       		.uleb128 0x34
 1155 012c 00       		.byte	0
ARM GAS  C:\Users\OLEKSA~1\AppData\Local\Temp\ccDGy0dH.s 			page 23


 1156 012d 03       		.uleb128 0x3
 1157 012e 0E       		.uleb128 0xe
 1158 012f 3A       		.uleb128 0x3a
 1159 0130 0B       		.uleb128 0xb
 1160 0131 3B       		.uleb128 0x3b
 1161 0132 05       		.uleb128 0x5
 1162 0133 49       		.uleb128 0x49
 1163 0134 13       		.uleb128 0x13
 1164 0135 3F       		.uleb128 0x3f
 1165 0136 19       		.uleb128 0x19
 1166 0137 3C       		.uleb128 0x3c
 1167 0138 19       		.uleb128 0x19
 1168 0139 00       		.byte	0
 1169 013a 00       		.byte	0
 1170 013b 17       		.uleb128 0x17
 1171 013c 35       		.uleb128 0x35
 1172 013d 00       		.byte	0
 1173 013e 49       		.uleb128 0x49
 1174 013f 13       		.uleb128 0x13
 1175 0140 00       		.byte	0
 1176 0141 00       		.byte	0
 1177 0142 18       		.uleb128 0x18
 1178 0143 34       		.uleb128 0x34
 1179 0144 00       		.byte	0
 1180 0145 03       		.uleb128 0x3
 1181 0146 0E       		.uleb128 0xe
 1182 0147 3A       		.uleb128 0x3a
 1183 0148 0B       		.uleb128 0xb
 1184 0149 3B       		.uleb128 0x3b
 1185 014a 0B       		.uleb128 0xb
 1186 014b 49       		.uleb128 0x49
 1187 014c 13       		.uleb128 0x13
 1188 014d 3F       		.uleb128 0x3f
 1189 014e 19       		.uleb128 0x19
 1190 014f 02       		.uleb128 0x2
 1191 0150 18       		.uleb128 0x18
 1192 0151 00       		.byte	0
 1193 0152 00       		.byte	0
 1194 0153 19       		.uleb128 0x19
 1195 0154 01       		.uleb128 0x1
 1196 0155 01       		.byte	0x1
 1197 0156 49       		.uleb128 0x49
 1198 0157 13       		.uleb128 0x13
 1199 0158 01       		.uleb128 0x1
 1200 0159 13       		.uleb128 0x13
 1201 015a 00       		.byte	0
 1202 015b 00       		.byte	0
 1203 015c 1A       		.uleb128 0x1a
 1204 015d 21       		.uleb128 0x21
 1205 015e 00       		.byte	0
 1206 015f 49       		.uleb128 0x49
 1207 0160 13       		.uleb128 0x13
 1208 0161 2F       		.uleb128 0x2f
 1209 0162 0B       		.uleb128 0xb
 1210 0163 00       		.byte	0
 1211 0164 00       		.byte	0
 1212 0165 1B       		.uleb128 0x1b
ARM GAS  C:\Users\OLEKSA~1\AppData\Local\Temp\ccDGy0dH.s 			page 24


 1213 0166 34       		.uleb128 0x34
 1214 0167 00       		.byte	0
 1215 0168 03       		.uleb128 0x3
 1216 0169 08       		.uleb128 0x8
 1217 016a 3A       		.uleb128 0x3a
 1218 016b 0B       		.uleb128 0xb
 1219 016c 3B       		.uleb128 0x3b
 1220 016d 0B       		.uleb128 0xb
 1221 016e 49       		.uleb128 0x49
 1222 016f 13       		.uleb128 0x13
 1223 0170 3F       		.uleb128 0x3f
 1224 0171 19       		.uleb128 0x19
 1225 0172 02       		.uleb128 0x2
 1226 0173 18       		.uleb128 0x18
 1227 0174 00       		.byte	0
 1228 0175 00       		.byte	0
 1229 0176 1C       		.uleb128 0x1c
 1230 0177 2E       		.uleb128 0x2e
 1231 0178 00       		.byte	0
 1232 0179 3F       		.uleb128 0x3f
 1233 017a 19       		.uleb128 0x19
 1234 017b 3C       		.uleb128 0x3c
 1235 017c 19       		.uleb128 0x19
 1236 017d 6E       		.uleb128 0x6e
 1237 017e 0E       		.uleb128 0xe
 1238 017f 03       		.uleb128 0x3
 1239 0180 0E       		.uleb128 0xe
 1240 0181 3A       		.uleb128 0x3a
 1241 0182 0B       		.uleb128 0xb
 1242 0183 3B       		.uleb128 0x3b
 1243 0184 0B       		.uleb128 0xb
 1244 0185 00       		.byte	0
 1245 0186 00       		.byte	0
 1246 0187 00       		.byte	0
 1247              		.section	.debug_loc,"",%progbits
 1248              	.Ldebug_loc0:
 1249              	.LLST0:
 1250 0000 00000000 		.4byte	.LVL0
 1251 0004 07000000 		.4byte	.LVL1-1
 1252 0008 0100     		.2byte	0x1
 1253 000a 50       		.byte	0x50
 1254 000b 07000000 		.4byte	.LVL1-1
 1255 000f 20000000 		.4byte	.LFE65
 1256 0013 0400     		.2byte	0x4
 1257 0015 F3       		.byte	0xf3
 1258 0016 01       		.uleb128 0x1
 1259 0017 50       		.byte	0x50
 1260 0018 9F       		.byte	0x9f
 1261 0019 00000000 		.4byte	0
 1262 001d 00000000 		.4byte	0
 1263              	.LLST1:
 1264 0021 00000000 		.4byte	.LVL5
 1265 0025 12000000 		.4byte	.LVL6
 1266 0029 0100     		.2byte	0x1
 1267 002b 50       		.byte	0x50
 1268 002c 12000000 		.4byte	.LVL6
 1269 0030 15000000 		.4byte	.LVL7-1
ARM GAS  C:\Users\OLEKSA~1\AppData\Local\Temp\ccDGy0dH.s 			page 25


 1270 0034 0100     		.2byte	0x1
 1271 0036 52       		.byte	0x52
 1272 0037 15000000 		.4byte	.LVL7-1
 1273 003b 2C000000 		.4byte	.LVL10
 1274 003f 0400     		.2byte	0x4
 1275 0041 F3       		.byte	0xf3
 1276 0042 01       		.uleb128 0x1
 1277 0043 50       		.byte	0x50
 1278 0044 9F       		.byte	0x9f
 1279 0045 2C000000 		.4byte	.LVL10
 1280 0049 40000000 		.4byte	.LFE66
 1281 004d 0100     		.2byte	0x1
 1282 004f 50       		.byte	0x50
 1283 0050 00000000 		.4byte	0
 1284 0054 00000000 		.4byte	0
 1285              		.section	.debug_aranges,"",%progbits
 1286 0000 3C000000 		.4byte	0x3c
 1287 0004 0200     		.2byte	0x2
 1288 0006 00000000 		.4byte	.Ldebug_info0
 1289 000a 04       		.byte	0x4
 1290 000b 00       		.byte	0
 1291 000c 0000     		.2byte	0
 1292 000e 0000     		.2byte	0
 1293 0010 00000000 		.4byte	.LFB65
 1294 0014 20000000 		.4byte	.LFE65-.LFB65
 1295 0018 00000000 		.4byte	.LFB66
 1296 001c 40000000 		.4byte	.LFE66-.LFB66
 1297 0020 00000000 		.4byte	.LFB63
 1298 0024 26000000 		.4byte	.LFE63-.LFB63
 1299 0028 00000000 		.4byte	.LFB64
 1300 002c 44000000 		.4byte	.LFE64-.LFB64
 1301 0030 00000000 		.4byte	.LFB67
 1302 0034 3C000000 		.4byte	.LFE67-.LFB67
 1303 0038 00000000 		.4byte	0
 1304 003c 00000000 		.4byte	0
 1305              		.section	.debug_ranges,"",%progbits
 1306              	.Ldebug_ranges0:
 1307 0000 00000000 		.4byte	.LFB65
 1308 0004 20000000 		.4byte	.LFE65
 1309 0008 00000000 		.4byte	.LFB66
 1310 000c 40000000 		.4byte	.LFE66
 1311 0010 00000000 		.4byte	.LFB63
 1312 0014 26000000 		.4byte	.LFE63
 1313 0018 00000000 		.4byte	.LFB64
 1314 001c 44000000 		.4byte	.LFE64
 1315 0020 00000000 		.4byte	.LFB67
 1316 0024 3C000000 		.4byte	.LFE67
 1317 0028 00000000 		.4byte	0
 1318 002c 00000000 		.4byte	0
 1319              		.section	.debug_line,"",%progbits
 1320              	.Ldebug_line0:
 1321 0000 2D020000 		.section	.debug_str,"MS",%progbits,1
 1321      0200BF01 
 1321      00000201 
 1321      FB0E0D00 
 1321      01010101 
 1322              	.LASF42:
ARM GAS  C:\Users\OLEKSA~1\AppData\Local\Temp\ccDGy0dH.s 			page 26


 1323 0000 6973725F 		.ascii	"isr_Filter_StartEx\000"
 1323      46696C74 
 1323      65725F53 
 1323      74617274 
 1323      457800
 1324              	.LASF28:
 1325 0013 696E7075 		.ascii	"input_signal\000"
 1325      745F7369 
 1325      676E616C 
 1325      00
 1326              	.LASF24:
 1327 0020 6461635F 		.ascii	"dac_out\000"
 1327      6F757400 
 1328              	.LASF22:
 1329 0028 76616C75 		.ascii	"value\000"
 1329      6500
 1330              	.LASF9:
 1331 002e 5F5F696E 		.ascii	"__int32_t\000"
 1331      7433325F 
 1331      7400
 1332              	.LASF3:
 1333 0038 73686F72 		.ascii	"short unsigned int\000"
 1333      7420756E 
 1333      7369676E 
 1333      65642069 
 1333      6E7400
 1334              	.LASF40:
 1335 004b 46696C74 		.ascii	"Filter_Write16\000"
 1335      65725F57 
 1335      72697465 
 1335      313600
 1336              	.LASF15:
 1337 005a 646F7562 		.ascii	"double\000"
 1337      6C6500
 1338              	.LASF39:
 1339 0061 53616D70 		.ascii	"SamplingTimer_ReadStatusRegister\000"
 1339      6C696E67 
 1339      54696D65 
 1339      725F5265 
 1339      61645374 
 1340              	.LASF37:
 1341 0082 46696C74 		.ascii	"Filter_Read16\000"
 1341      65725F52 
 1341      65616431 
 1341      3600
 1342              	.LASF14:
 1343 0090 666C6F61 		.ascii	"float\000"
 1343      7400
 1344              	.LASF33:
 1345 0096 69737253 		.ascii	"isrSampleTimer_Start\000"
 1345      616D706C 
 1345      6554696D 
 1345      65725F53 
 1345      74617274 
 1346              	.LASF45:
 1347 00ab 474E5520 		.ascii	"GNU C11 5.4.1 20160609 (release) [ARM/embedded-5-br"
 1347      43313120 
ARM GAS  C:\Users\OLEKSA~1\AppData\Local\Temp\ccDGy0dH.s 			page 27


 1347      352E342E 
 1347      31203230 
 1347      31363036 
 1348 00de 616E6368 		.ascii	"anch revision 237715] -mcpu=cortex-m3 -mthumb -g -O"
 1348      20726576 
 1348      6973696F 
 1348      6E203233 
 1348      37373135 
 1349 0111 67202D66 		.ascii	"g -ffunction-sections -ffat-lto-objects\000"
 1349      66756E63 
 1349      74696F6E 
 1349      2D736563 
 1349      74696F6E 
 1350              	.LASF32:
 1351 0139 53616D70 		.ascii	"SamplingTimer_WritePeriod\000"
 1351      6C696E67 
 1351      54696D65 
 1351      725F5772 
 1351      69746550 
 1352              	.LASF44:
 1353 0153 46696C74 		.ascii	"Filter_Start\000"
 1353      65725F53 
 1353      74617274 
 1353      00
 1354              	.LASF5:
 1355 0160 6C6F6E67 		.ascii	"long unsigned int\000"
 1355      20756E73 
 1355      69676E65 
 1355      6420696E 
 1355      7400
 1356              	.LASF20:
 1357 0172 73656E64 		.ascii	"sendUART\000"
 1357      55415254 
 1357      00
 1358              	.LASF41:
 1359 017b 55415254 		.ascii	"UART_Start\000"
 1359      5F537461 
 1359      727400
 1360              	.LASF34:
 1361 0186 69737253 		.ascii	"isrSampleTimer_SetVector\000"
 1361      616D706C 
 1361      6554696D 
 1361      65725F53 
 1361      65745665 
 1362              	.LASF26:
 1363 019f 49544D5F 		.ascii	"ITM_RxBuffer\000"
 1363      52784275 
 1363      66666572 
 1363      00
 1364              	.LASF31:
 1365 01ac 53616D70 		.ascii	"SamplingTimer_Start\000"
 1365      6C696E67 
 1365      54696D65 
 1365      725F5374 
 1365      61727400 
 1366              	.LASF1:
 1367 01c0 756E7369 		.ascii	"unsigned char\000"
ARM GAS  C:\Users\OLEKSA~1\AppData\Local\Temp\ccDGy0dH.s 			page 28


 1367      676E6564 
 1367      20636861 
 1367      7200
 1368              	.LASF2:
 1369 01ce 73686F72 		.ascii	"short int\000"
 1369      7420696E 
 1369      7400
 1370              	.LASF12:
 1371 01d8 75696E74 		.ascii	"uint16\000"
 1371      313600
 1372              	.LASF13:
 1373 01df 75696E74 		.ascii	"uint32\000"
 1373      333200
 1374              	.LASF49:
 1375 01e6 6D61696E 		.ascii	"main\000"
 1375      00
 1376              	.LASF8:
 1377 01eb 756E7369 		.ascii	"unsigned int\000"
 1377      676E6564 
 1377      20696E74 
 1377      00
 1378              	.LASF38:
 1379 01f8 44564441 		.ascii	"DVDAC_SetValue\000"
 1379      435F5365 
 1379      7456616C 
 1379      756500
 1380              	.LASF7:
 1381 0207 6C6F6E67 		.ascii	"long long unsigned int\000"
 1381      206C6F6E 
 1381      6720756E 
 1381      7369676E 
 1381      65642069 
 1382              	.LASF48:
 1383 021e 53616D70 		.ascii	"SampleTimerIsr\000"
 1383      6C655469 
 1383      6D657249 
 1383      737200
 1384              	.LASF35:
 1385 022d 73707269 		.ascii	"sprintf\000"
 1385      6E746600 
 1386              	.LASF0:
 1387 0235 7369676E 		.ascii	"signed char\000"
 1387      65642063 
 1387      68617200 
 1388              	.LASF29:
 1389 0241 6E756D62 		.ascii	"number\000"
 1389      657200
 1390              	.LASF10:
 1391 0248 696E7433 		.ascii	"int32_t\000"
 1391      325F7400 
 1392              	.LASF18:
 1393 0250 73697A65 		.ascii	"sizetype\000"
 1393      74797065 
 1393      00
 1394              	.LASF6:
 1395 0259 6C6F6E67 		.ascii	"long long int\000"
 1395      206C6F6E 
ARM GAS  C:\Users\OLEKSA~1\AppData\Local\Temp\ccDGy0dH.s 			page 29


 1395      6720696E 
 1395      7400
 1396              	.LASF27:
 1397 0267 494E5055 		.ascii	"INPUT_SIGNAL_SIZE\000"
 1397      545F5349 
 1397      474E414C 
 1397      5F53495A 
 1397      4500
 1398              	.LASF46:
 1399 0279 6D61696E 		.ascii	"main.c\000"
 1399      2E6300
 1400              	.LASF16:
 1401 0280 63686172 		.ascii	"char\000"
 1401      00
 1402              	.LASF30:
 1403 0285 636F756E 		.ascii	"count\000"
 1403      7400
 1404              	.LASF47:
 1405 028b 433A5C55 		.ascii	"C:\\Users\\oleksandr\\Desktop\\CourseworkPAZ\\DFB\\"
 1405      73657273 
 1405      5C6F6C65 
 1405      6B73616E 
 1405      64725C44 
 1406 02b8 4446425F 		.ascii	"DFB_project.cydsn\000"
 1406      70726F6A 
 1406      6563742E 
 1406      63796473 
 1406      6E00
 1407              	.LASF11:
 1408 02ca 75696E74 		.ascii	"uint8\000"
 1408      3800
 1409              	.LASF19:
 1410 02d0 496E6974 		.ascii	"InitTiming\000"
 1410      54696D69 
 1410      6E6700
 1411              	.LASF4:
 1412 02db 6C6F6E67 		.ascii	"long int\000"
 1412      20696E74 
 1412      00
 1413              	.LASF25:
 1414 02e4 73616D70 		.ascii	"sample_period_in_clocks\000"
 1414      6C655F70 
 1414      6572696F 
 1414      645F696E 
 1414      5F636C6F 
 1415              	.LASF17:
 1416 02fc 6C6F6E67 		.ascii	"long double\000"
 1416      20646F75 
 1416      626C6500 
 1417              	.LASF43:
 1418 0308 44564441 		.ascii	"DVDAC_Start\000"
 1418      435F5374 
 1418      61727400 
 1419              	.LASF21:
 1420 0314 73616D70 		.ascii	"sample_period\000"
 1420      6C655F70 
 1420      6572696F 
ARM GAS  C:\Users\OLEKSA~1\AppData\Local\Temp\ccDGy0dH.s 			page 30


 1420      6400
 1421              	.LASF36:
 1422 0322 55415254 		.ascii	"UART_PutString\000"
 1422      5F507574 
 1422      53747269 
 1422      6E6700
 1423              	.LASF23:
 1424 0331 46696C74 		.ascii	"Filter_Isr\000"
 1424      65725F49 
 1424      737200
 1425              		.ident	"GCC: (GNU Tools for ARM Embedded Processors) 5.4.1 20160609 (release) [ARM/embedded-5-bran
