ARM GAS  C:\Users\slavi\AppData\Local\Temp\ccUOkhUh.s 			page 1


   1              		.syntax unified
   2              		.cpu cortex-m3
   3              		.fpu softvfp
   4              		.eabi_attribute 20, 1
   5              		.eabi_attribute 21, 1
   6              		.eabi_attribute 23, 3
   7              		.eabi_attribute 24, 1
   8              		.eabi_attribute 25, 1
   9              		.eabi_attribute 26, 1
  10              		.eabi_attribute 30, 1
  11              		.eabi_attribute 34, 1
  12              		.eabi_attribute 18, 4
  13              		.thumb
  14              		.syntax unified
  15              		.file	"cymetadata.c"
  16              		.text
  17              	.Ltext0:
  18              		.cfi_sections	.debug_frame
  19              		.global	cy_metadata
  20              		.global	cy_meta_flashprotect
  21              		.global	cy_meta_wonvl
  22              		.global	cy_meta_custnvl
  23              		.global	cy_meta_configecc
  24              		.section	.cyconfigecc,"a",%progbits
  25              		.align	2
  26              		.type	cy_meta_configecc, %object
  27              		.size	cy_meta_configecc, 1072
  28              	cy_meta_configecc:
  29 0000 02       		.byte	2
  30 0001 4F       		.byte	79
  31 0002 00       		.byte	0
  32 0003 40       		.byte	64
  33 0004 02       		.byte	2
  34 0005 52       		.byte	82
  35 0006 00       		.byte	0
  36 0007 40       		.byte	64
  37 0008 01       		.byte	1
  38 0009 5A       		.byte	90
  39 000a 00       		.byte	0
  40 000b 40       		.byte	64
  41 000c 01       		.byte	1
  42 000d 64       		.byte	100
  43 000e 00       		.byte	0
  44 000f 40       		.byte	64
  45 0010 02       		.byte	2
  46 0011 65       		.byte	101
  47 0012 00       		.byte	0
  48 0013 40       		.byte	64
  49 0014 5A       		.byte	90
  50 0015 08       		.byte	8
  51 0016 01       		.byte	1
  52 0017 40       		.byte	64
  53 0018 35       		.byte	53
  54 0019 09       		.byte	9
  55 001a 01       		.byte	1
  56 001b 40       		.byte	64
  57 001c 01       		.byte	1
ARM GAS  C:\Users\slavi\AppData\Local\Temp\ccUOkhUh.s 			page 2


  58 001d 15       		.byte	21
  59 001e 01       		.byte	1
  60 001f 40       		.byte	64
  61 0020 03       		.byte	3
  62 0021 17       		.byte	23
  63 0022 01       		.byte	1
  64 0023 40       		.byte	64
  65 0024 4F       		.byte	79
  66 0025 18       		.byte	24
  67 0026 01       		.byte	1
  68 0027 40       		.byte	64
  69 0028 47       		.byte	71
  70 0029 19       		.byte	25
  71 002a 01       		.byte	1
  72 002b 40       		.byte	64
  73 002c 42       		.byte	66
  74 002d 1A       		.byte	26
  75 002e 01       		.byte	1
  76 002f 40       		.byte	64
  77 0030 40       		.byte	64
  78 0031 1B       		.byte	27
  79 0032 01       		.byte	1
  80 0033 40       		.byte	64
  81 0034 05       		.byte	5
  82 0035 40       		.byte	64
  83 0036 01       		.byte	1
  84 0037 40       		.byte	64
  85 0038 02       		.byte	2
  86 0039 41       		.byte	65
  87 003a 01       		.byte	1
  88 003b 40       		.byte	64
  89 003c 02       		.byte	2
  90 003d 42       		.byte	66
  91 003e 01       		.byte	1
  92 003f 40       		.byte	64
  93 0040 02       		.byte	2
  94 0041 43       		.byte	67
  95 0042 01       		.byte	1
  96 0043 40       		.byte	64
  97 0044 02       		.byte	2
  98 0045 47       		.byte	71
  99 0046 01       		.byte	1
 100 0047 40       		.byte	64
 101 0048 09       		.byte	9
 102 0049 48       		.byte	72
 103 004a 01       		.byte	1
 104 004b 40       		.byte	64
 105 004c 02       		.byte	2
 106 004d 49       		.byte	73
 107 004e 01       		.byte	1
 108 004f 40       		.byte	64
 109 0050 01       		.byte	1
 110 0051 4C       		.byte	76
 111 0052 01       		.byte	1
 112 0053 40       		.byte	64
 113 0054 07       		.byte	7
 114 0055 4D       		.byte	77
ARM GAS  C:\Users\slavi\AppData\Local\Temp\ccUOkhUh.s 			page 3


 115 0056 01       		.byte	1
 116 0057 40       		.byte	64
 117 0058 04       		.byte	4
 118 0059 50       		.byte	80
 119 005a 01       		.byte	1
 120 005b 40       		.byte	64
 121 005c 02       		.byte	2
 122 005d 51       		.byte	81
 123 005e 01       		.byte	1
 124 005f 40       		.byte	64
 125 0060 01       		.byte	1
 126 0061 80       		.byte	-128
 127 0062 0A       		.byte	10
 128 0063 36       		.byte	54
 129 0064 61       		.byte	97
 130 0065 80       		.byte	-128
 131 0066 64       		.byte	100
 132 0067 40       		.byte	64
 133 0068 9F       		.byte	-97
 134 0069 01       		.byte	1
 135 006a 88       		.byte	-120
 136 006b 0F       		.byte	15
 137 006c 88       		.byte	-120
 138 006d 72       		.byte	114
 139 006e 8B       		.byte	-117
 140 006f 38       		.byte	56
 141 0070 00       		.byte	0
 142 0071 01       		.byte	1
 143 0072 06       		.byte	6
 144 0073 01       		.byte	1
 145 0074 08       		.byte	8
 146 0075 02       		.byte	2
 147 0076 0D       		.byte	13
 148 0077 10       		.byte	16
 149 0078 14       		.byte	20
 150 0079 01       		.byte	1
 151 007a 15       		.byte	21
 152 007b 02       		.byte	2
 153 007c 17       		.byte	23
 154 007d 09       		.byte	9
 155 007e 1B       		.byte	27
 156 007f 04       		.byte	4
 157 0080 22       		.byte	34
 158 0081 01       		.byte	1
 159 0082 25       		.byte	37
 160 0083 13       		.byte	19
 161 0084 29       		.byte	41
 162 0085 13       		.byte	19
 163 0086 2A       		.byte	42
 164 0087 01       		.byte	1
 165 0088 2D       		.byte	45
 166 0089 01       		.byte	1
 167 008a 2F       		.byte	47
 168 008b 0A       		.byte	10
 169 008c 30       		.byte	48
 170 008d 01       		.byte	1
 171 008e 33       		.byte	51
ARM GAS  C:\Users\slavi\AppData\Local\Temp\ccUOkhUh.s 			page 4


 172 008f 03       		.byte	3
 173 0090 34       		.byte	52
 174 0091 02       		.byte	2
 175 0092 35       		.byte	53
 176 0093 0C       		.byte	12
 177 0094 37       		.byte	55
 178 0095 10       		.byte	16
 179 0096 3E       		.byte	62
 180 0097 11       		.byte	17
 181 0098 3F       		.byte	63
 182 0099 10       		.byte	16
 183 009a 40       		.byte	64
 184 009b 46       		.byte	70
 185 009c 41       		.byte	65
 186 009d 03       		.byte	3
 187 009e 46       		.byte	70
 188 009f BC       		.byte	-68
 189 00a0 47       		.byte	71
 190 00a1 0E       		.byte	14
 191 00a2 48       		.byte	72
 192 00a3 1C       		.byte	28
 193 00a4 49       		.byte	73
 194 00a5 FF       		.byte	-1
 195 00a6 4A       		.byte	74
 196 00a7 FF       		.byte	-1
 197 00a8 4B       		.byte	75
 198 00a9 FF       		.byte	-1
 199 00aa 4E       		.byte	78
 200 00ab F0       		.byte	-16
 201 00ac 4F       		.byte	79
 202 00ad 44       		.byte	68
 203 00ae 50       		.byte	80
 204 00af 0C       		.byte	12
 205 00b0 54       		.byte	84
 206 00b1 01       		.byte	1
 207 00b2 56       		.byte	86
 208 00b3 04       		.byte	4
 209 00b4 58       		.byte	88
 210 00b5 04       		.byte	4
 211 00b6 59       		.byte	89
 212 00b7 04       		.byte	4
 213 00b8 5A       		.byte	90
 214 00b9 04       		.byte	4
 215 00ba 5B       		.byte	91
 216 00bb 04       		.byte	4
 217 00bc 5F       		.byte	95
 218 00bd 01       		.byte	1
 219 00be 66       		.byte	102
 220 00bf C0       		.byte	-64
 221 00c0 6A       		.byte	106
 222 00c1 40       		.byte	64
 223 00c2 6B       		.byte	107
 224 00c3 02       		.byte	2
 225 00c4 80       		.byte	-128
 226 00c5 0C       		.byte	12
 227 00c6 82       		.byte	-126
 228 00c7 10       		.byte	16
ARM GAS  C:\Users\slavi\AppData\Local\Temp\ccUOkhUh.s 			page 5


 229 00c8 86       		.byte	-122
 230 00c9 20       		.byte	32
 231 00ca 87       		.byte	-121
 232 00cb 13       		.byte	19
 233 00cc 94       		.byte	-108
 234 00cd 0D       		.byte	13
 235 00ce 95       		.byte	-107
 236 00cf 31       		.byte	49
 237 00d0 96       		.byte	-106
 238 00d1 10       		.byte	16
 239 00d2 97       		.byte	-105
 240 00d3 0E       		.byte	14
 241 00d4 99       		.byte	-103
 242 00d5 6C       		.byte	108
 243 00d6 9B       		.byte	-101
 244 00d7 03       		.byte	3
 245 00d8 9C       		.byte	-100
 246 00d9 0D       		.byte	13
 247 00da 9E       		.byte	-98
 248 00db 30       		.byte	48
 249 00dc 9F       		.byte	-97
 250 00dd 08       		.byte	8
 251 00de A1       		.byte	-95
 252 00df 31       		.byte	49
 253 00e0 A3       		.byte	-93
 254 00e1 46       		.byte	70
 255 00e2 A4       		.byte	-92
 256 00e3 28       		.byte	40
 257 00e4 A6       		.byte	-90
 258 00e5 11       		.byte	17
 259 00e6 A8       		.byte	-88
 260 00e7 02       		.byte	2
 261 00e8 AA       		.byte	-86
 262 00e9 14       		.byte	20
 263 00ea AB       		.byte	-85
 264 00eb 4C       		.byte	76
 265 00ec B0       		.byte	-80
 266 00ed 3C       		.byte	60
 267 00ee B1       		.byte	-79
 268 00ef 30       		.byte	48
 269 00f0 B3       		.byte	-77
 270 00f1 4A       		.byte	74
 271 00f2 B4       		.byte	-76
 272 00f3 03       		.byte	3
 273 00f4 B5       		.byte	-75
 274 00f5 0F       		.byte	15
 275 00f6 B8       		.byte	-72
 276 00f7 20       		.byte	32
 277 00f8 B9       		.byte	-71
 278 00f9 02       		.byte	2
 279 00fa BA       		.byte	-70
 280 00fb 02       		.byte	2
 281 00fc BB       		.byte	-69
 282 00fd 28       		.byte	40
 283 00fe BF       		.byte	-65
 284 00ff 01       		.byte	1
 285 0100 C0       		.byte	-64
ARM GAS  C:\Users\slavi\AppData\Local\Temp\ccUOkhUh.s 			page 6


 286 0101 04       		.byte	4
 287 0102 C5       		.byte	-59
 288 0103 40       		.byte	64
 289 0104 C9       		.byte	-55
 290 0105 FF       		.byte	-1
 291 0106 CA       		.byte	-54
 292 0107 07       		.byte	7
 293 0108 CB       		.byte	-53
 294 0109 FF       		.byte	-1
 295 010a CC       		.byte	-52
 296 010b 40       		.byte	64
 297 010c CD       		.byte	-51
 298 010d 20       		.byte	32
 299 010e CE       		.byte	-50
 300 010f F0       		.byte	-16
 301 0110 CF       		.byte	-49
 302 0111 05       		.byte	5
 303 0112 D0       		.byte	-48
 304 0113 08       		.byte	8
 305 0114 D8       		.byte	-40
 306 0115 04       		.byte	4
 307 0116 D9       		.byte	-39
 308 0117 04       		.byte	4
 309 0118 DA       		.byte	-38
 310 0119 04       		.byte	4
 311 011a DF       		.byte	-33
 312 011b 01       		.byte	1
 313 011c E0       		.byte	-32
 314 011d 40       		.byte	64
 315 011e E1       		.byte	-31
 316 011f A8       		.byte	-88
 317 0120 E2       		.byte	-30
 318 0121 40       		.byte	64
 319 0122 E3       		.byte	-29
 320 0123 20       		.byte	32
 321 0124 00       		.byte	0
 322 0125 04       		.byte	4
 323 0126 02       		.byte	2
 324 0127 40       		.byte	64
 325 0128 04       		.byte	4
 326 0129 08       		.byte	8
 327 012a 05       		.byte	5
 328 012b 01       		.byte	1
 329 012c 06       		.byte	6
 330 012d 04       		.byte	4
 331 012e 08       		.byte	8
 332 012f 80       		.byte	-128
 333 0130 09       		.byte	9
 334 0131 08       		.byte	8
 335 0132 0D       		.byte	13
 336 0133 08       		.byte	8
 337 0134 10       		.byte	16
 338 0135 08       		.byte	8
 339 0136 13       		.byte	19
 340 0137 04       		.byte	4
 341 0138 15       		.byte	21
 342 0139 20       		.byte	32
ARM GAS  C:\Users\slavi\AppData\Local\Temp\ccUOkhUh.s 			page 7


 343 013a 16       		.byte	22
 344 013b 40       		.byte	64
 345 013c 18       		.byte	24
 346 013d 04       		.byte	4
 347 013e 19       		.byte	25
 348 013f 11       		.byte	17
 349 0140 1E       		.byte	30
 350 0141 88       		.byte	-120
 351 0142 20       		.byte	32
 352 0143 40       		.byte	64
 353 0144 21       		.byte	33
 354 0145 18       		.byte	24
 355 0146 22       		.byte	34
 356 0147 10       		.byte	16
 357 0148 23       		.byte	35
 358 0149 04       		.byte	4
 359 014a 26       		.byte	38
 360 014b 08       		.byte	8
 361 014c 27       		.byte	39
 362 014d 09       		.byte	9
 363 014e 28       		.byte	40
 364 014f 80       		.byte	-128
 365 0150 29       		.byte	41
 366 0151 11       		.byte	17
 367 0152 2D       		.byte	45
 368 0153 80       		.byte	-128
 369 0154 2F       		.byte	47
 370 0155 28       		.byte	40
 371 0156 31       		.byte	49
 372 0157 08       		.byte	8
 373 0158 32       		.byte	50
 374 0159 90       		.byte	-112
 375 015a 36       		.byte	54
 376 015b 08       		.byte	8
 377 015c 37       		.byte	55
 378 015d 10       		.byte	16
 379 015e 38       		.byte	56
 380 015f 08       		.byte	8
 381 0160 3D       		.byte	61
 382 0161 40       		.byte	64
 383 0162 40       		.byte	64
 384 0163 40       		.byte	64
 385 0164 44       		.byte	68
 386 0165 80       		.byte	-128
 387 0166 45       		.byte	69
 388 0167 08       		.byte	8
 389 0168 48       		.byte	72
 390 0169 40       		.byte	64
 391 016a 4A       		.byte	74
 392 016b 80       		.byte	-128
 393 016c 4C       		.byte	76
 394 016d 04       		.byte	4
 395 016e 50       		.byte	80
 396 016f 0C       		.byte	12
 397 0170 55       		.byte	85
 398 0171 10       		.byte	16
 399 0172 56       		.byte	86
ARM GAS  C:\Users\slavi\AppData\Local\Temp\ccUOkhUh.s 			page 8


 400 0173 44       		.byte	68
 401 0174 5E       		.byte	94
 402 0175 88       		.byte	-120
 403 0176 5F       		.byte	95
 404 0177 11       		.byte	17
 405 0178 64       		.byte	100
 406 0179 40       		.byte	64
 407 017a C0       		.byte	-64
 408 017b 7C       		.byte	124
 409 017c C2       		.byte	-62
 410 017d 25       		.byte	37
 411 017e C4       		.byte	-60
 412 017f 56       		.byte	86
 413 0180 CA       		.byte	-54
 414 0181 75       		.byte	117
 415 0182 CC       		.byte	-52
 416 0183 6E       		.byte	110
 417 0184 CE       		.byte	-50
 418 0185 12       		.byte	18
 419 0186 D0       		.byte	-48
 420 0187 C1       		.byte	-63
 421 0188 D2       		.byte	-46
 422 0189 20       		.byte	32
 423 018a D6       		.byte	-42
 424 018b F0       		.byte	-16
 425 018c D8       		.byte	-40
 426 018d 80       		.byte	-128
 427 018e E2       		.byte	-30
 428 018f 40       		.byte	64
 429 0190 E6       		.byte	-26
 430 0191 40       		.byte	64
 431 0192 E8       		.byte	-24
 432 0193 02       		.byte	2
 433 0194 EA       		.byte	-22
 434 0195 80       		.byte	-128
 435 0196 04       		.byte	4
 436 0197 01       		.byte	1
 437 0198 05       		.byte	5
 438 0199 02       		.byte	2
 439 019a 08       		.byte	8
 440 019b 01       		.byte	1
 441 019c 09       		.byte	9
 442 019d 01       		.byte	1
 443 019e 0B       		.byte	11
 444 019f 06       		.byte	6
 445 01a0 0D       		.byte	13
 446 01a1 07       		.byte	7
 447 01a2 10       		.byte	16
 448 01a3 01       		.byte	1
 449 01a4 13       		.byte	19
 450 01a5 01       		.byte	1
 451 01a6 19       		.byte	25
 452 01a7 06       		.byte	6
 453 01a8 1D       		.byte	29
 454 01a9 07       		.byte	7
 455 01aa 21       		.byte	33
 456 01ab 04       		.byte	4
ARM GAS  C:\Users\slavi\AppData\Local\Temp\ccUOkhUh.s 			page 9


 457 01ac 25       		.byte	37
 458 01ad 06       		.byte	6
 459 01ae 27       		.byte	39
 460 01af 01       		.byte	1
 461 01b0 2C       		.byte	44
 462 01b1 01       		.byte	1
 463 01b2 30       		.byte	48
 464 01b3 01       		.byte	1
 465 01b4 35       		.byte	53
 466 01b5 07       		.byte	7
 467 01b6 3E       		.byte	62
 468 01b7 01       		.byte	1
 469 01b8 40       		.byte	64
 470 01b9 64       		.byte	100
 471 01ba 41       		.byte	65
 472 01bb 05       		.byte	5
 473 01bc 42       		.byte	66
 474 01bd 02       		.byte	2
 475 01be 44       		.byte	68
 476 01bf 03       		.byte	3
 477 01c0 45       		.byte	69
 478 01c1 0E       		.byte	14
 479 01c2 47       		.byte	71
 480 01c3 C0       		.byte	-64
 481 01c4 48       		.byte	72
 482 01c5 21       		.byte	33
 483 01c6 49       		.byte	73
 484 01c7 FF       		.byte	-1
 485 01c8 4A       		.byte	74
 486 01c9 FF       		.byte	-1
 487 01ca 4B       		.byte	75
 488 01cb FF       		.byte	-1
 489 01cc 4C       		.byte	76
 490 01cd 62       		.byte	98
 491 01ce 4D       		.byte	77
 492 01cf A0       		.byte	-96
 493 01d0 4E       		.byte	78
 494 01d1 F0       		.byte	-16
 495 01d2 4F       		.byte	79
 496 01d3 41       		.byte	65
 497 01d4 50       		.byte	80
 498 01d5 0C       		.byte	12
 499 01d6 56       		.byte	86
 500 01d7 02       		.byte	2
 501 01d8 57       		.byte	87
 502 01d9 10       		.byte	16
 503 01da 58       		.byte	88
 504 01db 04       		.byte	4
 505 01dc 59       		.byte	89
 506 01dd 04       		.byte	4
 507 01de 5A       		.byte	90
 508 01df 04       		.byte	4
 509 01e0 5B       		.byte	91
 510 01e1 04       		.byte	4
 511 01e2 5F       		.byte	95
 512 01e3 01       		.byte	1
 513 01e4 66       		.byte	102
ARM GAS  C:\Users\slavi\AppData\Local\Temp\ccUOkhUh.s 			page 10


 514 01e5 40       		.byte	64
 515 01e6 67       		.byte	103
 516 01e7 02       		.byte	2
 517 01e8 69       		.byte	105
 518 01e9 10       		.byte	16
 519 01ea 6A       		.byte	106
 520 01eb 30       		.byte	48
 521 01ec 6B       		.byte	107
 522 01ed 10       		.byte	16
 523 01ee 6D       		.byte	109
 524 01ef 10       		.byte	16
 525 01f0 6E       		.byte	110
 526 01f1 10       		.byte	16
 527 01f2 6F       		.byte	111
 528 01f3 12       		.byte	18
 529 01f4 81       		.byte	-127
 530 01f5 20       		.byte	32
 531 01f6 82       		.byte	-126
 532 01f7 03       		.byte	3
 533 01f8 84       		.byte	-124
 534 01f9 09       		.byte	9
 535 01fa 85       		.byte	-123
 536 01fb 10       		.byte	16
 537 01fc 86       		.byte	-122
 538 01fd 10       		.byte	16
 539 01fe 89       		.byte	-119
 540 01ff 30       		.byte	48
 541 0200 8C       		.byte	-116
 542 0201 10       		.byte	16
 543 0202 8F       		.byte	-113
 544 0203 06       		.byte	6
 545 0204 93       		.byte	-109
 546 0205 08       		.byte	8
 547 0206 94       		.byte	-108
 548 0207 0C       		.byte	12
 549 0208 95       		.byte	-107
 550 0209 0E       		.byte	14
 551 020a 96       		.byte	-106
 552 020b 11       		.byte	17
 553 020c 97       		.byte	-105
 554 020d 30       		.byte	48
 555 020e 99       		.byte	-103
 556 020f 38       		.byte	56
 557 0210 9B       		.byte	-101
 558 0211 02       		.byte	2
 559 0212 9C       		.byte	-100
 560 0213 10       		.byte	16
 561 0214 9D       		.byte	-99
 562 0215 38       		.byte	56
 563 0216 9E       		.byte	-98
 564 0217 0C       		.byte	12
 565 0218 9F       		.byte	-97
 566 0219 04       		.byte	4
 567 021a A1       		.byte	-95
 568 021b 3E       		.byte	62
 569 021c A4       		.byte	-92
 570 021d 1C       		.byte	28
ARM GAS  C:\Users\slavi\AppData\Local\Temp\ccUOkhUh.s 			page 11


 571 021e A6       		.byte	-90
 572 021f 02       		.byte	2
 573 0220 A8       		.byte	-88
 574 0221 14       		.byte	20
 575 0222 AD       		.byte	-83
 576 0223 08       		.byte	8
 577 0224 AF       		.byte	-81
 578 0225 01       		.byte	1
 579 0226 B1       		.byte	-79
 580 0227 01       		.byte	1
 581 0228 B6       		.byte	-74
 582 0229 1F       		.byte	31
 583 022a B7       		.byte	-73
 584 022b 3E       		.byte	62
 585 022c BB       		.byte	-69
 586 022d 80       		.byte	-128
 587 022e D8       		.byte	-40
 588 022f 04       		.byte	4
 589 0230 D9       		.byte	-39
 590 0231 04       		.byte	4
 591 0232 DF       		.byte	-33
 592 0233 01       		.byte	1
 593 0234 00       		.byte	0
 594 0235 85       		.byte	-123
 595 0236 04       		.byte	4
 596 0237 08       		.byte	8
 597 0238 05       		.byte	5
 598 0239 10       		.byte	16
 599 023a 08       		.byte	8
 600 023b 80       		.byte	-128
 601 023c 09       		.byte	9
 602 023d 08       		.byte	8
 603 023e 0E       		.byte	14
 604 023f 40       		.byte	64
 605 0240 0F       		.byte	15
 606 0241 40       		.byte	64
 607 0242 11       		.byte	17
 608 0243 20       		.byte	32
 609 0244 13       		.byte	19
 610 0245 04       		.byte	4
 611 0246 15       		.byte	21
 612 0247 80       		.byte	-128
 613 0248 17       		.byte	23
 614 0249 40       		.byte	64
 615 024a 18       		.byte	24
 616 024b 01       		.byte	1
 617 024c 1E       		.byte	30
 618 024d 80       		.byte	-128
 619 024e 21       		.byte	33
 620 024f 40       		.byte	64
 621 0250 22       		.byte	34
 622 0251 01       		.byte	1
 623 0252 25       		.byte	37
 624 0253 20       		.byte	32
 625 0254 26       		.byte	38
 626 0255 10       		.byte	16
 627 0256 29       		.byte	41
ARM GAS  C:\Users\slavi\AppData\Local\Temp\ccUOkhUh.s 			page 12


 628 0257 80       		.byte	-128
 629 0258 2B       		.byte	43
 630 0259 40       		.byte	64
 631 025a 2C       		.byte	44
 632 025b 90       		.byte	-112
 633 025c 30       		.byte	48
 634 025d 10       		.byte	16
 635 025e 31       		.byte	49
 636 025f 10       		.byte	16
 637 0260 32       		.byte	50
 638 0261 05       		.byte	5
 639 0262 33       		.byte	51
 640 0263 40       		.byte	64
 641 0264 37       		.byte	55
 642 0265 61       		.byte	97
 643 0266 3A       		.byte	58
 644 0267 55       		.byte	85
 645 0268 3E       		.byte	62
 646 0269 48       		.byte	72
 647 026a 3F       		.byte	63
 648 026b 90       		.byte	-112
 649 026c 45       		.byte	69
 650 026d 20       		.byte	32
 651 026e 46       		.byte	70
 652 026f 40       		.byte	64
 653 0270 47       		.byte	71
 654 0271 09       		.byte	9
 655 0272 4C       		.byte	76
 656 0273 14       		.byte	20
 657 0274 4E       		.byte	78
 658 0275 04       		.byte	4
 659 0276 4F       		.byte	79
 660 0277 50       		.byte	80
 661 0278 56       		.byte	86
 662 0279 02       		.byte	2
 663 027a 5E       		.byte	94
 664 027b 80       		.byte	-128
 665 027c 6D       		.byte	109
 666 027d 40       		.byte	64
 667 027e 6E       		.byte	110
 668 027f 14       		.byte	20
 669 0280 6F       		.byte	111
 670 0281 28       		.byte	40
 671 0282 74       		.byte	116
 672 0283 A0       		.byte	-96
 673 0284 76       		.byte	118
 674 0285 1D       		.byte	29
 675 0286 77       		.byte	119
 676 0287 20       		.byte	32
 677 0288 8D       		.byte	-115
 678 0289 01       		.byte	1
 679 028a 90       		.byte	-112
 680 028b 04       		.byte	4
 681 028c 93       		.byte	-109
 682 028d 04       		.byte	4
 683 028e 95       		.byte	-107
 684 028f 40       		.byte	64
ARM GAS  C:\Users\slavi\AppData\Local\Temp\ccUOkhUh.s 			page 13


 685 0290 98       		.byte	-104
 686 0291 80       		.byte	-128
 687 0292 9B       		.byte	-101
 688 0293 09       		.byte	9
 689 0294 9D       		.byte	-99
 690 0295 80       		.byte	-128
 691 0296 9F       		.byte	-97
 692 0297 10       		.byte	16
 693 0298 A0       		.byte	-96
 694 0299 40       		.byte	64
 695 029a A1       		.byte	-95
 696 029b 18       		.byte	24
 697 029c A2       		.byte	-94
 698 029d 08       		.byte	8
 699 029e A7       		.byte	-89
 700 029f 28       		.byte	40
 701 02a0 AA       		.byte	-86
 702 02a1 04       		.byte	4
 703 02a2 AB       		.byte	-85
 704 02a3 01       		.byte	1
 705 02a4 B0       		.byte	-80
 706 02a5 40       		.byte	64
 707 02a6 B2       		.byte	-78
 708 02a7 40       		.byte	64
 709 02a8 B3       		.byte	-77
 710 02a9 10       		.byte	16
 711 02aa C0       		.byte	-64
 712 02ab 6D       		.byte	109
 713 02ac C2       		.byte	-62
 714 02ad 15       		.byte	21
 715 02ae C4       		.byte	-60
 716 02af 86       		.byte	-122
 717 02b0 CA       		.byte	-54
 718 02b1 C9       		.byte	-55
 719 02b2 CC       		.byte	-52
 720 02b3 BF       		.byte	-65
 721 02b4 CE       		.byte	-50
 722 02b5 7F       		.byte	127
 723 02b6 D0       		.byte	-48
 724 02b7 E0       		.byte	-32
 725 02b8 D2       		.byte	-46
 726 02b9 30       		.byte	48
 727 02ba D6       		.byte	-42
 728 02bb 10       		.byte	16
 729 02bc E6       		.byte	-26
 730 02bd 40       		.byte	64
 731 02be E8       		.byte	-24
 732 02bf 02       		.byte	2
 733 02c0 EA       		.byte	-22
 734 02c1 80       		.byte	-128
 735 02c2 00       		.byte	0
 736 02c3 0C       		.byte	12
 737 02c4 01       		.byte	1
 738 02c5 01       		.byte	1
 739 02c6 02       		.byte	2
 740 02c7 03       		.byte	3
 741 02c8 04       		.byte	4
ARM GAS  C:\Users\slavi\AppData\Local\Temp\ccUOkhUh.s 			page 14


 742 02c9 0F       		.byte	15
 743 02ca 08       		.byte	8
 744 02cb 02       		.byte	2
 745 02cc 0C       		.byte	12
 746 02cd 01       		.byte	1
 747 02ce 10       		.byte	16
 748 02cf 0F       		.byte	15
 749 02d0 14       		.byte	20
 750 02d1 03       		.byte	3
 751 02d2 18       		.byte	24
 752 02d3 03       		.byte	3
 753 02d4 1A       		.byte	26
 754 02d5 0C       		.byte	12
 755 02d6 1E       		.byte	30
 756 02d7 03       		.byte	3
 757 02d8 20       		.byte	32
 758 02d9 08       		.byte	8
 759 02da 24       		.byte	36
 760 02db 04       		.byte	4
 761 02dc 28       		.byte	40
 762 02dd 0C       		.byte	12
 763 02de 33       		.byte	51
 764 02df 01       		.byte	1
 765 02e0 34       		.byte	52
 766 02e1 0F       		.byte	15
 767 02e2 38       		.byte	56
 768 02e3 08       		.byte	8
 769 02e4 3A       		.byte	58
 770 02e5 22       		.byte	34
 771 02e6 3E       		.byte	62
 772 02e7 04       		.byte	4
 773 02e8 3F       		.byte	63
 774 02e9 04       		.byte	4
 775 02ea 58       		.byte	88
 776 02eb 04       		.byte	4
 777 02ec 59       		.byte	89
 778 02ed 04       		.byte	4
 779 02ee 5F       		.byte	95
 780 02ef 01       		.byte	1
 781 02f0 80       		.byte	-128
 782 02f1 30       		.byte	48
 783 02f2 82       		.byte	-126
 784 02f3 09       		.byte	9
 785 02f4 84       		.byte	-124
 786 02f5 30       		.byte	48
 787 02f6 85       		.byte	-123
 788 02f7 1C       		.byte	28
 789 02f8 89       		.byte	-119
 790 02f9 1C       		.byte	28
 791 02fa 8A       		.byte	-118
 792 02fb 02       		.byte	2
 793 02fc 8C       		.byte	-116
 794 02fd 39       		.byte	57
 795 02fe 8D       		.byte	-115
 796 02ff 03       		.byte	3
 797 0300 92       		.byte	-110
 798 0301 02       		.byte	2
ARM GAS  C:\Users\slavi\AppData\Local\Temp\ccUOkhUh.s 			page 15


 799 0302 95       		.byte	-107
 800 0303 12       		.byte	18
 801 0304 96       		.byte	-106
 802 0305 04       		.byte	4
 803 0306 97       		.byte	-105
 804 0307 04       		.byte	4
 805 0308 98       		.byte	-104
 806 0309 30       		.byte	48
 807 030a 9A       		.byte	-102
 808 030b 09       		.byte	9
 809 030c 9B       		.byte	-101
 810 030d 03       		.byte	3
 811 030e 9C       		.byte	-100
 812 030f 20       		.byte	32
 813 0310 9F       		.byte	-97
 814 0311 03       		.byte	3
 815 0312 A2       		.byte	-94
 816 0313 08       		.byte	8
 817 0314 A3       		.byte	-93
 818 0315 03       		.byte	3
 819 0316 A4       		.byte	-92
 820 0317 10       		.byte	16
 821 0318 A5       		.byte	-91
 822 0319 03       		.byte	3
 823 031a A8       		.byte	-88
 824 031b 09       		.byte	9
 825 031c A9       		.byte	-87
 826 031d 07       		.byte	7
 827 031e AA       		.byte	-86
 828 031f 30       		.byte	48
 829 0320 AB       		.byte	-85
 830 0321 18       		.byte	24
 831 0322 AD       		.byte	-83
 832 0323 09       		.byte	9
 833 0324 AE       		.byte	-82
 834 0325 04       		.byte	4
 835 0326 AF       		.byte	-81
 836 0327 04       		.byte	4
 837 0328 B0       		.byte	-80
 838 0329 01       		.byte	1
 839 032a B1       		.byte	-79
 840 032b 03       		.byte	3
 841 032c B2       		.byte	-78
 842 032d 02       		.byte	2
 843 032e B3       		.byte	-77
 844 032f 1C       		.byte	28
 845 0330 B4       		.byte	-76
 846 0331 38       		.byte	56
 847 0332 B6       		.byte	-74
 848 0333 04       		.byte	4
 849 0334 B8       		.byte	-72
 850 0335 02       		.byte	2
 851 0336 BA       		.byte	-70
 852 0337 20       		.byte	32
 853 0338 BE       		.byte	-66
 854 0339 44       		.byte	68
 855 033a D4       		.byte	-44
ARM GAS  C:\Users\slavi\AppData\Local\Temp\ccUOkhUh.s 			page 16


 856 033b 18       		.byte	24
 857 033c D6       		.byte	-42
 858 033d 04       		.byte	4
 859 033e D8       		.byte	-40
 860 033f 04       		.byte	4
 861 0340 D9       		.byte	-39
 862 0341 04       		.byte	4
 863 0342 DB       		.byte	-37
 864 0343 04       		.byte	4
 865 0344 DF       		.byte	-33
 866 0345 01       		.byte	1
 867 0346 00       		.byte	0
 868 0347 04       		.byte	4
 869 0348 01       		.byte	1
 870 0349 80       		.byte	-128
 871 034a 02       		.byte	2
 872 034b 08       		.byte	8
 873 034c 03       		.byte	3
 874 034d 40       		.byte	64
 875 034e 04       		.byte	4
 876 034f 60       		.byte	96
 877 0350 07       		.byte	7
 878 0351 60       		.byte	96
 879 0352 08       		.byte	8
 880 0353 44       		.byte	68
 881 0354 09       		.byte	9
 882 0355 04       		.byte	4
 883 0356 0A       		.byte	10
 884 0357 48       		.byte	72
 885 0358 0C       		.byte	12
 886 0359 80       		.byte	-128
 887 035a 0D       		.byte	13
 888 035b 02       		.byte	2
 889 035c 0E       		.byte	14
 890 035d 28       		.byte	40
 891 035e 10       		.byte	16
 892 035f A0       		.byte	-96
 893 0360 12       		.byte	18
 894 0361 10       		.byte	16
 895 0362 13       		.byte	19
 896 0363 20       		.byte	32
 897 0364 14       		.byte	20
 898 0365 40       		.byte	64
 899 0366 16       		.byte	22
 900 0367 1A       		.byte	26
 901 0368 17       		.byte	23
 902 0369 01       		.byte	1
 903 036a 18       		.byte	24
 904 036b 48       		.byte	72
 905 036c 1A       		.byte	26
 906 036d 68       		.byte	104
 907 036e 1B       		.byte	27
 908 036f 20       		.byte	32
 909 0370 1C       		.byte	28
 910 0371 04       		.byte	4
 911 0372 1D       		.byte	29
 912 0373 52       		.byte	82
ARM GAS  C:\Users\slavi\AppData\Local\Temp\ccUOkhUh.s 			page 17


 913 0374 1E       		.byte	30
 914 0375 08       		.byte	8
 915 0376 1F       		.byte	31
 916 0377 04       		.byte	4
 917 0378 21       		.byte	33
 918 0379 08       		.byte	8
 919 037a 25       		.byte	37
 920 037b 04       		.byte	4
 921 037c 26       		.byte	38
 922 037d 01       		.byte	1
 923 037e 27       		.byte	39
 924 037f 10       		.byte	16
 925 0380 2C       		.byte	44
 926 0381 44       		.byte	68
 927 0382 2D       		.byte	45
 928 0383 80       		.byte	-128
 929 0384 2E       		.byte	46
 930 0385 08       		.byte	8
 931 0386 2F       		.byte	47
 932 0387 20       		.byte	32
 933 0388 35       		.byte	53
 934 0389 10       		.byte	16
 935 038a 36       		.byte	54
 936 038b 08       		.byte	8
 937 038c 37       		.byte	55
 938 038d 40       		.byte	64
 939 038e 38       		.byte	56
 940 038f 01       		.byte	1
 941 0390 3E       		.byte	62
 942 0391 54       		.byte	84
 943 0392 5E       		.byte	94
 944 0393 02       		.byte	2
 945 0394 65       		.byte	101
 946 0395 41       		.byte	65
 947 0396 67       		.byte	103
 948 0397 08       		.byte	8
 949 0398 85       		.byte	-123
 950 0399 08       		.byte	8
 951 039a 89       		.byte	-119
 952 039b 80       		.byte	-128
 953 039c 8E       		.byte	-114
 954 039d 10       		.byte	16
 955 039e 90       		.byte	-112
 956 039f 21       		.byte	33
 957 03a0 92       		.byte	-110
 958 03a1 14       		.byte	20
 959 03a2 94       		.byte	-108
 960 03a3 08       		.byte	8
 961 03a4 96       		.byte	-106
 962 03a5 40       		.byte	64
 963 03a6 9A       		.byte	-102
 964 03a7 02       		.byte	2
 965 03a8 9B       		.byte	-101
 966 03a9 61       		.byte	97
 967 03aa 9D       		.byte	-99
 968 03ab 91       		.byte	-111
 969 03ac 9F       		.byte	-97
ARM GAS  C:\Users\slavi\AppData\Local\Temp\ccUOkhUh.s 			page 18


 970 03ad 10       		.byte	16
 971 03ae A0       		.byte	-96
 972 03af A0       		.byte	-96
 973 03b0 A2       		.byte	-94
 974 03b1 18       		.byte	24
 975 03b2 C0       		.byte	-64
 976 03b3 FF       		.byte	-1
 977 03b4 C2       		.byte	-62
 978 03b5 FF       		.byte	-1
 979 03b6 C4       		.byte	-60
 980 03b7 FE       		.byte	-2
 981 03b8 CA       		.byte	-54
 982 03b9 F0       		.byte	-16
 983 03ba CC       		.byte	-52
 984 03bb 70       		.byte	112
 985 03bc CE       		.byte	-50
 986 03bd 71       		.byte	113
 987 03be D6       		.byte	-42
 988 03bf 80       		.byte	-128
 989 03c0 D8       		.byte	-40
 990 03c1 B0       		.byte	-80
 991 03c2 E0       		.byte	-32
 992 03c3 02       		.byte	2
 993 03c4 E2       		.byte	-30
 994 03c5 40       		.byte	64
 995 03c6 30       		.byte	48
 996 03c7 80       		.byte	-128
 997 03c8 36       		.byte	54
 998 03c9 80       		.byte	-128
 999 03ca 3C       		.byte	60
 1000 03cb 80       		.byte	-128
 1001 03cc CC       		.byte	-52
 1002 03cd 30       		.byte	48
 1003 03ce CE       		.byte	-50
 1004 03cf 20       		.byte	32
 1005 03d0 A4       		.byte	-92
 1006 03d1 C0       		.byte	-64
 1007 03d2 A6       		.byte	-90
 1008 03d3 80       		.byte	-128
 1009 03d4 A4       		.byte	-92
 1010 03d5 C0       		.byte	-64
 1011 03d6 A6       		.byte	-90
 1012 03d7 80       		.byte	-128
 1013 03d8 A4       		.byte	-92
 1014 03d9 C0       		.byte	-64
 1015 03da A6       		.byte	-90
 1016 03db 80       		.byte	-128
 1017 03dc 30       		.byte	48
 1018 03dd 20       		.byte	32
 1019 03de CC       		.byte	-52
 1020 03df 08       		.byte	8
 1021 03e0 20       		.byte	32
 1022 03e1 80       		.byte	-128
 1023 03e2 66       		.byte	102
 1024 03e3 02       		.byte	2
 1025 03e4 8C       		.byte	-116
 1026 03e5 80       		.byte	-128
ARM GAS  C:\Users\slavi\AppData\Local\Temp\ccUOkhUh.s 			page 19


 1027 03e6 A4       		.byte	-92
 1028 03e7 C0       		.byte	-64
 1029 03e8 AC       		.byte	-84
 1030 03e9 40       		.byte	64
 1031 03ea B2       		.byte	-78
 1032 03eb 80       		.byte	-128
 1033 03ec C8       		.byte	-56
 1034 03ed 40       		.byte	64
 1035 03ee D8       		.byte	-40
 1036 03ef 80       		.byte	-128
 1037 03f0 E8       		.byte	-24
 1038 03f1 40       		.byte	64
 1039 03f2 8E       		.byte	-114
 1040 03f3 02       		.byte	2
 1041 03f4 9E       		.byte	-98
 1042 03f5 02       		.byte	2
 1043 03f6 AC       		.byte	-84
 1044 03f7 20       		.byte	32
 1045 03f8 11       		.byte	17
 1046 03f9 01       		.byte	1
 1047 03fa 71       		.byte	113
 1048 03fb 02       		.byte	2
 1049 03fc 85       		.byte	-123
 1050 03fd 02       		.byte	2
 1051 03fe 89       		.byte	-119
 1052 03ff 01       		.byte	1
 1053 0400 C4       		.byte	-60
 1054 0401 08       		.byte	8
 1055 0402 DC       		.byte	-36
 1056 0403 01       		.byte	1
 1057 0404 E6       		.byte	-26
 1058 0405 01       		.byte	1
 1059 0406 00       		.byte	0
 1060 0407 01       		.byte	1
 1061 0408 0C       		.byte	12
 1062 0409 01       		.byte	1
 1063 040a 10       		.byte	16
 1064 040b 01       		.byte	1
 1065 040c 1C       		.byte	28
 1066 040d 01       		.byte	1
 1067 040e 00       		.byte	0
 1068 040f 0F       		.byte	15
 1069 0410 10       		.byte	16
 1070 0411 02       		.byte	2
 1071 0412 00       		.byte	0
 1072 0413 00       		.byte	0
 1073 0414 80       		.byte	-128
 1074 0415 00       		.byte	0
 1075 0416 40       		.byte	64
 1076 0417 80       		.byte	-128
 1077 0418 80       		.byte	-128
 1078 0419 00       		.byte	0
 1079 041a 80       		.byte	-128
 1080 041b 00       		.byte	0
 1081 041c 00       		.byte	0
 1082 041d 00       		.byte	0
 1083 041e 00       		.byte	0
ARM GAS  C:\Users\slavi\AppData\Local\Temp\ccUOkhUh.s 			page 20


 1084 041f 00       		.byte	0
 1085 0420 00       		.byte	0
 1086 0421 0B       		.byte	11
 1087 0422 0B       		.byte	11
 1088 0423 00       		.byte	0
 1089 0424 00       		.byte	0
 1090 0425 00       		.byte	0
 1091 0426 80       		.byte	-128
 1092 0427 00       		.byte	0
 1093 0428 00       		.byte	0
 1094 0429 02       		.byte	2
 1095 042a 02       		.byte	2
 1096 042b 00       		.byte	0
 1097 042c 00       		.byte	0
 1098 042d 00       		.byte	0
 1099 042e 00       		.byte	0
 1100 042f 00       		.byte	0
 1101              		.section	.cywolatch,"a",%progbits
 1102              		.align	2
 1103              		.type	cy_meta_wonvl, %object
 1104              		.size	cy_meta_wonvl, 4
 1105              	cy_meta_wonvl:
 1106 0000 BC       		.byte	-68
 1107 0001 90       		.byte	-112
 1108 0002 AC       		.byte	-84
 1109 0003 AF       		.byte	-81
 1110              		.section	.cycustnvl,"a",%progbits
 1111              		.align	2
 1112              		.type	cy_meta_custnvl, %object
 1113              		.size	cy_meta_custnvl, 4
 1114              	cy_meta_custnvl:
 1115 0000 00       		.byte	0
 1116 0001 00       		.byte	0
 1117 0002 40       		.byte	64
 1118 0003 05       		.byte	5
 1119              		.section	.cymeta,"a",%progbits
 1120              		.align	2
 1121              		.type	cy_metadata, %object
 1122              		.size	cy_metadata, 12
 1123              	cy_metadata:
 1124 0000 00       		.byte	0
 1125 0001 01       		.byte	1
 1126 0002 2E       		.byte	46
 1127 0003 16       		.byte	22
 1128 0004 10       		.byte	16
 1129 0005 69       		.byte	105
 1130 0006 00       		.byte	0
 1131 0007 01       		.byte	1
 1132 0008 00       		.byte	0
 1133 0009 00       		.byte	0
 1134 000a 00       		.byte	0
 1135 000b 00       		.byte	0
 1136              		.section	.cyflashprotect,"a",%progbits
 1137              		.align	2
 1138              		.type	cy_meta_flashprotect, %object
 1139              		.size	cy_meta_flashprotect, 256
 1140              	cy_meta_flashprotect:
ARM GAS  C:\Users\slavi\AppData\Local\Temp\ccUOkhUh.s 			page 21


 1141 0000 00000000 		.space	256
 1141      00000000 
 1141      00000000 
 1141      00000000 
 1141      00000000 
 1142              		.text
 1143              	.Letext0:
 1144              		.file 1 "c:\\program files (x86)\\cypress\\psoc creator\\4.4\\psoc creator\\import\\gnu\\arm\\5.4.
 1145              		.file 2 "c:\\program files (x86)\\cypress\\psoc creator\\4.4\\psoc creator\\import\\gnu\\arm\\5.4.
 1146              		.file 3 "Generated_Source\\PSoC5\\cymetadata.c"
 1147              		.section	.debug_info,"",%progbits
 1148              	.Ldebug_info0:
 1149 0000 31010000 		.4byte	0x131
 1150 0004 0400     		.2byte	0x4
 1151 0006 00000000 		.4byte	.Ldebug_abbrev0
 1152 000a 04       		.byte	0x4
 1153 000b 01       		.uleb128 0x1
 1154 000c 6C000000 		.4byte	.LASF17
 1155 0010 0C       		.byte	0xc
 1156 0011 C6010000 		.4byte	.LASF18
 1157 0015 0A000000 		.4byte	.LASF19
 1158 0019 00000000 		.4byte	.Ldebug_line0
 1159 001d 02       		.uleb128 0x2
 1160 001e 01       		.byte	0x1
 1161 001f 06       		.byte	0x6
 1162 0020 BA010000 		.4byte	.LASF0
 1163 0024 03       		.uleb128 0x3
 1164 0025 00000000 		.4byte	.LASF9
 1165 0029 01       		.byte	0x1
 1166 002a 1D       		.byte	0x1d
 1167 002b 2F000000 		.4byte	0x2f
 1168 002f 02       		.uleb128 0x2
 1169 0030 01       		.byte	0x1
 1170 0031 08       		.byte	0x8
 1171 0032 5E000000 		.4byte	.LASF1
 1172 0036 02       		.uleb128 0x2
 1173 0037 02       		.byte	0x2
 1174 0038 05       		.byte	0x5
 1175 0039 A7010000 		.4byte	.LASF2
 1176 003d 02       		.uleb128 0x2
 1177 003e 02       		.byte	0x2
 1178 003f 07       		.byte	0x7
 1179 0040 0C010000 		.4byte	.LASF3
 1180 0044 02       		.uleb128 0x2
 1181 0045 04       		.byte	0x4
 1182 0046 05       		.byte	0x5
 1183 0047 B1010000 		.4byte	.LASF4
 1184 004b 02       		.uleb128 0x2
 1185 004c 04       		.byte	0x4
 1186 004d 07       		.byte	0x7
 1187 004e FA000000 		.4byte	.LASF5
 1188 0052 02       		.uleb128 0x2
 1189 0053 08       		.byte	0x8
 1190 0054 05       		.byte	0x5
 1191 0055 99010000 		.4byte	.LASF6
 1192 0059 02       		.uleb128 0x2
 1193 005a 08       		.byte	0x8
ARM GAS  C:\Users\slavi\AppData\Local\Temp\ccUOkhUh.s 			page 22


 1194 005b 07       		.byte	0x7
 1195 005c 4E010000 		.4byte	.LASF7
 1196 0060 04       		.uleb128 0x4
 1197 0061 04       		.byte	0x4
 1198 0062 05       		.byte	0x5
 1199 0063 696E7400 		.ascii	"int\000"
 1200 0067 02       		.uleb128 0x2
 1201 0068 04       		.byte	0x4
 1202 0069 07       		.byte	0x7
 1203 006a 41010000 		.4byte	.LASF8
 1204 006e 03       		.uleb128 0x3
 1205 006f 65010000 		.4byte	.LASF10
 1206 0073 02       		.byte	0x2
 1207 0074 18       		.byte	0x18
 1208 0075 24000000 		.4byte	0x24
 1209 0079 05       		.uleb128 0x5
 1210 007a 91000000 		.4byte	0x91
 1211 007e 8A000000 		.4byte	0x8a
 1212 0082 06       		.uleb128 0x6
 1213 0083 8A000000 		.4byte	0x8a
 1214 0087 2F04     		.2byte	0x42f
 1215 0089 00       		.byte	0
 1216 008a 02       		.uleb128 0x2
 1217 008b 04       		.byte	0x4
 1218 008c 07       		.byte	0x7
 1219 008d 90010000 		.4byte	.LASF11
 1220 0091 07       		.uleb128 0x7
 1221 0092 6E000000 		.4byte	0x6e
 1222 0096 08       		.uleb128 0x8
 1223 0097 2F010000 		.4byte	.LASF12
 1224 009b 03       		.byte	0x3
 1225 009c 1F       		.byte	0x1f
 1226 009d A7000000 		.4byte	0xa7
 1227 00a1 05       		.uleb128 0x5
 1228 00a2 03       		.byte	0x3
 1229 00a3 00000000 		.4byte	cy_meta_configecc
 1230 00a7 07       		.uleb128 0x7
 1231 00a8 79000000 		.4byte	0x79
 1232 00ac 05       		.uleb128 0x5
 1233 00ad 91000000 		.4byte	0x91
 1234 00b1 BC000000 		.4byte	0xbc
 1235 00b5 09       		.uleb128 0x9
 1236 00b6 8A000000 		.4byte	0x8a
 1237 00ba 03       		.byte	0x3
 1238 00bb 00       		.byte	0
 1239 00bc 08       		.uleb128 0x8
 1240 00bd 1F010000 		.4byte	.LASF13
 1241 00c1 03       		.byte	0x3
 1242 00c2 B2       		.byte	0xb2
 1243 00c3 CD000000 		.4byte	0xcd
 1244 00c7 05       		.uleb128 0x5
 1245 00c8 03       		.byte	0x3
 1246 00c9 00000000 		.4byte	cy_meta_custnvl
 1247 00cd 07       		.uleb128 0x7
 1248 00ce AC000000 		.4byte	0xac
 1249 00d2 08       		.uleb128 0x8
 1250 00d3 82010000 		.4byte	.LASF14
ARM GAS  C:\Users\slavi\AppData\Local\Temp\ccUOkhUh.s 			page 23


 1251 00d7 03       		.byte	0x3
 1252 00d8 C0       		.byte	0xc0
 1253 00d9 E3000000 		.4byte	0xe3
 1254 00dd 05       		.uleb128 0x5
 1255 00de 03       		.byte	0x3
 1256 00df 00000000 		.4byte	cy_meta_wonvl
 1257 00e3 07       		.uleb128 0x7
 1258 00e4 AC000000 		.4byte	0xac
 1259 00e8 05       		.uleb128 0x5
 1260 00e9 91000000 		.4byte	0x91
 1261 00ed F8000000 		.4byte	0xf8
 1262 00f1 09       		.uleb128 0x9
 1263 00f2 8A000000 		.4byte	0x8a
 1264 00f6 FF       		.byte	0xff
 1265 00f7 00       		.byte	0
 1266 00f8 08       		.uleb128 0x8
 1267 00f9 6D010000 		.4byte	.LASF15
 1268 00fd 03       		.byte	0x3
 1269 00fe CE       		.byte	0xce
 1270 00ff 09010000 		.4byte	0x109
 1271 0103 05       		.uleb128 0x5
 1272 0104 03       		.byte	0x3
 1273 0105 00000000 		.4byte	cy_meta_flashprotect
 1274 0109 07       		.uleb128 0x7
 1275 010a E8000000 		.4byte	0xe8
 1276 010e 05       		.uleb128 0x5
 1277 010f 91000000 		.4byte	0x91
 1278 0113 1E010000 		.4byte	0x11e
 1279 0117 09       		.uleb128 0x9
 1280 0118 8A000000 		.4byte	0x8a
 1281 011c 0B       		.byte	0xb
 1282 011d 00       		.byte	0
 1283 011e 08       		.uleb128 0x8
 1284 011f 52000000 		.4byte	.LASF16
 1285 0123 03       		.byte	0x3
 1286 0124 FB       		.byte	0xfb
 1287 0125 2F010000 		.4byte	0x12f
 1288 0129 05       		.uleb128 0x5
 1289 012a 03       		.byte	0x3
 1290 012b 00000000 		.4byte	cy_metadata
 1291 012f 07       		.uleb128 0x7
 1292 0130 0E010000 		.4byte	0x10e
 1293 0134 00       		.byte	0
 1294              		.section	.debug_abbrev,"",%progbits
 1295              	.Ldebug_abbrev0:
 1296 0000 01       		.uleb128 0x1
 1297 0001 11       		.uleb128 0x11
 1298 0002 01       		.byte	0x1
 1299 0003 25       		.uleb128 0x25
 1300 0004 0E       		.uleb128 0xe
 1301 0005 13       		.uleb128 0x13
 1302 0006 0B       		.uleb128 0xb
 1303 0007 03       		.uleb128 0x3
 1304 0008 0E       		.uleb128 0xe
 1305 0009 1B       		.uleb128 0x1b
 1306 000a 0E       		.uleb128 0xe
 1307 000b 10       		.uleb128 0x10
ARM GAS  C:\Users\slavi\AppData\Local\Temp\ccUOkhUh.s 			page 24


 1308 000c 17       		.uleb128 0x17
 1309 000d 00       		.byte	0
 1310 000e 00       		.byte	0
 1311 000f 02       		.uleb128 0x2
 1312 0010 24       		.uleb128 0x24
 1313 0011 00       		.byte	0
 1314 0012 0B       		.uleb128 0xb
 1315 0013 0B       		.uleb128 0xb
 1316 0014 3E       		.uleb128 0x3e
 1317 0015 0B       		.uleb128 0xb
 1318 0016 03       		.uleb128 0x3
 1319 0017 0E       		.uleb128 0xe
 1320 0018 00       		.byte	0
 1321 0019 00       		.byte	0
 1322 001a 03       		.uleb128 0x3
 1323 001b 16       		.uleb128 0x16
 1324 001c 00       		.byte	0
 1325 001d 03       		.uleb128 0x3
 1326 001e 0E       		.uleb128 0xe
 1327 001f 3A       		.uleb128 0x3a
 1328 0020 0B       		.uleb128 0xb
 1329 0021 3B       		.uleb128 0x3b
 1330 0022 0B       		.uleb128 0xb
 1331 0023 49       		.uleb128 0x49
 1332 0024 13       		.uleb128 0x13
 1333 0025 00       		.byte	0
 1334 0026 00       		.byte	0
 1335 0027 04       		.uleb128 0x4
 1336 0028 24       		.uleb128 0x24
 1337 0029 00       		.byte	0
 1338 002a 0B       		.uleb128 0xb
 1339 002b 0B       		.uleb128 0xb
 1340 002c 3E       		.uleb128 0x3e
 1341 002d 0B       		.uleb128 0xb
 1342 002e 03       		.uleb128 0x3
 1343 002f 08       		.uleb128 0x8
 1344 0030 00       		.byte	0
 1345 0031 00       		.byte	0
 1346 0032 05       		.uleb128 0x5
 1347 0033 01       		.uleb128 0x1
 1348 0034 01       		.byte	0x1
 1349 0035 49       		.uleb128 0x49
 1350 0036 13       		.uleb128 0x13
 1351 0037 01       		.uleb128 0x1
 1352 0038 13       		.uleb128 0x13
 1353 0039 00       		.byte	0
 1354 003a 00       		.byte	0
 1355 003b 06       		.uleb128 0x6
 1356 003c 21       		.uleb128 0x21
 1357 003d 00       		.byte	0
 1358 003e 49       		.uleb128 0x49
 1359 003f 13       		.uleb128 0x13
 1360 0040 2F       		.uleb128 0x2f
 1361 0041 05       		.uleb128 0x5
 1362 0042 00       		.byte	0
 1363 0043 00       		.byte	0
 1364 0044 07       		.uleb128 0x7
ARM GAS  C:\Users\slavi\AppData\Local\Temp\ccUOkhUh.s 			page 25


 1365 0045 26       		.uleb128 0x26
 1366 0046 00       		.byte	0
 1367 0047 49       		.uleb128 0x49
 1368 0048 13       		.uleb128 0x13
 1369 0049 00       		.byte	0
 1370 004a 00       		.byte	0
 1371 004b 08       		.uleb128 0x8
 1372 004c 34       		.uleb128 0x34
 1373 004d 00       		.byte	0
 1374 004e 03       		.uleb128 0x3
 1375 004f 0E       		.uleb128 0xe
 1376 0050 3A       		.uleb128 0x3a
 1377 0051 0B       		.uleb128 0xb
 1378 0052 3B       		.uleb128 0x3b
 1379 0053 0B       		.uleb128 0xb
 1380 0054 49       		.uleb128 0x49
 1381 0055 13       		.uleb128 0x13
 1382 0056 3F       		.uleb128 0x3f
 1383 0057 19       		.uleb128 0x19
 1384 0058 02       		.uleb128 0x2
 1385 0059 18       		.uleb128 0x18
 1386 005a 00       		.byte	0
 1387 005b 00       		.byte	0
 1388 005c 09       		.uleb128 0x9
 1389 005d 21       		.uleb128 0x21
 1390 005e 00       		.byte	0
 1391 005f 49       		.uleb128 0x49
 1392 0060 13       		.uleb128 0x13
 1393 0061 2F       		.uleb128 0x2f
 1394 0062 0B       		.uleb128 0xb
 1395 0063 00       		.byte	0
 1396 0064 00       		.byte	0
 1397 0065 00       		.byte	0
 1398              		.section	.debug_aranges,"",%progbits
 1399 0000 14000000 		.4byte	0x14
 1400 0004 0200     		.2byte	0x2
 1401 0006 00000000 		.4byte	.Ldebug_info0
 1402 000a 04       		.byte	0x4
 1403 000b 00       		.byte	0
 1404 000c 0000     		.2byte	0
 1405 000e 0000     		.2byte	0
 1406 0010 00000000 		.4byte	0
 1407 0014 00000000 		.4byte	0
 1408              		.section	.debug_line,"",%progbits
 1409              	.Ldebug_line0:
 1410 0000 3D010000 		.section	.debug_str,"MS",%progbits,1
 1410      02003701 
 1410      00000201 
 1410      FB0E0D00 
 1410      01010101 
 1411              	.LASF9:
 1412 0000 5F5F7569 		.ascii	"__uint8_t\000"
 1412      6E74385F 
 1412      7400
 1413              	.LASF19:
 1414 000a 433A5C55 		.ascii	"C:\\Users\\slavi\\Documents\\PSoC Creator\\CourseWo"
 1414      73657273 
ARM GAS  C:\Users\slavi\AppData\Local\Temp\ccUOkhUh.s 			page 26


 1414      5C736C61 
 1414      76695C44 
 1414      6F63756D 
 1415 0038 726B5F4D 		.ascii	"rk_Mentukh\\Design01.cydsn\000"
 1415      656E7475 
 1415      6B685C44 
 1415      65736967 
 1415      6E30312E 
 1416              	.LASF16:
 1417 0052 63795F6D 		.ascii	"cy_metadata\000"
 1417      65746164 
 1417      61746100 
 1418              	.LASF1:
 1419 005e 756E7369 		.ascii	"unsigned char\000"
 1419      676E6564 
 1419      20636861 
 1419      7200
 1420              	.LASF17:
 1421 006c 474E5520 		.ascii	"GNU C11 5.4.1 20160609 (release) [ARM/embedded-5-br"
 1421      43313120 
 1421      352E342E 
 1421      31203230 
 1421      31363036 
 1422 009f 616E6368 		.ascii	"anch revision 237715] -mcpu=cortex-m3 -mthumb -g -O"
 1422      20726576 
 1422      6973696F 
 1422      6E203233 
 1422      37373135 
 1423 00d2 67202D66 		.ascii	"g -ffunction-sections -ffat-lto-objects\000"
 1423      66756E63 
 1423      74696F6E 
 1423      2D736563 
 1423      74696F6E 
 1424              	.LASF5:
 1425 00fa 6C6F6E67 		.ascii	"long unsigned int\000"
 1425      20756E73 
 1425      69676E65 
 1425      6420696E 
 1425      7400
 1426              	.LASF3:
 1427 010c 73686F72 		.ascii	"short unsigned int\000"
 1427      7420756E 
 1427      7369676E 
 1427      65642069 
 1427      6E7400
 1428              	.LASF13:
 1429 011f 63795F6D 		.ascii	"cy_meta_custnvl\000"
 1429      6574615F 
 1429      63757374 
 1429      6E766C00 
 1430              	.LASF12:
 1431 012f 63795F6D 		.ascii	"cy_meta_configecc\000"
 1431      6574615F 
 1431      636F6E66 
 1431      69676563 
 1431      6300
 1432              	.LASF8:
ARM GAS  C:\Users\slavi\AppData\Local\Temp\ccUOkhUh.s 			page 27


 1433 0141 756E7369 		.ascii	"unsigned int\000"
 1433      676E6564 
 1433      20696E74 
 1433      00
 1434              	.LASF7:
 1435 014e 6C6F6E67 		.ascii	"long long unsigned int\000"
 1435      206C6F6E 
 1435      6720756E 
 1435      7369676E 
 1435      65642069 
 1436              	.LASF10:
 1437 0165 75696E74 		.ascii	"uint8_t\000"
 1437      385F7400 
 1438              	.LASF15:
 1439 016d 63795F6D 		.ascii	"cy_meta_flashprotect\000"
 1439      6574615F 
 1439      666C6173 
 1439      6870726F 
 1439      74656374 
 1440              	.LASF14:
 1441 0182 63795F6D 		.ascii	"cy_meta_wonvl\000"
 1441      6574615F 
 1441      776F6E76 
 1441      6C00
 1442              	.LASF11:
 1443 0190 73697A65 		.ascii	"sizetype\000"
 1443      74797065 
 1443      00
 1444              	.LASF6:
 1445 0199 6C6F6E67 		.ascii	"long long int\000"
 1445      206C6F6E 
 1445      6720696E 
 1445      7400
 1446              	.LASF2:
 1447 01a7 73686F72 		.ascii	"short int\000"
 1447      7420696E 
 1447      7400
 1448              	.LASF4:
 1449 01b1 6C6F6E67 		.ascii	"long int\000"
 1449      20696E74 
 1449      00
 1450              	.LASF0:
 1451 01ba 7369676E 		.ascii	"signed char\000"
 1451      65642063 
 1451      68617200 
 1452              	.LASF18:
 1453 01c6 47656E65 		.ascii	"Generated_Source\\PSoC5\\cymetadata.c\000"
 1453      72617465 
 1453      645F536F 
 1453      75726365 
 1453      5C50536F 
 1454              		.ident	"GCC: (GNU Tools for ARM Embedded Processors) 5.4.1 20160609 (release) [ARM/embedded-5-bran
