ARM GAS  C:\Users\slavi\AppData\Local\Temp\cc6s2EvQ.s 			page 1


   1              		.syntax unified
   2              		.cpu cortex-m3
   3              		.fpu softvfp
   4              		.eabi_attribute 20, 1
   5              		.eabi_attribute 21, 1
   6              		.eabi_attribute 23, 3
   7              		.eabi_attribute 24, 1
   8              		.eabi_attribute 25, 1
   9              		.eabi_attribute 26, 1
  10              		.eabi_attribute 30, 1
  11              		.eabi_attribute 34, 1
  12              		.eabi_attribute 18, 4
  13              		.thumb
  14              		.syntax unified
  15              		.file	"main.c"
  16              		.text
  17              	.Ltext0:
  18              		.cfi_sections	.debug_frame
  19              		.section	.text.CalculateFilterCoefficients,"ax",%progbits
  20              		.align	2
  21              		.global	CalculateFilterCoefficients
  22              		.thumb
  23              		.thumb_func
  24              		.type	CalculateFilterCoefficients, %function
  25              	CalculateFilterCoefficients:
  26              	.LFB65:
  27              		.file 1 "main.c"
   1:main.c        **** 
   2:main.c        **** #include "project.h"
   3:main.c        **** #include "timing.h"
   4:main.c        **** #include "myDAC.h"
   5:main.c        **** #include "sin_tab.h"
   6:main.c        **** 
   7:main.c        **** #include <stdio.h>
   8:main.c        **** #include <stdlib.h>
   9:main.c        **** #include <string.h>
  10:main.c        **** 
  11:main.c        **** const uint16 SIN_TAB_SIZE = 32;
  12:main.c        **** 
  13:main.c        **** const float PI = 3.1415926;
  14:main.c        **** uint16 F0 = 8;               // —á–∞—Å—Ç–æ—Ç–∞ –≤—Ö—ñ–¥–Ω–æ–≥–æ —Å–∏–≥–Ω–∞–ª—É
  15:main.c        **** const uint16 Fo = 200;          // —Ü–µ–Ω—Ç—Ä–∞—å–Ω–∞ —á–∞—Å—Ç–æ—Ç–∞ –¥–ª—è —Ñ—ñ–ª—å—Ç—Ä—ñ–≤ 2-–≥–æ
  16:main.c        **** const uint32 Fs = 2500;        // —á–∞—Å—Ç–æ—Ç–∞ –¥–∏—Å–∫—Ä–µ—Ç–∏–∑–∞—Ü—ñ—ó, –ì—Ü
  17:main.c        **** const uint32 Fcl = 24000000;     // —á–∞—Å—Ç–æ—Ç–∞ —Ç–∞–∫—Ç—É–≤–∞–Ω–Ω—è —Ç–∞–π–º–µ—Ä–∞
  18:main.c        **** const float Q = 5;        // –¥–æ–±—Ä–æ—Ç–Ω—ñ—Å—Ç—å
  19:main.c        **** 
  20:main.c        **** /* –º–∞—Å–∏–≤–∏ –≤—ñ–¥–ª—ñ–∫—ñ–≤ –≤—Ö—ñ–¥–Ω–æ–≥–æ —Ç–∞ –≤–∏—Ö—ñ–¥–Ω–æ–≥–æ —Å–∏–≥–Ω–∞–ª—ñ–≤ */
  21:main.c        **** float x[4] = {0,0,0,0};
  22:main.c        **** float y[4] = {0,0,0,0};
  23:main.c        **** float a0,a1,a2,b1,b2;  // –∫–æ–µ—Ñ—ñ—Ü—ñ—î–Ω—Ç–∏ —Ñ—ñ–ª—å—Ç—Ä–∞
  24:main.c        **** 
  25:main.c        **** float deg_phase = 0;            // —Ñ–∞–∑–∞ —Å–∏–≥–Ω–∞–ª—É –≤ –≥—Ä–∞–¥—É—Å–∞—Ö
  26:main.c        **** uint16 int_phase = 0;           // —Ñ–∞–∑–∞ –ø–µ—Ä–µ—Ç–≤–æ—Ä–µ–Ω–∞ –≤ —ñ–Ω–¥–µ–∫—Å 
  27:main.c        **** uint16 ratio = 12;             // –≤—ñ–¥–Ω–æ—à–µ–Ω–Ω—è Fs/F0
  28:main.c        **** 
  29:main.c        **** /* sample_flag –≤—Å—Ç–∞–Ω–æ–≤–ª—é—î—Ç—å—Å—è –≤ 1 –∫–æ–∂–Ω–∏–π —ñ–Ω—Ç–µ—Ä–≤–∞–ª –¥–∏—Å–∫—Ä–µ—Ç–∏–∑–∞
  30:main.c        **** —ñ –æ–±–Ω—É–ª—è—î—Ç—å—Å—è 0 –≤–∫—ñ–Ω—Ü—ñ –æ–±—Ä–æ–±–∫–∏ –∫–æ–∂–Ω–æ–≥–æ –≤—ñ–¥–ª—ñ–∫—É*/
ARM GAS  C:\Users\slavi\AppData\Local\Temp\cc6s2EvQ.s 			page 2


  31:main.c        **** uint8 sample_flag = 0;
  32:main.c        **** 
  33:main.c        **** void CalculateFilterCoefficients();
  34:main.c        **** 
  35:main.c        **** int main(void)
  36:main.c        **** {
  37:main.c        ****     
  38:main.c        ****     uint8 j = 0;                // –ª—ñ—á–∏–ª—å–Ω–∏–∫   
  39:main.c        ****     CalculateFilterCoefficients();      // —Ä–æ–∑—Ä–∞—Ö—É–≤–∞—Ç–∏ –∫–æ–µ—Ñ—ñ—Ü—ñ—î–Ω—Ç–∏ —Ñ—ñ–ª—å—Ç
  40:main.c        **** 
  41:main.c        ****     char number[10];            // —á–∏—Å–ª–æ —è–∫ "—Å—Ç—Ä—ñ—á–∫–∞"
  42:main.c        ****     uint16 dac_out;
  43:main.c        ****     uint16 sample_period_in_clocks = Fcl/Fs;  
  44:main.c        ****     ratio = Fs/F0;
  45:main.c        ****     InitTiming(sample_period_in_clocks); 
  46:main.c        ****     InitDac();
  47:main.c        ****     UART_Start();
  48:main.c        ****     
  49:main.c        ****     CyGlobalIntEnable; /* Enable global interrupts. */
  50:main.c        ****     j = 0;
  51:main.c        ****     
  52:main.c        ****     for(;;)
  53:main.c        ****     {
  54:main.c        ****         if (sample_flag == 1)           // –ú–æ–º–µ–Ω—Ç –≤–∏–≤–æ–¥—É –Ω–æ–≤–æ–≥–æ –≤—ñ–¥–ª—ñ–∫—É –Ω
  55:main.c        ****         {
  56:main.c        ****             LED_Write(1);
  57:main.c        ****              deg_phase += 360.0/ratio;   // –∑–º—ñ–Ω–∞ —Ñ–∞–∑–∏ –∑–∞ 1 —ñ–Ω—Ç–µ—Ä–≤–∞–ª –¥–∏—Å–∫—Ä–
  58:main.c        ****              int_phase = (uint16)(deg_phase*SIN_TAB_SIZE/360); // —Ñ–∞–∑–∞ —Å–∏–≥–Ω–∞–ª—É –ø–µ—Ä–µ—
  59:main.c        ****              dac_out = sin_tab[int_phase & (SIN_TAB_SIZE-1)];
  60:main.c        ****              
  61:main.c        ****             x[j & 0x03] = (float)sin_tab[j & (SIN_TAB_SIZE-1)] - 2040;     // —á–∏—Ç–∞—Ç–∏ –∑–Ω–∞—á
  62:main.c        ****             y[j&0x03] = a0*x[j&0x03]+a1*x[(j-1)&0x03]+a2*x[(j-2)&0x03]+b1*y[(j-1)&0x03]+b2*y[(j-2)&
  63:main.c        ****            
  64:main.c        ****             dac_out = (int16)y[j & 0x03] + 2390;
  65:main.c        ****             UpdateDac(dac_out);
  66:main.c        ****             
  67:main.c        ****             sprintf(number, "%d", dac_out);                 // –ø–µ—Ä–µ—Ç–≤–æ—Ä–µ–Ω–Ω—è —á–∏—Å–ª–∞ 
  68:main.c        ****             UART_PutString(number);                       // –ø–µ—Ä–µ–¥–∞—Ç–∏ –∑–Ω–∞—á–µ–Ω–Ω—è –≤—ñ
  69:main.c        ****             UART_PutString("\r\n");
  70:main.c        ****             j++;
  71:main.c        ****             sample_flag = 0;                                // –æ—á–∏—Å—Ç–∏—Ç–∏ –ø—Ä–∞–ø–æ—Ä–µ—Ü—å 
  72:main.c        ****             LED_Write(0);
  73:main.c        ****         }
  74:main.c        ****     }
  75:main.c        **** }
  76:main.c        **** 
  77:main.c        **** //----------------------------------------------------------
  78:main.c        **** /* —Ñ—É–Ω–∫—Ü—ñ—è CalculateFilterCoefficients() —Ä–æ–∑—Ä–∞—Ö–æ–≤—É—î –∫–æ–µ—Ñ—ñ—Ü—ñ—î–Ω—Ç–∏ —Ü–∏—Ñ—
  79:main.c        **** void CalculateFilterCoefficients()
  80:main.c        **** {
  28              		.loc 1 80 0
  29              		.cfi_startproc
  30              		@ args = 0, pretend = 0, frame = 0
  31              		@ frame_needed = 0, uses_anonymous_args = 0
  32              		@ link register save eliminated.
  33              	.LVL0:
  81:main.c        ****     float dT = 1/((float)Fs);       // —ñ–Ω—Ç–µ—Ä–≤–∞–ª –¥–∏—Å–∫—Ä–µ—Ç–∏–∑–∞—Ü—ñ—ó, —Å
ARM GAS  C:\Users\slavi\AppData\Local\Temp\cc6s2EvQ.s 			page 3


  82:main.c        ****     float D = 1/Q;                  // –∫–æ–µ—Ñ—ñ—Ü—ñ—î–Ω—Ç –∑–∞—Ç—É—Ö–∞–Ω–Ω—è
  83:main.c        ****          // –§–ù–ß 2-–≥–æ –ø–æ—Ä—è–¥–∫—É
  84:main.c        ****             a0 = (PI*PI*Fo*Fo*dT*dT) / (1 + PI*Fo*D*dT + PI*PI*Fo*Fo*dT*dT);
  34              		.loc 1 84 0
  35 0000 074B     		ldr	r3, .L2
  36 0002 084A     		ldr	r2, .L2+4
  37 0004 1360     		str	r3, [r2]	@ float
  85:main.c        ****             a1 = 2*a0;
  38              		.loc 1 85 0
  39 0006 0849     		ldr	r1, .L2+8
  40 0008 084A     		ldr	r2, .L2+12
  41 000a 1160     		str	r1, [r2]	@ float
  86:main.c        ****             a2 = a0;
  42              		.loc 1 86 0
  43 000c 084A     		ldr	r2, .L2+16
  44 000e 1360     		str	r3, [r2]	@ float
  87:main.c        ****             b1 = 2 * (1 - PI*PI*Fo*Fo*dT*dT) / (1 + PI*Fo*D*dT + PI*PI*Fo*Fo*dT*dT);
  45              		.loc 1 87 0
  46 0010 084A     		ldr	r2, .L2+20
  47 0012 094B     		ldr	r3, .L2+24
  48 0014 1A60     		str	r2, [r3]	@ float
  88:main.c        ****             b2 = -(1 - PI*Fo*D*dT + PI*PI*Fo*Fo*dT*dT) / (1 + PI*Fo*D*dT + PI*PI*Fo*Fo*dT*dT);   
  49              		.loc 1 88 0
  50 0016 094A     		ldr	r2, .L2+28
  51 0018 094B     		ldr	r3, .L2+32
  52 001a 1A60     		str	r2, [r3]	@ float
  53 001c 7047     		bx	lr
  54              	.L3:
  55 001e 00BF     		.align	2
  56              	.L2:
  57 0020 365E683D 		.word	1030250038
  58 0024 00000000 		.word	a0
  59 0028 365EE83D 		.word	1038638646
  60 002c 00000000 		.word	a1
  61 0030 00000000 		.word	a2
  62 0034 A165D73F 		.word	1071080865
  63 0038 00000000 		.word	b1
  64 003c CDE268BF 		.word	-1083645235
  65 0040 00000000 		.word	b2
  66              		.cfi_endproc
  67              	.LFE65:
  68              		.size	CalculateFilterCoefficients, .-CalculateFilterCoefficients
  69              		.global	__aeabi_i2d
  70              		.global	__aeabi_ddiv
  71              		.global	__aeabi_f2d
  72              		.global	__aeabi_dadd
  73              		.global	__aeabi_d2f
  74              		.global	__aeabi_fmul
  75              		.global	__aeabi_fdiv
  76              		.global	__aeabi_f2uiz
  77              		.global	__aeabi_ui2f
  78              		.global	__aeabi_fsub
  79              		.global	__aeabi_fadd
  80              		.global	__aeabi_f2iz
  81              		.section	.text.main,"ax",%progbits
  82              		.align	2
  83              		.global	main
ARM GAS  C:\Users\slavi\AppData\Local\Temp\cc6s2EvQ.s 			page 4


  84              		.thumb
  85              		.thumb_func
  86              		.type	main, %function
  87              	main:
  88              	.LFB64:
  36:main.c        ****     
  89              		.loc 1 36 0
  90              		.cfi_startproc
  91              		@ args = 0, pretend = 0, frame = 16
  92              		@ frame_needed = 0, uses_anonymous_args = 0
  93 0000 2DE9F043 		push	{r4, r5, r6, r7, r8, r9, lr}
  94              		.cfi_def_cfa_offset 28
  95              		.cfi_offset 4, -28
  96              		.cfi_offset 5, -24
  97              		.cfi_offset 6, -20
  98              		.cfi_offset 7, -16
  99              		.cfi_offset 8, -12
 100              		.cfi_offset 9, -8
 101              		.cfi_offset 14, -4
 102 0004 85B0     		sub	sp, sp, #20
 103              		.cfi_def_cfa_offset 48
 104              	.LVL1:
  39:main.c        **** 
 105              		.loc 1 39 0
 106 0006 FFF7FEFF 		bl	CalculateFilterCoefficients
 107              	.LVL2:
  44:main.c        ****     InitTiming(sample_period_in_clocks); 
 108              		.loc 1 44 0
 109 000a 4E4A     		ldr	r2, .L8
 110 000c 5188     		ldrh	r1, [r2, #2]
 111 000e 40F6C413 		movw	r3, #2500
 112 0012 B3FBF1F3 		udiv	r3, r3, r1
 113 0016 1380     		strh	r3, [r2]	@ movhi
  45:main.c        ****     InitDac();
 114              		.loc 1 45 0
 115 0018 4FF41650 		mov	r0, #9600
 116 001c FFF7FEFF 		bl	InitTiming
 117              	.LVL3:
  46:main.c        ****     UART_Start();
 118              		.loc 1 46 0
 119 0020 FFF7FEFF 		bl	InitDac
 120              	.LVL4:
  47:main.c        ****     
 121              		.loc 1 47 0
 122 0024 FFF7FEFF 		bl	UART_Start
 123              	.LVL5:
  49:main.c        ****     j = 0;
 124              		.loc 1 49 0
 125              		.syntax unified
 126              	@ 49 "main.c" 1
 127 0028 62B6     		CPSIE   i
 128              	@ 0 "" 2
  50:main.c        ****     
 129              		.loc 1 50 0
 130              		.thumb
 131              		.syntax unified
 132 002a 0024     		movs	r4, #0
ARM GAS  C:\Users\slavi\AppData\Local\Temp\cc6s2EvQ.s 			page 5


 133              	.LVL6:
 134              	.L5:
  54:main.c        ****         {
 135              		.loc 1 54 0
 136 002c 464B     		ldr	r3, .L8+4
 137 002e 1B78     		ldrb	r3, [r3]	@ zero_extendqisi2
 138 0030 012B     		cmp	r3, #1
 139 0032 FBD1     		bne	.L5
  56:main.c        ****              deg_phase += 360.0/ratio;   // –∑–º—ñ–Ω–∞ —Ñ–∞–∑–∏ –∑–∞ 1 —ñ–Ω—Ç–µ—Ä–≤–∞–ª –¥–∏—Å–∫—Ä–
 140              		.loc 1 56 0
 141 0034 0120     		movs	r0, #1
 142 0036 FFF7FEFF 		bl	LED_Write
 143              	.LVL7:
  57:main.c        ****              int_phase = (uint16)(deg_phase*SIN_TAB_SIZE/360); // —Ñ–∞–∑–∞ —Å–∏–≥–Ω–∞–ª—É –ø–µ—Ä–µ—
 144              		.loc 1 57 0
 145 003a 424B     		ldr	r3, .L8
 146 003c 1888     		ldrh	r0, [r3]
 147 003e FFF7FEFF 		bl	__aeabi_i2d
 148              	.LVL8:
 149 0042 0246     		mov	r2, r0
 150 0044 0B46     		mov	r3, r1
 151 0046 0020     		movs	r0, #0
 152 0048 4049     		ldr	r1, .L8+8
 153 004a FFF7FEFF 		bl	__aeabi_ddiv
 154              	.LVL9:
 155 004e 0646     		mov	r6, r0
 156 0050 0F46     		mov	r7, r1
 157 0052 3D4D     		ldr	r5, .L8+4
 158 0054 6868     		ldr	r0, [r5, #4]	@ float
 159 0056 FFF7FEFF 		bl	__aeabi_f2d
 160              	.LVL10:
 161 005a 3246     		mov	r2, r6
 162 005c 3B46     		mov	r3, r7
 163 005e FFF7FEFF 		bl	__aeabi_dadd
 164              	.LVL11:
 165 0062 FFF7FEFF 		bl	__aeabi_d2f
 166              	.LVL12:
 167 0066 6860     		str	r0, [r5, #4]	@ float
  58:main.c        ****              dac_out = sin_tab[int_phase & (SIN_TAB_SIZE-1)];
 168              		.loc 1 58 0
 169 0068 4FF08441 		mov	r1, #1107296256
 170 006c FFF7FEFF 		bl	__aeabi_fmul
 171              	.LVL13:
 172 0070 3749     		ldr	r1, .L8+12
 173 0072 FFF7FEFF 		bl	__aeabi_fdiv
 174              	.LVL14:
 175 0076 FFF7FEFF 		bl	__aeabi_f2uiz
 176              	.LVL15:
 177 007a 2881     		strh	r0, [r5, #8]	@ movhi
 178              	.LVL16:
  61:main.c        ****             y[j&0x03] = a0*x[j&0x03]+a1*x[(j-1)&0x03]+a2*x[(j-2)&0x03]+b1*y[(j-1)&0x03]+b2*y[(j-2)&
 179              		.loc 1 61 0
 180 007c 04F00308 		and	r8, r4, #3
 181 0080 04F01F02 		and	r2, r4, #31
 182 0084 334B     		ldr	r3, .L8+16
 183 0086 33F81200 		ldrh	r0, [r3, r2, lsl #1]
 184              	.LVL17:
ARM GAS  C:\Users\slavi\AppData\Local\Temp\cc6s2EvQ.s 			page 6


 185 008a FFF7FEFF 		bl	__aeabi_ui2f
 186              	.LVL18:
 187 008e 3249     		ldr	r1, .L8+20
 188 0090 FFF7FEFF 		bl	__aeabi_fsub
 189              	.LVL19:
 190 0094 05EB8808 		add	r8, r5, r8, lsl #2
 191 0098 C8F80C00 		str	r0, [r8, #12]	@ float
  62:main.c        ****            
 192              		.loc 1 62 0
 193 009c 2F4B     		ldr	r3, .L8+24
 194 009e 1968     		ldr	r1, [r3]	@ float
 195 00a0 FFF7FEFF 		bl	__aeabi_fmul
 196              	.LVL20:
 197 00a4 0646     		mov	r6, r0
 198 00a6 671E     		subs	r7, r4, #1
 199 00a8 07F00307 		and	r7, r7, #3
 200 00ac 05EB8707 		add	r7, r5, r7, lsl #2
 201 00b0 2B4B     		ldr	r3, .L8+28
 202 00b2 1968     		ldr	r1, [r3]	@ float
 203 00b4 F868     		ldr	r0, [r7, #12]	@ float
 204 00b6 FFF7FEFF 		bl	__aeabi_fmul
 205              	.LVL21:
 206 00ba 0146     		mov	r1, r0
 207 00bc 3046     		mov	r0, r6
 208 00be FFF7FEFF 		bl	__aeabi_fadd
 209              	.LVL22:
 210 00c2 8146     		mov	r9, r0
 211 00c4 A61E     		subs	r6, r4, #2
 212 00c6 06F00306 		and	r6, r6, #3
 213 00ca 05EB8606 		add	r6, r5, r6, lsl #2
 214 00ce 254B     		ldr	r3, .L8+32
 215 00d0 1968     		ldr	r1, [r3]	@ float
 216 00d2 F068     		ldr	r0, [r6, #12]	@ float
 217 00d4 FFF7FEFF 		bl	__aeabi_fmul
 218              	.LVL23:
 219 00d8 0146     		mov	r1, r0
 220 00da 4846     		mov	r0, r9
 221 00dc FFF7FEFF 		bl	__aeabi_fadd
 222              	.LVL24:
 223 00e0 8146     		mov	r9, r0
 224 00e2 214B     		ldr	r3, .L8+36
 225 00e4 1968     		ldr	r1, [r3]	@ float
 226 00e6 F869     		ldr	r0, [r7, #28]	@ float
 227 00e8 FFF7FEFF 		bl	__aeabi_fmul
 228              	.LVL25:
 229 00ec 0146     		mov	r1, r0
 230 00ee 4846     		mov	r0, r9
 231 00f0 FFF7FEFF 		bl	__aeabi_fadd
 232              	.LVL26:
 233 00f4 0746     		mov	r7, r0
 234 00f6 1D4B     		ldr	r3, .L8+40
 235 00f8 1968     		ldr	r1, [r3]	@ float
 236 00fa F069     		ldr	r0, [r6, #28]	@ float
 237 00fc FFF7FEFF 		bl	__aeabi_fmul
 238              	.LVL27:
 239 0100 0146     		mov	r1, r0
 240 0102 3846     		mov	r0, r7
ARM GAS  C:\Users\slavi\AppData\Local\Temp\cc6s2EvQ.s 			page 7


 241 0104 FFF7FEFF 		bl	__aeabi_fadd
 242              	.LVL28:
 243 0108 C8F81C00 		str	r0, [r8, #28]	@ float
  64:main.c        ****             UpdateDac(dac_out);
 244              		.loc 1 64 0
 245 010c FFF7FEFF 		bl	__aeabi_f2iz
 246              	.LVL29:
 247 0110 00B2     		sxth	r0, r0
 248 0112 00F65616 		addw	r6, r0, #2390
 249 0116 B6B2     		uxth	r6, r6
 250              	.LVL30:
  65:main.c        ****             
 251              		.loc 1 65 0
 252 0118 3046     		mov	r0, r6
 253 011a FFF7FEFF 		bl	UpdateDac
 254              	.LVL31:
  67:main.c        ****             UART_PutString(number);                       // –ø–µ—Ä–µ–¥–∞—Ç–∏ –∑–Ω–∞—á–µ–Ω–Ω—è –≤—ñ
 255              		.loc 1 67 0
 256 011e 3246     		mov	r2, r6
 257 0120 1349     		ldr	r1, .L8+44
 258 0122 01A8     		add	r0, sp, #4
 259 0124 FFF7FEFF 		bl	sprintf
 260              	.LVL32:
  68:main.c        ****             UART_PutString("\r\n");
 261              		.loc 1 68 0
 262 0128 01A8     		add	r0, sp, #4
 263 012a FFF7FEFF 		bl	UART_PutString
 264              	.LVL33:
  69:main.c        ****             j++;
 265              		.loc 1 69 0
 266 012e 1148     		ldr	r0, .L8+48
 267 0130 FFF7FEFF 		bl	UART_PutString
 268              	.LVL34:
  70:main.c        ****             sample_flag = 0;                                // –æ—á–∏—Å—Ç–∏—Ç–∏ –ø—Ä–∞–ø–æ—Ä–µ—Ü—å 
 269              		.loc 1 70 0
 270 0134 0134     		adds	r4, r4, #1
 271              	.LVL35:
 272 0136 E4B2     		uxtb	r4, r4
 273              	.LVL36:
  71:main.c        ****             LED_Write(0);
 274              		.loc 1 71 0
 275 0138 0020     		movs	r0, #0
 276 013a 2870     		strb	r0, [r5]
  72:main.c        ****         }
 277              		.loc 1 72 0
 278 013c FFF7FEFF 		bl	LED_Write
 279              	.LVL37:
 280 0140 74E7     		b	.L5
 281              	.L9:
 282 0142 00BF     		.align	2
 283              	.L8:
 284 0144 00000000 		.word	.LANCHOR0
 285 0148 00000000 		.word	.LANCHOR1
 286 014c 00807640 		.word	1081507840
 287 0150 0000B443 		.word	1135869952
 288 0154 00000000 		.word	.LANCHOR2
 289 0158 0000FF44 		.word	1157562368
ARM GAS  C:\Users\slavi\AppData\Local\Temp\cc6s2EvQ.s 			page 8


 290 015c 00000000 		.word	a0
 291 0160 00000000 		.word	a1
 292 0164 00000000 		.word	a2
 293 0168 00000000 		.word	b1
 294 016c 00000000 		.word	b2
 295 0170 00000000 		.word	.LC0
 296 0174 04000000 		.word	.LC1
 297              		.cfi_endproc
 298              	.LFE64:
 299              		.size	main, .-main
 300              		.global	sample_flag
 301              		.global	ratio
 302              		.global	int_phase
 303              		.global	deg_phase
 304              		.comm	b2,4,4
 305              		.comm	b1,4,4
 306              		.comm	a2,4,4
 307              		.comm	a1,4,4
 308              		.comm	a0,4,4
 309              		.global	y
 310              		.global	x
 311              		.global	Q
 312              		.global	Fcl
 313              		.global	Fs
 314              		.global	Fo
 315              		.global	F0
 316              		.global	PI
 317              		.global	SIN_TAB_SIZE
 318              		.global	sin_tab
 319              		.comm	input_signal,64,4
 320              		.global	INPUT_SIGNAL_SIZE
 321              		.section	.rodata
 322              		.align	2
 323              		.set	.LANCHOR2,. + 0
 324              		.type	sin_tab, %object
 325              		.size	sin_tab, 64
 326              	sin_tab:
 327 0000 F807     		.short	2040
 328 0002 8509     		.short	2437
 329 0004 040B     		.short	2820
 330 0006 650C     		.short	3173
 331 0008 9A0D     		.short	3482
 332 000a 980E     		.short	3736
 333 000c 540F     		.short	3924
 334 000e C80F     		.short	4040
 335 0010 F00F     		.short	4080
 336 0012 C80F     		.short	4040
 337 0014 540F     		.short	3924
 338 0016 980E     		.short	3736
 339 0018 9A0D     		.short	3482
 340 001a 650C     		.short	3173
 341 001c 040B     		.short	2820
 342 001e 8509     		.short	2437
 343 0020 F807     		.short	2040
 344 0022 6A06     		.short	1642
 345 0024 EB04     		.short	1259
 346 0026 8A03     		.short	906
ARM GAS  C:\Users\slavi\AppData\Local\Temp\cc6s2EvQ.s 			page 9


 347 0028 5502     		.short	597
 348 002a 5701     		.short	343
 349 002c 9B00     		.short	155
 350 002e 2700     		.short	39
 351 0030 0000     		.short	0
 352 0032 2700     		.short	39
 353 0034 9B00     		.short	155
 354 0036 5701     		.short	343
 355 0038 5502     		.short	597
 356 003a 8A03     		.short	906
 357 003c EB04     		.short	1259
 358 003e 6A06     		.short	1642
 359              		.type	Q, %object
 360              		.size	Q, 4
 361              	Q:
 362 0040 0000A040 		.word	1084227584
 363              		.type	Fcl, %object
 364              		.size	Fcl, 4
 365              	Fcl:
 366 0044 00366E01 		.word	24000000
 367              		.type	Fs, %object
 368              		.size	Fs, 4
 369              	Fs:
 370 0048 C4090000 		.word	2500
 371              		.type	Fo, %object
 372              		.size	Fo, 2
 373              	Fo:
 374 004c C800     		.short	200
 375 004e 0000     		.space	2
 376              		.type	PI, %object
 377              		.size	PI, 4
 378              	PI:
 379 0050 DA0F4940 		.word	1078530010
 380              		.type	SIN_TAB_SIZE, %object
 381              		.size	SIN_TAB_SIZE, 2
 382              	SIN_TAB_SIZE:
 383 0054 2000     		.short	32
 384              		.type	INPUT_SIGNAL_SIZE, %object
 385              		.size	INPUT_SIGNAL_SIZE, 2
 386              	INPUT_SIGNAL_SIZE:
 387 0056 2000     		.short	32
 388              		.data
 389              		.align	1
 390              		.set	.LANCHOR0,. + 0
 391              		.type	ratio, %object
 392              		.size	ratio, 2
 393              	ratio:
 394 0000 0C00     		.short	12
 395              		.type	F0, %object
 396              		.size	F0, 2
 397              	F0:
 398 0002 0800     		.short	8
 399              		.section	.rodata.str1.4,"aMS",%progbits,1
 400              		.align	2
 401              	.LC0:
 402 0000 256400   		.ascii	"%d\000"
 403 0003 00       		.space	1
ARM GAS  C:\Users\slavi\AppData\Local\Temp\cc6s2EvQ.s 			page 10


 404              	.LC1:
 405 0004 0D0A00   		.ascii	"\015\012\000"
 406              		.bss
 407              		.align	2
 408              		.set	.LANCHOR1,. + 0
 409              		.type	sample_flag, %object
 410              		.size	sample_flag, 1
 411              	sample_flag:
 412 0000 00       		.space	1
 413 0001 000000   		.space	3
 414              		.type	deg_phase, %object
 415              		.size	deg_phase, 4
 416              	deg_phase:
 417 0004 00000000 		.space	4
 418              		.type	int_phase, %object
 419              		.size	int_phase, 2
 420              	int_phase:
 421 0008 0000     		.space	2
 422 000a 0000     		.space	2
 423              		.type	x, %object
 424              		.size	x, 16
 425              	x:
 426 000c 00000000 		.space	16
 426      00000000 
 426      00000000 
 426      00000000 
 427              		.type	y, %object
 428              		.size	y, 16
 429              	y:
 430 001c 00000000 		.space	16
 430      00000000 
 430      00000000 
 430      00000000 
 431              		.text
 432              	.Letext0:
 433              		.file 2 "c:\\program files (x86)\\cypress\\psoc creator\\4.4\\psoc creator\\import\\gnu\\arm\\5.4.
 434              		.file 3 "c:\\program files (x86)\\cypress\\psoc creator\\4.4\\psoc creator\\import\\gnu\\arm\\5.4.
 435              		.file 4 "Generated_Source\\PSoC5/cytypes.h"
 436              		.file 5 "Generated_Source\\PSoC5/core_cm3.h"
 437              		.file 6 "sin_tab.h"
 438              		.file 7 "timing.h"
 439              		.file 8 "myDAC.h"
 440              		.file 9 "Generated_Source\\PSoC5/UART.h"
 441              		.file 10 "Generated_Source\\PSoC5/LED.h"
 442              		.file 11 "c:\\program files (x86)\\cypress\\psoc creator\\4.4\\psoc creator\\import\\gnu\\arm\\5.4
 443              		.section	.debug_info,"",%progbits
 444              	.Ldebug_info0:
 445 0000 11040000 		.4byte	0x411
 446 0004 0400     		.2byte	0x4
 447 0006 00000000 		.4byte	.Ldebug_abbrev0
 448 000a 04       		.byte	0x4
 449 000b 01       		.uleb128 0x1
 450 000c CA000000 		.4byte	.LASF39
 451 0010 0C       		.byte	0xc
 452 0011 43020000 		.4byte	.LASF40
 453 0015 42000000 		.4byte	.LASF41
 454 0019 00000000 		.4byte	.Ldebug_ranges0+0
ARM GAS  C:\Users\slavi\AppData\Local\Temp\cc6s2EvQ.s 			page 11


 455 001d 00000000 		.4byte	0
 456 0021 00000000 		.4byte	.Ldebug_line0
 457 0025 02       		.uleb128 0x2
 458 0026 01       		.byte	0x1
 459 0027 06       		.byte	0x6
 460 0028 91020000 		.4byte	.LASF0
 461 002c 02       		.uleb128 0x2
 462 002d 01       		.byte	0x1
 463 002e 08       		.byte	0x8
 464 002f BC000000 		.4byte	.LASF1
 465 0033 02       		.uleb128 0x2
 466 0034 02       		.byte	0x2
 467 0035 05       		.byte	0x5
 468 0036 A3010000 		.4byte	.LASF2
 469 003a 02       		.uleb128 0x2
 470 003b 02       		.byte	0x2
 471 003c 07       		.byte	0x7
 472 003d 4F020000 		.4byte	.LASF3
 473 0041 03       		.uleb128 0x3
 474 0042 2F000000 		.4byte	.LASF9
 475 0046 02       		.byte	0x2
 476 0047 3F       		.byte	0x3f
 477 0048 4C000000 		.4byte	0x4c
 478 004c 02       		.uleb128 0x2
 479 004d 04       		.byte	0x4
 480 004e 05       		.byte	0x5
 481 004f 39000000 		.4byte	.LASF4
 482 0053 02       		.uleb128 0x2
 483 0054 04       		.byte	0x4
 484 0055 07       		.byte	0x7
 485 0056 C0010000 		.4byte	.LASF5
 486 005a 02       		.uleb128 0x2
 487 005b 08       		.byte	0x8
 488 005c 05       		.byte	0x5
 489 005d 00000000 		.4byte	.LASF6
 490 0061 02       		.uleb128 0x2
 491 0062 08       		.byte	0x8
 492 0063 07       		.byte	0x7
 493 0064 EC010000 		.4byte	.LASF7
 494 0068 04       		.uleb128 0x4
 495 0069 04       		.byte	0x4
 496 006a 05       		.byte	0x5
 497 006b 696E7400 		.ascii	"int\000"
 498 006f 02       		.uleb128 0x2
 499 0070 04       		.byte	0x4
 500 0071 07       		.byte	0x7
 501 0072 D2010000 		.4byte	.LASF8
 502 0076 03       		.uleb128 0x3
 503 0077 20020000 		.4byte	.LASF10
 504 007b 03       		.byte	0x3
 505 007c 2C       		.byte	0x2c
 506 007d 41000000 		.4byte	0x41
 507 0081 05       		.uleb128 0x5
 508 0082 B6000000 		.4byte	.LASF11
 509 0086 04       		.byte	0x4
 510 0087 E901     		.2byte	0x1e9
 511 0089 2C000000 		.4byte	0x2c
ARM GAS  C:\Users\slavi\AppData\Local\Temp\cc6s2EvQ.s 			page 12


 512 008d 05       		.uleb128 0x5
 513 008e AD010000 		.4byte	.LASF12
 514 0092 04       		.byte	0x4
 515 0093 EA01     		.2byte	0x1ea
 516 0095 3A000000 		.4byte	0x3a
 517 0099 05       		.uleb128 0x5
 518 009a B4010000 		.4byte	.LASF13
 519 009e 04       		.byte	0x4
 520 009f EB01     		.2byte	0x1eb
 521 00a1 53000000 		.4byte	0x53
 522 00a5 05       		.uleb128 0x5
 523 00a6 58010000 		.4byte	.LASF14
 524 00aa 04       		.byte	0x4
 525 00ab ED01     		.2byte	0x1ed
 526 00ad 33000000 		.4byte	0x33
 527 00b1 02       		.uleb128 0x2
 528 00b2 04       		.byte	0x4
 529 00b3 04       		.byte	0x4
 530 00b4 B0000000 		.4byte	.LASF15
 531 00b8 02       		.uleb128 0x2
 532 00b9 08       		.byte	0x8
 533 00ba 04       		.byte	0x4
 534 00bb A1000000 		.4byte	.LASF16
 535 00bf 02       		.uleb128 0x2
 536 00c0 01       		.byte	0x1
 537 00c1 08       		.byte	0x8
 538 00c2 4A020000 		.4byte	.LASF17
 539 00c6 02       		.uleb128 0x2
 540 00c7 08       		.byte	0x8
 541 00c8 04       		.byte	0x4
 542 00c9 85020000 		.4byte	.LASF18
 543 00cd 02       		.uleb128 0x2
 544 00ce 04       		.byte	0x4
 545 00cf 07       		.byte	0x7
 546 00d0 28020000 		.4byte	.LASF19
 547 00d4 06       		.uleb128 0x6
 548 00d5 72010000 		.4byte	.LASF42
 549 00d9 01       		.byte	0x1
 550 00da 4F       		.byte	0x4f
 551 00db 00000000 		.4byte	.LFB65
 552 00df 44000000 		.4byte	.LFE65-.LFB65
 553 00e3 01       		.uleb128 0x1
 554 00e4 9C       		.byte	0x9c
 555 00e5 07010000 		.4byte	0x107
 556 00e9 07       		.uleb128 0x7
 557 00ea 645400   		.ascii	"dT\000"
 558 00ed 01       		.byte	0x1
 559 00ee 51       		.byte	0x51
 560 00ef B1000000 		.4byte	0xb1
 561 00f3 04       		.byte	0x4
 562 00f4 17B7D139 		.4byte	0x39d1b717
 563 00f8 07       		.uleb128 0x7
 564 00f9 4400     		.ascii	"D\000"
 565 00fb 01       		.byte	0x1
 566 00fc 52       		.byte	0x52
 567 00fd B1000000 		.4byte	0xb1
 568 0101 04       		.byte	0x4
ARM GAS  C:\Users\slavi\AppData\Local\Temp\cc6s2EvQ.s 			page 13


 569 0102 CDCC4C3E 		.4byte	0x3e4ccccd
 570 0106 00       		.byte	0
 571 0107 08       		.uleb128 0x8
 572 0108 BB010000 		.4byte	.LASF43
 573 010c 01       		.byte	0x1
 574 010d 23       		.byte	0x23
 575 010e 68000000 		.4byte	0x68
 576 0112 00000000 		.4byte	.LFB64
 577 0116 78010000 		.4byte	.LFE64-.LFB64
 578 011a 01       		.uleb128 0x1
 579 011b 9C       		.byte	0x9c
 580 011c 0C020000 		.4byte	0x20c
 581 0120 09       		.uleb128 0x9
 582 0121 6A00     		.ascii	"j\000"
 583 0123 01       		.byte	0x1
 584 0124 26       		.byte	0x26
 585 0125 81000000 		.4byte	0x81
 586 0129 00000000 		.4byte	.LLST0
 587 012d 0A       		.uleb128 0xa
 588 012e 19020000 		.4byte	.LASF20
 589 0132 01       		.byte	0x1
 590 0133 29       		.byte	0x29
 591 0134 0C020000 		.4byte	0x20c
 592 0138 02       		.uleb128 0x2
 593 0139 91       		.byte	0x91
 594 013a 54       		.sleb128 -44
 595 013b 0B       		.uleb128 0xb
 596 013c 8E010000 		.4byte	.LASF21
 597 0140 01       		.byte	0x1
 598 0141 2A       		.byte	0x2a
 599 0142 8D000000 		.4byte	0x8d
 600 0146 2A000000 		.4byte	.LLST1
 601 014a 0C       		.uleb128 0xc
 602 014b 6D020000 		.4byte	.LASF22
 603 014f 01       		.byte	0x1
 604 0150 2B       		.byte	0x2b
 605 0151 8D000000 		.4byte	0x8d
 606 0155 8025     		.2byte	0x2580
 607 0157 0D       		.uleb128 0xd
 608 0158 0A000000 		.4byte	.LVL2
 609 015c D4000000 		.4byte	0xd4
 610 0160 0E       		.uleb128 0xe
 611 0161 20000000 		.4byte	.LVL3
 612 0165 C7030000 		.4byte	0x3c7
 613 0169 75010000 		.4byte	0x175
 614 016d 0F       		.uleb128 0xf
 615 016e 01       		.uleb128 0x1
 616 016f 50       		.byte	0x50
 617 0170 03       		.uleb128 0x3
 618 0171 0A       		.byte	0xa
 619 0172 8025     		.2byte	0x2580
 620 0174 00       		.byte	0
 621 0175 0D       		.uleb128 0xd
 622 0176 24000000 		.4byte	.LVL4
 623 017a D2030000 		.4byte	0x3d2
 624 017e 0D       		.uleb128 0xd
 625 017f 28000000 		.4byte	.LVL5
ARM GAS  C:\Users\slavi\AppData\Local\Temp\cc6s2EvQ.s 			page 14


 626 0183 DD030000 		.4byte	0x3dd
 627 0187 0E       		.uleb128 0xe
 628 0188 3A000000 		.4byte	.LVL7
 629 018c E8030000 		.4byte	0x3e8
 630 0190 9A010000 		.4byte	0x19a
 631 0194 0F       		.uleb128 0xf
 632 0195 01       		.uleb128 0x1
 633 0196 50       		.byte	0x50
 634 0197 01       		.uleb128 0x1
 635 0198 31       		.byte	0x31
 636 0199 00       		.byte	0
 637 019a 0E       		.uleb128 0xe
 638 019b 1E010000 		.4byte	.LVL31
 639 019f F3030000 		.4byte	0x3f3
 640 01a3 AE010000 		.4byte	0x1ae
 641 01a7 0F       		.uleb128 0xf
 642 01a8 01       		.uleb128 0x1
 643 01a9 50       		.byte	0x50
 644 01aa 02       		.uleb128 0x2
 645 01ab 76       		.byte	0x76
 646 01ac 00       		.sleb128 0
 647 01ad 00       		.byte	0
 648 01ae 0E       		.uleb128 0xe
 649 01af 28010000 		.4byte	.LVL32
 650 01b3 FE030000 		.4byte	0x3fe
 651 01b7 D1010000 		.4byte	0x1d1
 652 01bb 0F       		.uleb128 0xf
 653 01bc 01       		.uleb128 0x1
 654 01bd 50       		.byte	0x50
 655 01be 02       		.uleb128 0x2
 656 01bf 91       		.byte	0x91
 657 01c0 54       		.sleb128 -44
 658 01c1 0F       		.uleb128 0xf
 659 01c2 01       		.uleb128 0x1
 660 01c3 51       		.byte	0x51
 661 01c4 05       		.uleb128 0x5
 662 01c5 03       		.byte	0x3
 663 01c6 00000000 		.4byte	.LC0
 664 01ca 0F       		.uleb128 0xf
 665 01cb 01       		.uleb128 0x1
 666 01cc 52       		.byte	0x52
 667 01cd 02       		.uleb128 0x2
 668 01ce 76       		.byte	0x76
 669 01cf 00       		.sleb128 0
 670 01d0 00       		.byte	0
 671 01d1 0E       		.uleb128 0xe
 672 01d2 2E010000 		.4byte	.LVL33
 673 01d6 09040000 		.4byte	0x409
 674 01da E5010000 		.4byte	0x1e5
 675 01de 0F       		.uleb128 0xf
 676 01df 01       		.uleb128 0x1
 677 01e0 50       		.byte	0x50
 678 01e1 02       		.uleb128 0x2
 679 01e2 91       		.byte	0x91
 680 01e3 54       		.sleb128 -44
 681 01e4 00       		.byte	0
 682 01e5 0E       		.uleb128 0xe
ARM GAS  C:\Users\slavi\AppData\Local\Temp\cc6s2EvQ.s 			page 15


 683 01e6 34010000 		.4byte	.LVL34
 684 01ea 09040000 		.4byte	0x409
 685 01ee FC010000 		.4byte	0x1fc
 686 01f2 0F       		.uleb128 0xf
 687 01f3 01       		.uleb128 0x1
 688 01f4 50       		.byte	0x50
 689 01f5 05       		.uleb128 0x5
 690 01f6 03       		.byte	0x3
 691 01f7 04000000 		.4byte	.LC1
 692 01fb 00       		.byte	0
 693 01fc 10       		.uleb128 0x10
 694 01fd 40010000 		.4byte	.LVL37
 695 0201 E8030000 		.4byte	0x3e8
 696 0205 0F       		.uleb128 0xf
 697 0206 01       		.uleb128 0x1
 698 0207 50       		.byte	0x50
 699 0208 01       		.uleb128 0x1
 700 0209 30       		.byte	0x30
 701 020a 00       		.byte	0
 702 020b 00       		.byte	0
 703 020c 11       		.uleb128 0x11
 704 020d BF000000 		.4byte	0xbf
 705 0211 1C020000 		.4byte	0x21c
 706 0215 12       		.uleb128 0x12
 707 0216 CD000000 		.4byte	0xcd
 708 021a 09       		.byte	0x9
 709 021b 00       		.byte	0
 710 021c 13       		.uleb128 0x13
 711 021d 96010000 		.4byte	.LASF23
 712 0221 05       		.byte	0x5
 713 0222 1207     		.2byte	0x712
 714 0224 28020000 		.4byte	0x228
 715 0228 14       		.uleb128 0x14
 716 0229 76000000 		.4byte	0x76
 717 022d 15       		.uleb128 0x15
 718 022e 31020000 		.4byte	.LASF24
 719 0232 06       		.byte	0x6
 720 0233 03       		.byte	0x3
 721 0234 3E020000 		.4byte	0x23e
 722 0238 05       		.uleb128 0x5
 723 0239 03       		.byte	0x3
 724 023a 00000000 		.4byte	INPUT_SIGNAL_SIZE
 725 023e 16       		.uleb128 0x16
 726 023f 8D000000 		.4byte	0x8d
 727 0243 11       		.uleb128 0x11
 728 0244 8D000000 		.4byte	0x8d
 729 0248 53020000 		.4byte	0x253
 730 024c 12       		.uleb128 0x12
 731 024d CD000000 		.4byte	0xcd
 732 0251 1F       		.byte	0x1f
 733 0252 00       		.byte	0
 734 0253 15       		.uleb128 0x15
 735 0254 18000000 		.4byte	.LASF25
 736 0258 06       		.byte	0x6
 737 0259 05       		.byte	0x5
 738 025a 43020000 		.4byte	0x243
 739 025e 05       		.uleb128 0x5
ARM GAS  C:\Users\slavi\AppData\Local\Temp\cc6s2EvQ.s 			page 16


 740 025f 03       		.byte	0x3
 741 0260 00000000 		.4byte	input_signal
 742 0264 11       		.uleb128 0x11
 743 0265 3E020000 		.4byte	0x23e
 744 0269 74020000 		.4byte	0x274
 745 026d 12       		.uleb128 0x12
 746 026e CD000000 		.4byte	0xcd
 747 0272 1F       		.byte	0x1f
 748 0273 00       		.byte	0
 749 0274 15       		.uleb128 0x15
 750 0275 11020000 		.4byte	.LASF26
 751 0279 06       		.byte	0x6
 752 027a 07       		.byte	0x7
 753 027b 85020000 		.4byte	0x285
 754 027f 05       		.uleb128 0x5
 755 0280 03       		.byte	0x3
 756 0281 00000000 		.4byte	sin_tab
 757 0285 16       		.uleb128 0x16
 758 0286 64020000 		.4byte	0x264
 759 028a 15       		.uleb128 0x15
 760 028b DF010000 		.4byte	.LASF27
 761 028f 01       		.byte	0x1
 762 0290 0B       		.byte	0xb
 763 0291 3E020000 		.4byte	0x23e
 764 0295 05       		.uleb128 0x5
 765 0296 03       		.byte	0x3
 766 0297 00000000 		.4byte	SIN_TAB_SIZE
 767 029b 17       		.uleb128 0x17
 768 029c 504900   		.ascii	"PI\000"
 769 029f 01       		.byte	0x1
 770 02a0 0D       		.byte	0xd
 771 02a1 AB020000 		.4byte	0x2ab
 772 02a5 05       		.uleb128 0x5
 773 02a6 03       		.byte	0x3
 774 02a7 00000000 		.4byte	PI
 775 02ab 16       		.uleb128 0x16
 776 02ac B1000000 		.4byte	0xb1
 777 02b0 17       		.uleb128 0x17
 778 02b1 463000   		.ascii	"F0\000"
 779 02b4 01       		.byte	0x1
 780 02b5 0E       		.byte	0xe
 781 02b6 8D000000 		.4byte	0x8d
 782 02ba 05       		.uleb128 0x5
 783 02bb 03       		.byte	0x3
 784 02bc 00000000 		.4byte	F0
 785 02c0 17       		.uleb128 0x17
 786 02c1 466F00   		.ascii	"Fo\000"
 787 02c4 01       		.byte	0x1
 788 02c5 0F       		.byte	0xf
 789 02c6 3E020000 		.4byte	0x23e
 790 02ca 05       		.uleb128 0x5
 791 02cb 03       		.byte	0x3
 792 02cc 00000000 		.4byte	Fo
 793 02d0 17       		.uleb128 0x17
 794 02d1 467300   		.ascii	"Fs\000"
 795 02d4 01       		.byte	0x1
 796 02d5 10       		.byte	0x10
ARM GAS  C:\Users\slavi\AppData\Local\Temp\cc6s2EvQ.s 			page 17


 797 02d6 E0020000 		.4byte	0x2e0
 798 02da 05       		.uleb128 0x5
 799 02db 03       		.byte	0x3
 800 02dc 00000000 		.4byte	Fs
 801 02e0 16       		.uleb128 0x16
 802 02e1 99000000 		.4byte	0x99
 803 02e5 17       		.uleb128 0x17
 804 02e6 46636C00 		.ascii	"Fcl\000"
 805 02ea 01       		.byte	0x1
 806 02eb 11       		.byte	0x11
 807 02ec E0020000 		.4byte	0x2e0
 808 02f0 05       		.uleb128 0x5
 809 02f1 03       		.byte	0x3
 810 02f2 00000000 		.4byte	Fcl
 811 02f6 17       		.uleb128 0x17
 812 02f7 5100     		.ascii	"Q\000"
 813 02f9 01       		.byte	0x1
 814 02fa 12       		.byte	0x12
 815 02fb AB020000 		.4byte	0x2ab
 816 02ff 05       		.uleb128 0x5
 817 0300 03       		.byte	0x3
 818 0301 00000000 		.4byte	Q
 819 0305 11       		.uleb128 0x11
 820 0306 B1000000 		.4byte	0xb1
 821 030a 15030000 		.4byte	0x315
 822 030e 12       		.uleb128 0x12
 823 030f CD000000 		.4byte	0xcd
 824 0313 03       		.byte	0x3
 825 0314 00       		.byte	0
 826 0315 17       		.uleb128 0x17
 827 0316 7800     		.ascii	"x\000"
 828 0318 01       		.byte	0x1
 829 0319 15       		.byte	0x15
 830 031a 05030000 		.4byte	0x305
 831 031e 05       		.uleb128 0x5
 832 031f 03       		.byte	0x3
 833 0320 00000000 		.4byte	x
 834 0324 17       		.uleb128 0x17
 835 0325 7900     		.ascii	"y\000"
 836 0327 01       		.byte	0x1
 837 0328 16       		.byte	0x16
 838 0329 05030000 		.4byte	0x305
 839 032d 05       		.uleb128 0x5
 840 032e 03       		.byte	0x3
 841 032f 00000000 		.4byte	y
 842 0333 17       		.uleb128 0x17
 843 0334 613000   		.ascii	"a0\000"
 844 0337 01       		.byte	0x1
 845 0338 17       		.byte	0x17
 846 0339 B1000000 		.4byte	0xb1
 847 033d 05       		.uleb128 0x5
 848 033e 03       		.byte	0x3
 849 033f 00000000 		.4byte	a0
 850 0343 17       		.uleb128 0x17
 851 0344 613100   		.ascii	"a1\000"
 852 0347 01       		.byte	0x1
 853 0348 17       		.byte	0x17
ARM GAS  C:\Users\slavi\AppData\Local\Temp\cc6s2EvQ.s 			page 18


 854 0349 B1000000 		.4byte	0xb1
 855 034d 05       		.uleb128 0x5
 856 034e 03       		.byte	0x3
 857 034f 00000000 		.4byte	a1
 858 0353 17       		.uleb128 0x17
 859 0354 613200   		.ascii	"a2\000"
 860 0357 01       		.byte	0x1
 861 0358 17       		.byte	0x17
 862 0359 B1000000 		.4byte	0xb1
 863 035d 05       		.uleb128 0x5
 864 035e 03       		.byte	0x3
 865 035f 00000000 		.4byte	a2
 866 0363 17       		.uleb128 0x17
 867 0364 623100   		.ascii	"b1\000"
 868 0367 01       		.byte	0x1
 869 0368 17       		.byte	0x17
 870 0369 B1000000 		.4byte	0xb1
 871 036d 05       		.uleb128 0x5
 872 036e 03       		.byte	0x3
 873 036f 00000000 		.4byte	b1
 874 0373 17       		.uleb128 0x17
 875 0374 623200   		.ascii	"b2\000"
 876 0377 01       		.byte	0x1
 877 0378 17       		.byte	0x17
 878 0379 B1000000 		.4byte	0xb1
 879 037d 05       		.uleb128 0x5
 880 037e 03       		.byte	0x3
 881 037f 00000000 		.4byte	b2
 882 0383 15       		.uleb128 0x15
 883 0384 0E000000 		.4byte	.LASF28
 884 0388 01       		.byte	0x1
 885 0389 19       		.byte	0x19
 886 038a B1000000 		.4byte	0xb1
 887 038e 05       		.uleb128 0x5
 888 038f 03       		.byte	0x3
 889 0390 00000000 		.4byte	deg_phase
 890 0394 15       		.uleb128 0x15
 891 0395 5E010000 		.4byte	.LASF29
 892 0399 01       		.byte	0x1
 893 039a 1A       		.byte	0x1a
 894 039b 8D000000 		.4byte	0x8d
 895 039f 05       		.uleb128 0x5
 896 03a0 03       		.byte	0x3
 897 03a1 00000000 		.4byte	int_phase
 898 03a5 15       		.uleb128 0x15
 899 03a6 0B020000 		.4byte	.LASF30
 900 03aa 01       		.byte	0x1
 901 03ab 1B       		.byte	0x1b
 902 03ac 8D000000 		.4byte	0x8d
 903 03b0 05       		.uleb128 0x5
 904 03b1 03       		.byte	0x3
 905 03b2 00000000 		.4byte	ratio
 906 03b6 15       		.uleb128 0x15
 907 03b7 8A000000 		.4byte	.LASF31
 908 03bb 01       		.byte	0x1
 909 03bc 1F       		.byte	0x1f
 910 03bd 81000000 		.4byte	0x81
ARM GAS  C:\Users\slavi\AppData\Local\Temp\cc6s2EvQ.s 			page 19


 911 03c1 05       		.uleb128 0x5
 912 03c2 03       		.byte	0x3
 913 03c3 00000000 		.4byte	sample_flag
 914 03c7 18       		.uleb128 0x18
 915 03c8 62020000 		.4byte	.LASF32
 916 03cc 62020000 		.4byte	.LASF32
 917 03d0 07       		.byte	0x7
 918 03d1 0E       		.byte	0xe
 919 03d2 18       		.uleb128 0x18
 920 03d3 A8000000 		.4byte	.LASF33
 921 03d7 A8000000 		.4byte	.LASF33
 922 03db 08       		.byte	0x8
 923 03dc 0E       		.byte	0xe
 924 03dd 18       		.uleb128 0x18
 925 03de 96000000 		.4byte	.LASF34
 926 03e2 96000000 		.4byte	.LASF34
 927 03e6 09       		.byte	0x9
 928 03e7 54       		.byte	0x54
 929 03e8 18       		.uleb128 0x18
 930 03e9 25000000 		.4byte	.LASF35
 931 03ed 25000000 		.4byte	.LASF35
 932 03f1 0A       		.byte	0xa
 933 03f2 26       		.byte	0x26
 934 03f3 18       		.uleb128 0x18
 935 03f4 68010000 		.4byte	.LASF36
 936 03f8 68010000 		.4byte	.LASF36
 937 03fc 08       		.byte	0x8
 938 03fd 0F       		.byte	0xf
 939 03fe 18       		.uleb128 0x18
 940 03ff 03020000 		.4byte	.LASF37
 941 0403 03020000 		.4byte	.LASF37
 942 0407 0B       		.byte	0xb
 943 0408 E7       		.byte	0xe7
 944 0409 18       		.uleb128 0x18
 945 040a 9D020000 		.4byte	.LASF38
 946 040e 9D020000 		.4byte	.LASF38
 947 0412 09       		.byte	0x9
 948 0413 8B       		.byte	0x8b
 949 0414 00       		.byte	0
 950              		.section	.debug_abbrev,"",%progbits
 951              	.Ldebug_abbrev0:
 952 0000 01       		.uleb128 0x1
 953 0001 11       		.uleb128 0x11
 954 0002 01       		.byte	0x1
 955 0003 25       		.uleb128 0x25
 956 0004 0E       		.uleb128 0xe
 957 0005 13       		.uleb128 0x13
 958 0006 0B       		.uleb128 0xb
 959 0007 03       		.uleb128 0x3
 960 0008 0E       		.uleb128 0xe
 961 0009 1B       		.uleb128 0x1b
 962 000a 0E       		.uleb128 0xe
 963 000b 55       		.uleb128 0x55
 964 000c 17       		.uleb128 0x17
 965 000d 11       		.uleb128 0x11
 966 000e 01       		.uleb128 0x1
 967 000f 10       		.uleb128 0x10
ARM GAS  C:\Users\slavi\AppData\Local\Temp\cc6s2EvQ.s 			page 20


 968 0010 17       		.uleb128 0x17
 969 0011 00       		.byte	0
 970 0012 00       		.byte	0
 971 0013 02       		.uleb128 0x2
 972 0014 24       		.uleb128 0x24
 973 0015 00       		.byte	0
 974 0016 0B       		.uleb128 0xb
 975 0017 0B       		.uleb128 0xb
 976 0018 3E       		.uleb128 0x3e
 977 0019 0B       		.uleb128 0xb
 978 001a 03       		.uleb128 0x3
 979 001b 0E       		.uleb128 0xe
 980 001c 00       		.byte	0
 981 001d 00       		.byte	0
 982 001e 03       		.uleb128 0x3
 983 001f 16       		.uleb128 0x16
 984 0020 00       		.byte	0
 985 0021 03       		.uleb128 0x3
 986 0022 0E       		.uleb128 0xe
 987 0023 3A       		.uleb128 0x3a
 988 0024 0B       		.uleb128 0xb
 989 0025 3B       		.uleb128 0x3b
 990 0026 0B       		.uleb128 0xb
 991 0027 49       		.uleb128 0x49
 992 0028 13       		.uleb128 0x13
 993 0029 00       		.byte	0
 994 002a 00       		.byte	0
 995 002b 04       		.uleb128 0x4
 996 002c 24       		.uleb128 0x24
 997 002d 00       		.byte	0
 998 002e 0B       		.uleb128 0xb
 999 002f 0B       		.uleb128 0xb
 1000 0030 3E       		.uleb128 0x3e
 1001 0031 0B       		.uleb128 0xb
 1002 0032 03       		.uleb128 0x3
 1003 0033 08       		.uleb128 0x8
 1004 0034 00       		.byte	0
 1005 0035 00       		.byte	0
 1006 0036 05       		.uleb128 0x5
 1007 0037 16       		.uleb128 0x16
 1008 0038 00       		.byte	0
 1009 0039 03       		.uleb128 0x3
 1010 003a 0E       		.uleb128 0xe
 1011 003b 3A       		.uleb128 0x3a
 1012 003c 0B       		.uleb128 0xb
 1013 003d 3B       		.uleb128 0x3b
 1014 003e 05       		.uleb128 0x5
 1015 003f 49       		.uleb128 0x49
 1016 0040 13       		.uleb128 0x13
 1017 0041 00       		.byte	0
 1018 0042 00       		.byte	0
 1019 0043 06       		.uleb128 0x6
 1020 0044 2E       		.uleb128 0x2e
 1021 0045 01       		.byte	0x1
 1022 0046 3F       		.uleb128 0x3f
 1023 0047 19       		.uleb128 0x19
 1024 0048 03       		.uleb128 0x3
ARM GAS  C:\Users\slavi\AppData\Local\Temp\cc6s2EvQ.s 			page 21


 1025 0049 0E       		.uleb128 0xe
 1026 004a 3A       		.uleb128 0x3a
 1027 004b 0B       		.uleb128 0xb
 1028 004c 3B       		.uleb128 0x3b
 1029 004d 0B       		.uleb128 0xb
 1030 004e 11       		.uleb128 0x11
 1031 004f 01       		.uleb128 0x1
 1032 0050 12       		.uleb128 0x12
 1033 0051 06       		.uleb128 0x6
 1034 0052 40       		.uleb128 0x40
 1035 0053 18       		.uleb128 0x18
 1036 0054 9742     		.uleb128 0x2117
 1037 0056 19       		.uleb128 0x19
 1038 0057 01       		.uleb128 0x1
 1039 0058 13       		.uleb128 0x13
 1040 0059 00       		.byte	0
 1041 005a 00       		.byte	0
 1042 005b 07       		.uleb128 0x7
 1043 005c 34       		.uleb128 0x34
 1044 005d 00       		.byte	0
 1045 005e 03       		.uleb128 0x3
 1046 005f 08       		.uleb128 0x8
 1047 0060 3A       		.uleb128 0x3a
 1048 0061 0B       		.uleb128 0xb
 1049 0062 3B       		.uleb128 0x3b
 1050 0063 0B       		.uleb128 0xb
 1051 0064 49       		.uleb128 0x49
 1052 0065 13       		.uleb128 0x13
 1053 0066 1C       		.uleb128 0x1c
 1054 0067 0A       		.uleb128 0xa
 1055 0068 00       		.byte	0
 1056 0069 00       		.byte	0
 1057 006a 08       		.uleb128 0x8
 1058 006b 2E       		.uleb128 0x2e
 1059 006c 01       		.byte	0x1
 1060 006d 3F       		.uleb128 0x3f
 1061 006e 19       		.uleb128 0x19
 1062 006f 03       		.uleb128 0x3
 1063 0070 0E       		.uleb128 0xe
 1064 0071 3A       		.uleb128 0x3a
 1065 0072 0B       		.uleb128 0xb
 1066 0073 3B       		.uleb128 0x3b
 1067 0074 0B       		.uleb128 0xb
 1068 0075 27       		.uleb128 0x27
 1069 0076 19       		.uleb128 0x19
 1070 0077 49       		.uleb128 0x49
 1071 0078 13       		.uleb128 0x13
 1072 0079 8701     		.uleb128 0x87
 1073 007b 19       		.uleb128 0x19
 1074 007c 11       		.uleb128 0x11
 1075 007d 01       		.uleb128 0x1
 1076 007e 12       		.uleb128 0x12
 1077 007f 06       		.uleb128 0x6
 1078 0080 40       		.uleb128 0x40
 1079 0081 18       		.uleb128 0x18
 1080 0082 9642     		.uleb128 0x2116
 1081 0084 19       		.uleb128 0x19
ARM GAS  C:\Users\slavi\AppData\Local\Temp\cc6s2EvQ.s 			page 22


 1082 0085 01       		.uleb128 0x1
 1083 0086 13       		.uleb128 0x13
 1084 0087 00       		.byte	0
 1085 0088 00       		.byte	0
 1086 0089 09       		.uleb128 0x9
 1087 008a 34       		.uleb128 0x34
 1088 008b 00       		.byte	0
 1089 008c 03       		.uleb128 0x3
 1090 008d 08       		.uleb128 0x8
 1091 008e 3A       		.uleb128 0x3a
 1092 008f 0B       		.uleb128 0xb
 1093 0090 3B       		.uleb128 0x3b
 1094 0091 0B       		.uleb128 0xb
 1095 0092 49       		.uleb128 0x49
 1096 0093 13       		.uleb128 0x13
 1097 0094 02       		.uleb128 0x2
 1098 0095 17       		.uleb128 0x17
 1099 0096 00       		.byte	0
 1100 0097 00       		.byte	0
 1101 0098 0A       		.uleb128 0xa
 1102 0099 34       		.uleb128 0x34
 1103 009a 00       		.byte	0
 1104 009b 03       		.uleb128 0x3
 1105 009c 0E       		.uleb128 0xe
 1106 009d 3A       		.uleb128 0x3a
 1107 009e 0B       		.uleb128 0xb
 1108 009f 3B       		.uleb128 0x3b
 1109 00a0 0B       		.uleb128 0xb
 1110 00a1 49       		.uleb128 0x49
 1111 00a2 13       		.uleb128 0x13
 1112 00a3 02       		.uleb128 0x2
 1113 00a4 18       		.uleb128 0x18
 1114 00a5 00       		.byte	0
 1115 00a6 00       		.byte	0
 1116 00a7 0B       		.uleb128 0xb
 1117 00a8 34       		.uleb128 0x34
 1118 00a9 00       		.byte	0
 1119 00aa 03       		.uleb128 0x3
 1120 00ab 0E       		.uleb128 0xe
 1121 00ac 3A       		.uleb128 0x3a
 1122 00ad 0B       		.uleb128 0xb
 1123 00ae 3B       		.uleb128 0x3b
 1124 00af 0B       		.uleb128 0xb
 1125 00b0 49       		.uleb128 0x49
 1126 00b1 13       		.uleb128 0x13
 1127 00b2 02       		.uleb128 0x2
 1128 00b3 17       		.uleb128 0x17
 1129 00b4 00       		.byte	0
 1130 00b5 00       		.byte	0
 1131 00b6 0C       		.uleb128 0xc
 1132 00b7 34       		.uleb128 0x34
 1133 00b8 00       		.byte	0
 1134 00b9 03       		.uleb128 0x3
 1135 00ba 0E       		.uleb128 0xe
 1136 00bb 3A       		.uleb128 0x3a
 1137 00bc 0B       		.uleb128 0xb
 1138 00bd 3B       		.uleb128 0x3b
ARM GAS  C:\Users\slavi\AppData\Local\Temp\cc6s2EvQ.s 			page 23


 1139 00be 0B       		.uleb128 0xb
 1140 00bf 49       		.uleb128 0x49
 1141 00c0 13       		.uleb128 0x13
 1142 00c1 1C       		.uleb128 0x1c
 1143 00c2 05       		.uleb128 0x5
 1144 00c3 00       		.byte	0
 1145 00c4 00       		.byte	0
 1146 00c5 0D       		.uleb128 0xd
 1147 00c6 898201   		.uleb128 0x4109
 1148 00c9 00       		.byte	0
 1149 00ca 11       		.uleb128 0x11
 1150 00cb 01       		.uleb128 0x1
 1151 00cc 31       		.uleb128 0x31
 1152 00cd 13       		.uleb128 0x13
 1153 00ce 00       		.byte	0
 1154 00cf 00       		.byte	0
 1155 00d0 0E       		.uleb128 0xe
 1156 00d1 898201   		.uleb128 0x4109
 1157 00d4 01       		.byte	0x1
 1158 00d5 11       		.uleb128 0x11
 1159 00d6 01       		.uleb128 0x1
 1160 00d7 31       		.uleb128 0x31
 1161 00d8 13       		.uleb128 0x13
 1162 00d9 01       		.uleb128 0x1
 1163 00da 13       		.uleb128 0x13
 1164 00db 00       		.byte	0
 1165 00dc 00       		.byte	0
 1166 00dd 0F       		.uleb128 0xf
 1167 00de 8A8201   		.uleb128 0x410a
 1168 00e1 00       		.byte	0
 1169 00e2 02       		.uleb128 0x2
 1170 00e3 18       		.uleb128 0x18
 1171 00e4 9142     		.uleb128 0x2111
 1172 00e6 18       		.uleb128 0x18
 1173 00e7 00       		.byte	0
 1174 00e8 00       		.byte	0
 1175 00e9 10       		.uleb128 0x10
 1176 00ea 898201   		.uleb128 0x4109
 1177 00ed 01       		.byte	0x1
 1178 00ee 11       		.uleb128 0x11
 1179 00ef 01       		.uleb128 0x1
 1180 00f0 31       		.uleb128 0x31
 1181 00f1 13       		.uleb128 0x13
 1182 00f2 00       		.byte	0
 1183 00f3 00       		.byte	0
 1184 00f4 11       		.uleb128 0x11
 1185 00f5 01       		.uleb128 0x1
 1186 00f6 01       		.byte	0x1
 1187 00f7 49       		.uleb128 0x49
 1188 00f8 13       		.uleb128 0x13
 1189 00f9 01       		.uleb128 0x1
 1190 00fa 13       		.uleb128 0x13
 1191 00fb 00       		.byte	0
 1192 00fc 00       		.byte	0
 1193 00fd 12       		.uleb128 0x12
 1194 00fe 21       		.uleb128 0x21
 1195 00ff 00       		.byte	0
ARM GAS  C:\Users\slavi\AppData\Local\Temp\cc6s2EvQ.s 			page 24


 1196 0100 49       		.uleb128 0x49
 1197 0101 13       		.uleb128 0x13
 1198 0102 2F       		.uleb128 0x2f
 1199 0103 0B       		.uleb128 0xb
 1200 0104 00       		.byte	0
 1201 0105 00       		.byte	0
 1202 0106 13       		.uleb128 0x13
 1203 0107 34       		.uleb128 0x34
 1204 0108 00       		.byte	0
 1205 0109 03       		.uleb128 0x3
 1206 010a 0E       		.uleb128 0xe
 1207 010b 3A       		.uleb128 0x3a
 1208 010c 0B       		.uleb128 0xb
 1209 010d 3B       		.uleb128 0x3b
 1210 010e 05       		.uleb128 0x5
 1211 010f 49       		.uleb128 0x49
 1212 0110 13       		.uleb128 0x13
 1213 0111 3F       		.uleb128 0x3f
 1214 0112 19       		.uleb128 0x19
 1215 0113 3C       		.uleb128 0x3c
 1216 0114 19       		.uleb128 0x19
 1217 0115 00       		.byte	0
 1218 0116 00       		.byte	0
 1219 0117 14       		.uleb128 0x14
 1220 0118 35       		.uleb128 0x35
 1221 0119 00       		.byte	0
 1222 011a 49       		.uleb128 0x49
 1223 011b 13       		.uleb128 0x13
 1224 011c 00       		.byte	0
 1225 011d 00       		.byte	0
 1226 011e 15       		.uleb128 0x15
 1227 011f 34       		.uleb128 0x34
 1228 0120 00       		.byte	0
 1229 0121 03       		.uleb128 0x3
 1230 0122 0E       		.uleb128 0xe
 1231 0123 3A       		.uleb128 0x3a
 1232 0124 0B       		.uleb128 0xb
 1233 0125 3B       		.uleb128 0x3b
 1234 0126 0B       		.uleb128 0xb
 1235 0127 49       		.uleb128 0x49
 1236 0128 13       		.uleb128 0x13
 1237 0129 3F       		.uleb128 0x3f
 1238 012a 19       		.uleb128 0x19
 1239 012b 02       		.uleb128 0x2
 1240 012c 18       		.uleb128 0x18
 1241 012d 00       		.byte	0
 1242 012e 00       		.byte	0
 1243 012f 16       		.uleb128 0x16
 1244 0130 26       		.uleb128 0x26
 1245 0131 00       		.byte	0
 1246 0132 49       		.uleb128 0x49
 1247 0133 13       		.uleb128 0x13
 1248 0134 00       		.byte	0
 1249 0135 00       		.byte	0
 1250 0136 17       		.uleb128 0x17
 1251 0137 34       		.uleb128 0x34
 1252 0138 00       		.byte	0
ARM GAS  C:\Users\slavi\AppData\Local\Temp\cc6s2EvQ.s 			page 25


 1253 0139 03       		.uleb128 0x3
 1254 013a 08       		.uleb128 0x8
 1255 013b 3A       		.uleb128 0x3a
 1256 013c 0B       		.uleb128 0xb
 1257 013d 3B       		.uleb128 0x3b
 1258 013e 0B       		.uleb128 0xb
 1259 013f 49       		.uleb128 0x49
 1260 0140 13       		.uleb128 0x13
 1261 0141 3F       		.uleb128 0x3f
 1262 0142 19       		.uleb128 0x19
 1263 0143 02       		.uleb128 0x2
 1264 0144 18       		.uleb128 0x18
 1265 0145 00       		.byte	0
 1266 0146 00       		.byte	0
 1267 0147 18       		.uleb128 0x18
 1268 0148 2E       		.uleb128 0x2e
 1269 0149 00       		.byte	0
 1270 014a 3F       		.uleb128 0x3f
 1271 014b 19       		.uleb128 0x19
 1272 014c 3C       		.uleb128 0x3c
 1273 014d 19       		.uleb128 0x19
 1274 014e 6E       		.uleb128 0x6e
 1275 014f 0E       		.uleb128 0xe
 1276 0150 03       		.uleb128 0x3
 1277 0151 0E       		.uleb128 0xe
 1278 0152 3A       		.uleb128 0x3a
 1279 0153 0B       		.uleb128 0xb
 1280 0154 3B       		.uleb128 0x3b
 1281 0155 0B       		.uleb128 0xb
 1282 0156 00       		.byte	0
 1283 0157 00       		.byte	0
 1284 0158 00       		.byte	0
 1285              		.section	.debug_loc,"",%progbits
 1286              	.Ldebug_loc0:
 1287              	.LLST0:
 1288 0000 06000000 		.4byte	.LVL1
 1289 0004 2C000000 		.4byte	.LVL6
 1290 0008 0200     		.2byte	0x2
 1291 000a 30       		.byte	0x30
 1292 000b 9F       		.byte	0x9f
 1293 000c 2C000000 		.4byte	.LVL6
 1294 0010 36010000 		.4byte	.LVL35
 1295 0014 0100     		.2byte	0x1
 1296 0016 54       		.byte	0x54
 1297 0017 38010000 		.4byte	.LVL36
 1298 001b 78010000 		.4byte	.LFE64
 1299 001f 0100     		.2byte	0x1
 1300 0021 54       		.byte	0x54
 1301 0022 00000000 		.4byte	0
 1302 0026 00000000 		.4byte	0
 1303              	.LLST1:
 1304 002a 7C000000 		.4byte	.LVL16
 1305 002e 8A000000 		.4byte	.LVL17
 1306 0032 1000     		.2byte	0x10
 1307 0034 70       		.byte	0x70
 1308 0035 00       		.sleb128 0
 1309 0036 4F       		.byte	0x4f
ARM GAS  C:\Users\slavi\AppData\Local\Temp\cc6s2EvQ.s 			page 26


 1310 0037 1A       		.byte	0x1a
 1311 0038 0A       		.byte	0xa
 1312 0039 FFFF     		.2byte	0xffff
 1313 003b 1A       		.byte	0x1a
 1314 003c 31       		.byte	0x31
 1315 003d 24       		.byte	0x24
 1316 003e 03       		.byte	0x3
 1317 003f 00000000 		.4byte	sin_tab
 1318 0043 22       		.byte	0x22
 1319 0044 8A000000 		.4byte	.LVL17
 1320 0048 8D000000 		.4byte	.LVL18-1
 1321 004c 1500     		.2byte	0x15
 1322 004e 03       		.byte	0x3
 1323 004f 00000000 		.4byte	int_phase
 1324 0053 94       		.byte	0x94
 1325 0054 02       		.byte	0x2
 1326 0055 4F       		.byte	0x4f
 1327 0056 1A       		.byte	0x1a
 1328 0057 0A       		.byte	0xa
 1329 0058 FFFF     		.2byte	0xffff
 1330 005a 1A       		.byte	0x1a
 1331 005b 31       		.byte	0x31
 1332 005c 24       		.byte	0x24
 1333 005d 03       		.byte	0x3
 1334 005e 00000000 		.4byte	sin_tab
 1335 0062 22       		.byte	0x22
 1336 0063 18010000 		.4byte	.LVL30
 1337 0067 78010000 		.4byte	.LFE64
 1338 006b 0100     		.2byte	0x1
 1339 006d 56       		.byte	0x56
 1340 006e 00000000 		.4byte	0
 1341 0072 00000000 		.4byte	0
 1342              		.section	.debug_aranges,"",%progbits
 1343 0000 24000000 		.4byte	0x24
 1344 0004 0200     		.2byte	0x2
 1345 0006 00000000 		.4byte	.Ldebug_info0
 1346 000a 04       		.byte	0x4
 1347 000b 00       		.byte	0
 1348 000c 0000     		.2byte	0
 1349 000e 0000     		.2byte	0
 1350 0010 00000000 		.4byte	.LFB65
 1351 0014 44000000 		.4byte	.LFE65-.LFB65
 1352 0018 00000000 		.4byte	.LFB64
 1353 001c 78010000 		.4byte	.LFE64-.LFB64
 1354 0020 00000000 		.4byte	0
 1355 0024 00000000 		.4byte	0
 1356              		.section	.debug_ranges,"",%progbits
 1357              	.Ldebug_ranges0:
 1358 0000 00000000 		.4byte	.LFB65
 1359 0004 44000000 		.4byte	.LFE65
 1360 0008 00000000 		.4byte	.LFB64
 1361 000c 78010000 		.4byte	.LFE64
 1362 0010 00000000 		.4byte	0
 1363 0014 00000000 		.4byte	0
 1364              		.section	.debug_line,"",%progbits
 1365              	.Ldebug_line0:
 1366 0000 38020000 		.section	.debug_str,"MS",%progbits,1
ARM GAS  C:\Users\slavi\AppData\Local\Temp\cc6s2EvQ.s 			page 27


 1366      0200F601 
 1366      00000201 
 1366      FB0E0D00 
 1366      01010101 
 1367              	.LASF6:
 1368 0000 6C6F6E67 		.ascii	"long long int\000"
 1368      206C6F6E 
 1368      6720696E 
 1368      7400
 1369              	.LASF28:
 1370 000e 6465675F 		.ascii	"deg_phase\000"
 1370      70686173 
 1370      6500
 1371              	.LASF25:
 1372 0018 696E7075 		.ascii	"input_signal\000"
 1372      745F7369 
 1372      676E616C 
 1372      00
 1373              	.LASF35:
 1374 0025 4C45445F 		.ascii	"LED_Write\000"
 1374      57726974 
 1374      6500
 1375              	.LASF9:
 1376 002f 5F5F696E 		.ascii	"__int32_t\000"
 1376      7433325F 
 1376      7400
 1377              	.LASF4:
 1378 0039 6C6F6E67 		.ascii	"long int\000"
 1378      20696E74 
 1378      00
 1379              	.LASF41:
 1380 0042 433A5C55 		.ascii	"C:\\Users\\slavi\\Documents\\PSoC Creator\\CourseWo"
 1380      73657273 
 1380      5C736C61 
 1380      76695C44 
 1380      6F63756D 
 1381 0070 726B5F4D 		.ascii	"rk_Mentukh\\Design01.cydsn\000"
 1381      656E7475 
 1381      6B685C44 
 1381      65736967 
 1381      6E30312E 
 1382              	.LASF31:
 1383 008a 73616D70 		.ascii	"sample_flag\000"
 1383      6C655F66 
 1383      6C616700 
 1384              	.LASF34:
 1385 0096 55415254 		.ascii	"UART_Start\000"
 1385      5F537461 
 1385      727400
 1386              	.LASF16:
 1387 00a1 646F7562 		.ascii	"double\000"
 1387      6C6500
 1388              	.LASF33:
 1389 00a8 496E6974 		.ascii	"InitDac\000"
 1389      44616300 
 1390              	.LASF15:
 1391 00b0 666C6F61 		.ascii	"float\000"
ARM GAS  C:\Users\slavi\AppData\Local\Temp\cc6s2EvQ.s 			page 28


 1391      7400
 1392              	.LASF11:
 1393 00b6 75696E74 		.ascii	"uint8\000"
 1393      3800
 1394              	.LASF1:
 1395 00bc 756E7369 		.ascii	"unsigned char\000"
 1395      676E6564 
 1395      20636861 
 1395      7200
 1396              	.LASF39:
 1397 00ca 474E5520 		.ascii	"GNU C11 5.4.1 20160609 (release) [ARM/embedded-5-br"
 1397      43313120 
 1397      352E342E 
 1397      31203230 
 1397      31363036 
 1398 00fd 616E6368 		.ascii	"anch revision 237715] -mcpu=cortex-m3 -mthumb -g -O"
 1398      20726576 
 1398      6973696F 
 1398      6E203233 
 1398      37373135 
 1399 0130 67202D66 		.ascii	"g -ffunction-sections -ffat-lto-objects\000"
 1399      66756E63 
 1399      74696F6E 
 1399      2D736563 
 1399      74696F6E 
 1400              	.LASF14:
 1401 0158 696E7431 		.ascii	"int16\000"
 1401      3600
 1402              	.LASF29:
 1403 015e 696E745F 		.ascii	"int_phase\000"
 1403      70686173 
 1403      6500
 1404              	.LASF36:
 1405 0168 55706461 		.ascii	"UpdateDac\000"
 1405      74654461 
 1405      6300
 1406              	.LASF42:
 1407 0172 43616C63 		.ascii	"CalculateFilterCoefficients\000"
 1407      756C6174 
 1407      6546696C 
 1407      74657243 
 1407      6F656666 
 1408              	.LASF21:
 1409 018e 6461635F 		.ascii	"dac_out\000"
 1409      6F757400 
 1410              	.LASF23:
 1411 0196 49544D5F 		.ascii	"ITM_RxBuffer\000"
 1411      52784275 
 1411      66666572 
 1411      00
 1412              	.LASF2:
 1413 01a3 73686F72 		.ascii	"short int\000"
 1413      7420696E 
 1413      7400
 1414              	.LASF12:
 1415 01ad 75696E74 		.ascii	"uint16\000"
 1415      313600
ARM GAS  C:\Users\slavi\AppData\Local\Temp\cc6s2EvQ.s 			page 29


 1416              	.LASF13:
 1417 01b4 75696E74 		.ascii	"uint32\000"
 1417      333200
 1418              	.LASF43:
 1419 01bb 6D61696E 		.ascii	"main\000"
 1419      00
 1420              	.LASF5:
 1421 01c0 6C6F6E67 		.ascii	"long unsigned int\000"
 1421      20756E73 
 1421      69676E65 
 1421      6420696E 
 1421      7400
 1422              	.LASF8:
 1423 01d2 756E7369 		.ascii	"unsigned int\000"
 1423      676E6564 
 1423      20696E74 
 1423      00
 1424              	.LASF27:
 1425 01df 53494E5F 		.ascii	"SIN_TAB_SIZE\000"
 1425      5441425F 
 1425      53495A45 
 1425      00
 1426              	.LASF7:
 1427 01ec 6C6F6E67 		.ascii	"long long unsigned int\000"
 1427      206C6F6E 
 1427      6720756E 
 1427      7369676E 
 1427      65642069 
 1428              	.LASF37:
 1429 0203 73707269 		.ascii	"sprintf\000"
 1429      6E746600 
 1430              	.LASF30:
 1431 020b 72617469 		.ascii	"ratio\000"
 1431      6F00
 1432              	.LASF26:
 1433 0211 73696E5F 		.ascii	"sin_tab\000"
 1433      74616200 
 1434              	.LASF20:
 1435 0219 6E756D62 		.ascii	"number\000"
 1435      657200
 1436              	.LASF10:
 1437 0220 696E7433 		.ascii	"int32_t\000"
 1437      325F7400 
 1438              	.LASF19:
 1439 0228 73697A65 		.ascii	"sizetype\000"
 1439      74797065 
 1439      00
 1440              	.LASF24:
 1441 0231 494E5055 		.ascii	"INPUT_SIGNAL_SIZE\000"
 1441      545F5349 
 1441      474E414C 
 1441      5F53495A 
 1441      4500
 1442              	.LASF40:
 1443 0243 6D61696E 		.ascii	"main.c\000"
 1443      2E6300
 1444              	.LASF17:
ARM GAS  C:\Users\slavi\AppData\Local\Temp\cc6s2EvQ.s 			page 30


 1445 024a 63686172 		.ascii	"char\000"
 1445      00
 1446              	.LASF3:
 1447 024f 73686F72 		.ascii	"short unsigned int\000"
 1447      7420756E 
 1447      7369676E 
 1447      65642069 
 1447      6E7400
 1448              	.LASF32:
 1449 0262 496E6974 		.ascii	"InitTiming\000"
 1449      54696D69 
 1449      6E6700
 1450              	.LASF22:
 1451 026d 73616D70 		.ascii	"sample_period_in_clocks\000"
 1451      6C655F70 
 1451      6572696F 
 1451      645F696E 
 1451      5F636C6F 
 1452              	.LASF18:
 1453 0285 6C6F6E67 		.ascii	"long double\000"
 1453      20646F75 
 1453      626C6500 
 1454              	.LASF0:
 1455 0291 7369676E 		.ascii	"signed char\000"
 1455      65642063 
 1455      68617200 
 1456              	.LASF38:
 1457 029d 55415254 		.ascii	"UART_PutString\000"
 1457      5F507574 
 1457      53747269 
 1457      6E6700
 1458              		.ident	"GCC: (GNU Tools for ARM Embedded Processors) 5.4.1 20160609 (release) [ARM/embedded-5-bran
