ARM GAS  C:\Users\slavi\AppData\Local\Temp\ccP0amqC.s 			page 1


   1              		.syntax unified
   2              		.cpu cortex-m3
   3              		.fpu softvfp
   4              		.eabi_attribute 20, 1
   5              		.eabi_attribute 21, 1
   6              		.eabi_attribute 23, 3
   7              		.eabi_attribute 24, 1
   8              		.eabi_attribute 25, 1
   9              		.eabi_attribute 26, 1
  10              		.eabi_attribute 30, 1
  11              		.eabi_attribute 34, 1
  12              		.eabi_attribute 18, 4
  13              		.thumb
  14              		.syntax unified
  15              		.file	"tty_utils.c"
  16              		.text
  17              	.Ltext0:
  18              		.cfi_sections	.debug_frame
  19              		.section	.text.tty_rx_isr,"ax",%progbits
  20              		.align	2
  21              		.global	tty_rx_isr
  22              		.thumb
  23              		.thumb_func
  24              		.type	tty_rx_isr, %function
  25              	tty_rx_isr:
  26              	.LFB67:
  27              		.file 1 "tty_utils.c"
   1:tty_utils.c   **** #include "project.h"
   2:tty_utils.c   **** #include "stdio.h"
   3:tty_utils.c   **** #include "tty_utils.h"
   4:tty_utils.c   **** 
   5:tty_utils.c   **** #define TAB   '\t'
   6:tty_utils.c   **** #define SPACE ' ' 
   7:tty_utils.c   **** #define CR    '\r'
   8:tty_utils.c   **** #define LF    '\n'
   9:tty_utils.c   **** 
  10:tty_utils.c   **** #define RX_BUF_LEN  128
  11:tty_utils.c   **** #define STR_BUF_LEN  64
  12:tty_utils.c   **** 
  13:tty_utils.c   **** volatile char rx_buf[RX_BUF_LEN] ;
  14:tty_utils.c   **** volatile int  rx_write_index = 0 ;
  15:tty_utils.c   **** int           rx_read_index  = 0 ;
  16:tty_utils.c   **** int           str_buf_index  = 0 ;
  17:tty_utils.c   **** char          str[STR_BUF_LEN + 1] ;
  18:tty_utils.c   **** 
  19:tty_utils.c   **** static inline int is_delimiter(char c)
  20:tty_utils.c   **** {
  21:tty_utils.c   ****     return((c == TAB)||(c == SPACE)||(c == CR)||(c == LF)) ;
  22:tty_utils.c   **** }
  23:tty_utils.c   **** 
  24:tty_utils.c   **** static inline int is_eol(char c)
  25:tty_utils.c   **** {
  26:tty_utils.c   ****     return((c == CR) || (c == LF)) ;
  27:tty_utils.c   **** }
  28:tty_utils.c   **** 
  29:tty_utils.c   **** void print(char *str)
  30:tty_utils.c   **** {
ARM GAS  C:\Users\slavi\AppData\Local\Temp\ccP0amqC.s 			page 2


  31:tty_utils.c   ****     UART_PutString(str) ; /* for PSoC 4 */
  32:tty_utils.c   **** }
  33:tty_utils.c   **** 
  34:tty_utils.c   **** CY_ISR(tty_rx_isr)
  35:tty_utils.c   **** {
  28              		.loc 1 35 0
  29              		.cfi_startproc
  30              		@ args = 0, pretend = 0, frame = 0
  31              		@ frame_needed = 0, uses_anonymous_args = 0
  32 0000 38B5     		push	{r3, r4, r5, lr}
  33              		.cfi_def_cfa_offset 16
  34              		.cfi_offset 3, -16
  35              		.cfi_offset 4, -12
  36              		.cfi_offset 5, -8
  37              		.cfi_offset 14, -4
  36:tty_utils.c   ****     if (UART_GetRxBufferSize()) {
  38              		.loc 1 36 0
  39 0002 FFF7FEFF 		bl	UART_GetRxBufferSize
  40              	.LVL0:
  41 0006 90B1     		cbz	r0, .L2
  37:tty_utils.c   ****         rx_buf[rx_write_index] = UART_GetByte() ;
  42              		.loc 1 37 0
  43 0008 0A4C     		ldr	r4, .L5
  44 000a 2568     		ldr	r5, [r4]
  45 000c FFF7FEFF 		bl	UART_GetByte
  46              	.LVL1:
  47 0010 C0B2     		uxtb	r0, r0
  48 0012 094B     		ldr	r3, .L5+4
  49 0014 5855     		strb	r0, [r3, r5]
  38:tty_utils.c   ****         rx_write_index = (rx_write_index + 1) % RX_BUF_LEN ;
  50              		.loc 1 38 0
  51 0016 2268     		ldr	r2, [r4]
  52 0018 0132     		adds	r2, r2, #1
  53 001a 084B     		ldr	r3, .L5+8
  54 001c 1340     		ands	r3, r3, r2
  55 001e 002B     		cmp	r3, #0
  56 0020 03DA     		bge	.L3
  57 0022 013B     		subs	r3, r3, #1
  58 0024 63F07F03 		orn	r3, r3, #127
  59 0028 0133     		adds	r3, r3, #1
  60              	.L3:
  61 002a 024A     		ldr	r2, .L5
  62 002c 1360     		str	r3, [r2]
  63              	.L2:
  39:tty_utils.c   ****     }
  40:tty_utils.c   ****     tty_rx_int_ClearPending() ;
  64              		.loc 1 40 0
  65 002e FFF7FEFF 		bl	tty_rx_int_ClearPending
  66              	.LVL2:
  67 0032 38BD     		pop	{r3, r4, r5, pc}
  68              	.L6:
  69              		.align	2
  70              	.L5:
  71 0034 00000000 		.word	.LANCHOR0
  72 0038 00000000 		.word	rx_buf
  73 003c 7F000080 		.word	-2147483521
  74              		.cfi_endproc
ARM GAS  C:\Users\slavi\AppData\Local\Temp\ccP0amqC.s 			page 3


  75              	.LFE67:
  76              		.size	tty_rx_isr, .-tty_rx_isr
  77              		.section	.text.print,"ax",%progbits
  78              		.align	2
  79              		.global	print
  80              		.thumb
  81              		.thumb_func
  82              		.type	print, %function
  83              	print:
  84              	.LFB66:
  30:tty_utils.c   ****     UART_PutString(str) ; /* for PSoC 4 */
  85              		.loc 1 30 0
  86              		.cfi_startproc
  87              		@ args = 0, pretend = 0, frame = 0
  88              		@ frame_needed = 0, uses_anonymous_args = 0
  89              	.LVL3:
  90 0000 08B5     		push	{r3, lr}
  91              		.cfi_def_cfa_offset 8
  92              		.cfi_offset 3, -8
  93              		.cfi_offset 14, -4
  31:tty_utils.c   **** }
  94              		.loc 1 31 0
  95 0002 FFF7FEFF 		bl	UART_PutString
  96              	.LVL4:
  97 0006 08BD     		pop	{r3, pc}
  98              		.cfi_endproc
  99              	.LFE66:
 100              		.size	print, .-print
 101              		.section	.text.splash,"ax",%progbits
 102              		.align	2
 103              		.global	splash
 104              		.thumb
 105              		.thumb_func
 106              		.type	splash, %function
 107              	splash:
 108              	.LFB68:
  41:tty_utils.c   **** }
  42:tty_utils.c   **** 
  43:tty_utils.c   **** void splash(char *prog_name) 
  44:tty_utils.c   **** {
 109              		.loc 1 44 0
 110              		.cfi_startproc
 111              		@ args = 0, pretend = 0, frame = 0
 112              		@ frame_needed = 0, uses_anonymous_args = 0
 113              	.LVL5:
 114 0000 08B5     		push	{r3, lr}
 115              		.cfi_def_cfa_offset 8
 116              		.cfi_offset 3, -8
 117              		.cfi_offset 14, -4
  45:tty_utils.c   ****     if (prog_name && *prog_name) {
 118              		.loc 1 45 0
 119 0002 18B1     		cbz	r0, .L10
 120              		.loc 1 45 0 is_stmt 0 discriminator 1
 121 0004 0278     		ldrb	r2, [r0]	@ zero_extendqisi2
 122 0006 0AB1     		cbz	r2, .L10
  46:tty_utils.c   ****         print(prog_name) ;
 123              		.loc 1 46 0 is_stmt 1
ARM GAS  C:\Users\slavi\AppData\Local\Temp\ccP0amqC.s 			page 4


 124 0008 FFF7FEFF 		bl	print
 125              	.LVL6:
 126              	.L10:
  47:tty_utils.c   ****     } 
  48:tty_utils.c   ****     print(" (") ;
 127              		.loc 1 48 0
 128 000c 0748     		ldr	r0, .L12
 129 000e FFF7FEFF 		bl	print
 130              	.LVL7:
  49:tty_utils.c   ****     print(__DATE__) ;
 131              		.loc 1 49 0
 132 0012 0748     		ldr	r0, .L12+4
 133 0014 FFF7FEFF 		bl	print
 134              	.LVL8:
  50:tty_utils.c   ****     print(" ") ;
 135              		.loc 1 50 0
 136 0018 0648     		ldr	r0, .L12+8
 137 001a FFF7FEFF 		bl	print
 138              	.LVL9:
  51:tty_utils.c   ****     print(__TIME__) ;
 139              		.loc 1 51 0
 140 001e 0648     		ldr	r0, .L12+12
 141 0020 FFF7FEFF 		bl	print
 142              	.LVL10:
  52:tty_utils.c   ****     print(")\n") ;
 143              		.loc 1 52 0
 144 0024 0548     		ldr	r0, .L12+16
 145 0026 FFF7FEFF 		bl	print
 146              	.LVL11:
 147 002a 08BD     		pop	{r3, pc}
 148              	.L13:
 149              		.align	2
 150              	.L12:
 151 002c 00000000 		.word	.LC0
 152 0030 04000000 		.word	.LC1
 153 0034 10000000 		.word	.LC2
 154 0038 14000000 		.word	.LC3
 155 003c 20000000 		.word	.LC4
 156              		.cfi_endproc
 157              	.LFE68:
 158              		.size	splash, .-splash
 159              		.section	.text.prompt,"ax",%progbits
 160              		.align	2
 161              		.global	prompt
 162              		.thumb
 163              		.thumb_func
 164              		.type	prompt, %function
 165              	prompt:
 166              	.LFB69:
  53:tty_utils.c   **** }
  54:tty_utils.c   **** 
  55:tty_utils.c   **** void prompt(void)
  56:tty_utils.c   **** {
 167              		.loc 1 56 0
 168              		.cfi_startproc
 169              		@ args = 0, pretend = 0, frame = 0
 170              		@ frame_needed = 0, uses_anonymous_args = 0
ARM GAS  C:\Users\slavi\AppData\Local\Temp\ccP0amqC.s 			page 5


 171 0000 08B5     		push	{r3, lr}
 172              		.cfi_def_cfa_offset 8
 173              		.cfi_offset 3, -8
 174              		.cfi_offset 14, -4
  57:tty_utils.c   ****     print("> ") ;
 175              		.loc 1 57 0
 176 0002 0248     		ldr	r0, .L16
 177 0004 FFF7FEFF 		bl	print
 178              	.LVL12:
 179 0008 08BD     		pop	{r3, pc}
 180              	.L17:
 181 000a 00BF     		.align	2
 182              	.L16:
 183 000c 24000000 		.word	.LC5
 184              		.cfi_endproc
 185              	.LFE69:
 186              		.size	prompt, .-prompt
 187              		.section	.text.tty_init,"ax",%progbits
 188              		.align	2
 189              		.global	tty_init
 190              		.thumb
 191              		.thumb_func
 192              		.type	tty_init, %function
 193              	tty_init:
 194              	.LFB70:
  58:tty_utils.c   **** }
  59:tty_utils.c   **** 
  60:tty_utils.c   **** void tty_init(void)
  61:tty_utils.c   **** {
 195              		.loc 1 61 0
 196              		.cfi_startproc
 197              		@ args = 0, pretend = 0, frame = 0
 198              		@ frame_needed = 0, uses_anonymous_args = 0
 199 0000 08B5     		push	{r3, lr}
 200              		.cfi_def_cfa_offset 8
 201              		.cfi_offset 3, -8
 202              		.cfi_offset 14, -4
  62:tty_utils.c   ****     tty_rx_int_ClearPending() ;
 203              		.loc 1 62 0
 204 0002 FFF7FEFF 		bl	tty_rx_int_ClearPending
 205              	.LVL13:
  63:tty_utils.c   ****     tty_rx_int_StartEx(tty_rx_isr) ;
 206              		.loc 1 63 0
 207 0006 0348     		ldr	r0, .L20
 208 0008 FFF7FEFF 		bl	tty_rx_int_StartEx
 209              	.LVL14:
  64:tty_utils.c   ****     UART_Start() ;
 210              		.loc 1 64 0
 211 000c FFF7FEFF 		bl	UART_Start
 212              	.LVL15:
 213 0010 08BD     		pop	{r3, pc}
 214              	.L21:
 215 0012 00BF     		.align	2
 216              	.L20:
 217 0014 00000000 		.word	tty_rx_isr
 218              		.cfi_endproc
 219              	.LFE70:
ARM GAS  C:\Users\slavi\AppData\Local\Temp\ccP0amqC.s 			page 6


 220              		.size	tty_init, .-tty_init
 221              		.section	.text.get_string,"ax",%progbits
 222              		.align	2
 223              		.global	get_string
 224              		.thumb
 225              		.thumb_func
 226              		.type	get_string, %function
 227              	get_string:
 228              	.LFB71:
  65:tty_utils.c   **** }
  66:tty_utils.c   **** 
  67:tty_utils.c   **** int get_string(void)
  68:tty_utils.c   **** {
 229              		.loc 1 68 0
 230              		.cfi_startproc
 231              		@ args = 0, pretend = 0, frame = 0
 232              		@ frame_needed = 0, uses_anonymous_args = 0
 233              		@ link register save eliminated.
 234              	.LVL16:
  69:tty_utils.c   ****     int result = 0 ;
  70:tty_utils.c   ****     
  71:tty_utils.c   ****     if (rx_read_index != rx_write_index) {
 235              		.loc 1 71 0
 236 0000 214B     		ldr	r3, .L34
 237 0002 5A68     		ldr	r2, [r3, #4]
 238 0004 1B68     		ldr	r3, [r3]
 239 0006 9A42     		cmp	r2, r3
 240 0008 3CD0     		beq	.L28
  72:tty_utils.c   ****         if (is_delimiter(rx_buf[rx_read_index])) {
 241              		.loc 1 72 0
 242 000a 204B     		ldr	r3, .L34+4
 243 000c 9B5C     		ldrb	r3, [r3, r2]	@ zero_extendqisi2
 244 000e DBB2     		uxtb	r3, r3
 245              	.LVL17:
 246              	.LBB6:
 247              	.LBB7:
  21:tty_utils.c   **** }
 248              		.loc 1 21 0
 249 0010 092B     		cmp	r3, #9
 250 0012 07D0     		beq	.L29
 251 0014 202B     		cmp	r3, #32
 252 0016 07D0     		beq	.L30
 253 0018 0D2B     		cmp	r3, #13
 254 001a 07D0     		beq	.L31
 255 001c 0A2B     		cmp	r3, #10
 256 001e 07D1     		bne	.L32
 257 0020 0123     		movs	r3, #1
 258              	.LVL18:
 259 0022 06E0     		b	.L24
 260              	.LVL19:
 261              	.L29:
 262 0024 0123     		movs	r3, #1
 263              	.LVL20:
 264 0026 04E0     		b	.L24
 265              	.LVL21:
 266              	.L30:
 267 0028 0123     		movs	r3, #1
ARM GAS  C:\Users\slavi\AppData\Local\Temp\ccP0amqC.s 			page 7


 268              	.LVL22:
 269 002a 02E0     		b	.L24
 270              	.LVL23:
 271              	.L31:
 272 002c 0123     		movs	r3, #1
 273              	.LVL24:
 274 002e 00E0     		b	.L24
 275              	.LVL25:
 276              	.L32:
 277 0030 0023     		movs	r3, #0
 278              	.LVL26:
 279              	.L24:
 280              	.LBE7:
 281              	.LBE6:
 282              		.loc 1 72 0
 283 0032 33B1     		cbz	r3, .L25
  73:tty_utils.c   ****             str[str_buf_index] = (char)NULL ;
 284              		.loc 1 73 0
 285 0034 144B     		ldr	r3, .L34
 286 0036 9868     		ldr	r0, [r3, #8]
 287 0038 0022     		movs	r2, #0
 288 003a 1549     		ldr	r1, .L34+8
 289 003c 0A54     		strb	r2, [r1, r0]
 290              	.LVL27:
  74:tty_utils.c   ****             result = str_buf_index ;
  75:tty_utils.c   ****             str_buf_index = 0 ;
 291              		.loc 1 75 0
 292 003e 9A60     		str	r2, [r3, #8]
 293 0040 12E0     		b	.L26
 294              	.LVL28:
 295              	.L25:
  76:tty_utils.c   ****         } else {
  77:tty_utils.c   ****             str[str_buf_index++] = rx_buf[rx_read_index] ;
 296              		.loc 1 77 0
 297 0042 1148     		ldr	r0, .L34
 298 0044 8168     		ldr	r1, [r0, #8]
 299 0046 4B1C     		adds	r3, r1, #1
 300 0048 8360     		str	r3, [r0, #8]
 301 004a 1048     		ldr	r0, .L34+4
 302 004c 805C     		ldrb	r0, [r0, r2]	@ zero_extendqisi2
 303 004e 104A     		ldr	r2, .L34+8
 304 0050 5054     		strb	r0, [r2, r1]
  78:tty_utils.c   ****             if (str_buf_index >= STR_BUF_LEN) {
 305              		.loc 1 78 0
 306 0052 3F2B     		cmp	r3, #63
 307 0054 07DD     		ble	.L33
  79:tty_utils.c   ****                 str[STR_BUF_LEN] = (char)NULL ;
 308              		.loc 1 79 0
 309 0056 0023     		movs	r3, #0
 310 0058 82F84030 		strb	r3, [r2, #64]
  80:tty_utils.c   ****                 str_buf_index = 0 ;
 311              		.loc 1 80 0
 312 005c 0A4A     		ldr	r2, .L34
 313 005e 9360     		str	r3, [r2, #8]
 314              	.LVL29:
  81:tty_utils.c   ****                 result = -1 ; /* str buf overflow */
 315              		.loc 1 81 0
ARM GAS  C:\Users\slavi\AppData\Local\Temp\ccP0amqC.s 			page 8


 316 0060 4FF0FF30 		mov	r0, #-1
 317 0064 00E0     		b	.L26
 318              	.LVL30:
 319              	.L33:
  69:tty_utils.c   ****     
 320              		.loc 1 69 0
 321 0066 0020     		movs	r0, #0
 322              	.LVL31:
 323              	.L26:
  82:tty_utils.c   ****             }
  83:tty_utils.c   ****         }
  84:tty_utils.c   ****         rx_read_index = (rx_read_index + 1) % RX_BUF_LEN ;
 324              		.loc 1 84 0
 325 0068 074B     		ldr	r3, .L34
 326 006a 5A68     		ldr	r2, [r3, #4]
 327 006c 0132     		adds	r2, r2, #1
 328 006e 094B     		ldr	r3, .L34+12
 329 0070 1340     		ands	r3, r3, r2
 330 0072 002B     		cmp	r3, #0
 331 0074 03DA     		bge	.L27
 332 0076 013B     		subs	r3, r3, #1
 333 0078 63F07F03 		orn	r3, r3, #127
 334 007c 0133     		adds	r3, r3, #1
 335              	.L27:
 336 007e 024A     		ldr	r2, .L34
 337 0080 5360     		str	r3, [r2, #4]
 338 0082 7047     		bx	lr
 339              	.LVL32:
 340              	.L28:
  69:tty_utils.c   ****     
 341              		.loc 1 69 0
 342 0084 0020     		movs	r0, #0
 343              	.LVL33:
  85:tty_utils.c   ****     }
  86:tty_utils.c   ****     return( result ) ;
  87:tty_utils.c   **** }
 344              		.loc 1 87 0
 345 0086 7047     		bx	lr
 346              	.L35:
 347              		.align	2
 348              	.L34:
 349 0088 00000000 		.word	.LANCHOR0
 350 008c 00000000 		.word	rx_buf
 351 0090 00000000 		.word	str
 352 0094 7F000080 		.word	-2147483521
 353              		.cfi_endproc
 354              	.LFE71:
 355              		.size	get_string, .-get_string
 356              		.section	.text.get_line,"ax",%progbits
 357              		.align	2
 358              		.global	get_line
 359              		.thumb
 360              		.thumb_func
 361              		.type	get_line, %function
 362              	get_line:
 363              	.LFB72:
  88:tty_utils.c   **** 
ARM GAS  C:\Users\slavi\AppData\Local\Temp\ccP0amqC.s 			page 9


  89:tty_utils.c   **** int get_line(void)
  90:tty_utils.c   **** {
 364              		.loc 1 90 0
 365              		.cfi_startproc
 366              		@ args = 0, pretend = 0, frame = 0
 367              		@ frame_needed = 0, uses_anonymous_args = 0
 368              		@ link register save eliminated.
 369              	.LVL34:
  91:tty_utils.c   ****     int result = 0 ;
  92:tty_utils.c   ****     
  93:tty_utils.c   ****     if (rx_read_index != rx_write_index) {
 370              		.loc 1 93 0
 371 0000 1D4B     		ldr	r3, .L46
 372 0002 5A68     		ldr	r2, [r3, #4]
 373 0004 1B68     		ldr	r3, [r3]
 374 0006 9A42     		cmp	r2, r3
 375 0008 34D0     		beq	.L42
  94:tty_utils.c   ****         if (is_eol(rx_buf[rx_read_index])) {
 376              		.loc 1 94 0
 377 000a 1C4B     		ldr	r3, .L46+4
 378 000c 9B5C     		ldrb	r3, [r3, r2]	@ zero_extendqisi2
 379 000e DBB2     		uxtb	r3, r3
 380              	.LVL35:
 381              	.LBB8:
 382              	.LBB9:
  26:tty_utils.c   **** }
 383              		.loc 1 26 0
 384 0010 0D2B     		cmp	r3, #13
 385 0012 03D0     		beq	.L43
 386 0014 0A2B     		cmp	r3, #10
 387 0016 03D1     		bne	.L44
 388 0018 0123     		movs	r3, #1
 389              	.LVL36:
 390 001a 02E0     		b	.L38
 391              	.LVL37:
 392              	.L43:
 393 001c 0123     		movs	r3, #1
 394              	.LVL38:
 395 001e 00E0     		b	.L38
 396              	.LVL39:
 397              	.L44:
 398 0020 0023     		movs	r3, #0
 399              	.LVL40:
 400              	.L38:
 401              	.LBE9:
 402              	.LBE8:
 403              		.loc 1 94 0
 404 0022 33B1     		cbz	r3, .L39
  95:tty_utils.c   ****             str[str_buf_index] = (char)NULL ;
 405              		.loc 1 95 0
 406 0024 144B     		ldr	r3, .L46
 407 0026 9868     		ldr	r0, [r3, #8]
 408 0028 0022     		movs	r2, #0
 409 002a 1549     		ldr	r1, .L46+8
 410 002c 0A54     		strb	r2, [r1, r0]
 411              	.LVL41:
  96:tty_utils.c   ****             result = str_buf_index ;
ARM GAS  C:\Users\slavi\AppData\Local\Temp\ccP0amqC.s 			page 10


  97:tty_utils.c   ****             str_buf_index = 0 ;
 412              		.loc 1 97 0
 413 002e 9A60     		str	r2, [r3, #8]
 414 0030 12E0     		b	.L40
 415              	.LVL42:
 416              	.L39:
  98:tty_utils.c   ****         } else {
  99:tty_utils.c   ****             str[str_buf_index++] = rx_buf[rx_read_index] ;
 417              		.loc 1 99 0
 418 0032 1148     		ldr	r0, .L46
 419 0034 8168     		ldr	r1, [r0, #8]
 420 0036 4B1C     		adds	r3, r1, #1
 421 0038 8360     		str	r3, [r0, #8]
 422 003a 1048     		ldr	r0, .L46+4
 423 003c 805C     		ldrb	r0, [r0, r2]	@ zero_extendqisi2
 424 003e 104A     		ldr	r2, .L46+8
 425 0040 5054     		strb	r0, [r2, r1]
 100:tty_utils.c   ****             if (str_buf_index >= STR_BUF_LEN) {
 426              		.loc 1 100 0
 427 0042 3F2B     		cmp	r3, #63
 428 0044 07DD     		ble	.L45
 101:tty_utils.c   ****                 str[STR_BUF_LEN] = (char)NULL ;
 429              		.loc 1 101 0
 430 0046 0023     		movs	r3, #0
 431 0048 82F84030 		strb	r3, [r2, #64]
 102:tty_utils.c   ****                 str_buf_index = 0 ;
 432              		.loc 1 102 0
 433 004c 0A4A     		ldr	r2, .L46
 434 004e 9360     		str	r3, [r2, #8]
 435              	.LVL43:
 103:tty_utils.c   ****                 result = -1 ; /* str buf overflow */
 436              		.loc 1 103 0
 437 0050 4FF0FF30 		mov	r0, #-1
 438 0054 00E0     		b	.L40
 439              	.LVL44:
 440              	.L45:
  91:tty_utils.c   ****     
 441              		.loc 1 91 0
 442 0056 0020     		movs	r0, #0
 443              	.LVL45:
 444              	.L40:
 104:tty_utils.c   ****             }
 105:tty_utils.c   ****         }
 106:tty_utils.c   ****         rx_read_index = (rx_read_index + 1) % RX_BUF_LEN ;
 445              		.loc 1 106 0
 446 0058 074B     		ldr	r3, .L46
 447 005a 5A68     		ldr	r2, [r3, #4]
 448 005c 0132     		adds	r2, r2, #1
 449 005e 094B     		ldr	r3, .L46+12
 450 0060 1340     		ands	r3, r3, r2
 451 0062 002B     		cmp	r3, #0
 452 0064 03DA     		bge	.L41
 453 0066 013B     		subs	r3, r3, #1
 454 0068 63F07F03 		orn	r3, r3, #127
 455 006c 0133     		adds	r3, r3, #1
 456              	.L41:
 457 006e 024A     		ldr	r2, .L46
ARM GAS  C:\Users\slavi\AppData\Local\Temp\ccP0amqC.s 			page 11


 458 0070 5360     		str	r3, [r2, #4]
 459 0072 7047     		bx	lr
 460              	.LVL46:
 461              	.L42:
  91:tty_utils.c   ****     
 462              		.loc 1 91 0
 463 0074 0020     		movs	r0, #0
 464              	.LVL47:
 107:tty_utils.c   ****     }
 108:tty_utils.c   ****     return( result ) ;
 109:tty_utils.c   **** }
 465              		.loc 1 109 0
 466 0076 7047     		bx	lr
 467              	.L47:
 468              		.align	2
 469              	.L46:
 470 0078 00000000 		.word	.LANCHOR0
 471 007c 00000000 		.word	rx_buf
 472 0080 00000000 		.word	str
 473 0084 7F000080 		.word	-2147483521
 474              		.cfi_endproc
 475              	.LFE72:
 476              		.size	get_line, .-get_line
 477              		.comm	str,65,4
 478              		.global	str_buf_index
 479              		.global	rx_read_index
 480              		.global	rx_write_index
 481              		.comm	rx_buf,128,4
 482              		.section	.rodata.str1.4,"aMS",%progbits,1
 483              		.align	2
 484              	.LC0:
 485 0000 202800   		.ascii	" (\000"
 486 0003 00       		.space	1
 487              	.LC1:
 488 0004 44656320 		.ascii	"Dec 30 2021\000"
 488      33302032 
 488      30323100 
 489              	.LC2:
 490 0010 2000     		.ascii	" \000"
 491 0012 0000     		.space	2
 492              	.LC3:
 493 0014 30343A32 		.ascii	"04:21:57\000"
 493      313A3537 
 493      00
 494 001d 000000   		.space	3
 495              	.LC4:
 496 0020 290A00   		.ascii	")\012\000"
 497 0023 00       		.space	1
 498              	.LC5:
 499 0024 3E2000   		.ascii	"> \000"
 500              		.bss
 501              		.align	2
 502              		.set	.LANCHOR0,. + 0
 503              		.type	rx_write_index, %object
 504              		.size	rx_write_index, 4
 505              	rx_write_index:
 506 0000 00000000 		.space	4
ARM GAS  C:\Users\slavi\AppData\Local\Temp\ccP0amqC.s 			page 12


 507              		.type	rx_read_index, %object
 508              		.size	rx_read_index, 4
 509              	rx_read_index:
 510 0004 00000000 		.space	4
 511              		.type	str_buf_index, %object
 512              		.size	str_buf_index, 4
 513              	str_buf_index:
 514 0008 00000000 		.space	4
 515              		.text
 516              	.Letext0:
 517              		.file 2 "c:\\program files (x86)\\cypress\\psoc creator\\4.4\\psoc creator\\import\\gnu\\arm\\5.4.
 518              		.file 3 "c:\\program files (x86)\\cypress\\psoc creator\\4.4\\psoc creator\\import\\gnu\\arm\\5.4.
 519              		.file 4 "Generated_Source\\PSoC5/core_cm3.h"
 520              		.file 5 "Generated_Source\\PSoC5/UART.h"
 521              		.section	.debug_info,"",%progbits
 522              	.Ldebug_info0:
 523 0000 E1030000 		.4byte	0x3e1
 524 0004 0400     		.2byte	0x4
 525 0006 00000000 		.4byte	.Ldebug_abbrev0
 526 000a 04       		.byte	0x4
 527 000b 01       		.uleb128 0x1
 528 000c AB000000 		.4byte	.LASF38
 529 0010 0C       		.byte	0xc
 530 0011 75000000 		.4byte	.LASF39
 531 0015 1A000000 		.4byte	.LASF40
 532 0019 00000000 		.4byte	.Ldebug_ranges0+0
 533 001d 00000000 		.4byte	0
 534 0021 00000000 		.4byte	.Ldebug_line0
 535 0025 02       		.uleb128 0x2
 536 0026 01       		.byte	0x1
 537 0027 06       		.byte	0x6
 538 0028 84020000 		.4byte	.LASF0
 539 002c 02       		.uleb128 0x2
 540 002d 01       		.byte	0x1
 541 002e 08       		.byte	0x8
 542 002f 9D000000 		.4byte	.LASF1
 543 0033 02       		.uleb128 0x2
 544 0034 02       		.byte	0x2
 545 0035 05       		.byte	0x5
 546 0036 44020000 		.4byte	.LASF2
 547 003a 02       		.uleb128 0x2
 548 003b 02       		.byte	0x2
 549 003c 07       		.byte	0x7
 550 003d 68010000 		.4byte	.LASF3
 551 0041 03       		.uleb128 0x3
 552 0042 10000000 		.4byte	.LASF9
 553 0046 02       		.byte	0x2
 554 0047 3F       		.byte	0x3f
 555 0048 4C000000 		.4byte	0x4c
 556 004c 02       		.uleb128 0x2
 557 004d 04       		.byte	0x4
 558 004e 05       		.byte	0x5
 559 004f 6A020000 		.4byte	.LASF4
 560 0053 02       		.uleb128 0x2
 561 0054 04       		.byte	0x4
 562 0055 07       		.byte	0x7
 563 0056 48010000 		.4byte	.LASF5
ARM GAS  C:\Users\slavi\AppData\Local\Temp\ccP0amqC.s 			page 13


 564 005a 02       		.uleb128 0x2
 565 005b 08       		.byte	0x8
 566 005c 05       		.byte	0x5
 567 005d 1A020000 		.4byte	.LASF6
 568 0061 02       		.uleb128 0x2
 569 0062 08       		.byte	0x8
 570 0063 07       		.byte	0x7
 571 0064 E4010000 		.4byte	.LASF7
 572 0068 04       		.uleb128 0x4
 573 0069 04       		.byte	0x4
 574 006a 05       		.byte	0x5
 575 006b 696E7400 		.ascii	"int\000"
 576 006f 02       		.uleb128 0x2
 577 0070 04       		.byte	0x4
 578 0071 07       		.byte	0x7
 579 0072 D7010000 		.4byte	.LASF8
 580 0076 03       		.uleb128 0x3
 581 0077 02020000 		.4byte	.LASF10
 582 007b 03       		.byte	0x3
 583 007c 2C       		.byte	0x2c
 584 007d 41000000 		.4byte	0x41
 585 0081 02       		.uleb128 0x2
 586 0082 04       		.byte	0x4
 587 0083 04       		.byte	0x4
 588 0084 81000000 		.4byte	.LASF11
 589 0088 02       		.uleb128 0x2
 590 0089 08       		.byte	0x8
 591 008a 04       		.byte	0x4
 592 008b 9D010000 		.4byte	.LASF12
 593 008f 02       		.uleb128 0x2
 594 0090 01       		.byte	0x1
 595 0091 08       		.byte	0x8
 596 0092 73020000 		.4byte	.LASF13
 597 0096 02       		.uleb128 0x2
 598 0097 08       		.byte	0x8
 599 0098 04       		.byte	0x4
 600 0099 78020000 		.4byte	.LASF14
 601 009d 02       		.uleb128 0x2
 602 009e 04       		.byte	0x4
 603 009f 07       		.byte	0x7
 604 00a0 0A020000 		.4byte	.LASF15
 605 00a4 05       		.uleb128 0x5
 606 00a5 04       		.byte	0x4
 607 00a6 8F000000 		.4byte	0x8f
 608 00aa 06       		.uleb128 0x6
 609 00ab 28020000 		.4byte	.LASF16
 610 00af 01       		.byte	0x1
 611 00b0 13       		.byte	0x13
 612 00b1 68000000 		.4byte	0x68
 613 00b5 03       		.byte	0x3
 614 00b6 C4000000 		.4byte	0xc4
 615 00ba 07       		.uleb128 0x7
 616 00bb 6300     		.ascii	"c\000"
 617 00bd 01       		.byte	0x1
 618 00be 13       		.byte	0x13
 619 00bf 8F000000 		.4byte	0x8f
 620 00c3 00       		.byte	0
ARM GAS  C:\Users\slavi\AppData\Local\Temp\ccP0amqC.s 			page 14


 621 00c4 06       		.uleb128 0x6
 622 00c5 9F020000 		.4byte	.LASF17
 623 00c9 01       		.byte	0x1
 624 00ca 18       		.byte	0x18
 625 00cb 68000000 		.4byte	0x68
 626 00cf 03       		.byte	0x3
 627 00d0 DE000000 		.4byte	0xde
 628 00d4 07       		.uleb128 0x7
 629 00d5 6300     		.ascii	"c\000"
 630 00d7 01       		.byte	0x1
 631 00d8 18       		.byte	0x18
 632 00d9 8F000000 		.4byte	0x8f
 633 00dd 00       		.byte	0
 634 00de 08       		.uleb128 0x8
 635 00df 87000000 		.4byte	.LASF18
 636 00e3 01       		.byte	0x1
 637 00e4 22       		.byte	0x22
 638 00e5 00000000 		.4byte	.LFB67
 639 00e9 40000000 		.4byte	.LFE67-.LFB67
 640 00ed 01       		.uleb128 0x1
 641 00ee 9C       		.byte	0x9c
 642 00ef 20010000 		.4byte	0x120
 643 00f3 09       		.uleb128 0x9
 644 00f4 BF010000 		.4byte	.LASF24
 645 00f8 01       		.byte	0x1
 646 00f9 28       		.byte	0x28
 647 00fa 68000000 		.4byte	0x68
 648 00fe 04010000 		.4byte	0x104
 649 0102 0A       		.uleb128 0xa
 650 0103 00       		.byte	0
 651 0104 0B       		.uleb128 0xb
 652 0105 06000000 		.4byte	.LVL0
 653 0109 A2030000 		.4byte	0x3a2
 654 010d 0B       		.uleb128 0xb
 655 010e 10000000 		.4byte	.LVL1
 656 0112 AD030000 		.4byte	0x3ad
 657 0116 0B       		.uleb128 0xb
 658 0117 32000000 		.4byte	.LVL2
 659 011b B8030000 		.4byte	0x3b8
 660 011f 00       		.byte	0
 661 0120 08       		.uleb128 0x8
 662 0121 3E020000 		.4byte	.LASF19
 663 0125 01       		.byte	0x1
 664 0126 1D       		.byte	0x1d
 665 0127 00000000 		.4byte	.LFB66
 666 012b 08000000 		.4byte	.LFE66-.LFB66
 667 012f 01       		.uleb128 0x1
 668 0130 9C       		.byte	0x9c
 669 0131 56010000 		.4byte	0x156
 670 0135 0C       		.uleb128 0xc
 671 0136 73747200 		.ascii	"str\000"
 672 013a 01       		.byte	0x1
 673 013b 1D       		.byte	0x1d
 674 013c A4000000 		.4byte	0xa4
 675 0140 00000000 		.4byte	.LLST0
 676 0144 0D       		.uleb128 0xd
 677 0145 06000000 		.4byte	.LVL4
ARM GAS  C:\Users\slavi\AppData\Local\Temp\ccP0amqC.s 			page 15


 678 0149 C3030000 		.4byte	0x3c3
 679 014d 0E       		.uleb128 0xe
 680 014e 01       		.uleb128 0x1
 681 014f 50       		.byte	0x50
 682 0150 03       		.uleb128 0x3
 683 0151 F3       		.byte	0xf3
 684 0152 01       		.uleb128 0x1
 685 0153 50       		.byte	0x50
 686 0154 00       		.byte	0
 687 0155 00       		.byte	0
 688 0156 08       		.uleb128 0x8
 689 0157 4E020000 		.4byte	.LASF20
 690 015b 01       		.byte	0x1
 691 015c 2B       		.byte	0x2b
 692 015d 00000000 		.4byte	.LFB68
 693 0161 40000000 		.4byte	.LFE68-.LFB68
 694 0165 01       		.uleb128 0x1
 695 0166 9C       		.byte	0x9c
 696 0167 FF010000 		.4byte	0x1ff
 697 016b 0F       		.uleb128 0xf
 698 016c 93010000 		.4byte	.LASF21
 699 0170 01       		.byte	0x1
 700 0171 2B       		.byte	0x2b
 701 0172 A4000000 		.4byte	0xa4
 702 0176 21000000 		.4byte	.LLST1
 703 017a 10       		.uleb128 0x10
 704 017b 0C000000 		.4byte	.LVL6
 705 017f 20010000 		.4byte	0x120
 706 0183 8F010000 		.4byte	0x18f
 707 0187 0E       		.uleb128 0xe
 708 0188 01       		.uleb128 0x1
 709 0189 50       		.byte	0x50
 710 018a 03       		.uleb128 0x3
 711 018b F3       		.byte	0xf3
 712 018c 01       		.uleb128 0x1
 713 018d 50       		.byte	0x50
 714 018e 00       		.byte	0
 715 018f 10       		.uleb128 0x10
 716 0190 12000000 		.4byte	.LVL7
 717 0194 20010000 		.4byte	0x120
 718 0198 A6010000 		.4byte	0x1a6
 719 019c 0E       		.uleb128 0xe
 720 019d 01       		.uleb128 0x1
 721 019e 50       		.byte	0x50
 722 019f 05       		.uleb128 0x5
 723 01a0 03       		.byte	0x3
 724 01a1 00000000 		.4byte	.LC0
 725 01a5 00       		.byte	0
 726 01a6 10       		.uleb128 0x10
 727 01a7 18000000 		.4byte	.LVL8
 728 01ab 20010000 		.4byte	0x120
 729 01af BD010000 		.4byte	0x1bd
 730 01b3 0E       		.uleb128 0xe
 731 01b4 01       		.uleb128 0x1
 732 01b5 50       		.byte	0x50
 733 01b6 05       		.uleb128 0x5
 734 01b7 03       		.byte	0x3
ARM GAS  C:\Users\slavi\AppData\Local\Temp\ccP0amqC.s 			page 16


 735 01b8 04000000 		.4byte	.LC1
 736 01bc 00       		.byte	0
 737 01bd 10       		.uleb128 0x10
 738 01be 1E000000 		.4byte	.LVL9
 739 01c2 20010000 		.4byte	0x120
 740 01c6 D4010000 		.4byte	0x1d4
 741 01ca 0E       		.uleb128 0xe
 742 01cb 01       		.uleb128 0x1
 743 01cc 50       		.byte	0x50
 744 01cd 05       		.uleb128 0x5
 745 01ce 03       		.byte	0x3
 746 01cf 10000000 		.4byte	.LC2
 747 01d3 00       		.byte	0
 748 01d4 10       		.uleb128 0x10
 749 01d5 24000000 		.4byte	.LVL10
 750 01d9 20010000 		.4byte	0x120
 751 01dd EB010000 		.4byte	0x1eb
 752 01e1 0E       		.uleb128 0xe
 753 01e2 01       		.uleb128 0x1
 754 01e3 50       		.byte	0x50
 755 01e4 05       		.uleb128 0x5
 756 01e5 03       		.byte	0x3
 757 01e6 14000000 		.4byte	.LC3
 758 01ea 00       		.byte	0
 759 01eb 0D       		.uleb128 0xd
 760 01ec 2A000000 		.4byte	.LVL11
 761 01f0 20010000 		.4byte	0x120
 762 01f4 0E       		.uleb128 0xe
 763 01f5 01       		.uleb128 0x1
 764 01f6 50       		.byte	0x50
 765 01f7 05       		.uleb128 0x5
 766 01f8 03       		.byte	0x3
 767 01f9 20000000 		.4byte	.LC4
 768 01fd 00       		.byte	0
 769 01fe 00       		.byte	0
 770 01ff 08       		.uleb128 0x8
 771 0200 13020000 		.4byte	.LASF22
 772 0204 01       		.byte	0x1
 773 0205 37       		.byte	0x37
 774 0206 00000000 		.4byte	.LFB69
 775 020a 10000000 		.4byte	.LFE69-.LFB69
 776 020e 01       		.uleb128 0x1
 777 020f 9C       		.byte	0x9c
 778 0210 28020000 		.4byte	0x228
 779 0214 0D       		.uleb128 0xd
 780 0215 08000000 		.4byte	.LVL12
 781 0219 20010000 		.4byte	0x120
 782 021d 0E       		.uleb128 0xe
 783 021e 01       		.uleb128 0x1
 784 021f 50       		.byte	0x50
 785 0220 05       		.uleb128 0x5
 786 0221 03       		.byte	0x3
 787 0222 24000000 		.4byte	.LC5
 788 0226 00       		.byte	0
 789 0227 00       		.byte	0
 790 0228 08       		.uleb128 0x8
 791 0229 35020000 		.4byte	.LASF23
ARM GAS  C:\Users\slavi\AppData\Local\Temp\ccP0amqC.s 			page 17


 792 022d 01       		.byte	0x1
 793 022e 3C       		.byte	0x3c
 794 022f 00000000 		.4byte	.LFB70
 795 0233 18000000 		.4byte	.LFE70-.LFB70
 796 0237 01       		.uleb128 0x1
 797 0238 9C       		.byte	0x9c
 798 0239 89020000 		.4byte	0x289
 799 023d 09       		.uleb128 0x9
 800 023e BF010000 		.4byte	.LASF24
 801 0242 01       		.byte	0x1
 802 0243 28       		.byte	0x28
 803 0244 68000000 		.4byte	0x68
 804 0248 4E020000 		.4byte	0x24e
 805 024c 0A       		.uleb128 0xa
 806 024d 00       		.byte	0
 807 024e 09       		.uleb128 0x9
 808 024f 62000000 		.4byte	.LASF25
 809 0253 01       		.byte	0x1
 810 0254 3F       		.byte	0x3f
 811 0255 68000000 		.4byte	0x68
 812 0259 5F020000 		.4byte	0x25f
 813 025d 0A       		.uleb128 0xa
 814 025e 00       		.byte	0
 815 025f 0B       		.uleb128 0xb
 816 0260 06000000 		.4byte	.LVL13
 817 0264 B8030000 		.4byte	0x3b8
 818 0268 10       		.uleb128 0x10
 819 0269 0C000000 		.4byte	.LVL14
 820 026d CE030000 		.4byte	0x3ce
 821 0271 7F020000 		.4byte	0x27f
 822 0275 0E       		.uleb128 0xe
 823 0276 01       		.uleb128 0x1
 824 0277 50       		.byte	0x50
 825 0278 05       		.uleb128 0x5
 826 0279 03       		.byte	0x3
 827 027a 00000000 		.4byte	tty_rx_isr
 828 027e 00       		.byte	0
 829 027f 0B       		.uleb128 0xb
 830 0280 10000000 		.4byte	.LVL15
 831 0284 D9030000 		.4byte	0x3d9
 832 0288 00       		.byte	0
 833 0289 11       		.uleb128 0x11
 834 028a 92000000 		.4byte	.LASF26
 835 028e 01       		.byte	0x1
 836 028f 43       		.byte	0x43
 837 0290 68000000 		.4byte	0x68
 838 0294 00000000 		.4byte	.LFB71
 839 0298 98000000 		.4byte	.LFE71-.LFB71
 840 029c 01       		.uleb128 0x1
 841 029d 9C       		.byte	0x9c
 842 029e CB020000 		.4byte	0x2cb
 843 02a2 12       		.uleb128 0x12
 844 02a3 FB010000 		.4byte	.LASF28
 845 02a7 01       		.byte	0x1
 846 02a8 45       		.byte	0x45
 847 02a9 68000000 		.4byte	0x68
 848 02ad 42000000 		.4byte	.LLST2
ARM GAS  C:\Users\slavi\AppData\Local\Temp\ccP0amqC.s 			page 18


 849 02b1 13       		.uleb128 0x13
 850 02b2 AA000000 		.4byte	0xaa
 851 02b6 10000000 		.4byte	.LBB6
 852 02ba 22000000 		.4byte	.LBE6-.LBB6
 853 02be 01       		.byte	0x1
 854 02bf 48       		.byte	0x48
 855 02c0 14       		.uleb128 0x14
 856 02c1 BA000000 		.4byte	0xba
 857 02c5 A8000000 		.4byte	.LLST3
 858 02c9 00       		.byte	0
 859 02ca 00       		.byte	0
 860 02cb 11       		.uleb128 0x11
 861 02cc 00000000 		.4byte	.LASF27
 862 02d0 01       		.byte	0x1
 863 02d1 59       		.byte	0x59
 864 02d2 68000000 		.4byte	0x68
 865 02d6 00000000 		.4byte	.LFB72
 866 02da 88000000 		.4byte	.LFE72-.LFB72
 867 02de 01       		.uleb128 0x1
 868 02df 9C       		.byte	0x9c
 869 02e0 0D030000 		.4byte	0x30d
 870 02e4 12       		.uleb128 0x12
 871 02e5 FB010000 		.4byte	.LASF28
 872 02e9 01       		.byte	0x1
 873 02ea 5B       		.byte	0x5b
 874 02eb 68000000 		.4byte	0x68
 875 02ef E7000000 		.4byte	.LLST4
 876 02f3 13       		.uleb128 0x13
 877 02f4 C4000000 		.4byte	0xc4
 878 02f8 10000000 		.4byte	.LBB8
 879 02fc 12000000 		.4byte	.LBE8-.LBB8
 880 0300 01       		.byte	0x1
 881 0301 5E       		.byte	0x5e
 882 0302 14       		.uleb128 0x14
 883 0303 D4000000 		.4byte	0xd4
 884 0307 4D010000 		.4byte	.LLST5
 885 030b 00       		.byte	0
 886 030c 00       		.byte	0
 887 030d 15       		.uleb128 0x15
 888 030e 86010000 		.4byte	.LASF29
 889 0312 04       		.byte	0x4
 890 0313 1207     		.2byte	0x712
 891 0315 19030000 		.4byte	0x319
 892 0319 16       		.uleb128 0x16
 893 031a 76000000 		.4byte	0x76
 894 031e 17       		.uleb128 0x17
 895 031f 8F000000 		.4byte	0x8f
 896 0323 2E030000 		.4byte	0x32e
 897 0327 18       		.uleb128 0x18
 898 0328 9D000000 		.4byte	0x9d
 899 032c 40       		.byte	0x40
 900 032d 00       		.byte	0
 901 032e 19       		.uleb128 0x19
 902 032f 73747200 		.ascii	"str\000"
 903 0333 01       		.byte	0x1
 904 0334 11       		.byte	0x11
 905 0335 1E030000 		.4byte	0x31e
ARM GAS  C:\Users\slavi\AppData\Local\Temp\ccP0amqC.s 			page 19


 906 0339 05       		.uleb128 0x5
 907 033a 03       		.byte	0x3
 908 033b 00000000 		.4byte	str
 909 033f 17       		.uleb128 0x17
 910 0340 4F030000 		.4byte	0x34f
 911 0344 4F030000 		.4byte	0x34f
 912 0348 18       		.uleb128 0x18
 913 0349 9D000000 		.4byte	0x9d
 914 034d 7F       		.byte	0x7f
 915 034e 00       		.byte	0
 916 034f 16       		.uleb128 0x16
 917 0350 8F000000 		.4byte	0x8f
 918 0354 1A       		.uleb128 0x1a
 919 0355 09000000 		.4byte	.LASF30
 920 0359 01       		.byte	0x1
 921 035a 0D       		.byte	0xd
 922 035b 65030000 		.4byte	0x365
 923 035f 05       		.uleb128 0x5
 924 0360 03       		.byte	0x3
 925 0361 00000000 		.4byte	rx_buf
 926 0365 16       		.uleb128 0x16
 927 0366 3F030000 		.4byte	0x33f
 928 036a 1A       		.uleb128 0x1a
 929 036b 39010000 		.4byte	.LASF31
 930 036f 01       		.byte	0x1
 931 0370 0E       		.byte	0xe
 932 0371 7B030000 		.4byte	0x37b
 933 0375 05       		.uleb128 0x5
 934 0376 03       		.byte	0x3
 935 0377 00000000 		.4byte	rx_write_index
 936 037b 16       		.uleb128 0x16
 937 037c 68000000 		.4byte	0x68
 938 0380 1A       		.uleb128 0x1a
 939 0381 A4010000 		.4byte	.LASF32
 940 0385 01       		.byte	0x1
 941 0386 0F       		.byte	0xf
 942 0387 68000000 		.4byte	0x68
 943 038b 05       		.uleb128 0x5
 944 038c 03       		.byte	0x3
 945 038d 00000000 		.4byte	rx_read_index
 946 0391 1A       		.uleb128 0x1a
 947 0392 5A010000 		.4byte	.LASF33
 948 0396 01       		.byte	0x1
 949 0397 10       		.byte	0x10
 950 0398 68000000 		.4byte	0x68
 951 039c 05       		.uleb128 0x5
 952 039d 03       		.byte	0x3
 953 039e 00000000 		.4byte	str_buf_index
 954 03a2 1B       		.uleb128 0x1b
 955 03a3 55020000 		.4byte	.LASF34
 956 03a7 55020000 		.4byte	.LASF34
 957 03ab 05       		.byte	0x5
 958 03ac 73       		.byte	0x73
 959 03ad 1B       		.uleb128 0x1b
 960 03ae B2010000 		.4byte	.LASF35
 961 03b2 B2010000 		.4byte	.LASF35
 962 03b6 05       		.byte	0x5
ARM GAS  C:\Users\slavi\AppData\Local\Temp\ccP0amqC.s 			page 20


 963 03b7 72       		.byte	0x72
 964 03b8 1B       		.uleb128 0x1b
 965 03b9 BF010000 		.4byte	.LASF24
 966 03bd BF010000 		.4byte	.LASF24
 967 03c1 01       		.byte	0x1
 968 03c2 28       		.byte	0x28
 969 03c3 1B       		.uleb128 0x1b
 970 03c4 90020000 		.4byte	.LASF36
 971 03c8 90020000 		.4byte	.LASF36
 972 03cc 05       		.byte	0x5
 973 03cd 8B       		.byte	0x8b
 974 03ce 1B       		.uleb128 0x1b
 975 03cf 62000000 		.4byte	.LASF25
 976 03d3 62000000 		.4byte	.LASF25
 977 03d7 01       		.byte	0x1
 978 03d8 3F       		.byte	0x3f
 979 03d9 1B       		.uleb128 0x1b
 980 03da 7B010000 		.4byte	.LASF37
 981 03de 7B010000 		.4byte	.LASF37
 982 03e2 05       		.byte	0x5
 983 03e3 54       		.byte	0x54
 984 03e4 00       		.byte	0
 985              		.section	.debug_abbrev,"",%progbits
 986              	.Ldebug_abbrev0:
 987 0000 01       		.uleb128 0x1
 988 0001 11       		.uleb128 0x11
 989 0002 01       		.byte	0x1
 990 0003 25       		.uleb128 0x25
 991 0004 0E       		.uleb128 0xe
 992 0005 13       		.uleb128 0x13
 993 0006 0B       		.uleb128 0xb
 994 0007 03       		.uleb128 0x3
 995 0008 0E       		.uleb128 0xe
 996 0009 1B       		.uleb128 0x1b
 997 000a 0E       		.uleb128 0xe
 998 000b 55       		.uleb128 0x55
 999 000c 17       		.uleb128 0x17
 1000 000d 11       		.uleb128 0x11
 1001 000e 01       		.uleb128 0x1
 1002 000f 10       		.uleb128 0x10
 1003 0010 17       		.uleb128 0x17
 1004 0011 00       		.byte	0
 1005 0012 00       		.byte	0
 1006 0013 02       		.uleb128 0x2
 1007 0014 24       		.uleb128 0x24
 1008 0015 00       		.byte	0
 1009 0016 0B       		.uleb128 0xb
 1010 0017 0B       		.uleb128 0xb
 1011 0018 3E       		.uleb128 0x3e
 1012 0019 0B       		.uleb128 0xb
 1013 001a 03       		.uleb128 0x3
 1014 001b 0E       		.uleb128 0xe
 1015 001c 00       		.byte	0
 1016 001d 00       		.byte	0
 1017 001e 03       		.uleb128 0x3
 1018 001f 16       		.uleb128 0x16
 1019 0020 00       		.byte	0
ARM GAS  C:\Users\slavi\AppData\Local\Temp\ccP0amqC.s 			page 21


 1020 0021 03       		.uleb128 0x3
 1021 0022 0E       		.uleb128 0xe
 1022 0023 3A       		.uleb128 0x3a
 1023 0024 0B       		.uleb128 0xb
 1024 0025 3B       		.uleb128 0x3b
 1025 0026 0B       		.uleb128 0xb
 1026 0027 49       		.uleb128 0x49
 1027 0028 13       		.uleb128 0x13
 1028 0029 00       		.byte	0
 1029 002a 00       		.byte	0
 1030 002b 04       		.uleb128 0x4
 1031 002c 24       		.uleb128 0x24
 1032 002d 00       		.byte	0
 1033 002e 0B       		.uleb128 0xb
 1034 002f 0B       		.uleb128 0xb
 1035 0030 3E       		.uleb128 0x3e
 1036 0031 0B       		.uleb128 0xb
 1037 0032 03       		.uleb128 0x3
 1038 0033 08       		.uleb128 0x8
 1039 0034 00       		.byte	0
 1040 0035 00       		.byte	0
 1041 0036 05       		.uleb128 0x5
 1042 0037 0F       		.uleb128 0xf
 1043 0038 00       		.byte	0
 1044 0039 0B       		.uleb128 0xb
 1045 003a 0B       		.uleb128 0xb
 1046 003b 49       		.uleb128 0x49
 1047 003c 13       		.uleb128 0x13
 1048 003d 00       		.byte	0
 1049 003e 00       		.byte	0
 1050 003f 06       		.uleb128 0x6
 1051 0040 2E       		.uleb128 0x2e
 1052 0041 01       		.byte	0x1
 1053 0042 03       		.uleb128 0x3
 1054 0043 0E       		.uleb128 0xe
 1055 0044 3A       		.uleb128 0x3a
 1056 0045 0B       		.uleb128 0xb
 1057 0046 3B       		.uleb128 0x3b
 1058 0047 0B       		.uleb128 0xb
 1059 0048 27       		.uleb128 0x27
 1060 0049 19       		.uleb128 0x19
 1061 004a 49       		.uleb128 0x49
 1062 004b 13       		.uleb128 0x13
 1063 004c 20       		.uleb128 0x20
 1064 004d 0B       		.uleb128 0xb
 1065 004e 01       		.uleb128 0x1
 1066 004f 13       		.uleb128 0x13
 1067 0050 00       		.byte	0
 1068 0051 00       		.byte	0
 1069 0052 07       		.uleb128 0x7
 1070 0053 05       		.uleb128 0x5
 1071 0054 00       		.byte	0
 1072 0055 03       		.uleb128 0x3
 1073 0056 08       		.uleb128 0x8
 1074 0057 3A       		.uleb128 0x3a
 1075 0058 0B       		.uleb128 0xb
 1076 0059 3B       		.uleb128 0x3b
ARM GAS  C:\Users\slavi\AppData\Local\Temp\ccP0amqC.s 			page 22


 1077 005a 0B       		.uleb128 0xb
 1078 005b 49       		.uleb128 0x49
 1079 005c 13       		.uleb128 0x13
 1080 005d 00       		.byte	0
 1081 005e 00       		.byte	0
 1082 005f 08       		.uleb128 0x8
 1083 0060 2E       		.uleb128 0x2e
 1084 0061 01       		.byte	0x1
 1085 0062 3F       		.uleb128 0x3f
 1086 0063 19       		.uleb128 0x19
 1087 0064 03       		.uleb128 0x3
 1088 0065 0E       		.uleb128 0xe
 1089 0066 3A       		.uleb128 0x3a
 1090 0067 0B       		.uleb128 0xb
 1091 0068 3B       		.uleb128 0x3b
 1092 0069 0B       		.uleb128 0xb
 1093 006a 27       		.uleb128 0x27
 1094 006b 19       		.uleb128 0x19
 1095 006c 11       		.uleb128 0x11
 1096 006d 01       		.uleb128 0x1
 1097 006e 12       		.uleb128 0x12
 1098 006f 06       		.uleb128 0x6
 1099 0070 40       		.uleb128 0x40
 1100 0071 18       		.uleb128 0x18
 1101 0072 9742     		.uleb128 0x2117
 1102 0074 19       		.uleb128 0x19
 1103 0075 01       		.uleb128 0x1
 1104 0076 13       		.uleb128 0x13
 1105 0077 00       		.byte	0
 1106 0078 00       		.byte	0
 1107 0079 09       		.uleb128 0x9
 1108 007a 2E       		.uleb128 0x2e
 1109 007b 01       		.byte	0x1
 1110 007c 3F       		.uleb128 0x3f
 1111 007d 19       		.uleb128 0x19
 1112 007e 03       		.uleb128 0x3
 1113 007f 0E       		.uleb128 0xe
 1114 0080 3A       		.uleb128 0x3a
 1115 0081 0B       		.uleb128 0xb
 1116 0082 3B       		.uleb128 0x3b
 1117 0083 0B       		.uleb128 0xb
 1118 0084 49       		.uleb128 0x49
 1119 0085 13       		.uleb128 0x13
 1120 0086 3C       		.uleb128 0x3c
 1121 0087 19       		.uleb128 0x19
 1122 0088 01       		.uleb128 0x1
 1123 0089 13       		.uleb128 0x13
 1124 008a 00       		.byte	0
 1125 008b 00       		.byte	0
 1126 008c 0A       		.uleb128 0xa
 1127 008d 18       		.uleb128 0x18
 1128 008e 00       		.byte	0
 1129 008f 00       		.byte	0
 1130 0090 00       		.byte	0
 1131 0091 0B       		.uleb128 0xb
 1132 0092 898201   		.uleb128 0x4109
 1133 0095 00       		.byte	0
ARM GAS  C:\Users\slavi\AppData\Local\Temp\ccP0amqC.s 			page 23


 1134 0096 11       		.uleb128 0x11
 1135 0097 01       		.uleb128 0x1
 1136 0098 31       		.uleb128 0x31
 1137 0099 13       		.uleb128 0x13
 1138 009a 00       		.byte	0
 1139 009b 00       		.byte	0
 1140 009c 0C       		.uleb128 0xc
 1141 009d 05       		.uleb128 0x5
 1142 009e 00       		.byte	0
 1143 009f 03       		.uleb128 0x3
 1144 00a0 08       		.uleb128 0x8
 1145 00a1 3A       		.uleb128 0x3a
 1146 00a2 0B       		.uleb128 0xb
 1147 00a3 3B       		.uleb128 0x3b
 1148 00a4 0B       		.uleb128 0xb
 1149 00a5 49       		.uleb128 0x49
 1150 00a6 13       		.uleb128 0x13
 1151 00a7 02       		.uleb128 0x2
 1152 00a8 17       		.uleb128 0x17
 1153 00a9 00       		.byte	0
 1154 00aa 00       		.byte	0
 1155 00ab 0D       		.uleb128 0xd
 1156 00ac 898201   		.uleb128 0x4109
 1157 00af 01       		.byte	0x1
 1158 00b0 11       		.uleb128 0x11
 1159 00b1 01       		.uleb128 0x1
 1160 00b2 31       		.uleb128 0x31
 1161 00b3 13       		.uleb128 0x13
 1162 00b4 00       		.byte	0
 1163 00b5 00       		.byte	0
 1164 00b6 0E       		.uleb128 0xe
 1165 00b7 8A8201   		.uleb128 0x410a
 1166 00ba 00       		.byte	0
 1167 00bb 02       		.uleb128 0x2
 1168 00bc 18       		.uleb128 0x18
 1169 00bd 9142     		.uleb128 0x2111
 1170 00bf 18       		.uleb128 0x18
 1171 00c0 00       		.byte	0
 1172 00c1 00       		.byte	0
 1173 00c2 0F       		.uleb128 0xf
 1174 00c3 05       		.uleb128 0x5
 1175 00c4 00       		.byte	0
 1176 00c5 03       		.uleb128 0x3
 1177 00c6 0E       		.uleb128 0xe
 1178 00c7 3A       		.uleb128 0x3a
 1179 00c8 0B       		.uleb128 0xb
 1180 00c9 3B       		.uleb128 0x3b
 1181 00ca 0B       		.uleb128 0xb
 1182 00cb 49       		.uleb128 0x49
 1183 00cc 13       		.uleb128 0x13
 1184 00cd 02       		.uleb128 0x2
 1185 00ce 17       		.uleb128 0x17
 1186 00cf 00       		.byte	0
 1187 00d0 00       		.byte	0
 1188 00d1 10       		.uleb128 0x10
 1189 00d2 898201   		.uleb128 0x4109
 1190 00d5 01       		.byte	0x1
ARM GAS  C:\Users\slavi\AppData\Local\Temp\ccP0amqC.s 			page 24


 1191 00d6 11       		.uleb128 0x11
 1192 00d7 01       		.uleb128 0x1
 1193 00d8 31       		.uleb128 0x31
 1194 00d9 13       		.uleb128 0x13
 1195 00da 01       		.uleb128 0x1
 1196 00db 13       		.uleb128 0x13
 1197 00dc 00       		.byte	0
 1198 00dd 00       		.byte	0
 1199 00de 11       		.uleb128 0x11
 1200 00df 2E       		.uleb128 0x2e
 1201 00e0 01       		.byte	0x1
 1202 00e1 3F       		.uleb128 0x3f
 1203 00e2 19       		.uleb128 0x19
 1204 00e3 03       		.uleb128 0x3
 1205 00e4 0E       		.uleb128 0xe
 1206 00e5 3A       		.uleb128 0x3a
 1207 00e6 0B       		.uleb128 0xb
 1208 00e7 3B       		.uleb128 0x3b
 1209 00e8 0B       		.uleb128 0xb
 1210 00e9 27       		.uleb128 0x27
 1211 00ea 19       		.uleb128 0x19
 1212 00eb 49       		.uleb128 0x49
 1213 00ec 13       		.uleb128 0x13
 1214 00ed 11       		.uleb128 0x11
 1215 00ee 01       		.uleb128 0x1
 1216 00ef 12       		.uleb128 0x12
 1217 00f0 06       		.uleb128 0x6
 1218 00f1 40       		.uleb128 0x40
 1219 00f2 18       		.uleb128 0x18
 1220 00f3 9742     		.uleb128 0x2117
 1221 00f5 19       		.uleb128 0x19
 1222 00f6 01       		.uleb128 0x1
 1223 00f7 13       		.uleb128 0x13
 1224 00f8 00       		.byte	0
 1225 00f9 00       		.byte	0
 1226 00fa 12       		.uleb128 0x12
 1227 00fb 34       		.uleb128 0x34
 1228 00fc 00       		.byte	0
 1229 00fd 03       		.uleb128 0x3
 1230 00fe 0E       		.uleb128 0xe
 1231 00ff 3A       		.uleb128 0x3a
 1232 0100 0B       		.uleb128 0xb
 1233 0101 3B       		.uleb128 0x3b
 1234 0102 0B       		.uleb128 0xb
 1235 0103 49       		.uleb128 0x49
 1236 0104 13       		.uleb128 0x13
 1237 0105 02       		.uleb128 0x2
 1238 0106 17       		.uleb128 0x17
 1239 0107 00       		.byte	0
 1240 0108 00       		.byte	0
 1241 0109 13       		.uleb128 0x13
 1242 010a 1D       		.uleb128 0x1d
 1243 010b 01       		.byte	0x1
 1244 010c 31       		.uleb128 0x31
 1245 010d 13       		.uleb128 0x13
 1246 010e 11       		.uleb128 0x11
 1247 010f 01       		.uleb128 0x1
ARM GAS  C:\Users\slavi\AppData\Local\Temp\ccP0amqC.s 			page 25


 1248 0110 12       		.uleb128 0x12
 1249 0111 06       		.uleb128 0x6
 1250 0112 58       		.uleb128 0x58
 1251 0113 0B       		.uleb128 0xb
 1252 0114 59       		.uleb128 0x59
 1253 0115 0B       		.uleb128 0xb
 1254 0116 00       		.byte	0
 1255 0117 00       		.byte	0
 1256 0118 14       		.uleb128 0x14
 1257 0119 05       		.uleb128 0x5
 1258 011a 00       		.byte	0
 1259 011b 31       		.uleb128 0x31
 1260 011c 13       		.uleb128 0x13
 1261 011d 02       		.uleb128 0x2
 1262 011e 17       		.uleb128 0x17
 1263 011f 00       		.byte	0
 1264 0120 00       		.byte	0
 1265 0121 15       		.uleb128 0x15
 1266 0122 34       		.uleb128 0x34
 1267 0123 00       		.byte	0
 1268 0124 03       		.uleb128 0x3
 1269 0125 0E       		.uleb128 0xe
 1270 0126 3A       		.uleb128 0x3a
 1271 0127 0B       		.uleb128 0xb
 1272 0128 3B       		.uleb128 0x3b
 1273 0129 05       		.uleb128 0x5
 1274 012a 49       		.uleb128 0x49
 1275 012b 13       		.uleb128 0x13
 1276 012c 3F       		.uleb128 0x3f
 1277 012d 19       		.uleb128 0x19
 1278 012e 3C       		.uleb128 0x3c
 1279 012f 19       		.uleb128 0x19
 1280 0130 00       		.byte	0
 1281 0131 00       		.byte	0
 1282 0132 16       		.uleb128 0x16
 1283 0133 35       		.uleb128 0x35
 1284 0134 00       		.byte	0
 1285 0135 49       		.uleb128 0x49
 1286 0136 13       		.uleb128 0x13
 1287 0137 00       		.byte	0
 1288 0138 00       		.byte	0
 1289 0139 17       		.uleb128 0x17
 1290 013a 01       		.uleb128 0x1
 1291 013b 01       		.byte	0x1
 1292 013c 49       		.uleb128 0x49
 1293 013d 13       		.uleb128 0x13
 1294 013e 01       		.uleb128 0x1
 1295 013f 13       		.uleb128 0x13
 1296 0140 00       		.byte	0
 1297 0141 00       		.byte	0
 1298 0142 18       		.uleb128 0x18
 1299 0143 21       		.uleb128 0x21
 1300 0144 00       		.byte	0
 1301 0145 49       		.uleb128 0x49
 1302 0146 13       		.uleb128 0x13
 1303 0147 2F       		.uleb128 0x2f
 1304 0148 0B       		.uleb128 0xb
ARM GAS  C:\Users\slavi\AppData\Local\Temp\ccP0amqC.s 			page 26


 1305 0149 00       		.byte	0
 1306 014a 00       		.byte	0
 1307 014b 19       		.uleb128 0x19
 1308 014c 34       		.uleb128 0x34
 1309 014d 00       		.byte	0
 1310 014e 03       		.uleb128 0x3
 1311 014f 08       		.uleb128 0x8
 1312 0150 3A       		.uleb128 0x3a
 1313 0151 0B       		.uleb128 0xb
 1314 0152 3B       		.uleb128 0x3b
 1315 0153 0B       		.uleb128 0xb
 1316 0154 49       		.uleb128 0x49
 1317 0155 13       		.uleb128 0x13
 1318 0156 3F       		.uleb128 0x3f
 1319 0157 19       		.uleb128 0x19
 1320 0158 02       		.uleb128 0x2
 1321 0159 18       		.uleb128 0x18
 1322 015a 00       		.byte	0
 1323 015b 00       		.byte	0
 1324 015c 1A       		.uleb128 0x1a
 1325 015d 34       		.uleb128 0x34
 1326 015e 00       		.byte	0
 1327 015f 03       		.uleb128 0x3
 1328 0160 0E       		.uleb128 0xe
 1329 0161 3A       		.uleb128 0x3a
 1330 0162 0B       		.uleb128 0xb
 1331 0163 3B       		.uleb128 0x3b
 1332 0164 0B       		.uleb128 0xb
 1333 0165 49       		.uleb128 0x49
 1334 0166 13       		.uleb128 0x13
 1335 0167 3F       		.uleb128 0x3f
 1336 0168 19       		.uleb128 0x19
 1337 0169 02       		.uleb128 0x2
 1338 016a 18       		.uleb128 0x18
 1339 016b 00       		.byte	0
 1340 016c 00       		.byte	0
 1341 016d 1B       		.uleb128 0x1b
 1342 016e 2E       		.uleb128 0x2e
 1343 016f 00       		.byte	0
 1344 0170 3F       		.uleb128 0x3f
 1345 0171 19       		.uleb128 0x19
 1346 0172 3C       		.uleb128 0x3c
 1347 0173 19       		.uleb128 0x19
 1348 0174 6E       		.uleb128 0x6e
 1349 0175 0E       		.uleb128 0xe
 1350 0176 03       		.uleb128 0x3
 1351 0177 0E       		.uleb128 0xe
 1352 0178 3A       		.uleb128 0x3a
 1353 0179 0B       		.uleb128 0xb
 1354 017a 3B       		.uleb128 0x3b
 1355 017b 0B       		.uleb128 0xb
 1356 017c 00       		.byte	0
 1357 017d 00       		.byte	0
 1358 017e 00       		.byte	0
 1359              		.section	.debug_loc,"",%progbits
 1360              	.Ldebug_loc0:
 1361              	.LLST0:
ARM GAS  C:\Users\slavi\AppData\Local\Temp\ccP0amqC.s 			page 27


 1362 0000 00000000 		.4byte	.LVL3
 1363 0004 05000000 		.4byte	.LVL4-1
 1364 0008 0100     		.2byte	0x1
 1365 000a 50       		.byte	0x50
 1366 000b 05000000 		.4byte	.LVL4-1
 1367 000f 08000000 		.4byte	.LFE66
 1368 0013 0400     		.2byte	0x4
 1369 0015 F3       		.byte	0xf3
 1370 0016 01       		.uleb128 0x1
 1371 0017 50       		.byte	0x50
 1372 0018 9F       		.byte	0x9f
 1373 0019 00000000 		.4byte	0
 1374 001d 00000000 		.4byte	0
 1375              	.LLST1:
 1376 0021 00000000 		.4byte	.LVL5
 1377 0025 0B000000 		.4byte	.LVL6-1
 1378 0029 0100     		.2byte	0x1
 1379 002b 50       		.byte	0x50
 1380 002c 0B000000 		.4byte	.LVL6-1
 1381 0030 40000000 		.4byte	.LFE68
 1382 0034 0400     		.2byte	0x4
 1383 0036 F3       		.byte	0xf3
 1384 0037 01       		.uleb128 0x1
 1385 0038 50       		.byte	0x50
 1386 0039 9F       		.byte	0x9f
 1387 003a 00000000 		.4byte	0
 1388 003e 00000000 		.4byte	0
 1389              	.LLST2:
 1390 0042 00000000 		.4byte	.LVL16
 1391 0046 3E000000 		.4byte	.LVL27
 1392 004a 0200     		.2byte	0x2
 1393 004c 30       		.byte	0x30
 1394 004d 9F       		.byte	0x9f
 1395 004e 3E000000 		.4byte	.LVL27
 1396 0052 42000000 		.4byte	.LVL28
 1397 0056 0100     		.2byte	0x1
 1398 0058 50       		.byte	0x50
 1399 0059 42000000 		.4byte	.LVL28
 1400 005d 60000000 		.4byte	.LVL29
 1401 0061 0200     		.2byte	0x2
 1402 0063 30       		.byte	0x30
 1403 0064 9F       		.byte	0x9f
 1404 0065 60000000 		.4byte	.LVL29
 1405 0069 66000000 		.4byte	.LVL30
 1406 006d 0300     		.2byte	0x3
 1407 006f 09       		.byte	0x9
 1408 0070 FF       		.byte	0xff
 1409 0071 9F       		.byte	0x9f
 1410 0072 66000000 		.4byte	.LVL30
 1411 0076 68000000 		.4byte	.LVL31
 1412 007a 0200     		.2byte	0x2
 1413 007c 30       		.byte	0x30
 1414 007d 9F       		.byte	0x9f
 1415 007e 68000000 		.4byte	.LVL31
 1416 0082 84000000 		.4byte	.LVL32
 1417 0086 0100     		.2byte	0x1
 1418 0088 50       		.byte	0x50
ARM GAS  C:\Users\slavi\AppData\Local\Temp\ccP0amqC.s 			page 28


 1419 0089 84000000 		.4byte	.LVL32
 1420 008d 86000000 		.4byte	.LVL33
 1421 0091 0200     		.2byte	0x2
 1422 0093 30       		.byte	0x30
 1423 0094 9F       		.byte	0x9f
 1424 0095 86000000 		.4byte	.LVL33
 1425 0099 98000000 		.4byte	.LFE71
 1426 009d 0100     		.2byte	0x1
 1427 009f 50       		.byte	0x50
 1428 00a0 00000000 		.4byte	0
 1429 00a4 00000000 		.4byte	0
 1430              	.LLST3:
 1431 00a8 10000000 		.4byte	.LVL17
 1432 00ac 22000000 		.4byte	.LVL18
 1433 00b0 0100     		.2byte	0x1
 1434 00b2 53       		.byte	0x53
 1435 00b3 24000000 		.4byte	.LVL19
 1436 00b7 26000000 		.4byte	.LVL20
 1437 00bb 0100     		.2byte	0x1
 1438 00bd 53       		.byte	0x53
 1439 00be 28000000 		.4byte	.LVL21
 1440 00c2 2A000000 		.4byte	.LVL22
 1441 00c6 0100     		.2byte	0x1
 1442 00c8 53       		.byte	0x53
 1443 00c9 2C000000 		.4byte	.LVL23
 1444 00cd 2E000000 		.4byte	.LVL24
 1445 00d1 0100     		.2byte	0x1
 1446 00d3 53       		.byte	0x53
 1447 00d4 30000000 		.4byte	.LVL25
 1448 00d8 32000000 		.4byte	.LVL26
 1449 00dc 0100     		.2byte	0x1
 1450 00de 53       		.byte	0x53
 1451 00df 00000000 		.4byte	0
 1452 00e3 00000000 		.4byte	0
 1453              	.LLST4:
 1454 00e7 00000000 		.4byte	.LVL34
 1455 00eb 2E000000 		.4byte	.LVL41
 1456 00ef 0200     		.2byte	0x2
 1457 00f1 30       		.byte	0x30
 1458 00f2 9F       		.byte	0x9f
 1459 00f3 2E000000 		.4byte	.LVL41
 1460 00f7 32000000 		.4byte	.LVL42
 1461 00fb 0100     		.2byte	0x1
 1462 00fd 50       		.byte	0x50
 1463 00fe 32000000 		.4byte	.LVL42
 1464 0102 50000000 		.4byte	.LVL43
 1465 0106 0200     		.2byte	0x2
 1466 0108 30       		.byte	0x30
 1467 0109 9F       		.byte	0x9f
 1468 010a 50000000 		.4byte	.LVL43
 1469 010e 56000000 		.4byte	.LVL44
 1470 0112 0300     		.2byte	0x3
 1471 0114 09       		.byte	0x9
 1472 0115 FF       		.byte	0xff
 1473 0116 9F       		.byte	0x9f
 1474 0117 56000000 		.4byte	.LVL44
 1475 011b 58000000 		.4byte	.LVL45
ARM GAS  C:\Users\slavi\AppData\Local\Temp\ccP0amqC.s 			page 29


 1476 011f 0200     		.2byte	0x2
 1477 0121 30       		.byte	0x30
 1478 0122 9F       		.byte	0x9f
 1479 0123 58000000 		.4byte	.LVL45
 1480 0127 74000000 		.4byte	.LVL46
 1481 012b 0100     		.2byte	0x1
 1482 012d 50       		.byte	0x50
 1483 012e 74000000 		.4byte	.LVL46
 1484 0132 76000000 		.4byte	.LVL47
 1485 0136 0200     		.2byte	0x2
 1486 0138 30       		.byte	0x30
 1487 0139 9F       		.byte	0x9f
 1488 013a 76000000 		.4byte	.LVL47
 1489 013e 88000000 		.4byte	.LFE72
 1490 0142 0100     		.2byte	0x1
 1491 0144 50       		.byte	0x50
 1492 0145 00000000 		.4byte	0
 1493 0149 00000000 		.4byte	0
 1494              	.LLST5:
 1495 014d 10000000 		.4byte	.LVL35
 1496 0151 1A000000 		.4byte	.LVL36
 1497 0155 0100     		.2byte	0x1
 1498 0157 53       		.byte	0x53
 1499 0158 1C000000 		.4byte	.LVL37
 1500 015c 1E000000 		.4byte	.LVL38
 1501 0160 0100     		.2byte	0x1
 1502 0162 53       		.byte	0x53
 1503 0163 20000000 		.4byte	.LVL39
 1504 0167 22000000 		.4byte	.LVL40
 1505 016b 0100     		.2byte	0x1
 1506 016d 53       		.byte	0x53
 1507 016e 00000000 		.4byte	0
 1508 0172 00000000 		.4byte	0
 1509              		.section	.debug_aranges,"",%progbits
 1510 0000 4C000000 		.4byte	0x4c
 1511 0004 0200     		.2byte	0x2
 1512 0006 00000000 		.4byte	.Ldebug_info0
 1513 000a 04       		.byte	0x4
 1514 000b 00       		.byte	0
 1515 000c 0000     		.2byte	0
 1516 000e 0000     		.2byte	0
 1517 0010 00000000 		.4byte	.LFB67
 1518 0014 40000000 		.4byte	.LFE67-.LFB67
 1519 0018 00000000 		.4byte	.LFB66
 1520 001c 08000000 		.4byte	.LFE66-.LFB66
 1521 0020 00000000 		.4byte	.LFB68
 1522 0024 40000000 		.4byte	.LFE68-.LFB68
 1523 0028 00000000 		.4byte	.LFB69
 1524 002c 10000000 		.4byte	.LFE69-.LFB69
 1525 0030 00000000 		.4byte	.LFB70
 1526 0034 18000000 		.4byte	.LFE70-.LFB70
 1527 0038 00000000 		.4byte	.LFB71
 1528 003c 98000000 		.4byte	.LFE71-.LFB71
 1529 0040 00000000 		.4byte	.LFB72
 1530 0044 88000000 		.4byte	.LFE72-.LFB72
 1531 0048 00000000 		.4byte	0
 1532 004c 00000000 		.4byte	0
ARM GAS  C:\Users\slavi\AppData\Local\Temp\ccP0amqC.s 			page 30


 1533              		.section	.debug_ranges,"",%progbits
 1534              	.Ldebug_ranges0:
 1535 0000 00000000 		.4byte	.LFB67
 1536 0004 40000000 		.4byte	.LFE67
 1537 0008 00000000 		.4byte	.LFB66
 1538 000c 08000000 		.4byte	.LFE66
 1539 0010 00000000 		.4byte	.LFB68
 1540 0014 40000000 		.4byte	.LFE68
 1541 0018 00000000 		.4byte	.LFB69
 1542 001c 10000000 		.4byte	.LFE69
 1543 0020 00000000 		.4byte	.LFB70
 1544 0024 18000000 		.4byte	.LFE70
 1545 0028 00000000 		.4byte	.LFB71
 1546 002c 98000000 		.4byte	.LFE71
 1547 0030 00000000 		.4byte	.LFB72
 1548 0034 88000000 		.4byte	.LFE72
 1549 0038 00000000 		.4byte	0
 1550 003c 00000000 		.4byte	0
 1551              		.section	.debug_line,"",%progbits
 1552              	.Ldebug_line0:
 1553 0000 0F020000 		.section	.debug_str,"MS",%progbits,1
 1553      02004E01 
 1553      00000201 
 1553      FB0E0D00 
 1553      01010101 
 1554              	.LASF27:
 1555 0000 6765745F 		.ascii	"get_line\000"
 1555      6C696E65 
 1555      00
 1556              	.LASF30:
 1557 0009 72785F62 		.ascii	"rx_buf\000"
 1557      756600
 1558              	.LASF9:
 1559 0010 5F5F696E 		.ascii	"__int32_t\000"
 1559      7433325F 
 1559      7400
 1560              	.LASF40:
 1561 001a 433A5C55 		.ascii	"C:\\Users\\slavi\\Documents\\PSoC Creator\\CourseWo"
 1561      73657273 
 1561      5C736C61 
 1561      76695C44 
 1561      6F63756D 
 1562 0048 726B5F4D 		.ascii	"rk_Mentukh\\Design01.cydsn\000"
 1562      656E7475 
 1562      6B685C44 
 1562      65736967 
 1562      6E30312E 
 1563              	.LASF25:
 1564 0062 7474795F 		.ascii	"tty_rx_int_StartEx\000"
 1564      72785F69 
 1564      6E745F53 
 1564      74617274 
 1564      457800
 1565              	.LASF39:
 1566 0075 7474795F 		.ascii	"tty_utils.c\000"
 1566      7574696C 
 1566      732E6300 
ARM GAS  C:\Users\slavi\AppData\Local\Temp\ccP0amqC.s 			page 31


 1567              	.LASF11:
 1568 0081 666C6F61 		.ascii	"float\000"
 1568      7400
 1569              	.LASF18:
 1570 0087 7474795F 		.ascii	"tty_rx_isr\000"
 1570      72785F69 
 1570      737200
 1571              	.LASF26:
 1572 0092 6765745F 		.ascii	"get_string\000"
 1572      73747269 
 1572      6E6700
 1573              	.LASF1:
 1574 009d 756E7369 		.ascii	"unsigned char\000"
 1574      676E6564 
 1574      20636861 
 1574      7200
 1575              	.LASF38:
 1576 00ab 474E5520 		.ascii	"GNU C11 5.4.1 20160609 (release) [ARM/embedded-5-br"
 1576      43313120 
 1576      352E342E 
 1576      31203230 
 1576      31363036 
 1577 00de 616E6368 		.ascii	"anch revision 237715] -mcpu=cortex-m3 -mthumb -g -O"
 1577      20726576 
 1577      6973696F 
 1577      6E203233 
 1577      37373135 
 1578 0111 67202D66 		.ascii	"g -ffunction-sections -ffat-lto-objects\000"
 1578      66756E63 
 1578      74696F6E 
 1578      2D736563 
 1578      74696F6E 
 1579              	.LASF31:
 1580 0139 72785F77 		.ascii	"rx_write_index\000"
 1580      72697465 
 1580      5F696E64 
 1580      657800
 1581              	.LASF5:
 1582 0148 6C6F6E67 		.ascii	"long unsigned int\000"
 1582      20756E73 
 1582      69676E65 
 1582      6420696E 
 1582      7400
 1583              	.LASF33:
 1584 015a 7374725F 		.ascii	"str_buf_index\000"
 1584      6275665F 
 1584      696E6465 
 1584      7800
 1585              	.LASF3:
 1586 0168 73686F72 		.ascii	"short unsigned int\000"
 1586      7420756E 
 1586      7369676E 
 1586      65642069 
 1586      6E7400
 1587              	.LASF37:
 1588 017b 55415254 		.ascii	"UART_Start\000"
 1588      5F537461 
ARM GAS  C:\Users\slavi\AppData\Local\Temp\ccP0amqC.s 			page 32


 1588      727400
 1589              	.LASF29:
 1590 0186 49544D5F 		.ascii	"ITM_RxBuffer\000"
 1590      52784275 
 1590      66666572 
 1590      00
 1591              	.LASF21:
 1592 0193 70726F67 		.ascii	"prog_name\000"
 1592      5F6E616D 
 1592      6500
 1593              	.LASF12:
 1594 019d 646F7562 		.ascii	"double\000"
 1594      6C6500
 1595              	.LASF32:
 1596 01a4 72785F72 		.ascii	"rx_read_index\000"
 1596      6561645F 
 1596      696E6465 
 1596      7800
 1597              	.LASF35:
 1598 01b2 55415254 		.ascii	"UART_GetByte\000"
 1598      5F476574 
 1598      42797465 
 1598      00
 1599              	.LASF24:
 1600 01bf 7474795F 		.ascii	"tty_rx_int_ClearPending\000"
 1600      72785F69 
 1600      6E745F43 
 1600      6C656172 
 1600      50656E64 
 1601              	.LASF8:
 1602 01d7 756E7369 		.ascii	"unsigned int\000"
 1602      676E6564 
 1602      20696E74 
 1602      00
 1603              	.LASF7:
 1604 01e4 6C6F6E67 		.ascii	"long long unsigned int\000"
 1604      206C6F6E 
 1604      6720756E 
 1604      7369676E 
 1604      65642069 
 1605              	.LASF28:
 1606 01fb 72657375 		.ascii	"result\000"
 1606      6C7400
 1607              	.LASF10:
 1608 0202 696E7433 		.ascii	"int32_t\000"
 1608      325F7400 
 1609              	.LASF15:
 1610 020a 73697A65 		.ascii	"sizetype\000"
 1610      74797065 
 1610      00
 1611              	.LASF22:
 1612 0213 70726F6D 		.ascii	"prompt\000"
 1612      707400
 1613              	.LASF6:
 1614 021a 6C6F6E67 		.ascii	"long long int\000"
 1614      206C6F6E 
 1614      6720696E 
ARM GAS  C:\Users\slavi\AppData\Local\Temp\ccP0amqC.s 			page 33


 1614      7400
 1615              	.LASF16:
 1616 0228 69735F64 		.ascii	"is_delimiter\000"
 1616      656C696D 
 1616      69746572 
 1616      00
 1617              	.LASF23:
 1618 0235 7474795F 		.ascii	"tty_init\000"
 1618      696E6974 
 1618      00
 1619              	.LASF19:
 1620 023e 7072696E 		.ascii	"print\000"
 1620      7400
 1621              	.LASF2:
 1622 0244 73686F72 		.ascii	"short int\000"
 1622      7420696E 
 1622      7400
 1623              	.LASF20:
 1624 024e 73706C61 		.ascii	"splash\000"
 1624      736800
 1625              	.LASF34:
 1626 0255 55415254 		.ascii	"UART_GetRxBufferSize\000"
 1626      5F476574 
 1626      52784275 
 1626      66666572 
 1626      53697A65 
 1627              	.LASF4:
 1628 026a 6C6F6E67 		.ascii	"long int\000"
 1628      20696E74 
 1628      00
 1629              	.LASF13:
 1630 0273 63686172 		.ascii	"char\000"
 1630      00
 1631              	.LASF14:
 1632 0278 6C6F6E67 		.ascii	"long double\000"
 1632      20646F75 
 1632      626C6500 
 1633              	.LASF0:
 1634 0284 7369676E 		.ascii	"signed char\000"
 1634      65642063 
 1634      68617200 
 1635              	.LASF36:
 1636 0290 55415254 		.ascii	"UART_PutString\000"
 1636      5F507574 
 1636      53747269 
 1636      6E6700
 1637              	.LASF17:
 1638 029f 69735F65 		.ascii	"is_eol\000"
 1638      6F6C00
 1639              		.ident	"GCC: (GNU Tools for ARM Embedded Processors) 5.4.1 20160609 (release) [ARM/embedded-5-bran
